Log file open, 10/04/18 13:01:41
LogWindows: Failed to load 'aqProf.dll' (GetLastError=126)
LogWindows: File 'aqProf.dll' does not exist
LogWindows: Failed to load 'VtuneApi.dll' (GetLastError=126)
LogWindows: File 'VtuneApi.dll' does not exist
LogWindows: Failed to load 'VtuneApi32e.dll' (GetLastError=126)
LogWindows: File 'VtuneApi32e.dll' does not exist
LogInit: Display: Running engine for game: Mansion
LogPlatformFile: Not using cached read wrapper
LogTaskGraph: Started task graph with 5 named threads and 23 total threads with 3 sets of task threads.
LogStats: Stats thread started at 0.306460
LogD3D11RHI: Loaded GFSDK_Aftermath_Lib.x64.dll
LogICUInternationalization: Display: ICU TimeZone Detection - Raw Offset: -7:00, Platform Override: ''
LogPluginManager: Mounting plugin Paper2D
LogPluginManager: Mounting plugin AISupport
LogPluginManager: Mounting plugin LightPropagationVolume
LogPluginManager: Mounting plugin CLionSourceCodeAccess
LogPluginManager: Mounting plugin CodeLiteSourceCodeAccess
LogPluginManager: Mounting plugin GitSourceControl
LogPluginManager: Mounting plugin KDevelopSourceCodeAccess
LogPluginManager: Mounting plugin NullSourceCodeAccess
LogPluginManager: Mounting plugin PerforceSourceControl
LogPluginManager: Mounting plugin SubversionSourceControl
LogPluginManager: Mounting plugin UObjectPlugin
LogPluginManager: Mounting plugin VisualStudioCodeSourceCodeAccess
LogPluginManager: Mounting plugin VisualStudioSourceCodeAccess
LogPluginManager: Mounting plugin XCodeSourceCodeAccess
LogPluginManager: Mounting plugin AssetManagerEditor
LogPluginManager: Mounting plugin CryptoKeys
LogPluginManager: Mounting plugin DataValidation
LogPluginManager: Mounting plugin FacialAnimation
LogPluginManager: Mounting plugin GameplayTagsEditor
LogPluginManager: Mounting plugin MacGraphicsSwitching
LogPluginManager: Mounting plugin MeshEditor
LogPluginManager: Mounting plugin MobileLauncherProfileWizard
LogPluginManager: Mounting plugin PluginBrowser
LogPluginManager: Mounting plugin SpeedTreeImporter
LogPluginManager: Mounting plugin DatasmithContent
LogPluginManager: Mounting plugin AlembicImporter
LogPluginManager: Mounting plugin AppleImageUtils
LogPluginManager: Mounting plugin AppleVision
LogPluginManager: Mounting plugin BackChannel
LogPluginManager: Mounting plugin CharacterAI
LogPluginManager: Mounting plugin GeometryCache
LogPluginManager: Mounting plugin HTML5Networking
LogPluginManager: Mounting plugin ProxyLODPlugin
LogPluginManager: Mounting plugin MagicLeap
LogPluginManager: Mounting plugin MagicLeapEmulator
LogPluginManager: Mounting plugin MagicLeapMedia
LogPluginManager: Mounting plugin AndroidMedia
LogPluginManager: Mounting plugin AvfMedia
LogPluginManager: Mounting plugin ImgMedia
LogPluginManager: Mounting plugin LinearTimecode
LogPluginManager: Mounting plugin MediaCompositing
LogPluginManager: Mounting plugin MediaPlayerEditor
LogPluginManager: Mounting plugin WmfMedia
LogPluginManager: Mounting plugin TcpMessaging
LogPluginManager: Mounting plugin UdpMessaging
LogPluginManager: Mounting plugin ActorSequence
LogPluginManager: Mounting plugin LevelSequenceEditor
LogPluginManager: Mounting plugin MatineeToLevelSequence
LogPluginManager: Mounting plugin NetcodeUnitTest
LogPluginManager: Mounting plugin NUTUnrealEngine4
LogPluginManager: Mounting plugin OnlineSubsystemGooglePlay
LogPluginManager: Mounting plugin OnlineSubsystemIOS
LogPluginManager: Mounting plugin OnlineSubsystem
LogPluginManager: Mounting plugin OnlineSubsystemNull
LogPluginManager: Mounting plugin OnlineSubsystemUtils
LogPluginManager: Mounting plugin LauncherChunkInstaller
LogPluginManager: Mounting plugin AndroidDeviceProfileSelector
LogPluginManager: Mounting plugin AndroidMoviePlayer
LogPluginManager: Mounting plugin AndroidPermission
LogPluginManager: Mounting plugin AppleMoviePlayer
LogPluginManager: Mounting plugin ArchVisCharacter
LogPluginManager: Mounting plugin AudioCapture
LogPluginManager: Mounting plugin CableComponent
LogPluginManager: Mounting plugin CustomMeshComponent
LogPluginManager: Mounting plugin EditableMesh
LogPluginManager: Mounting plugin ExampleDeviceProfileSelector
LogPluginManager: Mounting plugin GoogleCloudMessaging
LogPluginManager: Mounting plugin ImmediatePhysics
LogPluginManager: Mounting plugin IOSDeviceProfileSelector
LogPluginManager: Mounting plugin LinuxDeviceProfileSelector
LogPluginManager: Mounting plugin LocationServicesBPLibrary
LogPluginManager: Mounting plugin MobilePatchingUtils
LogPluginManager: Mounting plugin OculusVR
LogPluginManager: Plugin shader directory ../../../Engine/Plugins/Runtime/Oculus/OculusVR/Shaders found
LogPluginManager: Mapping shader source directory ../../../Engine/Plugins/Runtime/Oculus/OculusVR/Shaders to virtual directory /Plugin/OculusVR
LogPluginManager: Mounting plugin PhysXVehicles
LogPluginManager: Mounting plugin ProceduralMeshComponent
LogPluginManager: Mounting plugin RuntimePhysXCooking
LogPluginManager: Mounting plugin SteamVR
LogPluginManager: Mounting plugin WindowsMoviePlayer
LogStreaming: Display: Took  0.147s to configure plugins.
LogInit: Using libcurl 7.55.1-DEV
LogInit:  - built for x86_64-pc-win32
LogInit:  - supports SSL with OpenSSL/1.0.2h
LogInit:  - supports HTTP deflate (compression) using libz 1.2.8
LogInit:  - other features:
LogInit:      CURL_VERSION_SSL
LogInit:      CURL_VERSION_LIBZ
LogInit:      CURL_VERSION_IPV6
LogInit:      CURL_VERSION_ASYNCHDNS
LogInit:      CURL_VERSION_LARGEFILE
LogInit:      CURL_VERSION_IDN
LogInit:  CurlRequestOptions (configurable via config and command line):
LogInit:  - bVerifyPeer = false  - Libcurl will NOT verify peer certificate
LogInit:  - bUseHttpProxy = false  - Libcurl will NOT use HTTP proxy
LogInit:  - bDontReuseConnections = false  - Libcurl will reuse connections
LogInit:  - CertBundlePath = nullptr  - Libcurl will use whatever was configured at build time.
LogInit:  - MaxHostConnections = 16  - Libcurl will limit the number of connections to a host
LogInit:  - LocalHostAddr = Default
LogInit:  - BufferSize = 65536
LogInit: WinSock: version 1.1 (2.2), MaxSocks=32767, MaxUdp=65467
LogInit: Build: ++UE4+Release-4.20-CL-4212847
LogInit: Engine Version: 4.20.2-4212847+++UE4+Release-4.20
LogInit: Compatible Engine Version: 4.20.0-4212847+++UE4+Release-4.20
LogInit: Net CL: 4212847
LogInit: OS: Windows 10 (), CPU: Intel(R) Core(TM) i7-4770 CPU @ 3.40GHz, GPU: NVIDIA GeForce GTX 1070
LogInit: Compiled (64-bit): Jul 14 2018 09:51:14
LogInit: Compiled with Visual C++: 19.13.26129.00
LogInit: Build Configuration: Development
LogInit: Branch Name: ++UE4+Release-4.20
LogInit: Command Line:  
LogInit: Base Directory: C:/Program Files/Epic Games/UE_4.20/Engine/Binaries/Win64/
LogInit: Installed Engine Build: 1
LogDevObjectVersion: Number of dev versions registered: 20
LogDevObjectVersion:   Dev-Blueprints (B0D832E4-1F89-4F0D-ACCF-7EB736FD4AA2): 10
LogDevObjectVersion:   Dev-Build (E1C64328-A22C-4D53-A36C-8E866417BD8C): 0
LogDevObjectVersion:   Dev-Core (375EC13C-06E4-48FB-B500-84F0262A717E): 2
LogDevObjectVersion:   Dev-Editor (E4B068ED-F494-42E9-A231-DA0B2E46BB41): 24
LogDevObjectVersion:   Dev-Framework (CFFC743F-43B0-4480-9391-14DF171D2073): 34
LogDevObjectVersion:   Dev-Mobile (B02B49B5-BB20-44E9-A304-32B752E40360): 2
LogDevObjectVersion:   Dev-Networking (A4E4105C-59A1-49B5-A7C5-40C4547EDFEE): 0
LogDevObjectVersion:   Dev-Online (39C831C9-5AE6-47DC-9A44-9C173E1C8E7C): 0
LogDevObjectVersion:   Dev-Physics (78F01B33-EBEA-4F98-B9B4-84EACCB95AA2): 0
LogDevObjectVersion:   Dev-Platform (6631380F-2D4D-43E0-8009-CF276956A95A): 0
LogDevObjectVersion:   Dev-Rendering (12F88B9F-8875-4AFC-A67C-D90C383ABD29): 26
LogDevObjectVersion:   Dev-Sequencer (7B5AE74C-D270-4C10-A958-57980B212A5A): 9
LogDevObjectVersion:   Dev-VR (D7296918-1DD6-4BDD-9DE2-64A83CC13884): 2
LogDevObjectVersion:   Dev-LoadTimes (C2A15278-BFE7-4AFE-6C17-90FF531DF755): 1
LogDevObjectVersion:   Private-Geometry (6EACA3D4-40EC-4CC1-B786-8BED09428FC5): 3
LogDevObjectVersion:   Dev-AnimPhys (29E575DD-E0A3-4627-9D10-D276232CDCEA): 17
LogDevObjectVersion:   Dev-ReflectionCapture (6B266CEC-1EC7-4B8F-A30B-E4D90942FC07): 1
LogDevObjectVersion:   Dev-Automation (0DF73D61-A23F-47EA-B727-89E90C41499A): 1
LogDevObjectVersion:   FortniteMain (601D1886-AC64-4F84-AA16-D3DE0DEAC7D6): 12
LogDevObjectVersion:   Dev-Enterprise (9DFFBCD6-494F-0158-E221-12823C92A888): 1
LogStreaming: Display: Took  0.001s to delete old logs.
LogInit: Presizing for max 8388607 objects, including 0 objects not considered by GC, pre-allocating 0 bytes for permanent pool.
LogInit: Object subsystem initialized
[2018.10.04-19.01.42:105][  0]LogInit: Selected Device Profile: [Windows]
[2018.10.04-19.01.42:105][  0]LogInit: Applying CVar settings loaded from the selected device profile: [Windows]
[2018.10.04-19.01.42:119][  0]LogHAL: Display: Platform has ~ 32 GB [34295070720 / 34359738368 / 32], which maps to Largest [LargestMinGB=32, LargerMinGB=12, DefaultMinGB=8, SmallerMinGB=6, SmallestMinGB=0)
[2018.10.04-19.01.42:119][  0]LogInit: Setting Device Profile CVar: [[r.Vulkan.UseRealUBs:1]]
[2018.10.04-19.01.42:119][  0]LogInit: Going up to parent DeviceProfile []
[2018.10.04-19.01.42:120][  0]LogInit: Computer: eae-d-101
[2018.10.04-19.01.42:120][  0]LogInit: User: u0800347
[2018.10.04-19.01.42:120][  0]LogInit: CPU Page size=4096, Cores=4
[2018.10.04-19.01.42:120][  0]LogInit: High frequency timer resolution =3.318393 MHz
[2018.10.04-19.01.42:120][  0]LogMemory: Memory total: Physical=31.9GB (32GB approx)
[2018.10.04-19.01.42:120][  0]LogMemory: Platform Memory Stats for Windows
[2018.10.04-19.01.42:120][  0]LogMemory: Process Physical Memory: 100.81 MB used, 100.81 MB peak
[2018.10.04-19.01.42:120][  0]LogMemory: Process Virtual Memory: 89.47 MB used, 89.47 MB peak
[2018.10.04-19.01.42:120][  0]LogMemory: Physical Memory: 10349.58 MB used,  22356.75 MB free, 32706.33 MB total
[2018.10.04-19.01.42:120][  0]LogMemory: Virtual Memory: 4638.75 MB used,  22356.75 MB free, 134217728.00 MB total
[2018.10.04-19.01.42:148][  0]LogInit: Using OS detected language (en-US).
[2018.10.04-19.01.42:148][  0]LogInit: Using OS detected locale (en-US).
[2018.10.04-19.01.42:149][  0]LogTextLocalizationManager: No specific localization for 'en-US' exists, so the 'en' localization will be used.
[2018.10.04-19.01.42:537][  0]LogStreaming: Display: Took  0.389s to InitEngineTextLocalization.
[2018.10.04-19.01.42:537][  0]LogInit: Setting process to per monitor DPI aware
[2018.10.04-19.01.42:581][  0]LogSlate: New Slate User Created.  User Index 0, Is Virtual User: 0
[2018.10.04-19.01.42:581][  0]LogSlate: Slate User Registered.  User Index 0, Is Virtual User: 0
[2018.10.04-19.01.42:812][  0]LogHMD: Failed to initialize OpenVR with code 110
[2018.10.04-19.01.42:812][  0]LogD3D11RHI: D3D11 adapters:
[2018.10.04-19.01.42:874][  0]LogD3D11RHI:    0. 'NVIDIA GeForce GTX 1070' (Feature Level 11_0)
[2018.10.04-19.01.42:874][  0]LogD3D11RHI:       8088/0/16353 MB DedicatedVideo/DedicatedSystem/SharedSystem, Outputs:2, VendorId:0x10de
[2018.10.04-19.01.42:877][  0]LogD3D11RHI:    1. 'Microsoft Basic Render Driver' (Feature Level 11_0)
[2018.10.04-19.01.42:877][  0]LogD3D11RHI:       0/0/16353 MB DedicatedVideo/DedicatedSystem/SharedSystem, Outputs:0, VendorId:0x1414
[2018.10.04-19.01.42:877][  0]LogD3D11RHI: Chosen D3D11 Adapter: 0
[2018.10.04-19.01.42:885][  0]LogD3D11RHI: Creating new Direct3DDevice
[2018.10.04-19.01.42:885][  0]LogD3D11RHI:     GPU DeviceId: 0x1b81 (for the marketing name, search the web for "GPU Device Id")
[2018.10.04-19.01.42:885][  0]LogWindows: EnumDisplayDevices:
[2018.10.04-19.01.42:885][  0]LogWindows:    0. 'NVIDIA GeForce GTX 1070' (P:1 D:1)
[2018.10.04-19.01.42:886][  0]LogWindows:    1. 'NVIDIA GeForce GTX 1070' (P:0 D:1)
[2018.10.04-19.01.42:886][  0]LogWindows:    2. 'NVIDIA GeForce GTX 1070' (P:0 D:0)
[2018.10.04-19.01.42:886][  0]LogWindows:    3. 'NVIDIA GeForce GTX 1070' (P:0 D:0)
[2018.10.04-19.01.42:886][  0]LogWindows: DebugString: FoundDriverCount:4 
[2018.10.04-19.01.42:886][  0]LogD3D11RHI:     Adapter Name: NVIDIA GeForce GTX 1070
[2018.10.04-19.01.42:886][  0]LogD3D11RHI:   Driver Version: 398.36 (internal:24.21.13.9836, unified:398.36)
[2018.10.04-19.01.42:886][  0]LogD3D11RHI:      Driver Date: 6-24-2018
[2018.10.04-19.01.42:886][  0]LogRHI: Texture pool is 5661 MB (70% of 8088 MB)
[2018.10.04-19.01.42:932][  0]LogD3D11RHI: Async texture creation enabled
[2018.10.04-19.01.42:950][  0]LogD3D11RHI: GPU Timing Frequency: 1000.000000 (Debug: 2 2)
[2018.10.04-19.01.43:045][  0]LogShaderCompilers: Guid format shader working directory is -29 characters bigger than the processId version (../../../../../../Users/u0800347/Documents/GitHub/Mansion_Environment/Mansion/Intermediate/Shaders/WorkingDirectory/13020/).
[2018.10.04-19.01.43:045][  0]LogShaderCompilers: Cleaned the shader compiler working directory 'C:/Users/u0800347/AppData/Local/Temp/UnrealShaderWorkingDir/EFE8DD5045954B8327AB639417D6668E/'.
[2018.10.04-19.01.43:363][  0]LogTemp: Display: Loaded TP AllDesktopTargetPlatform
[2018.10.04-19.01.43:380][  0]LogTemp: Display: Loaded TP MacClientTargetPlatform
[2018.10.04-19.01.43:397][  0]LogTemp: Display: Loaded TP MacNoEditorTargetPlatform
[2018.10.04-19.01.43:412][  0]LogTemp: Display: Loaded TP MacServerTargetPlatform
[2018.10.04-19.01.43:428][  0]LogTemp: Display: Loaded TP MacTargetPlatform
[2018.10.04-19.01.43:443][  0]LogTemp: Display: Loaded TP WindowsClientTargetPlatform
[2018.10.04-19.01.43:459][  0]LogTemp: Display: Loaded TP WindowsNoEditorTargetPlatform
[2018.10.04-19.01.43:478][  0]LogTemp: Display: Loaded TP WindowsServerTargetPlatform
[2018.10.04-19.01.43:487][  0]LogTemp: Display: Loaded TP WindowsTargetPlatform
[2018.10.04-19.01.43:573][  0]LogTemp: Display: Loaded TP AndroidTargetPlatform
[2018.10.04-19.01.43:573][  0]LogTemp: Display: Loaded TP AndroidTargetPlatform
[2018.10.04-19.01.43:573][  0]LogTemp: Display: Loaded TP AndroidTargetPlatform
[2018.10.04-19.01.43:573][  0]LogTemp: Display: Loaded TP AndroidTargetPlatform
[2018.10.04-19.01.43:573][  0]LogTemp: Display: Loaded TP AndroidTargetPlatform
[2018.10.04-19.01.43:573][  0]LogTemp: Display: Loaded TP AndroidTargetPlatform
[2018.10.04-19.01.43:573][  0]LogTemp: Display: Loaded TP AndroidTargetPlatform
[2018.10.04-19.01.43:573][  0]LogTemp: Display: Loaded TP AndroidTargetPlatform
[2018.10.04-19.01.43:573][  0]LogTemp: Display: Loaded TP AndroidTargetPlatform
[2018.10.04-19.01.43:573][  0]LogTemp: Display: Loaded TP AndroidTargetPlatform
[2018.10.04-19.01.43:573][  0]LogTemp: Display: Loaded TP AndroidTargetPlatform
[2018.10.04-19.01.43:573][  0]LogTemp: Display: Loaded TP AndroidTargetPlatform
[2018.10.04-19.01.43:573][  0]LogTemp: Display: Loaded TP AndroidTargetPlatform
[2018.10.04-19.01.43:573][  0]LogTemp: Display: Loaded TP AndroidTargetPlatform
[2018.10.04-19.01.43:573][  0]LogTemp: Display: Loaded TP AndroidTargetPlatform
[2018.10.04-19.01.43:573][  0]LogTemp: Display: Loaded TP AndroidTargetPlatform
[2018.10.04-19.01.43:573][  0]LogTemp: Display: Loaded TP AndroidTargetPlatform
[2018.10.04-19.01.43:573][  0]LogTemp: Display: Loaded TP AndroidTargetPlatform
[2018.10.04-19.01.43:574][  0]LogTemp: Display: Loaded TP HTML5TargetPlatform
[2018.10.04-19.01.43:636][  0]LogTemp: Display: Loaded TP IOSTargetPlatform
[2018.10.04-19.01.43:636][  0]LogTemp: Display: Loaded TP IOSTargetPlatform
[2018.10.04-19.01.43:661][  0]LogTemp: Display: Loaded TP TVOSTargetPlatform
[2018.10.04-19.01.43:661][  0]LogTemp: Display: Loaded TP TVOSTargetPlatform
[2018.10.04-19.01.43:674][  0]LogTemp: Display: Loaded TP LinuxClientTargetPlatform
[2018.10.04-19.01.43:687][  0]LogTemp: Display: Loaded TP LinuxNoEditorTargetPlatform
[2018.10.04-19.01.43:700][  0]LogTemp: Display: Loaded TP LinuxServerTargetPlatform
[2018.10.04-19.01.43:713][  0]LogTemp: Display: Loaded TP LinuxTargetPlatform
[2018.10.04-19.01.43:722][  0]LogTemp: Display: Loaded TP LuminTargetPlatform
[2018.10.04-19.01.43:722][  0]LogTargetPlatformManager: Display: Building Assets For Windows
[2018.10.04-19.01.43:810][  0]LogXGEController: Cleaning working directory: C:/Users/u0800347/AppData/Local/Temp/UnrealXGEWorkingDir/
[2018.10.04-19.01.43:810][  0]LogXGEController: Cannot use XGE Controller as Incredibuild is not installed on this machine.
[2018.10.04-19.01.43:810][  0]LogShaderCompilers: Cannot use XGE Shader Compiler as Incredibuild is not installed on this machine.
[2018.10.04-19.01.43:810][  0]LogShaderCompilers: Display: Using Local Shader Compiler.
[2018.10.04-19.01.44:595][  0]LogDerivedDataCache: Display: Max Cache Size: 512 MB
[2018.10.04-19.01.44:691][  0]LogDerivedDataCache: Loaded boot cache 0.10s 71MB C:/Users/u0800347/AppData/Local/UnrealEngine/4.20/DerivedDataCache/Boot.ddc.
[2018.10.04-19.01.44:692][  0]LogDerivedDataCache: Display: Loaded Boot cache: C:/Users/u0800347/AppData/Local/UnrealEngine/4.20/DerivedDataCache/Boot.ddc
[2018.10.04-19.01.44:693][  0]LogDerivedDataCache: FDerivedDataBackendGraph:  Pak pak cache file ../../../../../../Users/u0800347/Documents/GitHub/Mansion_Environment/Mansion/DerivedDataCache/DDC.ddp not found, will not use a pak cache.
[2018.10.04-19.01.44:693][  0]LogDerivedDataCache: Unable to find inner node Pak for hierarchical cache Hierarchy.
[2018.10.04-19.01.44:693][  0]LogDerivedDataCache: FDerivedDataBackendGraph:  CompressedPak pak cache file ../../../../../../Users/u0800347/Documents/GitHub/Mansion_Environment/Mansion/DerivedDataCache/Compressed.ddp not found, will not use a pak cache.
[2018.10.04-19.01.44:693][  0]LogDerivedDataCache: Unable to find inner node CompressedPak for hierarchical cache Hierarchy.
[2018.10.04-19.01.44:705][  0]LogDerivedDataCache: Display: Pak cache opened for reading ../../../Engine/DerivedDataCache/Compressed.ddp.
[2018.10.04-19.01.44:718][  0]LogDerivedDataCache: Using Local data cache path C:/Users/u0800347/AppData/Local/UnrealEngine/Common/DerivedDataCache: Writable
[2018.10.04-19.01.44:718][  0]LogDerivedDataCache: Shared data cache path not found in *engine.ini, will not use an Shared cache.
[2018.10.04-19.01.44:718][  0]LogDerivedDataCache: Unable to find inner node Shared for hierarchical cache Hierarchy.
[2018.10.04-19.01.44:737][  0]LogMaterial: Verifying Global Shaders for PCD3D_SM5
[2018.10.04-19.01.44:739][  0]LogSlate: Using FreeType 2.6.0
[2018.10.04-19.01.44:740][  0]LogSlate: SlateFontServices - WITH_FREETYPE: 1, WITH_HARFBUZZ: 1
[2018.10.04-19.01.44:819][  0]LogAssetRegistry: FAssetRegistry took 0.0261 seconds to start up
[2018.10.04-19.01.45:150][  0]LogInit: Selected Device Profile: [Windows]
[2018.10.04-19.01.45:293][  0]LogSimplygon: Simplygon DLL not present - disabling.
[2018.10.04-19.01.45:299][  0]LogMeshReduction: Using SimplygonSwarm for distributed automatic mesh merging
[2018.10.04-19.01.45:299][  0]LogMeshReduction: Using ProxyLODMeshReduction for automatic mesh merging
[2018.10.04-19.01.45:299][  0]LogMeshReduction: Using QuadricMeshReduction for automatic static mesh reduction
[2018.10.04-19.01.45:299][  0]LogMeshReduction: No automatic skeletal mesh reduction module available
[2018.10.04-19.01.45:323][  0]LogNetVersion: Mansion 1.0.0, NetCL: 4212847, EngineNetVer: 5, GameNetVer: 0 (Checksum: 1776648947)
[2018.10.04-19.01.45:915][  0]LogPackageLocalizationCache: Processed 11 localized package path(s) for 2 prioritized culture(s) in 0.110687 seconds
[2018.10.04-19.01.45:922][  0]LogUObjectArray: 38425 objects as part of root set at end of initial load.
[2018.10.04-19.01.45:922][  0]LogUObjectAllocator: 6690864 out of 0 bytes used by permanent object pool.
[2018.10.04-19.01.45:922][  0]LogUObjectArray: CloseDisregardForGC: 0/0 objects in disregard for GC pool
[2018.10.04-19.01.46:888][  0]LogTcpMessaging: Initializing TcpMessaging bridge
[2018.10.04-19.01.46:902][  0]LogUdpMessaging: Initializing bridge on interface 0.0.0.0:0 to multicast group 230.0.0.1:6666.
[2018.10.04-19.01.47:064][  0]SourceControl: Source control is disabled
[2018.10.04-19.01.47:064][  0]SourceControl: Source control is disabled
[2018.10.04-19.01.47:067][  0]SourceControl: Source control is disabled
[2018.10.04-19.01.47:068][  0]SourceControl: Source control is disabled
[2018.10.04-19.01.47:239][  0]LogAndroidPermission: UAndroidPermissionCallbackProxy::GetInstance
[2018.10.04-19.01.47:373][  0]LogOcInput: OculusInput pre-init called
[2018.10.04-19.01.47:436][  0]LogEngine: Initializing Engine...
[2018.10.04-19.01.47:437][  0]LogHMD: Failed to initialize OpenVR with code 110
[2018.10.04-19.01.47:439][  0]LogStats: UGameplayTagsManager::ConstructGameplayTagTree: ImportINI prefixes -  0.000 s
[2018.10.04-19.01.47:439][  0]LogStats: UGameplayTagsManager::ConstructGameplayTagTree: Construct from data asset -  0.000 s
[2018.10.04-19.01.47:439][  0]LogStats: UGameplayTagsManager::ConstructGameplayTagTree: ImportINI -  0.000 s
[2018.10.04-19.01.47:439][  0]LogStats: UGameplayTagsManager::ConstructGameplayTagTree: GameplayTagTreeChangedEvent.Broadcast -  0.000 s
[2018.10.04-19.01.47:753][  0]LogInit: Initializing FReadOnlyCVARCache
[2018.10.04-19.01.47:775][  0]LogAIModule: Creating AISystem for world Untitled
[2018.10.04-19.01.47:828][  0]LogInit: XAudio2 using 'Headphones (High Definition Audio Device)' : 2 channels at 48 kHz using 16 bits per sample (channel mask 0x3)
[2018.10.04-19.01.47:846][  0]LogInit: FAudioDevice initialized.
[2018.10.04-19.01.47:846][  0]LogNetVersion: Set ProjectVersion to 1.0.0.0. Version Checksum will be recalculated on next use.
[2018.10.04-19.01.47:945][  0]LogDerivedDataCache: Saved boot cache 0.10s 71MB C:/Users/u0800347/AppData/Local/UnrealEngine/4.20/DerivedDataCache/Boot.ddc.
[2018.10.04-19.01.47:967][  0]LogInit: Texture streaming: Enabled
[2018.10.04-19.01.47:992][  0]LogEngineSessionManager: EngineSessionManager initialized
[2018.10.04-19.01.48:013][  0]LogInit: Transaction tracking system initialized
[2018.10.04-19.01.48:051][  0]BlueprintLog: New page: Editor Load
[2018.10.04-19.01.48:170][  0]LocalizationService: Localization service is disabled
[2018.10.04-19.01.48:452][  0]LogCook: Display: Max memory allowance for cook 16384mb min free memory 0mb
[2018.10.04-19.01.48:452][  0]LogCook: Display: Mobile HDR setting 1
[2018.10.04-19.01.48:452][  0]LogGameplayTags: Display: UGameplayTagsManager::DoneAddingNativeTags. DelegateIsBound: 0
[2018.10.04-19.01.48:452][  0]LogStats: UGameplayTagsManager::ConstructGameplayTagTree: ImportINI prefixes -  0.000 s
[2018.10.04-19.01.48:452][  0]LogStats: UGameplayTagsManager::ConstructGameplayTagTree: Construct from data asset -  0.000 s
[2018.10.04-19.01.48:452][  0]LogStats: UGameplayTagsManager::ConstructGameplayTagTree: ImportINI -  0.000 s
[2018.10.04-19.01.48:452][  0]LogStats: UGameplayTagsManager::ConstructGameplayTagTree: GameplayTagTreeChangedEvent.Broadcast -  0.000 s
[2018.10.04-19.01.48:614][  0]LogFileCache: Scanning file cache for directory 'C:/Users/u0800347/Documents/GitHub/Mansion_Environment/Mansion/Content/' took 0.02s
[2018.10.04-19.01.48:614][  0]SourceControl: Source control is disabled
[2018.10.04-19.01.48:614][  0]Cmd: MAP LOAD FILE="../../../../../../Users/u0800347/Documents/GitHub/Mansion_Environment/Mansion/Content/StarterContent/Maps/Minimal_Default.umap" TEMPLATE=0 SHOWPROGRESS=1 FEATURELEVEL=3
[2018.10.04-19.01.48:614][  0]LightingResults: New page: Lighting Build
[2018.10.04-19.01.48:619][  0]MapCheck: New page: Map Check
[2018.10.04-19.01.48:619][  0]LightingResults: New page: Lighting Build
[2018.10.04-19.01.48:778][  0]LogLinker: Warning: Can't find file '/Game/Models/Architecture/None'
[2018.10.04-19.01.48:778][  0]LogLinker: Warning: Can't find file for asset '/Game/Models/Architecture/None' while loading ../../../../../../Users/u0800347/Documents/GitHub/Mansion_Environment/Mansion/Content/Models/Architecture/Arch.uasset.
[2018.10.04-19.01.48:778][  0]LoadErrors: Error: /Game/Models/Architecture/Arch : Can't find file for asset. /Game/Models/Architecture/None
[2018.10.04-19.01.48:778][  0]LogLinker: Warning: Can't find file '/Game/Models/Architecture/None'
[2018.10.04-19.01.48:779][  0]LogLinker: Warning: Can't find file for asset '/Game/Models/Architecture/None' while loading ../../../../../../Users/u0800347/Documents/GitHub/Mansion_Environment/Mansion/Content/Models/Architecture/Arch.uasset.
[2018.10.04-19.01.48:779][  0]LoadErrors: Error: /Game/Models/Architecture/Arch : Can't find file for asset. /Game/Models/Architecture/None
[2018.10.04-19.01.48:784][  0]LogLinker: Warning: Can't find file '/Game/Models/Architecture/None'
[2018.10.04-19.01.48:784][  0]LogLinker: Warning: Can't find file for asset '/Game/Models/Architecture/None' while loading ../../../../../../Users/u0800347/Documents/GitHub/Mansion_Environment/Mansion/Content/Models/Architecture/Crown_Molding.uasset.
[2018.10.04-19.01.48:784][  0]LoadErrors: Error: /Game/Models/Architecture/Crown_Molding : Can't find file for asset. /Game/Models/Architecture/None
[2018.10.04-19.01.48:784][  0]LogLinker: Warning: Can't find file '/Game/Models/Architecture/None'
[2018.10.04-19.01.48:784][  0]LogLinker: Warning: Can't find file for asset '/Game/Models/Architecture/None' while loading ../../../../../../Users/u0800347/Documents/GitHub/Mansion_Environment/Mansion/Content/Models/Architecture/Crown_Molding.uasset.
[2018.10.04-19.01.48:784][  0]LoadErrors: Error: /Game/Models/Architecture/Crown_Molding : Can't find file for asset. /Game/Models/Architecture/None
[2018.10.04-19.01.48:796][  0]LogLinker: Warning: Can't find file '/Game/Models/Props/None'
[2018.10.04-19.01.48:796][  0]LogLinker: Warning: Can't find file for asset '/Game/Models/Props/None' while loading ../../../../../../Users/u0800347/Documents/GitHub/Mansion_Environment/Mansion/Content/Models/Props/Carpets.uasset.
[2018.10.04-19.01.48:796][  0]LoadErrors: Error: /Game/Models/Props/Carpets : Can't find file for asset. /Game/Models/Props/None
[2018.10.04-19.01.48:796][  0]LogLinker: Warning: Can't find file '/Game/Models/Props/None'
[2018.10.04-19.01.48:796][  0]LogLinker: Warning: Can't find file for asset '/Game/Models/Props/None' while loading ../../../../../../Users/u0800347/Documents/GitHub/Mansion_Environment/Mansion/Content/Models/Props/Carpets.uasset.
[2018.10.04-19.01.48:796][  0]LoadErrors: Error: /Game/Models/Props/Carpets : Can't find file for asset. /Game/Models/Props/None
[2018.10.04-19.01.48:807][  0]LogLinker: Warning: Can't find file '/Game/Models/Props/None'
[2018.10.04-19.01.48:807][  0]LogLinker: Warning: Can't find file for asset '/Game/Models/Props/None' while loading ../../../../../../Users/u0800347/Documents/GitHub/Mansion_Environment/Mansion/Content/Models/Props/Umbrella.uasset.
[2018.10.04-19.01.48:808][  0]LoadErrors: Error: /Game/Models/Props/Umbrella : Can't find file for asset. /Game/Models/Props/None
[2018.10.04-19.01.48:808][  0]LogLinker: Warning: Can't find file '/Game/Models/Props/None'
[2018.10.04-19.01.48:808][  0]LogLinker: Warning: Can't find file for asset '/Game/Models/Props/None' while loading ../../../../../../Users/u0800347/Documents/GitHub/Mansion_Environment/Mansion/Content/Models/Props/Umbrella.uasset.
[2018.10.04-19.01.48:808][  0]LoadErrors: Error: /Game/Models/Props/Umbrella : Can't find file for asset. /Game/Models/Props/None
[2018.10.04-19.01.48:809][  0]LogLinker: Warning: Can't find file '/Game/Models/Props/None'
[2018.10.04-19.01.48:810][  0]LogLinker: Warning: Can't find file for asset '/Game/Models/Props/None' while loading ../../../../../../Users/u0800347/Documents/GitHub/Mansion_Environment/Mansion/Content/Models/Props/UmbrellaStand.uasset.
[2018.10.04-19.01.48:810][  0]LoadErrors: Error: /Game/Models/Props/UmbrellaStand : Can't find file for asset. /Game/Models/Props/None
[2018.10.04-19.01.48:810][  0]LogLinker: Warning: Can't find file '/Game/Models/Props/None'
[2018.10.04-19.01.48:810][  0]LogLinker: Warning: Can't find file for asset '/Game/Models/Props/None' while loading ../../../../../../Users/u0800347/Documents/GitHub/Mansion_Environment/Mansion/Content/Models/Props/UmbrellaStand.uasset.
[2018.10.04-19.01.48:810][  0]LoadErrors: Error: /Game/Models/Props/UmbrellaStand : Can't find file for asset. /Game/Models/Props/None
[2018.10.04-19.01.48:897][  0]LogLinker: Warning: Can't find file '/Game/Models/Architecture/None'
[2018.10.04-19.01.48:897][  0]LoadErrors: Failed to load /Game/Models/Architecture/None.Material_0 Referenced by Arch
[2018.10.04-19.01.48:898][  0]LogLinker: Warning: Can't find file for asset '/Game/Models/Architecture/None' while loading NULL.
[2018.10.04-19.01.48:898][  0]LoadErrors: Failed to load /Game/Models/Architecture/None.Material_0 Referenced by Arch
[2018.10.04-19.01.48:898][  0]LogLinker: Warning: Can't find file '/Game/Models/Architecture/None'
[2018.10.04-19.01.48:898][  0]LoadErrors: Failed to load /Game/Models/Architecture/None.Material_0 Referenced by Arch
[2018.10.04-19.01.48:898][  0]LogLinker: Warning: Can't find file for asset '/Game/Models/Architecture/None' while loading NULL.
[2018.10.04-19.01.48:898][  0]LoadErrors: Failed to load /Game/Models/Architecture/None.Material_0 Referenced by Arch
[2018.10.04-19.01.48:900][  0]LogLinker: Warning: Can't find file '/Game/Models/Props/None'
[2018.10.04-19.01.48:900][  0]LoadErrors: Failed to load /Game/Models/Props/None.Material_0 Referenced by UmbrellaStand
[2018.10.04-19.01.48:900][  0]LogLinker: Warning: Can't find file for asset '/Game/Models/Props/None' while loading NULL.
[2018.10.04-19.01.48:900][  0]LoadErrors: Failed to load /Game/Models/Props/None.Material_0 Referenced by UmbrellaStand
[2018.10.04-19.01.48:900][  0]LogLinker: Warning: Can't find file '/Game/Models/Props/None'
[2018.10.04-19.01.48:900][  0]LoadErrors: Failed to load /Game/Models/Props/None.Material_0 Referenced by UmbrellaStand
[2018.10.04-19.01.48:901][  0]LogLinker: Warning: Can't find file for asset '/Game/Models/Props/None' while loading NULL.
[2018.10.04-19.01.48:901][  0]LoadErrors: Failed to load /Game/Models/Props/None.Material_0 Referenced by UmbrellaStand
[2018.10.04-19.01.48:901][  0]LogLinker: Warning: Can't find file '/Game/Models/Props/None'
[2018.10.04-19.01.48:901][  0]LoadErrors: Failed to load /Game/Models/Props/None.Material_1 Referenced by Umbrella
[2018.10.04-19.01.48:901][  0]LogLinker: Warning: Can't find file for asset '/Game/Models/Props/None' while loading NULL.
[2018.10.04-19.01.48:901][  0]LoadErrors: Failed to load /Game/Models/Props/None.Material_1 Referenced by Umbrella
[2018.10.04-19.01.48:901][  0]LogLinker: Warning: Can't find file '/Game/Models/Props/None'
[2018.10.04-19.01.48:901][  0]LoadErrors: Failed to load /Game/Models/Props/None.Material_1 Referenced by Umbrella
[2018.10.04-19.01.48:902][  0]LogLinker: Warning: Can't find file for asset '/Game/Models/Props/None' while loading NULL.
[2018.10.04-19.01.48:902][  0]LoadErrors: Failed to load /Game/Models/Props/None.Material_1 Referenced by Umbrella
[2018.10.04-19.01.48:903][  0]LogLinker: Warning: Can't find file '/Game/Models/Props/None'
[2018.10.04-19.01.48:903][  0]LoadErrors: Failed to load /Game/Models/Props/None.Material_0 Referenced by Carpets
[2018.10.04-19.01.48:903][  0]LogLinker: Warning: Can't find file for asset '/Game/Models/Props/None' while loading NULL.
[2018.10.04-19.01.48:903][  0]LoadErrors: Failed to load /Game/Models/Props/None.Material_0 Referenced by Carpets
[2018.10.04-19.01.48:904][  0]LogLinker: Warning: Can't find file '/Game/Models/Props/None'
[2018.10.04-19.01.48:904][  0]LoadErrors: Failed to load /Game/Models/Props/None.Material_0 Referenced by Carpets
[2018.10.04-19.01.48:904][  0]LogLinker: Warning: Can't find file for asset '/Game/Models/Props/None' while loading NULL.
[2018.10.04-19.01.48:904][  0]LoadErrors: Failed to load /Game/Models/Props/None.Material_0 Referenced by Carpets
[2018.10.04-19.01.48:905][  0]LogLinker: Warning: Can't find file '/Game/Models/Architecture/None'
[2018.10.04-19.01.48:905][  0]LoadErrors: Failed to load /Game/Models/Architecture/None.Material_1 Referenced by Crown_Molding
[2018.10.04-19.01.48:905][  0]LogLinker: Warning: Can't find file for asset '/Game/Models/Architecture/None' while loading NULL.
[2018.10.04-19.01.48:905][  0]LoadErrors: Failed to load /Game/Models/Architecture/None.Material_1 Referenced by Crown_Molding
[2018.10.04-19.01.48:905][  0]LogLinker: Warning: Can't find file '/Game/Models/Architecture/None'
[2018.10.04-19.01.48:905][  0]LoadErrors: Failed to load /Game/Models/Architecture/None.Material_1 Referenced by Crown_Molding
[2018.10.04-19.01.48:906][  0]LogLinker: Warning: Can't find file for asset '/Game/Models/Architecture/None' while loading NULL.
[2018.10.04-19.01.48:906][  0]LoadErrors: Failed to load /Game/Models/Architecture/None.Material_1 Referenced by Crown_Molding
[2018.10.04-19.01.49:029][  0]LogAIModule: Creating AISystem for world Minimal_Default
[2018.10.04-19.01.49:043][  0]LogEditorServer: Finished looking for orphan Actors (0.000 secs)
[2018.10.04-19.01.49:066][  0]Cmd: MAP CHECKDEP NOCLEARLOG
[2018.10.04-19.01.49:169][  0]MapCheck: Map check complete: 0 Error(s), 0 Warning(s), took 102.723ms to complete.
[2018.10.04-19.01.49:169][  0]LogFileHelpers: Loading map 'Minimal_Default' took 0.555
[2018.10.04-19.01.49:297][  0]LogSlate: Updating window title bar state: overlay mode, drag disabled, window buttons hidden, title bar hidden
[2018.10.04-19.01.49:304][  0]LogSlate: Updating window title bar state: overlay mode, drag disabled, window buttons hidden, title bar hidden
[2018.10.04-19.01.49:311][  0]LogSlate: Updating window title bar state: overlay mode, drag disabled, window buttons hidden, title bar hidden
[2018.10.04-19.01.49:318][  0]LogSlate: Updating window title bar state: overlay mode, drag disabled, window buttons hidden, title bar hidden
[2018.10.04-19.01.49:329][  0]LogCollectionManager: Loaded 0 collections in 0.003695 seconds
[2018.10.04-19.01.49:378][  0]LogFileCache: Scanning file cache for directory 'C:/Users/u0800347/Documents/GitHub/Mansion_Environment/Mansion/Saved/Collections/' took 0.01s
[2018.10.04-19.01.49:378][  0]LogFileCache: Scanning file cache for directory 'C:/Users/u0800347/Documents/GitHub/Mansion_Environment/Mansion/Content/Developers/u0800347/Collections/' took 0.01s
[2018.10.04-19.01.49:378][  0]LogFileCache: Scanning file cache for directory 'C:/Users/u0800347/Documents/GitHub/Mansion_Environment/Mansion/Content/Collections/' took 0.01s
[2018.10.04-19.01.49:378][  0]LogCollectionManager: Rebuilt the GUID cache for 0 collections in 0.000000 seconds
[2018.10.04-19.01.49:387][  0]LogContentBrowser: Native class hierarchy populated in 0.0087 seconds. Added 2572 classes and 603 folders.
[2018.10.04-19.01.49:397][  0]LogContentBrowser: Native class hierarchy updated for 'WidgetCarousel' in 0.0002 seconds. Added 0 classes and 0 folders.
[2018.10.04-19.01.49:462][  0]LogContentBrowser: Native class hierarchy updated for 'AddContentDialog' in 0.0002 seconds. Added 0 classes and 0 folders.
[2018.10.04-19.01.49:468][  0]LogContentBrowser: Native class hierarchy updated for 'SceneOutliner' in 0.0002 seconds. Added 1 classes and 2 folders.
[2018.10.04-19.01.49:593][  0]LogSlate: Updating window title bar state: overlay mode, drag disabled, window buttons hidden, title bar hidden
[2018.10.04-19.01.49:600][  0]LogSlate: Updating window title bar state: overlay mode, drag disabled, window buttons hidden, title bar hidden
[2018.10.04-19.01.49:607][  0]LogSlate: Updating window title bar state: overlay mode, drag disabled, window buttons hidden, title bar hidden
[2018.10.04-19.01.49:614][  0]LogSlate: Updating window title bar state: overlay mode, drag disabled, window buttons hidden, title bar hidden
[2018.10.04-19.01.49:621][  0]LogSlate: Took 0.000220 seconds to synchronously load lazily loaded font '../../../Engine/Content/Slate/Fonts/Roboto-Regular.ttf' (155K)
[2018.10.04-19.01.49:623][  0]LogSlate: Took 0.000187 seconds to synchronously load lazily loaded font '../../../Engine/Content/Slate/Fonts/Roboto-Bold.ttf' (160K)
[2018.10.04-19.01.49:627][  0]LogSlate: Took 0.000322 seconds to synchronously load lazily loaded font '../../../Engine/Content/Editor/Slate/Fonts/FontAwesome.ttf' (139K)
[2018.10.04-19.01.49:683][  0]LogRenderer: Reallocating scene render targets to support 1208x540 Format 10 NumSamples 1 (Frame:1).
[2018.10.04-19.01.49:792][  0]LogRenderer: Reallocating scene render targets to support 1208x1856 Format 10 NumSamples 1 (Frame:2).
[2018.10.04-19.01.49:923][  0]LogContentBrowser: Native class hierarchy updated for 'HierarchicalLODOutliner' in 0.0003 seconds. Added 0 classes and 0 folders.
[2018.10.04-19.01.49:924][  0]LogLoad: (Engine Initialization) Total time: 10.22 seconds
[2018.10.04-19.01.49:924][  0]LogLoad: (Engine Initialization) Total Blueprint compile time: 0.00 seconds
[2018.10.04-19.01.49:974][  0]LogContentStreaming: Texture pool size now 1000 MB
[2018.10.04-19.01.49:985][  0]LogSlate: FSceneViewport::OnFocusLost() reason 2
[2018.10.04-19.01.50:044][  1]LogAssetRegistry: Asset discovery search completed in 5.2470 seconds
[2018.10.04-19.01.50:046][  1]LogCollectionManager: Rebuilt the object cache for 0 collections in 0.000000 seconds (found 0 objects)
[2018.10.04-19.01.50:046][  1]LogCollectionManager: Fixed up redirectors for 0 collections in 0.000061 seconds (updated 0 objects)
[2018.10.04-19.03.21:690][516]LogSlate: FSceneViewport::OnFocusLost() reason 2
[2018.10.04-19.03.30:802][222]LogSlate: Window 'Message Log' being destroyed
[2018.10.04-19.03.30:808][222]LogSlate: Window 'Message Log' being destroyed
[2018.10.04-19.03.35:380][658]LogSlate: Took 0.000236 seconds to synchronously load lazily loaded font '../../../Engine/Content/Slate/Fonts/Roboto-BoldCondensed.ttf' (158K)
[2018.10.04-19.15.11:597][480]LogHttp: Warning: 0000017F255A1440: request failed, libcurl error: 6 (Couldn't resolve host name)
[2018.10.04-19.15.11:597][480]LogHttp: Warning: 0000017F255A1440: libcurl info message cache 0 (Found bundle for host datarouter.ol.epicgames.com: 0x17f5e3e7fa0 [can pipeline])
[2018.10.04-19.15.11:597][480]LogHttp: Warning: 0000017F255A1440: libcurl info message cache 1 (Re-using existing connection! (#3) with host datarouter.ol.epicgames.com)
[2018.10.04-19.15.11:597][480]LogHttp: Warning: 0000017F255A1440: libcurl info message cache 2 (Connected to datarouter.ol.epicgames.com (35.153.154.4) port 443 (#3))
[2018.10.04-19.15.11:597][480]LogHttp: Warning: 0000017F255A1440: libcurl info message cache 3 (upload completely sent off: 371 out of 371 bytes)
[2018.10.04-19.15.11:597][480]LogHttp: Warning: 0000017F255A1440: libcurl info message cache 4 (OpenSSL SSL_read: SSL_ERROR_SYSCALL, errno 10054)
[2018.10.04-19.15.11:597][480]LogHttp: Warning: 0000017F255A1440: libcurl info message cache 5 (Connection died, retrying a fresh connect)
[2018.10.04-19.15.11:597][480]LogHttp: Warning: 0000017F255A1440: libcurl info message cache 6 (Closing connection 3)
[2018.10.04-19.15.11:597][480]LogHttp: Warning: 0000017F255A1440: libcurl info message cache 7 (Issue another request to this URL: 'https://datarouter.ol.epicgames.com/datarouter/api/v1/public/data?SessionID=%7BE67BA5A0-437F-9A8B-0F30-40A1142F9390%7D&AppID=UEEditor.Rocket.Release&AppVersion=4.20.2-4212847%2B%2B%2BUE4%2BRelease-4.20&UserID=18fd4c864ed3ddcafa2e108da892ba84%7C16c96479757c4167b90c86adf9dfa2e4%7C69523b5c-1881-4c06-b3b4-3df4160884ef&AppEnvironment=datacollector-binary&UploadType=eteventstream')
[2018.10.04-19.15.11:597][480]LogHttp: Warning: 0000017F255A1440: libcurl info message cache 8 (Could not resolve host: datarouter.ol.epicgames.com)
[2018.10.04-19.15.11:597][480]LogHttp: Warning: 0000017F255A1440: libcurl info message cache 9 (Closing connection 4)
[2018.10.04-19.36.26:031][631]LogSlate: Took 0.004619 seconds to synchronously load lazily loaded font '../../../Engine/Content/Slate/Fonts/Roboto-Light.ttf' (167K)
[2018.10.04-19.36.26:045][631]LogFactory: FactoryCreateFile: StaticMesh with FbxFactory (0 0 ../../../../../../Users/u0800347/Documents/GitHub/Mansion_Environment/Models/Corner joint.obj)
[2018.10.04-19.36.26:066][631]LogFbx: Loading FBX Scene from ../../../../../../Users/u0800347/Documents/GitHub/Mansion_Environment/Models/Corner joint.obj
[2018.10.04-19.36.26:067][631]LogFbx: FBX Scene Loaded Succesfully
[2018.10.04-19.36.28:673][631]LogSlate: Window 'FBX Import Options' being destroyed
[2018.10.04-19.36.28:879][631]LogFbx: Warning: Triangulating static mesh default
[2018.10.04-19.36.28:886][631]LogStaticMesh: Building static mesh Corner_joint...
[2018.10.04-19.36.28:905][631]LogStaticMesh: Built static mesh [0.02s] /Game/Models/Architecture/Corner_joint.Corner_joint
[2018.10.04-19.36.30:570][743]LogActorFactory: Actor Factory created Corner_joint
[2018.10.04-19.36.31:427][832]LogActorFactory: Actor Factory created Corner_joint
[2018.10.04-19.37.07:869][841]LogSavePackage: Moving '../../../../../../Users/u0800347/Documents/GitHub/Mansion_Environment/Mansion/Saved/Minimal_Default_Auto1CA2442514BA5A6A48B02C88E2384D891.tmp' to '../../../../../../Users/u0800347/Documents/GitHub/Mansion_Environment/Mansion/Saved/Autosaves/Game/StarterContent/Maps/Minimal_Default_Auto1.umap'
[2018.10.04-19.37.07:879][841]LogFileHelpers: Editor autosave (incl. sublevels) for '/Game/StarterContent/Maps/Minimal_Default' took 0.205
[2018.10.04-19.37.07:879][841]LogFileHelpers: Editor autosave (incl. sublevels) for all levels took 0.205
[2018.10.04-19.37.07:883][841]OBJ SavePackage: Generating thumbnails for [1] asset(s) in package [/Game/Models/Architecture/Corner_joint] ([1] browsable assets)...
[2018.10.04-19.37.07:899][841]OBJ SavePackage:     Rendered thumbnail for [StaticMesh /Game/Models/Architecture/Corner_joint.Corner_joint]
[2018.10.04-19.37.07:899][841]OBJ SavePackage: Finished generating thumbnails for package [/Game/Models/Architecture/Corner_joint]
[2018.10.04-19.37.07:916][841]LogSavePackage: Moving '../../../../../../Users/u0800347/Documents/GitHub/Mansion_Environment/Mansion/Saved/Corner_joint_Auto162F57CA449FF42540448A5BBE765F351.tmp' to '../../../../../../Users/u0800347/Documents/GitHub/Mansion_Environment/Mansion/Saved/Autosaves/Game/Models/Architecture/Corner_joint_Auto1.uasset'
[2018.10.04-19.37.07:918][841]LogFileHelpers: Auto-saving content packages took 0.036
[2018.10.04-19.37.14:177][861]LogSlate: FSceneViewport::OnFocusLost() reason 2
[2018.10.04-19.37.27:095][921]LogSlate: FSceneViewport::OnFocusLost() reason 0
[2018.10.04-19.37.29:888][172]LogEditorFactories: Performing atomic reimport of [C:/Users/u0800347/Documents/GitHub/Mansion_Environment/Blockout4.fbx]
[2018.10.04-19.37.29:945][172]LogFbx: Loading FBX Scene from C:/Users/u0800347/Documents/GitHub/Mansion_Environment/Blockout4.fbx
[2018.10.04-19.37.30:003][172]LogFbx: FBX Scene Loaded Succesfully
[2018.10.04-19.37.30:052][172]LogFbx: Warning: Triangulating static mesh Ceiling.003
[2018.10.04-19.37.30:056][172]LogFbx: Warning: Triangulating static mesh Cube.008
[2018.10.04-19.37.30:125][172]LogFbx: Warning: Triangulating static mesh Cube.004
[2018.10.04-19.37.30:130][172]LogFbx: Warning: Triangulating static mesh Ceiling.002
[2018.10.04-19.37.30:869][172]LogFbx: Warning: Triangulating static mesh Cube.003
[2018.10.04-19.37.30:887][172]LogFbx: Warning: Triangulating static mesh Ceiling.001
[2018.10.04-19.37.31:281][172]LogFbx: Warning: Triangulating static mesh Cube.006
[2018.10.04-19.37.31:283][172]LogFbx: Warning: Triangulating static mesh Cube.056
[2018.10.04-19.37.31:284][172]LogFbx: Warning: Triangulating static mesh wall 3x18
[2018.10.04-19.37.31:285][172]LogFbx: Warning: Triangulating static mesh wall 21x18
[2018.10.04-19.37.31:286][172]LogFbx: Warning: Triangulating static mesh wall 6x18
[2018.10.04-19.37.31:288][172]LogFbx: Warning: Triangulating static mesh wall 6x6
[2018.10.04-19.37.31:289][172]LogFbx: Warning: Triangulating static mesh Cylinder.056
[2018.10.04-19.37.31:373][172]LogFbx: Warning: Triangulating static mesh Plane.012
[2018.10.04-19.37.31:377][172]LogFbx: Warning: Triangulating static mesh Plane.005
[2018.10.04-19.37.31:380][172]LogFbx: Warning: Triangulating static mesh Cylinder.011
[2018.10.04-19.37.31:568][172]LogFbx: Warning: Triangulating static mesh Cylinder.053
[2018.10.04-19.37.31:622][172]LogFbx: Warning: Triangulating static mesh Cylinder.052
[2018.10.04-19.37.31:672][172]LogFbx: Warning: Triangulating static mesh Cylinder.051
[2018.10.04-19.37.31:721][172]LogFbx: Warning: Triangulating static mesh Cylinder.050
[2018.10.04-19.37.31:769][172]LogFbx: Warning: Triangulating static mesh Cylinder.049
[2018.10.04-19.37.31:817][172]LogFbx: Warning: Triangulating static mesh Cylinder.048
[2018.10.04-19.37.31:867][172]LogFbx: Warning: Triangulating static mesh Cylinder.047
[2018.10.04-19.37.31:918][172]LogFbx: Warning: Triangulating static mesh Cylinder.046
[2018.10.04-19.37.31:966][172]LogFbx: Warning: Triangulating static mesh Cylinder.045
[2018.10.04-19.37.32:021][172]LogFbx: Warning: Triangulating static mesh Cylinder.044
[2018.10.04-19.37.32:069][172]LogFbx: Warning: Triangulating static mesh Cylinder.043
[2018.10.04-19.37.32:117][172]LogFbx: Warning: Triangulating static mesh Cylinder.042
[2018.10.04-19.37.32:165][172]LogFbx: Warning: Triangulating static mesh Cylinder.039
[2018.10.04-19.37.32:214][172]LogFbx: Warning: Triangulating static mesh Cylinder.041
[2018.10.04-19.37.32:272][172]LogFbx: Warning: Triangulating static mesh Cylinder.038
[2018.10.04-19.37.32:327][172]LogFbx: Warning: Triangulating static mesh Cube.002
[2018.10.04-19.37.32:365][172]LogFbx: Warning: Triangulating static mesh Cylinder.040
[2018.10.04-19.37.32:414][172]LogFbx: Warning: Triangulating static mesh Cube.001
[2018.10.04-19.37.32:417][172]LogFbx: Warning: Triangulating static mesh Cube
[2018.10.04-19.37.32:422][172]LogFbx: Warning: Triangulating static mesh Cylinder.036
[2018.10.04-19.37.32:425][172]LogFbx: Warning: Triangulating static mesh Chair_Cube.002
[2018.10.04-19.37.32:505][172]LogFbx: Warning: Triangulating static mesh Cylinder.035
[2018.10.04-19.37.32:602][172]LogFbx: Warning: Triangulating static mesh Cube.000
[2018.10.04-19.37.32:697][172]LogFbx: Warning: Triangulating static mesh Chair_Cube.001
[2018.10.04-19.37.32:745][172]LogFbx: Warning: Triangulating static mesh Cube.071
[2018.10.04-19.37.32:783][172]LogFbx: Warning: Triangulating static mesh Cylinder.034
[2018.10.04-19.37.32:845][172]LogFbx: Warning: Triangulating static mesh Cylinder.033
[2018.10.04-19.37.32:901][172]LogFbx: Warning: Triangulating static mesh Cylinder.032
[2018.10.04-19.37.32:957][172]LogFbx: Warning: Triangulating static mesh Cylinder.031
[2018.10.04-19.37.33:015][172]LogFbx: Warning: Triangulating static mesh Cylinder.030
[2018.10.04-19.37.33:039][172]LogFbx: Warning: Triangulating static mesh Cube.068
[2018.10.04-19.37.33:040][172]LogFbx: Warning: Triangulating static mesh Cube.067
[2018.10.04-19.37.33:042][172]LogFbx: Warning: Triangulating static mesh Cube.066
[2018.10.04-19.37.33:043][172]LogFbx: Warning: Triangulating static mesh Cube.065
[2018.10.04-19.37.33:044][172]LogFbx: Warning: Triangulating static mesh Cube.064
[2018.10.04-19.37.33:048][172]LogFbx: Warning: Triangulating static mesh Cube.063
[2018.10.04-19.37.33:054][172]LogFbx: Warning: Triangulating static mesh Plane.011
[2018.10.04-19.37.33:054][172]LogFbx: Warning: Triangulating static mesh Cube.062
[2018.10.04-19.37.33:055][172]LogFbx: Warning: Triangulating static mesh Cube.061
[2018.10.04-19.37.33:057][172]LogFbx: Warning: Triangulating static mesh Cube.060
[2018.10.04-19.37.33:058][172]LogFbx: Warning: Triangulating static mesh Cube.059
[2018.10.04-19.37.33:059][172]LogFbx: Warning: Triangulating static mesh Cube.058
[2018.10.04-19.37.33:084][172]LogFbx: Warning: Triangulating static mesh Cylinder.029
[2018.10.04-19.37.33:109][172]LogFbx: Warning: Triangulating static mesh Cylinder.028
[2018.10.04-19.37.33:120][172]LogFbx: Warning: Triangulating static mesh Cylinder.027
[2018.10.04-19.37.33:132][172]LogFbx: Warning: Triangulating static mesh Cylinder.026
[2018.10.04-19.37.33:144][172]LogFbx: Warning: Triangulating static mesh Cylinder.025
[2018.10.04-19.37.33:155][172]LogFbx: Warning: Triangulating static mesh Cylinder.024
[2018.10.04-19.37.33:166][172]LogFbx: Warning: Triangulating static mesh Cylinder.023
[2018.10.04-19.37.33:177][172]LogFbx: Warning: Triangulating static mesh Cylinder.022
[2018.10.04-19.37.33:189][172]LogFbx: Warning: Triangulating static mesh Cylinder.021
[2018.10.04-19.37.33:200][172]LogFbx: Warning: Triangulating static mesh Cylinder.020
[2018.10.04-19.37.33:211][172]LogFbx: Warning: Triangulating static mesh Cylinder.019
[2018.10.04-19.37.33:223][172]LogFbx: Warning: Triangulating static mesh Cylinder.018
[2018.10.04-19.37.33:234][172]LogFbx: Warning: Triangulating static mesh Cylinder.017
[2018.10.04-19.37.33:247][172]LogFbx: Warning: Triangulating static mesh Chair_Cube.000
[2018.10.04-19.37.33:297][172]LogFbx: Warning: Triangulating static mesh Chair_Cube.036
[2018.10.04-19.37.33:347][172]LogFbx: Warning: Triangulating static mesh Cylinder.016
[2018.10.04-19.37.33:356][172]LogFbx: Warning: Triangulating static mesh Cube.057
[2018.10.04-19.37.33:358][172]LogFbx: Warning: Triangulating static mesh Plane.008
[2018.10.04-19.37.33:595][172]LogFbx: Warning: Triangulating static mesh Cylinder.015
[2018.10.04-19.37.33:613][172]LogFbx: Warning: Triangulating static mesh Cube.055
[2018.10.04-19.37.33:614][172]LogFbx: Warning: Triangulating static mesh Cylinder.014
[2018.10.04-19.37.33:616][172]LogFbx: Warning: Triangulating static mesh Cube.054
[2018.10.04-19.37.33:618][172]LogFbx: Warning: Triangulating static mesh Cube.053
[2018.10.04-19.37.33:619][172]LogFbx: Warning: Triangulating static mesh Cube.052
[2018.10.04-19.37.33:620][172]LogFbx: Warning: Triangulating static mesh Cube.051
[2018.10.04-19.37.33:621][172]LogFbx: Warning: Triangulating static mesh Cube.050
[2018.10.04-19.37.33:623][172]LogFbx: Warning: Triangulating static mesh Ceiling
[2018.10.04-19.37.33:624][172]LogFbx: Warning: Triangulating static mesh Cube.049
[2018.10.04-19.37.33:646][172]LogFbx: Warning: Triangulating static mesh Cylinder.013
[2018.10.04-19.37.33:667][172]LogFbx: Warning: Triangulating static mesh Cube.048
[2018.10.04-19.37.33:750][172]LogFbx: Warning: Triangulating static mesh Cube.047
[2018.10.04-19.37.33:756][172]LogFbx: Warning: Triangulating static mesh Cube.046
[2018.10.04-19.37.33:757][172]LogFbx: Warning: Triangulating static mesh Cube.045
[2018.10.04-19.37.33:758][172]LogFbx: Warning: Triangulating static mesh Cube.044
[2018.10.04-19.37.33:760][172]LogFbx: Warning: Triangulating static mesh Cube.043
[2018.10.04-19.37.33:761][172]LogFbx: Warning: Triangulating static mesh Cube.042
[2018.10.04-19.37.33:762][172]LogFbx: Warning: Triangulating static mesh Cube.041
[2018.10.04-19.37.33:763][172]LogFbx: Warning: Triangulating static mesh Cube.040
[2018.10.04-19.37.33:764][172]LogFbx: Warning: Triangulating static mesh Cube.039
[2018.10.04-19.37.33:766][172]LogFbx: Warning: Triangulating static mesh Cube.038
[2018.10.04-19.37.33:767][172]LogFbx: Warning: Triangulating static mesh Cylinder.012
[2018.10.04-19.37.33:802][172]LogFbx: Warning: Triangulating static mesh Cube.037
[2018.10.04-19.37.33:806][172]LogFbx: Warning: Triangulating static mesh Cube.036
[2018.10.04-19.37.33:807][172]LogFbx: Warning: Triangulating static mesh Cube.035
[2018.10.04-19.37.33:808][172]LogFbx: Warning: Triangulating static mesh Cube.034
[2018.10.04-19.37.33:810][172]LogFbx: Warning: Triangulating static mesh Cube.033
[2018.10.04-19.37.33:813][172]LogFbx: Warning: Triangulating static mesh Cube.032
[2018.10.04-19.37.33:858][172]LogFbx: Warning: Triangulating static mesh Cube.031
[2018.10.04-19.37.33:861][172]LogFbx: Warning: Triangulating static mesh Cube.030
[2018.10.04-19.37.33:862][172]LogFbx: Warning: Triangulating static mesh Cube.029
[2018.10.04-19.37.33:863][172]LogFbx: Warning: Triangulating static mesh Cube.028
[2018.10.04-19.37.33:864][172]LogFbx: Warning: Triangulating static mesh Cube.027
[2018.10.04-19.37.33:865][172]LogFbx: Warning: Triangulating static mesh Cube.026
[2018.10.04-19.37.33:867][172]LogFbx: Warning: Triangulating static mesh Cube.025
[2018.10.04-19.37.33:868][172]LogFbx: Warning: Triangulating static mesh Cube.024
[2018.10.04-19.37.33:869][172]LogFbx: Warning: Triangulating static mesh Cube.023
[2018.10.04-19.37.33:870][172]LogFbx: Warning: Triangulating static mesh Cube.022
[2018.10.04-19.37.33:872][172]LogFbx: Warning: Triangulating static mesh Cube.021
[2018.10.04-19.37.33:873][172]LogFbx: Warning: Triangulating static mesh Cube.020
[2018.10.04-19.37.33:874][172]LogFbx: Warning: Triangulating static mesh Cube.019
[2018.10.04-19.37.33:876][172]LogFbx: Warning: Triangulating static mesh Cube.018
[2018.10.04-19.37.33:877][172]LogFbx: Warning: Triangulating static mesh Cube.017
[2018.10.04-19.37.33:878][172]LogFbx: Warning: Triangulating static mesh Cube.016
[2018.10.04-19.37.33:879][172]LogFbx: Warning: Triangulating static mesh Cube.015
[2018.10.04-19.37.33:900][172]LogFbx: Warning: Triangulating static mesh Cube.014
[2018.10.04-19.37.33:904][172]LogFbx: Warning: Triangulating static mesh Cylinder.010
[2018.10.04-19.37.34:000][172]LogFbx: Warning: Triangulating static mesh Plane.004
[2018.10.04-19.37.34:001][172]LogFbx: Warning: Triangulating static mesh Cube.007
[2018.10.04-19.37.34:004][172]LogFbx: Warning: Triangulating static mesh Cylinder.001
[2018.10.04-19.37.34:078][172]LogFbx: Warning: Triangulating static mesh Plane.001
[2018.10.04-19.37.34:083][172]LogFbx: Warning: Triangulating static mesh Cube.005
[2018.10.04-19.37.34:372][172]LogStaticMesh: Building static mesh Blockout4...
[2018.10.04-19.37.36:486][172]LogStaticMesh: Built static mesh [2.11s] /Game/Blockout4.Blockout4
[2018.10.04-19.37.36:605][172]LogStaticMesh: Warning: Blockout4 has degenerate tangent bases which will result in incorrect shading.  MikkTSpace relies on tangent bases and may result in mesh corruption, consider disabling this option.
[2018.10.04-19.37.36:605][172]LogStaticMesh: Warning: Blockout4 has some nearly zero bi-normals which can create some issues. (Tolerance of 1E-4)
[2018.10.04-19.37.36:728][172]LogEditorFactories: -- imported successfully
[2018.10.04-19.37.36:744][172]FBXImport: Warning: No smoothing group information was found in this FBX scene.  Please make sure to enable the 'Export Smoothing Groups' option in the FBX Exporter plug-in before exporting the file.  Even for tools that don't support smoothing groups, the FBX Exporter will generate appropriate smoothing data at export-time so that correct vertex normals can be inferred while importing. 
[2018.10.04-19.37.36:744][172]FBXImport: Warning: Blockout4 has degenerate tangent bases which will result in incorrect shading.  MikkTSpace relies on tangent bases and may result in mesh corruption, consider disabling this option. 
[2018.10.04-19.37.36:744][172]FBXImport: Warning: Blockout4 has some nearly zero bi-normals which can create some issues. (Tolerance of 1E-4) 
[2018.10.04-19.38.43:116][372]LogEditorFactories: Performing atomic reimport of [C:/Users/u0800347/Documents/GitHub/Mansion_Environment/Blockout4.fbx]
[2018.10.04-19.38.43:164][372]LogFbx: Loading FBX Scene from C:/Users/u0800347/Documents/GitHub/Mansion_Environment/Blockout4.fbx
[2018.10.04-19.38.43:172][372]LogFbx: FBX Scene Loaded Succesfully
[2018.10.04-19.38.43:224][372]LogFbx: Warning: Triangulating static mesh Ceiling.001
[2018.10.04-19.38.43:649][372]LogStaticMesh: Building static mesh Blockout4...
[2018.10.04-19.38.43:859][372]LogStaticMesh: Built static mesh [0.21s] /Game/Blockout4.Blockout4
[2018.10.04-19.38.43:897][372]LogEditorFactories: -- imported successfully
[2018.10.04-19.38.43:908][372]FBXImport: Warning: No smoothing group information was found in this FBX scene.  Please make sure to enable the 'Export Smoothing Groups' option in the FBX Exporter plug-in before exporting the file.  Even for tools that don't support smoothing groups, the FBX Exporter will generate appropriate smoothing data at export-time so that correct vertex normals can be inferred while importing. 
[2018.10.04-19.38.54:124][177]LogEditorViewport: Clicking on Actor (LMB): StaticMeshActor (Arch_Trim_Detail)
[2018.10.04-19.40.47:679][287]LogSlate: FSceneViewport::OnFocusLost() reason 2
[2018.10.04-19.40.49:667][401]LogSavePackage: Moving '../../../../../../Users/u0800347/Documents/GitHub/Mansion_Environment/Mansion/Saved/Minimal_Default1392AA634041A7B805F1FBB858F0276D.tmp' to '../../../../../../Users/u0800347/Documents/GitHub/Mansion_Environment/Mansion/Content/StarterContent/Maps/Minimal_Default.umap'
[2018.10.04-19.40.49:878][401]LogSavePackage: Moving '../../../../../../Users/u0800347/Documents/GitHub/Mansion_Environment/Mansion/Saved/Minimal_Default_BuiltDataE553E43947068BD58B7800AF03566CB6.tmp' to '../../../../../../Users/u0800347/Documents/GitHub/Mansion_Environment/Mansion/Content/StarterContent/Maps/Minimal_Default_BuiltData.uasset'
[2018.10.04-19.41.07:662][529]LogSlate: Window 'Save Content' being destroyed
[2018.10.04-19.41.07:707][529]Cmd: OBJ SAVEPACKAGE PACKAGE="/Game/Blockout4" FILE="../../../../../../Users/u0800347/Documents/GitHub/Mansion_Environment/Mansion/Content/Blockout4.uasset" SILENT=true
[2018.10.04-19.41.07:750][529]LogSavePackage: Moving '../../../../../../Users/u0800347/Documents/GitHub/Mansion_Environment/Mansion/Saved/Blockout428D331E649B82752CD4D0CAF9354F7F4.tmp' to '../../../../../../Users/u0800347/Documents/GitHub/Mansion_Environment/Mansion/Content/Blockout4.uasset'
[2018.10.04-19.41.07:767][529]LogSavePackage: Moving '../../../../../../Users/u0800347/Documents/GitHub/Mansion_Environment/Mansion/Saved/Corner_jointAE8D49084DF243789D24648BC780B697.tmp' to '../../../../../../Users/u0800347/Documents/GitHub/Mansion_Environment/Mansion/Content/Models/Architecture/Corner_joint.uasset'
[2018.10.04-19.41.07:908][529]LogSlate: Window 'Viewport 2' being destroyed
[2018.10.04-19.41.08:019][529]LogSlate: Window 'Mansion - Unreal Editor' being destroyed
[2018.10.04-19.41.08:020][529]LogWindowsTextInputMethodSystem: Display: IME system now deactivated.
[2018.10.04-19.41.08:259][530]Cmd: QUIT_EDITOR
[2018.10.04-19.41.08:292][530]LogExit: Preparing to exit.
[2018.10.04-19.41.09:097][530]LogExit: Editor shut down
[2018.10.04-19.41.09:097][530]LogExit: Transaction tracking system shut down
[2018.10.04-19.41.09:449][530]LogExit: Object subsystem successfully closed.
[2018.10.04-19.41.09:469][530]LogShaderCompilers: Display: Shaders left to compile 0
[2018.10.04-19.41.09:472][530]LogD3D11RHI: Shutdown
[2018.10.04-19.41.09:472][530]LogD3D11RHI: CleanupD3DDevice
[2018.10.04-19.41.09:475][530]LogD3D11RHI: ~FD3D11DynamicRHI
[2018.10.04-19.41.09:503][530]LogModuleManager: Shutting down and abandoning module MeshBuilder (612)
[2018.10.04-19.41.09:503][530]LogModuleManager: Shutting down and abandoning module HierarchicalLODOutliner (610)
[2018.10.04-19.41.09:503][530]LogModuleManager: Shutting down and abandoning module SceneOutliner (608)
[2018.10.04-19.41.09:503][530]LogModuleManager: Shutting down and abandoning module AddContentDialog (606)
[2018.10.04-19.41.09:503][530]LogModuleManager: Shutting down and abandoning module WidgetCarousel (605)
[2018.10.04-19.41.09:503][530]LogModuleManager: Shutting down and abandoning module EditorWidgets (602)
[2018.10.04-19.41.09:503][530]LogModuleManager: Shutting down and abandoning module CollectionManager (600)
[2018.10.04-19.41.09:503][530]LogModuleManager: Shutting down and abandoning module StatsViewer (598)
[2018.10.04-19.41.09:503][530]LogModuleManager: Shutting down and abandoning module FoliageEdit (596)
[2018.10.04-19.41.09:503][530]LogModuleManager: Shutting down and abandoning module LandscapeEditor (594)
[2018.10.04-19.41.09:503][530]LogModuleManager: Shutting down and abandoning module MeshPaintMode (592)
[2018.10.04-19.41.09:503][530]LogModuleManager: Shutting down and abandoning module SceneDepthPickerMode (590)
[2018.10.04-19.41.09:503][530]LogModuleManager: Shutting down and abandoning module ActorPickerMode (588)
[2018.10.04-19.41.09:503][530]LogModuleManager: Shutting down and abandoning module GeometryMode (586)
[2018.10.04-19.41.09:503][530]LogModuleManager: Shutting down and abandoning module TextureAlignMode (584)
[2018.10.04-19.41.09:503][530]LogModuleManager: Shutting down and abandoning module BspMode (582)
[2018.10.04-19.41.09:504][530]LogModuleManager: Shutting down and abandoning module PIEPreviewDeviceProfileSelector (580)
[2018.10.04-19.41.09:504][530]LogModuleManager: Shutting down and abandoning module SequenceRecorderSections (578)
[2018.10.04-19.41.09:504][530]LogModuleManager: Shutting down and abandoning module AutomationWorker (576)
[2018.10.04-19.41.09:504][530]LogModuleManager: Shutting down and abandoning module AudioCaptureEditor (574)
[2018.10.04-19.41.09:504][530]LogModuleManager: Shutting down and abandoning module SequenceRecorder (573)
[2018.10.04-19.41.09:504][530]LogModuleManager: Shutting down and abandoning module MatineeToLevelSequence (570)
[2018.10.04-19.41.09:504][530]LogModuleManager: Shutting down and abandoning module LevelSequenceEditor (568)
[2018.10.04-19.41.09:504][530]LogModuleManager: Shutting down and abandoning module PlacementMode (567)
[2018.10.04-19.41.09:504][530]LogModuleManager: Shutting down and abandoning module MaterialEditor (566)
[2018.10.04-19.41.09:504][530]LogModuleManager: Shutting down and abandoning module WmfMediaFactory (562)
[2018.10.04-19.41.09:504][530]LogModuleManager: Shutting down and abandoning module WmfMediaEditor (560)
[2018.10.04-19.41.09:504][530]LogModuleManager: Shutting down and abandoning module MediaPlayerEditor (558)
[2018.10.04-19.41.09:504][530]LogModuleManager: Shutting down and abandoning module OpenExrWrapper (556)
[2018.10.04-19.41.09:504][530]LogModuleManager: Shutting down and abandoning module ImgMediaFactory (554)
[2018.10.04-19.41.09:504][530]LogModuleManager: Shutting down and abandoning module ImgMediaEditor (552)
[2018.10.04-19.41.09:504][530]LogModuleManager: Shutting down and abandoning module AvfMediaFactory (550)
[2018.10.04-19.41.09:504][530]LogModuleManager: Shutting down and abandoning module AvfMediaEditor (548)
[2018.10.04-19.41.09:504][530]LogModuleManager: Shutting down and abandoning module AndroidMediaFactory (546)
[2018.10.04-19.41.09:504][530]LogModuleManager: Shutting down and abandoning module AndroidMediaEditor (544)
[2018.10.04-19.41.09:504][530]LogModuleManager: Shutting down and abandoning module MagicLeapCameraPreviewFactory (542)
[2018.10.04-19.41.09:504][530]LogModuleManager: Shutting down and abandoning module MagicLeapMediaFactory (540)
[2018.10.04-19.41.09:504][530]LogModuleManager: Shutting down and abandoning module MagicLeapMediaEditor (538)
[2018.10.04-19.41.09:504][530]LogModuleManager: Shutting down and abandoning module CharacterAI (536)
[2018.10.04-19.41.09:504][530]LogModuleManager: Shutting down and abandoning module SmartSnapping (534)
[2018.10.04-19.41.09:504][530]LogModuleManager: Shutting down and abandoning module SessionServices (532)
[2018.10.04-19.41.09:504][530]LogModuleManager: Shutting down and abandoning module ViewportSnapping (530)
[2018.10.04-19.41.09:504][530]LogModuleManager: Shutting down and abandoning module ViewportInteraction (528)
[2018.10.04-19.41.09:504][530]LogModuleManager: Shutting down and abandoning module ClothPainter (526)
[2018.10.04-19.41.09:504][530]LogModuleManager: Shutting down and abandoning module SkeletalMeshEditor (525)
[2018.10.04-19.41.09:504][530]LogModuleManager: Shutting down and abandoning module LogVisualizer (522)
[2018.10.04-19.41.09:504][530]LogModuleManager: Shutting down and abandoning module IntroTutorials (520)
[2018.10.04-19.41.09:504][530]LogModuleManager: Shutting down and abandoning module GameProjectGeneration (519)
[2018.10.04-19.41.09:504][530]LogModuleManager: Shutting down and abandoning module LuminPlatformEditor (516)
[2018.10.04-19.41.09:504][530]LogModuleManager: Shutting down and abandoning module IOSPlatformEditor (514)
[2018.10.04-19.41.09:504][530]LogModuleManager: Shutting down and abandoning module HTML5PlatformEditor (512)
[2018.10.04-19.41.09:504][530]LogModuleManager: Shutting down and abandoning module AndroidPlatformEditor (510)
[2018.10.04-19.41.09:504][530]LogModuleManager: Shutting down and abandoning module AndroidDeviceDetection (509)
[2018.10.04-19.41.10:486][530]LogModuleManager: Shutting down and abandoning module WindowsPlatformEditor (506)
[2018.10.04-19.41.10:486][530]LogModuleManager: Shutting down and abandoning module LuminRuntimeSettings (504)
[2018.10.04-19.41.10:486][530]LogModuleManager: Shutting down and abandoning module IOSRuntimeSettings (502)
[2018.10.04-19.41.10:486][530]LogModuleManager: Shutting down and abandoning module AndroidRuntimeSettings (500)
[2018.10.04-19.41.10:486][530]LogModuleManager: Shutting down and abandoning module InputBindingEditor (498)
[2018.10.04-19.41.10:486][530]LogModuleManager: Shutting down and abandoning module MergeActors (496)
[2018.10.04-19.41.10:486][530]LogModuleManager: Shutting down and abandoning module LocalizationDashboard (494)
[2018.10.04-19.41.10:486][530]LogModuleManager: Shutting down and abandoning module LocalizationService (493)
[2018.10.04-19.41.10:486][530]LogModuleManager: Shutting down and abandoning module HardwareTargeting (490)
[2018.10.04-19.41.10:486][530]LogModuleManager: Shutting down and abandoning module DeviceProfileEditor (488)
[2018.10.04-19.41.10:486][530]LogModuleManager: Shutting down and abandoning module UndoHistory (486)
[2018.10.04-19.41.10:486][530]LogModuleManager: Shutting down and abandoning module XmlParser (484)
[2018.10.04-19.41.10:486][530]LogModuleManager: Shutting down and abandoning module Blutility (482)
[2018.10.04-19.41.10:486][530]LogModuleManager: Shutting down and abandoning module ProjectSettingsViewer (480)
[2018.10.04-19.41.10:486][530]LogModuleManager: Shutting down and abandoning module ProjectTargetPlatformEditor (479)
[2018.10.04-19.41.10:487][530]LogModuleManager: Shutting down and abandoning module EditorSettingsViewer (476)
[2018.10.04-19.41.10:487][530]LogModuleManager: Shutting down and abandoning module SettingsEditor (474)
[2018.10.04-19.41.10:487][530]LogModuleManager: Shutting down and abandoning module ProjectLauncher (472)
[2018.10.04-19.41.10:487][530]LogModuleManager: Shutting down and abandoning module SessionFrontend (470)
[2018.10.04-19.41.10:487][530]LogModuleManager: Shutting down and abandoning module ProfilerClient (468)
[2018.10.04-19.41.10:487][530]LogModuleManager: Shutting down and abandoning module DeviceManager (466)
[2018.10.04-19.41.10:487][530]LogModuleManager: Shutting down and abandoning module TargetDeviceServices (465)
[2018.10.04-19.41.10:553][530]LogModuleManager: Shutting down and abandoning module AutomationController (462)
[2018.10.04-19.41.10:553][530]LogModuleManager: Shutting down and abandoning module AutomationWindow (460)
[2018.10.04-19.41.10:553][530]LogModuleManager: Shutting down and abandoning module Layers (458)
[2018.10.04-19.41.10:553][530]LogModuleManager: Shutting down and abandoning module ComponentVisualizers (456)
[2018.10.04-19.41.10:553][530]LogModuleManager: Shutting down and abandoning module DetailCustomizations (454)
[2018.10.04-19.41.10:553][530]LogModuleManager: Shutting down and abandoning module PackagesDialog (452)
[2018.10.04-19.41.10:553][530]LogModuleManager: Shutting down and abandoning module Persona (450)
[2018.10.04-19.41.10:553][530]LogModuleManager: Shutting down and abandoning module AdvancedPreviewScene (449)
[2018.10.04-19.41.10:553][530]LogModuleManager: Shutting down and abandoning module AnimGraph (447)
[2018.10.04-19.41.10:553][530]LogModuleManager: Shutting down and abandoning module Kismet (444)
[2018.10.04-19.41.10:553][530]LogModuleManager: Shutting down and abandoning module GraphEditor (442)
[2018.10.04-19.41.10:553][530]LogModuleManager: Shutting down and abandoning module ClassViewer (440)
[2018.10.04-19.41.10:553][530]LogModuleManager: Shutting down and abandoning module Toolbox (438)
[2018.10.04-19.41.10:553][530]LogModuleManager: Shutting down and abandoning module ModuleUI (436)
[2018.10.04-19.41.10:553][530]LogModuleManager: Shutting down and abandoning module MovieSceneTools (434)
[2018.10.04-19.41.10:554][530]LogModuleManager: Shutting down and abandoning module OutputLog (432)
[2018.10.04-19.41.10:554][530]LogModuleManager: Shutting down and abandoning module GammaUI (430)
[2018.10.04-19.41.10:554][530]LogModuleManager: Shutting down and abandoning module Documentation (428)
[2018.10.04-19.41.10:554][530]LogModuleManager: Shutting down and abandoning module MovieSceneTracks (426)
[2018.10.04-19.41.10:554][530]LogModuleManager: Shutting down and abandoning module MovieScene (424)
[2018.10.04-19.41.10:554][530]LogModuleManager: Shutting down and abandoning module StreamingPauseRendering (422)
[2018.10.04-19.41.10:554][530]LogModuleManager: Shutting down and abandoning module LauncherPlatform (420)
[2018.10.04-19.41.10:554][530]LogModuleManager: Shutting down and abandoning module AnalyticsET (418)
[2018.10.04-19.41.10:554][530]LogModuleManager: Shutting down and abandoning module PortalServices (416)
[2018.10.04-19.41.10:554][530]LogModuleManager: Shutting down and abandoning module PortalRpc (414)
[2018.10.04-19.41.10:554][530]LogModuleManager: Shutting down and abandoning module MessagingRpc (412)
[2018.10.04-19.41.10:554][530]LogModuleManager: Shutting down and abandoning module AIModule (410)
[2018.10.04-19.41.10:554][530]LogModuleManager: Shutting down and abandoning module GameplayDebugger (409)
[2018.10.04-19.41.10:554][530]LogModuleManager: Shutting down and abandoning module AITestSuite (407)
[2018.10.04-19.41.10:554][530]LogModuleManager: Shutting down and abandoning module NavigationSystem (405)
[2018.10.04-19.41.10:554][530]LogModuleManager: Shutting down and abandoning module DesktopPlatform (402)
[2018.10.04-19.41.10:554][530]LogModuleManager: Shutting down and abandoning module ProfilerService (400)
[2018.10.04-19.41.10:636][530]LogModuleManager: Shutting down and abandoning module TaskGraph (398)
[2018.10.04-19.41.10:636][530]LogModuleManager: Shutting down and abandoning module SteamVRController (396)
[2018.10.04-19.41.10:636][530]LogModuleManager: Shutting down and abandoning module ProceduralMeshComponentEditor (394)
[2018.10.04-19.41.10:636][530]LogModuleManager: Shutting down and abandoning module ProceduralMeshComponent (392)
[2018.10.04-19.41.10:636][530]LogModuleManager: Shutting down and abandoning module OculusInput (390)
[2018.10.04-19.41.10:636][530]LogModuleManager: Shutting down and abandoning module MobilePatchingUtils (388)
[2018.10.04-19.41.10:636][530]LogModuleManager: Shutting down and abandoning module EditableMesh (386)
[2018.10.04-19.41.10:636][530]LogModuleManager: Shutting down and abandoning module CustomMeshComponent (384)
[2018.10.04-19.41.10:636][530]LogModuleManager: Shutting down and abandoning module CableComponent (382)
[2018.10.04-19.41.10:637][530]LogModuleManager: Shutting down and abandoning module AudioCapture (380)
[2018.10.04-19.41.10:637][530]LogModuleManager: Shutting down and abandoning module ArchVisCharacter (378)
[2018.10.04-19.41.10:637][530]LogModuleManager: Shutting down and abandoning module AndroidPermission (376)
[2018.10.04-19.41.10:637][530]LogModuleManager: Shutting down and abandoning module NUTUnrealEngine4 (374)
[2018.10.04-19.41.10:637][530]LogModuleManager: Shutting down and abandoning module NetcodeUnitTest (372)
[2018.10.04-19.41.10:637][530]LogModuleManager: Shutting down and abandoning module MediaCompositingEditor (370)
[2018.10.04-19.41.10:637][530]LogModuleManager: Shutting down and abandoning module MediaCompositing (368)
[2018.10.04-19.41.10:637][530]LogModuleManager: Shutting down and abandoning module LinearTimecode (366)
[2018.10.04-19.41.10:637][530]LogModuleManager: Shutting down and abandoning module ImgMedia (364)
[2018.10.04-19.41.10:641][530]LogModuleManager: Shutting down and abandoning module HTML5Networking (362)
[2018.10.04-19.41.10:641][530]LogModuleManager: Shutting down and abandoning module GeometryCacheTracks (360)
[2018.10.04-19.41.10:641][530]LogModuleManager: Shutting down and abandoning module GeometryCacheSequencer (358)
[2018.10.04-19.41.10:641][530]LogModuleManager: Shutting down and abandoning module BackChannel (356)
[2018.10.04-19.41.10:641][530]LogModuleManager: Shutting down and abandoning module AppleVision (354)
[2018.10.04-19.41.10:641][530]LogModuleManager: Shutting down and abandoning module AppleImageUtils (352)
[2018.10.04-19.41.10:641][530]LogModuleManager: Shutting down and abandoning module AlembicImporter (350)
[2018.10.04-19.41.10:641][530]LogModuleManager: Shutting down and abandoning module AlembicLibrary (349)
[2018.10.04-19.41.10:641][530]LogModuleManager: Shutting down and abandoning module GeometryCache (348)
[2018.10.04-19.41.10:641][530]LogModuleManager: Shutting down and abandoning module GeometryCacheEd (347)
[2018.10.04-19.41.10:641][530]LogModuleManager: Shutting down and abandoning module DatasmithContentEditor (342)
[2018.10.04-19.41.10:641][530]LogModuleManager: Shutting down and abandoning module DatasmithContent (340)
[2018.10.04-19.41.10:641][530]LogModuleManager: Shutting down and abandoning module SpeedTreeImporter (338)
[2018.10.04-19.41.10:642][530]LogModuleManager: Shutting down and abandoning module PluginBrowser (336)
[2018.10.04-19.41.10:642][530]LogModuleManager: Shutting down and abandoning module MobileLauncherProfileWizard (334)
[2018.10.04-19.41.10:642][530]LogModuleManager: Shutting down and abandoning module PolygonModeling (332)
[2018.10.04-19.41.10:642][530]LogModuleManager: Shutting down and abandoning module MeshEditor (330)
[2018.10.04-19.41.10:642][530]LogModuleManager: Shutting down and abandoning module CryptoKeysOpenSSL (328)
[2018.10.04-19.41.10:642][530]LogModuleManager: Shutting down and abandoning module CryptoKeys (326)
[2018.10.04-19.41.10:642][530]LogModuleManager: Shutting down and abandoning module VisualStudioSourceCodeAccess (324)
[2018.10.04-19.41.10:642][530]LogModuleManager: Shutting down and abandoning module VisualStudioCodeSourceCodeAccess (322)
[2018.10.04-19.41.10:642][530]LogModuleManager: Shutting down and abandoning module UObjectPlugin (320)
[2018.10.04-19.41.10:642][530]LogModuleManager: Shutting down and abandoning module SubversionSourceControl (318)
[2018.10.04-19.41.10:642][530]LogModuleManager: Shutting down and abandoning module PerforceSourceControl (316)
[2018.10.04-19.41.10:642][530]LogModuleManager: Shutting down and abandoning module GitSourceControl (314)
[2018.10.04-19.41.10:642][530]LogModuleManager: Shutting down and abandoning module SourceControl (313)
[2018.10.04-19.41.10:642][530]LogModuleManager: Shutting down and abandoning module CLionSourceCodeAccess (310)
[2018.10.04-19.41.10:642][530]LogModuleManager: Shutting down and abandoning module LightPropagationVolumeEditor (308)
[2018.10.04-19.41.10:642][530]LogModuleManager: Shutting down and abandoning module PaperTiledImporter (306)
[2018.10.04-19.41.10:642][530]LogModuleManager: Shutting down and abandoning module PaperSpriteSheetImporter (304)
[2018.10.04-19.41.10:642][530]LogModuleManager: Shutting down and abandoning module Paper2DEditor (302)
[2018.10.04-19.41.10:642][530]LogModuleManager: Shutting down and abandoning module MeshPaint (301)
[2018.10.04-19.41.10:642][530]LogModuleManager: Shutting down and abandoning module RuntimePhysXCooking (298)
[2018.10.04-19.41.10:642][530]LogModuleManager: Shutting down and abandoning module PhysXVehiclesEditor (296)
[2018.10.04-19.41.10:642][530]LogModuleManager: Shutting down and abandoning module PhysXVehicles (294)
[2018.10.04-19.41.10:642][530]LogModuleManager: Shutting down and abandoning module OculusEditor (292)
[2018.10.04-19.41.10:642][530]LogModuleManager: Shutting down and abandoning module LocationServicesBPLibrary (290)
[2018.10.04-19.41.10:642][530]LogModuleManager: Shutting down and abandoning module ImmediatePhysicsEditor (288)
[2018.10.04-19.41.10:642][530]LogModuleManager: Shutting down and abandoning module ImmediatePhysics (286)
[2018.10.04-19.41.10:642][530]LogModuleManager: Shutting down and abandoning module ActorSequence (284)
[2018.10.04-19.41.10:642][530]LogModuleManager: Shutting down and abandoning module UdpMessaging (282)
[2018.10.04-19.41.10:742][530]LogModuleManager: Shutting down and abandoning module TcpMessaging (280)
[2018.10.04-19.41.10:843][530]LogModuleManager: Shutting down and abandoning module MagicLeapAudio (278)
[2018.10.04-19.41.10:843][530]LogModuleManager: Shutting down and abandoning module GameplayTagsEditor (276)
[2018.10.04-19.41.10:843][530]LogModuleManager: Shutting down and abandoning module FacialAnimationEditor (274)
[2018.10.04-19.41.10:843][530]LogModuleManager: Shutting down and abandoning module FacialAnimation (272)
[2018.10.04-19.41.10:843][530]LogModuleManager: Shutting down and abandoning module DataValidation (270)
[2018.10.04-19.41.10:843][530]LogModuleManager: Shutting down and abandoning module AssetManagerEditor (268)
[2018.10.04-19.41.10:843][530]LogModuleManager: Shutting down and abandoning module LevelEditor (267)
[2018.10.04-19.41.10:844][530]LogModuleManager: Shutting down and abandoning module PixelInspectorModule (266)
[2018.10.04-19.41.10:844][530]LogModuleManager: Shutting down and abandoning module CommonMenuExtensions (264)
[2018.10.04-19.41.10:844][530]LogModuleManager: Shutting down and abandoning module MainFrame (262)
[2018.10.04-19.41.10:844][530]LogModuleManager: Shutting down and abandoning module HotReload (261)
[2018.10.04-19.41.10:844][530]LogModuleManager: Shutting down and abandoning module ContentBrowser (257)
[2018.10.04-19.41.10:845][530]LogModuleManager: Shutting down and abandoning module TreeMap (255)
[2018.10.04-19.41.10:845][530]LogModuleManager: Shutting down and abandoning module LightPropagationVolumeRuntime (252)
[2018.10.04-19.41.10:845][530]LogModuleManager: Shutting down and abandoning module AISupportModule (250)
[2018.10.04-19.41.10:845][530]LogModuleManager: Shutting down and abandoning module Paper2D (248)
[2018.10.04-19.41.10:845][530]LogModuleManager: Shutting down and abandoning module WindowsMoviePlayer (246)
[2018.10.04-19.41.10:845][530]LogModuleManager: Shutting down and abandoning module WmfMedia (244)
[2018.10.04-19.41.10:849][530]LogModuleManager: Shutting down and abandoning module Media (243)
[2018.10.04-19.41.10:855][530]LogModuleManager: Shutting down and abandoning module PacketHandler (240)
[2018.10.04-19.41.10:855][530]LogModuleManager: Shutting down and abandoning module ClothingSystemEditor (238)
[2018.10.04-19.41.10:855][530]LogModuleManager: Shutting down and abandoning module ClothingSystemRuntime (236)
[2018.10.04-19.41.10:855][530]LogModuleManager: Shutting down and abandoning module MediaAssets (234)
[2018.10.04-19.41.10:855][530]LogModuleManager: Shutting down and abandoning module Overlay (232)
[2018.10.04-19.41.10:855][530]LogModuleManager: Shutting down and abandoning module OverlayEditor (231)
[2018.10.04-19.41.10:855][530]LogModuleManager: Shutting down and abandoning module VREditor (228)
[2018.10.04-19.41.10:855][530]LogModuleManager: Shutting down and abandoning module StringTableEditor (226)
[2018.10.04-19.41.10:855][530]LogModuleManager: Shutting down and abandoning module GameplayTasksEditor (224)
[2018.10.04-19.41.10:855][530]LogModuleManager: Shutting down and abandoning module BehaviorTreeEditor (222)
[2018.10.04-19.41.10:855][530]LogModuleManager: Shutting down and abandoning module FunctionalTesting (220)
[2018.10.04-19.41.10:855][530]LogModuleManager: Shutting down and abandoning module CollisionAnalyzer (218)
[2018.10.04-19.41.10:855][530]LogModuleManager: Shutting down and abandoning module WorkspaceMenuStructure (217)
[2018.10.04-19.41.10:855][530]LogModuleManager: Shutting down and abandoning module UMG (214)
[2018.10.04-19.41.10:855][530]LogModuleManager: Shutting down and abandoning module UMGEditor (213)
[2018.10.04-19.41.10:855][530]LogModuleManager: Shutting down and abandoning module Sequencer (212)
[2018.10.04-19.41.10:855][530]LogModuleManager: Shutting down and abandoning module MessageLog (209)
[2018.10.04-19.41.10:855][530]LogModuleManager: Shutting down and abandoning module SlateReflector (204)
[2018.10.04-19.41.10:855][530]LogModuleManager: Shutting down and abandoning module Slate (202)
[2018.10.04-19.41.10:855][530]LogModuleManager: Shutting down and abandoning module EditorStyle (200)
[2018.10.04-19.41.10:860][530]LogModuleManager: Shutting down and abandoning module MRMesh (198)
[2018.10.04-19.41.10:860][530]LogModuleManager: Shutting down and abandoning module SourceCodeAccess (196)
[2018.10.04-19.41.10:860][530]LogModuleManager: Shutting down and abandoning module HeadMountedDisplay (194)
[2018.10.04-19.41.10:860][530]LogModuleManager: Shutting down and abandoning module XAudio2 (192)
[2018.10.04-19.41.10:860][530]LogModuleManager: Shutting down and abandoning module Networking (190)
[2018.10.04-19.41.10:860][530]LogModuleManager: Shutting down and abandoning module Core (188)
[2018.10.04-19.41.10:860][530]LogModuleManager: Shutting down and abandoning module LevelSequence (186)
[2018.10.04-19.41.10:860][530]LogModuleManager: Shutting down and abandoning module KismetCompiler (184)
[2018.10.04-19.41.10:860][530]LogModuleManager: Shutting down and abandoning module MeshUtilities (182)
[2018.10.04-19.41.10:860][530]LogModuleManager: Shutting down and abandoning module MeshMergeUtilities (181)
[2018.10.04-19.41.10:860][530]LogModuleManager: Shutting down and abandoning module MeshReductionInterface (180)
[2018.10.04-19.41.10:860][530]LogModuleManager: Shutting down and abandoning module SimplygonSwarm (179)
[2018.10.04-19.41.10:860][530]LogModuleManager: Shutting down and abandoning module ProxyLODMeshReduction (177)
[2018.10.04-19.41.10:860][530]LogModuleManager: Shutting down and abandoning module SimplygonMeshReduction (175)
[2018.10.04-19.41.10:860][530]LogModuleManager: Shutting down and abandoning module QuadricMeshReduction (173)
[2018.10.04-19.41.10:860][530]LogModuleManager: Shutting down and abandoning module MaterialBaking (169)
[2018.10.04-19.41.10:860][530]LogModuleManager: Shutting down and abandoning module DirectoryWatcher (165)
[2018.10.04-19.41.10:860][530]LogModuleManager: Shutting down and abandoning module DerivedDataCache (162)
[2018.10.04-19.41.10:887][530]LogDerivedDataCache: Shutdown
[2018.10.04-19.41.10:887][530]LogModuleManager: Shutting down and abandoning module XGEController (160)
[2018.10.04-19.41.10:887][530]LogXGEController: Cleaning working directory: C:/Users/u0800347/AppData/Local/Temp/UnrealXGEWorkingDir/
[2018.10.04-19.41.10:888][530]LogModuleManager: Shutting down and abandoning module TargetPlatform (158)
[2018.10.04-19.41.10:888][530]LogModuleManager: Shutting down and abandoning module VulkanShaderFormat (157)
[2018.10.04-19.41.10:888][530]LogModuleManager: Shutting down and abandoning module ShaderFormatVectorVM (155)
[2018.10.04-19.41.10:888][530]LogModuleManager: Shutting down and abandoning module ShaderFormatOpenGL (153)
[2018.10.04-19.41.10:888][530]LogModuleManager: Shutting down and abandoning module ShaderFormatD3D (151)
[2018.10.04-19.41.10:888][530]LogModuleManager: Shutting down and abandoning module MetalShaderFormat (149)
[2018.10.04-19.41.10:888][530]LogModuleManager: Shutting down and abandoning module TextureFormatUncompressed (147)
[2018.10.04-19.41.10:888][530]LogModuleManager: Shutting down and abandoning module TextureFormatPVR (145)
[2018.10.04-19.41.10:888][530]LogModuleManager: Shutting down and abandoning module TextureFormatDXT (143)
[2018.10.04-19.41.10:888][530]LogModuleManager: Shutting down and abandoning module TextureFormatIntelISPCTexComp (141)
[2018.10.04-19.41.10:888][530]LogModuleManager: Shutting down and abandoning module TextureFormatASTC (139)
[2018.10.04-19.41.10:888][530]LogModuleManager: Shutting down and abandoning module ImageWrapper (138)
[2018.10.04-19.41.10:888][530]LogModuleManager: Shutting down and abandoning module TextureFormatAndroid (135)
[2018.10.04-19.41.10:888][530]LogModuleManager: Shutting down and abandoning module AudioFormatOpus (133)
[2018.10.04-19.41.10:888][530]LogModuleManager: Shutting down and abandoning module AudioFormatOgg (131)
[2018.10.04-19.41.10:888][530]LogModuleManager: Shutting down and abandoning module AudioFormatADPCM (129)
[2018.10.04-19.41.10:888][530]LogModuleManager: Shutting down and abandoning module LuminTargetPlatform (127)
[2018.10.04-19.41.10:888][530]LogModuleManager: Shutting down and abandoning module LinuxTargetPlatform (125)
[2018.10.04-19.41.10:888][530]LogModuleManager: Shutting down and abandoning module LinuxServerTargetPlatform (123)
[2018.10.04-19.41.10:888][530]LogModuleManager: Shutting down and abandoning module LinuxNoEditorTargetPlatform (121)
[2018.10.04-19.41.10:888][530]LogModuleManager: Shutting down and abandoning module LinuxClientTargetPlatform (119)
[2018.10.04-19.41.10:888][530]LogModuleManager: Shutting down and abandoning module TVOSTargetPlatform (117)
[2018.10.04-19.41.10:889][530]LogModuleManager: Shutting down and abandoning module Messaging (115)
[2018.10.04-19.41.10:889][530]LogModuleManager: Shutting down and abandoning module IOSTargetPlatform (113)
[2018.10.04-19.41.10:890][530]LogModuleManager: Shutting down and abandoning module HTML5TargetPlatform (111)
[2018.10.04-19.41.10:890][530]LogModuleManager: Shutting down and abandoning module AndroidTargetPlatform (109)
[2018.10.04-19.41.10:896][530]LogModuleManager: Shutting down and abandoning module WindowsTargetPlatform (107)
[2018.10.04-19.41.10:896][530]LogModuleManager: Shutting down and abandoning module WindowsServerTargetPlatform (105)
[2018.10.04-19.41.10:896][530]LogModuleManager: Shutting down and abandoning module WindowsNoEditorTargetPlatform (103)
[2018.10.04-19.41.10:896][530]LogModuleManager: Shutting down and abandoning module WindowsClientTargetPlatform (101)
[2018.10.04-19.41.10:896][530]LogModuleManager: Shutting down and abandoning module MacTargetPlatform (99)
[2018.10.04-19.41.10:896][530]LogModuleManager: Shutting down and abandoning module MacServerTargetPlatform (97)
[2018.10.04-19.41.10:896][530]LogModuleManager: Shutting down and abandoning module MacNoEditorTargetPlatform (95)
[2018.10.04-19.41.10:896][530]LogModuleManager: Shutting down and abandoning module MacClientTargetPlatform (93)
[2018.10.04-19.41.10:896][530]LogModuleManager: Shutting down and abandoning module AllDesktopTargetPlatform (91)
[2018.10.04-19.41.10:896][530]LogModuleManager: Shutting down and abandoning module InputCore (88)
[2018.10.04-19.41.10:896][530]LogModuleManager: Shutting down and abandoning module Settings (86)
[2018.10.04-19.41.10:896][530]LogModuleManager: Shutting down and abandoning module PhysXCooking (84)
[2018.10.04-19.41.10:896][530]LogModuleManager: Shutting down and abandoning module SteamVR (82)
[2018.10.04-19.41.10:896][530]LogModuleManager: Shutting down and abandoning module OculusHMD (80)
[2018.10.04-19.41.10:896][530]LogModuleManager: Shutting down and abandoning module ExampleDeviceProfileSelector (78)
[2018.10.04-19.41.10:896][530]LogModuleManager: Shutting down and abandoning module LauncherChunkInstaller (76)
[2018.10.04-19.41.10:896][530]LogModuleManager: Shutting down and abandoning module OnlineBlueprintSupport (74)
[2018.10.04-19.41.10:896][530]LogModuleManager: Shutting down and abandoning module OnlineSubsystem (70)
[2018.10.04-19.41.10:897][530]LogModuleManager: Shutting down and abandoning module XMPP (65)
[2018.10.04-19.41.10:897][530]LogModuleManager: Shutting down and abandoning module WebSockets (64)
[2018.10.04-19.41.10:935][530]LogModuleManager: Shutting down and abandoning module HTTP (61)
[2018.10.04-19.41.10:935][530]LogHttp: Display: Http module shutting down, but needs to wait on 1 outstanding Http requests:
[2018.10.04-19.41.10:935][530]LogHttp: Display: 	verb=[POST] url=[https://datarouter.ol.epicgames.com/datarouter/api/v1/public/data?SessionID=%7BE67BA5A0-437F-9A8B-0F30-40A1142F9390%7D&AppID=UEEditor.Rocket.Release&AppVersion=4.20.2-4212847%2B%2B%2BUE4%2BRelease-4.20&UserID=18fd4c864ed3ddcafa2e108da892ba84%7C16c96479757c4167b90c86adf9dfa2e4%7C69523b5c-1881-4c06-b3b4-3df4160884ef&AppEnvironment=datacollector-binary&UploadType=eteventstream] status=Processing
[2018.10.04-19.41.10:961][530]LogModuleManager: Shutting down and abandoning module SSL (60)
[2018.10.04-19.41.10:962][530]LogModuleManager: Shutting down and abandoning module MagicLeapEmulator (56)
[2018.10.04-19.41.10:962][530]LogModuleManager: Shutting down and abandoning module MagicLeapPrivileges (54)
[2018.10.04-19.41.10:962][530]LogModuleManager: Shutting down and abandoning module MagicLeapIdentity (52)
[2018.10.04-19.41.10:962][530]LogModuleManager: Shutting down and abandoning module MagicLeapHelperVulkan (50)
[2018.10.04-19.41.10:962][530]LogModuleManager: Shutting down and abandoning module MagicLeapHelperOpenGL (48)
[2018.10.04-19.41.10:962][530]LogModuleManager: Shutting down and abandoning module MagicLeapSecureStorage (46)
[2018.10.04-19.41.10:962][530]LogModuleManager: Shutting down and abandoning module MagicLeapGestures (44)
[2018.10.04-19.41.10:962][530]LogModuleManager: Shutting down and abandoning module MagicLeapEyeTracker (42)
[2018.10.04-19.41.10:962][530]LogModuleManager: Shutting down and abandoning module MagicLeapController (40)
[2018.10.04-19.41.10:962][530]LogSlate: Slate User Destroyed.  User Index 0, Is Virtual User: 0
[2018.10.04-19.41.10:962][530]LogModuleManager: Shutting down and abandoning module MagicLeap (38)
[2018.10.04-19.41.10:962][530]LogModuleManager: Shutting down and abandoning module AnimationModifiers (36)
[2018.10.04-19.41.10:963][530]LogModuleManager: Shutting down and abandoning module PropertyEditor (35)
[2018.10.04-19.41.10:963][530]LogModuleManager: Shutting down and abandoning module AudioEditor (32)
[2018.10.04-19.41.10:963][530]LogModuleManager: Shutting down and abandoning module TextureCompressor (30)
[2018.10.04-19.41.10:963][530]LogModuleManager: Shutting down and abandoning module ShaderCore (28)
[2018.10.04-19.41.10:963][530]LogModuleManager: Shutting down and abandoning module Landscape (26)
[2018.10.04-19.41.10:963][530]LogModuleManager: Shutting down and abandoning module SlateRHIRenderer (24)
[2018.10.04-19.41.10:963][530]LogModuleManager: Shutting down and abandoning module OpenGLDrv (22)
[2018.10.04-19.41.10:963][530]LogModuleManager: Shutting down and abandoning module D3D11RHI (20)
[2018.10.04-19.41.10:963][530]LogModuleManager: Shutting down and abandoning module AnimGraphRuntime (18)
[2018.10.04-19.41.10:963][530]LogModuleManager: Shutting down and abandoning module Renderer (16)
[2018.10.04-19.41.10:964][530]LogModuleManager: Shutting down and abandoning module Engine (14)
[2018.10.04-19.41.10:964][530]LogModuleManager: Shutting down and abandoning module CoreUObject (12)
[2018.10.04-19.41.10:964][530]LogModuleManager: Shutting down and abandoning module NetworkFile (10)
[2018.10.04-19.41.10:964][530]LogModuleManager: Shutting down and abandoning module CookedIterativeFile (8)
[2018.10.04-19.41.10:964][530]LogModuleManager: Shutting down and abandoning module StreamingFile (6)
[2018.10.04-19.41.10:964][530]LogModuleManager: Shutting down and abandoning module SandboxFile (4)
[2018.10.04-19.41.10:964][530]LogModuleManager: Shutting down and abandoning module PakFile (2)
[2018.10.04-19.41.10:974][530]LogExit: Exiting.
[2018.10.04-19.41.11:001][530]Log file closed, 10/04/18 13:41:11
