Log file open, 03/16/19 18:28:46
LogWindows: Failed to load 'aqProf.dll' (GetLastError=126)
LogWindows: File 'aqProf.dll' does not exist
LogWindows: Failed to load 'VtuneApi.dll' (GetLastError=126)
LogWindows: File 'VtuneApi.dll' does not exist
LogWindows: Failed to load 'VtuneApi32e.dll' (GetLastError=126)
LogWindows: File 'VtuneApi32e.dll' does not exist
LogInit: Display: Running engine for game: Mansion
LogPlatformFile: Not using cached read wrapper
LogTaskGraph: Started task graph with 5 named threads and 23 total threads with 3 sets of task threads.
LogStats: Stats thread started at 0.875522
LogD3D11RHI: Loaded GFSDK_Aftermath_Lib.x64.dll
LogICUInternationalization: Display: ICU TimeZone Detection - Raw Offset: -7:00, Platform Override: ''
LogPluginManager: Mounting plugin Paper2D
LogPluginManager: Mounting plugin AISupport
LogPluginManager: Mounting plugin LightPropagationVolume
LogPluginManager: Mounting plugin CLionSourceCodeAccess
LogPluginManager: Mounting plugin CodeLiteSourceCodeAccess
LogPluginManager: Mounting plugin GitSourceControl
LogPluginManager: Mounting plugin KDevelopSourceCodeAccess
LogPluginManager: Mounting plugin NullSourceCodeAccess
LogPluginManager: Mounting plugin PerforceSourceControl
LogPluginManager: Mounting plugin SubversionSourceControl
LogPluginManager: Mounting plugin UObjectPlugin
LogPluginManager: Mounting plugin VisualStudioCodeSourceCodeAccess
LogPluginManager: Mounting plugin VisualStudioSourceCodeAccess
LogPluginManager: Mounting plugin XCodeSourceCodeAccess
LogPluginManager: Mounting plugin AssetManagerEditor
LogPluginManager: Mounting plugin CryptoKeys
LogPluginManager: Mounting plugin DataValidation
LogPluginManager: Mounting plugin FacialAnimation
LogPluginManager: Mounting plugin GameplayTagsEditor
LogPluginManager: Mounting plugin MacGraphicsSwitching
LogPluginManager: Mounting plugin MeshEditor
LogPluginManager: Mounting plugin MobileLauncherProfileWizard
LogPluginManager: Mounting plugin PluginBrowser
LogPluginManager: Mounting plugin SpeedTreeImporter
LogPluginManager: Mounting plugin DatasmithContent
LogPluginManager: Mounting plugin AlembicImporter
LogPluginManager: Mounting plugin AppleImageUtils
LogPluginManager: Mounting plugin AppleVision
LogPluginManager: Mounting plugin BackChannel
LogPluginManager: Mounting plugin CharacterAI
LogPluginManager: Mounting plugin GeometryCache
LogPluginManager: Mounting plugin HTML5Networking
LogPluginManager: Mounting plugin ProxyLODPlugin
LogPluginManager: Mounting plugin MagicLeap
LogPluginManager: Mounting plugin MagicLeapEmulator
LogPluginManager: Mounting plugin MagicLeapMedia
LogPluginManager: Mounting plugin AndroidMedia
LogPluginManager: Mounting plugin AvfMedia
LogPluginManager: Mounting plugin ImgMedia
LogPluginManager: Mounting plugin LinearTimecode
LogPluginManager: Mounting plugin MediaCompositing
LogPluginManager: Mounting plugin MediaPlayerEditor
LogPluginManager: Mounting plugin WmfMedia
LogPluginManager: Mounting plugin TcpMessaging
LogPluginManager: Mounting plugin UdpMessaging
LogPluginManager: Mounting plugin ActorSequence
LogPluginManager: Mounting plugin LevelSequenceEditor
LogPluginManager: Mounting plugin MatineeToLevelSequence
LogPluginManager: Mounting plugin NetcodeUnitTest
LogPluginManager: Mounting plugin NUTUnrealEngine4
LogPluginManager: Mounting plugin OnlineSubsystemGooglePlay
LogPluginManager: Mounting plugin OnlineSubsystemIOS
LogPluginManager: Mounting plugin OnlineSubsystem
LogPluginManager: Mounting plugin OnlineSubsystemNull
LogPluginManager: Mounting plugin OnlineSubsystemUtils
LogPluginManager: Mounting plugin LauncherChunkInstaller
LogPluginManager: Mounting plugin AndroidDeviceProfileSelector
LogPluginManager: Mounting plugin AndroidMoviePlayer
LogPluginManager: Mounting plugin AndroidPermission
LogPluginManager: Mounting plugin AppleMoviePlayer
LogPluginManager: Mounting plugin ArchVisCharacter
LogPluginManager: Mounting plugin AudioCapture
LogPluginManager: Mounting plugin CableComponent
LogPluginManager: Mounting plugin CustomMeshComponent
LogPluginManager: Mounting plugin EditableMesh
LogPluginManager: Mounting plugin ExampleDeviceProfileSelector
LogPluginManager: Mounting plugin GoogleCloudMessaging
LogPluginManager: Mounting plugin ImmediatePhysics
LogPluginManager: Mounting plugin IOSDeviceProfileSelector
LogPluginManager: Mounting plugin LinuxDeviceProfileSelector
LogPluginManager: Mounting plugin LocationServicesBPLibrary
LogPluginManager: Mounting plugin MobilePatchingUtils
LogPluginManager: Mounting plugin OculusVR
LogPluginManager: Plugin shader directory ../../../Engine/Plugins/Runtime/Oculus/OculusVR/Shaders found
LogPluginManager: Mapping shader source directory ../../../Engine/Plugins/Runtime/Oculus/OculusVR/Shaders to virtual directory /Plugin/OculusVR
LogPluginManager: Mounting plugin PhysXVehicles
LogPluginManager: Mounting plugin ProceduralMeshComponent
LogPluginManager: Mounting plugin RuntimePhysXCooking
LogPluginManager: Mounting plugin SteamVR
LogPluginManager: Mounting plugin WindowsMoviePlayer
LogStreaming: Display: Took  0.094s to configure plugins.
LogInit: Using libcurl 7.55.1-DEV
LogInit:  - built for x86_64-pc-win32
LogInit:  - supports SSL with OpenSSL/1.0.2h
LogInit:  - supports HTTP deflate (compression) using libz 1.2.8
LogInit:  - other features:
LogInit:      CURL_VERSION_SSL
LogInit:      CURL_VERSION_LIBZ
LogInit:      CURL_VERSION_IPV6
LogInit:      CURL_VERSION_ASYNCHDNS
LogInit:      CURL_VERSION_LARGEFILE
LogInit:      CURL_VERSION_IDN
LogInit:  CurlRequestOptions (configurable via config and command line):
LogInit:  - bVerifyPeer = false  - Libcurl will NOT verify peer certificate
LogInit:  - bUseHttpProxy = false  - Libcurl will NOT use HTTP proxy
LogInit:  - bDontReuseConnections = false  - Libcurl will reuse connections
LogInit:  - CertBundlePath = nullptr  - Libcurl will use whatever was configured at build time.
LogInit:  - MaxHostConnections = 16  - Libcurl will limit the number of connections to a host
LogInit:  - LocalHostAddr = Default
LogInit:  - BufferSize = 65536
LogInit: WinSock: version 1.1 (2.2), MaxSocks=32767, MaxUdp=65467
LogInit: Build: ++UE4+Release-4.20-CL-4369336
LogInit: Engine Version: 4.20.3-4369336+++UE4+Release-4.20
LogInit: Compatible Engine Version: 4.20.0-4212847+++UE4+Release-4.20
LogInit: Net CL: 4212847
LogInit: OS: Windows 7 (Service Pack 1), CPU: Intel(R) Core(TM) i7-4790 CPU @ 3.60GHz, GPU: NVIDIA GeForce GTX 760
LogInit: Compiled (64-bit): Sep 17 2018 12:26:19
LogInit: Compiled with Visual C++: 19.13.26129.00
LogInit: Build Configuration: Development
LogInit: Branch Name: ++UE4+Release-4.20
LogInit: Command Line:  
LogInit: Base Directory: C:/Program Files/Epic Games/UE_4.20/Engine/Binaries/Win64/
LogInit: Installed Engine Build: 1
LogDevObjectVersion: Number of dev versions registered: 20
LogDevObjectVersion:   Dev-Blueprints (B0D832E4-1F89-4F0D-ACCF-7EB736FD4AA2): 10
LogDevObjectVersion:   Dev-Build (E1C64328-A22C-4D53-A36C-8E866417BD8C): 0
LogDevObjectVersion:   Dev-Core (375EC13C-06E4-48FB-B500-84F0262A717E): 2
LogDevObjectVersion:   Dev-Editor (E4B068ED-F494-42E9-A231-DA0B2E46BB41): 24
LogDevObjectVersion:   Dev-Framework (CFFC743F-43B0-4480-9391-14DF171D2073): 34
LogDevObjectVersion:   Dev-Mobile (B02B49B5-BB20-44E9-A304-32B752E40360): 2
LogDevObjectVersion:   Dev-Networking (A4E4105C-59A1-49B5-A7C5-40C4547EDFEE): 0
LogDevObjectVersion:   Dev-Online (39C831C9-5AE6-47DC-9A44-9C173E1C8E7C): 0
LogDevObjectVersion:   Dev-Physics (78F01B33-EBEA-4F98-B9B4-84EACCB95AA2): 0
LogDevObjectVersion:   Dev-Platform (6631380F-2D4D-43E0-8009-CF276956A95A): 0
LogDevObjectVersion:   Dev-Rendering (12F88B9F-8875-4AFC-A67C-D90C383ABD29): 26
LogDevObjectVersion:   Dev-Sequencer (7B5AE74C-D270-4C10-A958-57980B212A5A): 9
LogDevObjectVersion:   Dev-VR (D7296918-1DD6-4BDD-9DE2-64A83CC13884): 2
LogDevObjectVersion:   Dev-LoadTimes (C2A15278-BFE7-4AFE-6C17-90FF531DF755): 1
LogDevObjectVersion:   Private-Geometry (6EACA3D4-40EC-4CC1-B786-8BED09428FC5): 3
LogDevObjectVersion:   Dev-AnimPhys (29E575DD-E0A3-4627-9D10-D276232CDCEA): 17
LogDevObjectVersion:   Dev-ReflectionCapture (6B266CEC-1EC7-4B8F-A30B-E4D90942FC07): 1
LogDevObjectVersion:   Dev-Automation (0DF73D61-A23F-47EA-B727-89E90C41499A): 1
LogDevObjectVersion:   FortniteMain (601D1886-AC64-4F84-AA16-D3DE0DEAC7D6): 12
LogDevObjectVersion:   Dev-Enterprise (9DFFBCD6-494F-0158-E221-12823C92A888): 1
LogStreaming: Display: Took  0.002s to delete old logs.
LogInit: Presizing for max 8388607 objects, including 0 objects not considered by GC, pre-allocating 0 bytes for permanent pool.
LogInit: Object subsystem initialized
[2019.03.17-00.28.47:102][  0]LogInit: Selected Device Profile: [Windows]
[2019.03.17-00.28.47:102][  0]LogInit: Applying CVar settings loaded from the selected device profile: [Windows]
[2019.03.17-00.28.47:114][  0]LogHAL: Display: Platform has ~ 16 GB [17125990400 / 17179869184 / 16], which maps to Larger [LargestMinGB=32, LargerMinGB=12, DefaultMinGB=8, SmallerMinGB=6, SmallestMinGB=0)
[2019.03.17-00.28.47:114][  0]LogInit: Setting Device Profile CVar: [[r.Vulkan.UseRealUBs:1]]
[2019.03.17-00.28.47:115][  0]LogInit: Going up to parent DeviceProfile []
[2019.03.17-00.28.47:116][  0]LogInit: Computer: NATE-PC
[2019.03.17-00.28.47:116][  0]LogInit: User: Nate
[2019.03.17-00.28.47:116][  0]LogInit: CPU Page size=4096, Cores=4
[2019.03.17-00.28.47:116][  0]LogInit: High frequency timer resolution =3.515644 MHz
[2019.03.17-00.28.47:117][  0]LogMemory: Memory total: Physical=15.9GB (16GB approx)
[2019.03.17-00.28.47:117][  0]LogMemory: Platform Memory Stats for Windows
[2019.03.17-00.28.47:117][  0]LogMemory: Process Physical Memory: 104.59 MB used, 104.59 MB peak
[2019.03.17-00.28.47:117][  0]LogMemory: Process Virtual Memory: 101.45 MB used, 101.45 MB peak
[2019.03.17-00.28.47:117][  0]LogMemory: Physical Memory: 3842.61 MB used,  12490.01 MB free, 16332.62 MB total
[2019.03.17-00.28.47:117][  0]LogMemory: Virtual Memory: 498.63 MB used,  12490.01 MB free, 8388608.00 MB total
[2019.03.17-00.28.47:224][  0]LogInit: Using OS detected language (en-US).
[2019.03.17-00.28.47:224][  0]LogInit: Using OS detected locale (en-US).
[2019.03.17-00.28.47:226][  0]LogTextLocalizationManager: No specific localization for 'en-US' exists, so the 'en' localization will be used.
[2019.03.17-00.28.47:679][  0]LogStreaming: Display: Took  0.454s to InitEngineTextLocalization.
[2019.03.17-00.28.47:683][  0]LogWindows: Failed to load 'shcore.dll' (GetLastError=126)
[2019.03.17-00.28.47:683][  0]LogWindows: File 'shcore.dll' does not exist
[2019.03.17-00.28.47:683][  0]LogInit: Setting process to DPI aware
[2019.03.17-00.28.48:000][  0]LogSlate: New Slate User Created.  User Index 0, Is Virtual User: 0
[2019.03.17-00.28.48:000][  0]LogSlate: Slate User Registered.  User Index 0, Is Virtual User: 0
[2019.03.17-00.28.48:318][  0]LogHMD: Failed to initialize OpenVR with code 110
[2019.03.17-00.28.48:318][  0]LogD3D11RHI: D3D11 adapters:
[2019.03.17-00.28.48:345][  0]LogD3D11RHI:    0. 'NVIDIA GeForce GTX 760' (Feature Level 11_0)
[2019.03.17-00.28.48:345][  0]LogD3D11RHI:       1979/0/7910 MB DedicatedVideo/DedicatedSystem/SharedSystem, Outputs:2, VendorId:0x10de
[2019.03.17-00.28.48:345][  0]LogD3D11RHI: Chosen D3D11 Adapter: 0
[2019.03.17-00.28.48:350][  0]LogD3D11RHI: Creating new Direct3DDevice
[2019.03.17-00.28.48:350][  0]LogD3D11RHI:     GPU DeviceId: 0x1187 (for the marketing name, search the web for "GPU Device Id")
[2019.03.17-00.28.48:350][  0]LogWindows: EnumDisplayDevices:
[2019.03.17-00.28.48:351][  0]LogWindows:    0. 'NVIDIA GeForce GTX 760' (P:1 D:1)
[2019.03.17-00.28.48:351][  0]LogWindows:    1. 'NVIDIA GeForce GTX 760' (P:0 D:1)
[2019.03.17-00.28.48:351][  0]LogWindows:    2. 'NVIDIA GeForce GTX 760' (P:0 D:0)
[2019.03.17-00.28.48:351][  0]LogWindows:    3. 'NVIDIA GeForce GTX 760' (P:0 D:0)
[2019.03.17-00.28.48:351][  0]LogWindows:    4. 'RDPDD Chained DD' (P:0 D:0)
[2019.03.17-00.28.48:351][  0]LogWindows:    5. 'RDP Encoder Mirror Driver' (P:0 D:0)
[2019.03.17-00.28.48:351][  0]LogWindows:    6. 'RDP Reflector Display Driver' (P:0 D:0)
[2019.03.17-00.28.48:351][  0]LogWindows: DebugString: GetVideoDriverDetailsInvalid PrimaryIsNotTheChoosenAdapter GetVideoDriverDetailsInvalid PrimaryIsNotTheChoosenAdapter GetVideoDriverDetailsInvalid PrimaryIsNotTheChoosenAdapter FoundDriverCount:4 
[2019.03.17-00.28.48:351][  0]LogD3D11RHI:     Adapter Name: NVIDIA GeForce GTX 760
[2019.03.17-00.28.48:352][  0]LogD3D11RHI:   Driver Version: 398.36 (internal:24.21.13.9836, unified:398.36)
[2019.03.17-00.28.48:352][  0]LogD3D11RHI:      Driver Date: 6-24-2018
[2019.03.17-00.28.48:352][  0]LogRHI: Texture pool is 1385 MB (70% of 1979 MB)
[2019.03.17-00.28.48:367][  0]LogD3D11RHI: Async texture creation enabled
[2019.03.17-00.28.48:391][  0]LogD3D11RHI: GPU Timing Frequency: 1000.000000 (Debug: 2 2)
[2019.03.17-00.28.48:442][  0]LogShaderCompilers: Guid format shader working directory is -28 characters bigger than the processId version (../../../../../../Users/Nate/Documents/GitHub/Mansion_Environment/Mansion/Intermediate/Shaders/WorkingDirectory/2604/).
[2019.03.17-00.28.48:442][  0]LogShaderCompilers: Cleaned the shader compiler working directory 'C:/Users/Nate/AppData/Local/Temp/UnrealShaderWorkingDir/E2D34B24412578F38EE00C8DABB3C94A/'.
[2019.03.17-00.28.48:817][  0]LogTemp: Display: Loaded TP AllDesktopTargetPlatform
[2019.03.17-00.28.48:838][  0]LogTemp: Display: Loaded TP MacClientTargetPlatform
[2019.03.17-00.28.48:857][  0]LogTemp: Display: Loaded TP MacNoEditorTargetPlatform
[2019.03.17-00.28.48:873][  0]LogTemp: Display: Loaded TP MacServerTargetPlatform
[2019.03.17-00.28.48:894][  0]LogTemp: Display: Loaded TP MacTargetPlatform
[2019.03.17-00.28.48:909][  0]LogTemp: Display: Loaded TP WindowsClientTargetPlatform
[2019.03.17-00.28.48:930][  0]LogTemp: Display: Loaded TP WindowsNoEditorTargetPlatform
[2019.03.17-00.28.48:950][  0]LogTemp: Display: Loaded TP WindowsServerTargetPlatform
[2019.03.17-00.28.48:959][  0]LogTemp: Display: Loaded TP WindowsTargetPlatform
[2019.03.17-00.28.49:047][  0]LogTemp: Display: Loaded TP AndroidTargetPlatform
[2019.03.17-00.28.49:047][  0]LogTemp: Display: Loaded TP AndroidTargetPlatform
[2019.03.17-00.28.49:047][  0]LogTemp: Display: Loaded TP AndroidTargetPlatform
[2019.03.17-00.28.49:047][  0]LogTemp: Display: Loaded TP AndroidTargetPlatform
[2019.03.17-00.28.49:047][  0]LogTemp: Display: Loaded TP AndroidTargetPlatform
[2019.03.17-00.28.49:047][  0]LogTemp: Display: Loaded TP AndroidTargetPlatform
[2019.03.17-00.28.49:047][  0]LogTemp: Display: Loaded TP AndroidTargetPlatform
[2019.03.17-00.28.49:047][  0]LogTemp: Display: Loaded TP AndroidTargetPlatform
[2019.03.17-00.28.49:047][  0]LogTemp: Display: Loaded TP AndroidTargetPlatform
[2019.03.17-00.28.49:047][  0]LogTemp: Display: Loaded TP AndroidTargetPlatform
[2019.03.17-00.28.49:047][  0]LogTemp: Display: Loaded TP AndroidTargetPlatform
[2019.03.17-00.28.49:047][  0]LogTemp: Display: Loaded TP AndroidTargetPlatform
[2019.03.17-00.28.49:047][  0]LogTemp: Display: Loaded TP AndroidTargetPlatform
[2019.03.17-00.28.49:047][  0]LogTemp: Display: Loaded TP AndroidTargetPlatform
[2019.03.17-00.28.49:047][  0]LogTemp: Display: Loaded TP AndroidTargetPlatform
[2019.03.17-00.28.49:047][  0]LogTemp: Display: Loaded TP AndroidTargetPlatform
[2019.03.17-00.28.49:047][  0]LogTemp: Display: Loaded TP AndroidTargetPlatform
[2019.03.17-00.28.49:047][  0]LogTemp: Display: Loaded TP AndroidTargetPlatform
[2019.03.17-00.28.49:049][  0]LogTemp: Display: Loaded TP HTML5TargetPlatform
[2019.03.17-00.28.49:116][  0]LogTemp: Display: Loaded TP IOSTargetPlatform
[2019.03.17-00.28.49:116][  0]LogTemp: Display: Loaded TP IOSTargetPlatform
[2019.03.17-00.28.49:146][  0]LogTemp: Display: Loaded TP TVOSTargetPlatform
[2019.03.17-00.28.49:146][  0]LogTemp: Display: Loaded TP TVOSTargetPlatform
[2019.03.17-00.28.49:159][  0]LogTemp: Display: Loaded TP LinuxClientTargetPlatform
[2019.03.17-00.28.49:172][  0]LogTemp: Display: Loaded TP LinuxNoEditorTargetPlatform
[2019.03.17-00.28.49:188][  0]LogTemp: Display: Loaded TP LinuxServerTargetPlatform
[2019.03.17-00.28.49:201][  0]LogTemp: Display: Loaded TP LinuxTargetPlatform
[2019.03.17-00.28.49:212][  0]LogTemp: Display: Loaded TP LuminTargetPlatform
[2019.03.17-00.28.49:212][  0]LogTargetPlatformManager: Display: Building Assets For Windows
[2019.03.17-00.28.49:310][  0]LogXGEController: Cleaning working directory: C:/Users/Nate/AppData/Local/Temp/UnrealXGEWorkingDir/
[2019.03.17-00.28.49:310][  0]LogXGEController: Cannot use XGE Controller as Incredibuild is not installed on this machine.
[2019.03.17-00.28.49:310][  0]LogShaderCompilers: Cannot use XGE Shader Compiler as Incredibuild is not installed on this machine.
[2019.03.17-00.28.49:310][  0]LogShaderCompilers: Display: Using Local Shader Compiler.
[2019.03.17-00.28.50:823][  0]LogDerivedDataCache: Display: Max Cache Size: 512 MB
[2019.03.17-00.28.51:076][  0]LogDerivedDataCache: Loaded boot cache 0.25s 71MB C:/Users/Nate/AppData/Local/UnrealEngine/4.20/DerivedDataCache/Boot.ddc.
[2019.03.17-00.28.51:076][  0]LogDerivedDataCache: Display: Loaded Boot cache: C:/Users/Nate/AppData/Local/UnrealEngine/4.20/DerivedDataCache/Boot.ddc
[2019.03.17-00.28.51:077][  0]LogDerivedDataCache: FDerivedDataBackendGraph:  Pak pak cache file ../../../../../../Users/Nate/Documents/GitHub/Mansion_Environment/Mansion/DerivedDataCache/DDC.ddp not found, will not use a pak cache.
[2019.03.17-00.28.51:077][  0]LogDerivedDataCache: Unable to find inner node Pak for hierarchical cache Hierarchy.
[2019.03.17-00.28.51:077][  0]LogDerivedDataCache: FDerivedDataBackendGraph:  CompressedPak pak cache file ../../../../../../Users/Nate/Documents/GitHub/Mansion_Environment/Mansion/DerivedDataCache/Compressed.ddp not found, will not use a pak cache.
[2019.03.17-00.28.51:077][  0]LogDerivedDataCache: Unable to find inner node CompressedPak for hierarchical cache Hierarchy.
[2019.03.17-00.28.51:097][  0]LogDerivedDataCache: Display: Pak cache opened for reading ../../../Engine/DerivedDataCache/Compressed.ddp.
[2019.03.17-00.28.51:109][  0]LogDerivedDataCache: Using Local data cache path C:/Users/Nate/AppData/Local/UnrealEngine/Common/DerivedDataCache: Writable
[2019.03.17-00.28.51:109][  0]LogDerivedDataCache: Shared data cache path not found in *engine.ini, will not use an Shared cache.
[2019.03.17-00.28.51:109][  0]LogDerivedDataCache: Unable to find inner node Shared for hierarchical cache Hierarchy.
[2019.03.17-00.28.51:140][  0]LogMaterial: Verifying Global Shaders for PCD3D_SM5
[2019.03.17-00.28.51:145][  0]LogSlate: Using FreeType 2.6.0
[2019.03.17-00.28.51:148][  0]LogSlate: SlateFontServices - WITH_FREETYPE: 1, WITH_HARFBUZZ: 1
[2019.03.17-00.28.51:282][  0]LogAssetRegistry: FAssetRegistry took 0.0260 seconds to start up
[2019.03.17-00.28.51:717][  0]LogInit: Selected Device Profile: [Windows]
[2019.03.17-00.28.51:944][  0]LogSimplygon: Simplygon DLL not present - disabling.
[2019.03.17-00.28.51:959][  0]LogMeshReduction: Using SimplygonSwarm for distributed automatic mesh merging
[2019.03.17-00.28.51:959][  0]LogMeshReduction: Using ProxyLODMeshReduction for automatic mesh merging
[2019.03.17-00.28.51:960][  0]LogMeshReduction: Using QuadricMeshReduction for automatic static mesh reduction
[2019.03.17-00.28.51:960][  0]LogMeshReduction: No automatic skeletal mesh reduction module available
[2019.03.17-00.28.51:997][  0]LogNetVersion: Mansion 1.0.0, NetCL: 4212847, EngineNetVer: 5, GameNetVer: 0 (Checksum: 1776648947)
[2019.03.17-00.28.52:790][  0]LogPackageLocalizationCache: Processed 11 localized package path(s) for 2 prioritized culture(s) in 0.113152 seconds
[2019.03.17-00.28.52:806][  0]LogUObjectArray: 38425 objects as part of root set at end of initial load.
[2019.03.17-00.28.52:806][  0]LogUObjectAllocator: 6690864 out of 0 bytes used by permanent object pool.
[2019.03.17-00.28.52:806][  0]LogUObjectArray: CloseDisregardForGC: 0/0 objects in disregard for GC pool
[2019.03.17-00.28.54:408][  0]LogTcpMessaging: Initializing TcpMessaging bridge
[2019.03.17-00.28.54:422][  0]LogUdpMessaging: Initializing bridge on interface 0.0.0.0:0 to multicast group 230.0.0.1:6666.
[2019.03.17-00.28.54:632][  0]SourceControl: Source control is disabled
[2019.03.17-00.28.54:633][  0]SourceControl: Source control is disabled
[2019.03.17-00.28.54:642][  0]SourceControl: Source control is disabled
[2019.03.17-00.28.54:646][  0]SourceControl: Source control is disabled
[2019.03.17-00.28.54:884][  0]LogAndroidPermission: UAndroidPermissionCallbackProxy::GetInstance
[2019.03.17-00.28.54:947][  0]LogOcInput: OculusInput pre-init called
[2019.03.17-00.28.55:032][  0]LogEngine: Initializing Engine...
[2019.03.17-00.28.55:034][  0]LogHMD: Failed to initialize OpenVR with code 110
[2019.03.17-00.28.55:036][  0]LogStats: UGameplayTagsManager::ConstructGameplayTagTree: ImportINI prefixes -  0.000 s
[2019.03.17-00.28.55:036][  0]LogStats: UGameplayTagsManager::ConstructGameplayTagTree: Construct from data asset -  0.000 s
[2019.03.17-00.28.55:036][  0]LogStats: UGameplayTagsManager::ConstructGameplayTagTree: ImportINI -  0.000 s
[2019.03.17-00.28.55:036][  0]LogStats: UGameplayTagsManager::ConstructGameplayTagTree: GameplayTagTreeChangedEvent.Broadcast -  0.000 s
[2019.03.17-00.28.55:302][  0]LogInit: Initializing FReadOnlyCVARCache
[2019.03.17-00.28.55:334][  0]LogAIModule: Creating AISystem for world Untitled
[2019.03.17-00.28.55:351][  0]LogInit: XAudio2 using 'Speakers (Siberia V2 Illuminated)' : 2 channels at 44.1 kHz using 16 bits per sample (channel mask 0x3)
[2019.03.17-00.28.55:359][  0]LogInit: FAudioDevice initialized.
[2019.03.17-00.28.55:359][  0]LogNetVersion: Set ProjectVersion to 1.0.0.0. Version Checksum will be recalculated on next use.
[2019.03.17-00.28.55:439][  0]LogDerivedDataCache: Saved boot cache 0.08s 71MB C:/Users/Nate/AppData/Local/UnrealEngine/4.20/DerivedDataCache/Boot.ddc.
[2019.03.17-00.28.55:447][  0]LogInit: Texture streaming: Enabled
[2019.03.17-00.28.55:466][  0]LogEngineSessionManager: EngineSessionManager initialized
[2019.03.17-00.28.55:476][  0]LogInit: Transaction tracking system initialized
[2019.03.17-00.28.55:517][  0]BlueprintLog: New page: Editor Load
[2019.03.17-00.28.55:658][  0]LocalizationService: Localization service is disabled
[2019.03.17-00.28.56:014][  0]LogCook: Display: Max memory allowance for cook 16384mb min free memory 0mb
[2019.03.17-00.28.56:014][  0]LogCook: Display: Mobile HDR setting 1
[2019.03.17-00.28.56:015][  0]LogGameplayTags: Display: UGameplayTagsManager::DoneAddingNativeTags. DelegateIsBound: 0
[2019.03.17-00.28.56:015][  0]LogStats: UGameplayTagsManager::ConstructGameplayTagTree: ImportINI prefixes -  0.000 s
[2019.03.17-00.28.56:015][  0]LogStats: UGameplayTagsManager::ConstructGameplayTagTree: Construct from data asset -  0.000 s
[2019.03.17-00.28.56:015][  0]LogStats: UGameplayTagsManager::ConstructGameplayTagTree: ImportINI -  0.000 s
[2019.03.17-00.28.56:015][  0]LogStats: UGameplayTagsManager::ConstructGameplayTagTree: GameplayTagTreeChangedEvent.Broadcast -  0.000 s
[2019.03.17-00.28.56:223][  0]LogFileCache: Scanning file cache for directory 'C:/Users/Nate/Documents/GitHub/Mansion_Environment/Mansion/Content/' took 0.02s
[2019.03.17-00.28.56:223][  0]SourceControl: Source control is disabled
[2019.03.17-00.28.56:224][  0]Cmd: MAP LOAD FILE="../../../../../../Users/Nate/Documents/GitHub/Mansion_Environment/Mansion/Content/StarterContent/Maps/Minimal_Default.umap" TEMPLATE=0 SHOWPROGRESS=1 FEATURELEVEL=3
[2019.03.17-00.28.56:225][  0]LightingResults: New page: Lighting Build
[2019.03.17-00.28.56:232][  0]MapCheck: New page: Map Check
[2019.03.17-00.28.56:232][  0]LightingResults: New page: Lighting Build
[2019.03.17-00.28.58:224][  0]LogAIModule: Creating AISystem for world Minimal_Default
[2019.03.17-00.28.58:283][  0]LogEditorServer: Finished looking for orphan Actors (0.000 secs)
[2019.03.17-00.28.58:309][  0]Cmd: MAP CHECKDEP NOCLEARLOG
[2019.03.17-00.28.58:383][  0]MapCheck: Map check complete: 0 Error(s), 0 Warning(s), took 74.071ms to complete.
[2019.03.17-00.28.58:383][  0]LogFileHelpers: Loading map 'Minimal_Default' took 2.159
[2019.03.17-00.28.58:501][  0]LogSlate: Updating window title bar state: overlay mode, drag disabled, window buttons hidden, title bar hidden
[2019.03.17-00.28.58:512][  0]LogSlate: Updating window title bar state: overlay mode, drag disabled, window buttons hidden, title bar hidden
[2019.03.17-00.28.58:522][  0]LogSlate: Updating window title bar state: overlay mode, drag disabled, window buttons hidden, title bar hidden
[2019.03.17-00.28.58:529][  0]LogSlate: Updating window title bar state: overlay mode, drag disabled, window buttons hidden, title bar hidden
[2019.03.17-00.28.58:543][  0]LogCollectionManager: Loaded 0 collections in 0.001878 seconds
[2019.03.17-00.28.58:595][  0]LogFileCache: Scanning file cache for directory 'C:/Users/Nate/Documents/GitHub/Mansion_Environment/Mansion/Saved/Collections/' took 0.01s
[2019.03.17-00.28.58:595][  0]LogFileCache: Scanning file cache for directory 'C:/Users/Nate/Documents/GitHub/Mansion_Environment/Mansion/Content/Developers/Nate/Collections/' took 0.01s
[2019.03.17-00.28.58:595][  0]LogFileCache: Scanning file cache for directory 'C:/Users/Nate/Documents/GitHub/Mansion_Environment/Mansion/Content/Collections/' took 0.01s
[2019.03.17-00.28.58:595][  0]LogCollectionManager: Rebuilt the GUID cache for 0 collections in 0.000000 seconds
[2019.03.17-00.28.58:606][  0]LogContentBrowser: Native class hierarchy populated in 0.0097 seconds. Added 2572 classes and 603 folders.
[2019.03.17-00.28.58:617][  0]LogContentBrowser: Native class hierarchy updated for 'WidgetCarousel' in 0.0003 seconds. Added 0 classes and 0 folders.
[2019.03.17-00.28.58:719][  0]LogContentBrowser: Native class hierarchy updated for 'AddContentDialog' in 0.0002 seconds. Added 0 classes and 0 folders.
[2019.03.17-00.28.58:734][  0]LogContentBrowser: Native class hierarchy updated for 'SceneOutliner' in 0.0003 seconds. Added 1 classes and 2 folders.
[2019.03.17-00.28.58:850][  0]LogSlate: Updating window title bar state: overlay mode, drag disabled, window buttons hidden, title bar hidden
[2019.03.17-00.28.58:858][  0]LogSlate: Took 0.000843 seconds to synchronously load lazily loaded font '../../../Engine/Content/Slate/Fonts/Roboto-Regular.ttf' (155K)
[2019.03.17-00.28.58:860][  0]LogSlate: Took 0.000996 seconds to synchronously load lazily loaded font '../../../Engine/Content/Slate/Fonts/Roboto-Bold.ttf' (160K)
[2019.03.17-00.28.58:867][  0]LogSlate: Took 0.000826 seconds to synchronously load lazily loaded font '../../../Engine/Content/Editor/Slate/Fonts/FontAwesome.ttf' (139K)
[2019.03.17-00.28.58:935][  0]LogRenderer: Reallocating scene render targets to support 1208x576 Format 9 NumSamples 1 (Frame:1).
[2019.03.17-00.28.59:016][  0]LogSlate: Took 0.000887 seconds to synchronously load lazily loaded font '../../../Engine/Content/Slate/Fonts/Roboto-Light.ttf' (167K)
[2019.03.17-00.28.59:037][  0]LogRenderer: Reallocating scene render targets to support 1676x1028 Format 9 NumSamples 1 (Frame:2).
[2019.03.17-00.28.59:208][  0]LogContentBrowser: Native class hierarchy updated for 'HierarchicalLODOutliner' in 0.0003 seconds. Added 0 classes and 0 folders.
[2019.03.17-00.28.59:208][  0]LogLoad: (Engine Initialization) Total time: 15.99 seconds
[2019.03.17-00.28.59:208][  0]LogLoad: (Engine Initialization) Total Blueprint compile time: 0.00 seconds
[2019.03.17-00.28.59:219][  0]LoadErrors: Error: /Game/Models/Architecture/Door : Failed import for Material /Game/Models/Architecture/None.Material_0 Referenced by export StaticMesh /Game/Models/Architecture/Door.Door
[2019.03.17-00.28.59:245][  0]LogContentStreaming: Texture pool size now 800 MB
[2019.03.17-00.28.59:255][  0]LogSlate: FSceneViewport::OnFocusLost() reason 2
[2019.03.17-00.28.59:357][  1]LogAssetRegistry: Asset discovery search completed in 8.0953 seconds
[2019.03.17-00.28.59:358][  1]LogCollectionManager: Rebuilt the object cache for 0 collections in 0.000000 seconds (found 0 objects)
[2019.03.17-00.28.59:358][  1]LogCollectionManager: Fixed up redirectors for 0 collections in 0.000037 seconds (updated 0 objects)
[2019.03.17-00.29.01:979][ 42]LogSlate: Window 'Message Log' being destroyed
[2019.03.17-00.29.01:984][ 42]LogSlate: Window 'Message Log' being destroyed
[2019.03.17-00.29.07:608][139]LogSlate: FSceneViewport::OnFocusLost() reason 2
[2019.03.17-00.29.09:179][294]LogSlate: Took 0.074654 seconds to synchronously load lazily loaded font '../../../Engine/Content/Slate/Fonts/Roboto-BoldCondensed.ttf' (158K)
[2019.03.17-00.29.16:731][422]LogSlate: FSceneViewport::OnFocusLost() reason 0
[2019.03.17-00.30.32:697][727]LogSlate: FSceneViewport::OnFocusLost() reason 0
[2019.03.17-00.31.30:086][704]LogEditorViewport: Clicking on Actor (LMB): StaticMeshActor (Wainscoting14)
[2019.03.17-00.31.55:545][144]LogSlate: FSceneViewport::OnFocusLost() reason 0
[2019.03.17-00.32.32:322][917]LogEditorViewport: Clicking on Actor (LMB): CineCameraActor (CineCameraActor1)
[2019.03.17-00.32.36:535][982]LogEditorViewport: Clicking on Actor (LMB): CineCameraActor (CineCameraActor2)
[2019.03.17-00.38.50:763][324]LogSlate: Took 0.000276 seconds to synchronously load lazily loaded font '../../../Engine/Content/Slate/Fonts/Roboto-Light.ttf' (167K)
[2019.03.17-00.39.03:182][360]LogSavePackage: Moving '../../../../../../Users/Nate/Documents/GitHub/Mansion_Environment/Mansion/Saved/Minimal_Default_Auto1941BA6224C972AACDF371199E499D566.tmp' to '../../../../../../Users/Nate/Documents/GitHub/Mansion_Environment/Mansion/Saved/Autosaves/Game/StarterContent/Maps/Minimal_Default_Auto1.umap'
[2019.03.17-00.39.03:189][360]LogFileHelpers: Editor autosave (incl. sublevels) for '/Game/StarterContent/Maps/Minimal_Default' took 0.375
[2019.03.17-00.39.03:189][360]LogFileHelpers: Editor autosave (incl. sublevels) for all levels took 0.375
[2019.03.17-01.25.19:786][689]LogSlate: FSceneViewport::OnFocusLost() reason 2
[2019.03.17-01.25.30:077][741]LogSlate: FSceneViewport::OnFocusLost() reason 0
[2019.03.17-01.25.49:400][370]LogSlate: FSceneViewport::OnFocusLost() reason 0
[2019.03.17-01.25.54:190][584]LogSavePackage: Moving '../../../../../../Users/Nate/Documents/GitHub/Mansion_Environment/Mansion/Saved/Minimal_DefaultBC0233F1456BB7ABECE90F94A859D3D4.tmp' to '../../../../../../Users/Nate/Documents/GitHub/Mansion_Environment/Mansion/Content/StarterContent/Maps/Minimal_Default.umap'
[2019.03.17-01.25.54:219][584]LogFileHelpers: Saving map 'Minimal_Default' took 0.473
[2019.03.17-01.26.25:312][614]MapCheck: New page: Map Check
[2019.03.17-01.26.25:325][614]Cmd: MAP REBUILD ALLVISIBLE
[2019.03.17-01.26.25:325][614]LogEditorServer: Rebuildmap Clear paths rebuilt
[2019.03.17-01.26.25:372][614]LightingResults: New page: Lighting Build - Mar 16, 2019, 1:26:25 PM
[2019.03.17-01.26.25:408][614]LogSwarmInterface: [OpenConnection] Registering TCP channel ...
[2019.03.17-01.26.25:431][614]LogSwarmInterface: [OpenConnection] Connecting to agent ...
[2019.03.17-01.26.25:444][614]LogSwarmInterface: [TryOpenConnection] Testing the Agent
[2019.03.17-01.26.25:969][614]LogSwarmInterface: [TryOpenConnection] Opening Connection to Agent
[2019.03.17-01.26.25:969][614]LogSwarmInterface: [TryOpenConnection] Local Process ID is 2604
[2019.03.17-01.26.29:631][614]LogStaticLightingSystem: Warning: No importance volume found, so the scene bounding box was used.  You can optimize your scene's quality and lighting build times by adding importance volumes.
[2019.03.17-01.26.29:631][614]LogStaticLightingSystem: Running Lightmass w/ ImmediateImport mode ENABLED
[2019.03.17-01.26.29:631][614]LogStaticLightingSystem: Running Lightmass w/ ImmediateProcess mode ENABLED
[2019.03.17-01.26.29:631][614]LogStaticLightingSystem: Running Lightmass w/ Sorting mode ENABLED
[2019.03.17-01.26.29:631][614]LogStaticLightingSystem: Running Lightmass w/ Mapping paddings ENABLED
[2019.03.17-01.26.29:631][614]LogStaticLightingSystem: Running Lightmass w/ Mapping debug paddings DISABLED
[2019.03.17-01.26.29:924][614]LogEditorBuildUtils: Build time 0:04
[2019.03.17-01.26.29:933][614]LogMaterial: Display: Missing cached shader map for material FLightmassMaterialRenderer Stone_Floor, compiling. 
[2019.03.17-01.26.29:947][614]LogShaderCompilers: Display: Shaders left to compile 2
[2019.03.17-01.26.29:947][614]LogMaterial: Display: Missing cached shader map for material FLightmassMaterialRenderer Stone_Floor, compiling. 
[2019.03.17-01.26.29:959][615]LogShaderCompilers: Display: Shaders left to compile 2
[2019.03.17-01.26.29:968][615]LogMaterial: Display: Missing cached shader map for material FLightmassMaterialRenderer Stone_Wall, compiling. 
[2019.03.17-01.26.29:975][615]LogShaderCompilers: Display: Shaders left to compile 2
[2019.03.17-01.26.29:975][615]LogMaterial: Display: Missing cached shader map for material FLightmassMaterialRenderer Stone_Wall, compiling. 
[2019.03.17-01.26.29:980][615]LogShaderCompilers: Display: Shaders left to compile 2
[2019.03.17-01.26.30:101][616]LogMaterial: Display: Missing cached shader map for material FLightmassMaterialRenderer MI_Pot_Pattern, compiling. 
[2019.03.17-01.26.30:108][616]LogMaterial: Display: Missing cached shader map for material FLightmassMaterialRenderer MI_Pot_Pattern, compiling. 
[2019.03.17-01.26.30:124][617]LogMaterial: Display: Missing cached shader map for material FLightmassMaterialRenderer MI_Pot_White, compiling. 
[2019.03.17-01.26.30:131][617]LogMaterial: Display: Missing cached shader map for material FLightmassMaterialRenderer MI_Pot_White, compiling. 
[2019.03.17-01.26.30:151][618]LogMaterial: Display: Missing cached shader map for material FLightmassMaterialRenderer MI_Main_Rug, compiling. 
[2019.03.17-01.26.30:158][618]LogMaterial: Display: Missing cached shader map for material FLightmassMaterialRenderer MI_Main_Rug, compiling. 
[2019.03.17-01.26.30:199][620]LogMaterial: Display: Missing cached shader map for material FLightmassMaterialRenderer MI_China_Gold, compiling. 
[2019.03.17-01.26.30:206][620]LogMaterial: Display: Missing cached shader map for material FLightmassMaterialRenderer MI_China_Gold, compiling. 
[2019.03.17-01.26.30:260][622]LogMaterial: Display: Missing cached shader map for material FLightmassMaterialRenderer Shadow_Box_Inst, compiling. 
[2019.03.17-01.26.32:923][623]LogShaderCompilers: Display: Shaders left to compile 16
[2019.03.17-01.26.32:923][623]LogShaderCompilers: Display: Shaders left to compile 6
[2019.03.17-01.26.42:100][718]LightingResults: Warning: Remaining_Blockout Object has overlapping UVs.
[2019.03.17-01.26.42:100][718]LightingResults: Remaining_Blockout Lightmap UV are overlapping by 24.7%. Please adjust content - Enable Error Coloring to visualize.
[2019.03.17-01.26.43:414][732]LightingResults: Warning: Carpets Object has overlapping UVs.
[2019.03.17-01.26.43:414][732]LightingResults: Carpets Lightmap UV are overlapping by 39.5%. Please adjust content - Enable Error Coloring to visualize.
[2019.03.17-01.26.44:762][746]LightingResults: Warning: Arch Object has overlapping UVs.
[2019.03.17-01.26.44:762][746]LightingResults: Arch Lightmap UV are overlapping by 1.7%. Please adjust content - Enable Error Coloring to visualize.
[2019.03.17-01.26.52:933][833]LightingResults: Warning: Stairs Object has overlapping UVs.
[2019.03.17-01.26.52:933][833]LightingResults: Stairs Lightmap UV are overlapping by 88.0%. Please adjust content - Enable Error Coloring to visualize.
[2019.03.17-01.26.52:958][834]Job is a success!
[2019.03.17-01.26.53:502][835]LogVolumetricLightmapImport: Imported Volumetric Lightmap in 0.013s
[2019.03.17-01.26.53:502][835]LogVolumetricLightmapImport:      Indirection Texture 16x16x16 = 0.0Mb
[2019.03.17-01.26.53:502][835]LogVolumetricLightmapImport:      BrickData 495x5x5 = 0.4Mb (trimmed 0.1Mb due to 0.010000 MinBrickError)
[2019.03.17-01.26.53:502][835]LogVolumetricLightmapImport:      Bricks at Level
[2019.03.17-01.26.53:502][835]LogVolumetricLightmapImport:          0: 1.0% covering 100.0% of volume
[2019.03.17-01.26.53:502][835]LogVolumetricLightmapImport:          1: 8.1% covering 12.5% of volume
[2019.03.17-01.26.53:502][835]LogVolumetricLightmapImport:          2: 90.9% covering 2.2% of volume
[2019.03.17-01.26.54:135][835]LogTexture: Display: Building textures: HQ_Lightmap0_1 (AutoDXT, 1024X1024)
[2019.03.17-01.26.54:135][835]LogTexture: Display: Building textures: LQ_Lightmap_0_1 (DXT1, 1024X1024)
[2019.03.17-01.26.54:135][835]LogTexture: Display: Building textures: HQ_Lightmap1_2 (AutoDXT, 128X128)
[2019.03.17-01.26.54:135][835]LogTexture: Display: Building textures: LQ_Lightmap_1_2 (DXT1, 128X128)
[2019.03.17-01.26.54:135][835]LogTexture: Display: Building textures: HQ_Lightmap1_3 (AutoDXT, 1024X1024)
[2019.03.17-01.26.54:135][835]LogTexture: Display: Building textures: LQ_Lightmap_1_3 (DXT1, 1024X1024)
[2019.03.17-01.26.54:173][835]Lightmass on NATE-PC: 18.9 sec total, 289 ms importing, 213 ms setup, 2.38 sec photons, 16.0 sec processing, 0 ms extra exporting [194/194 mappings]. Threads: 1:51 min total, 1:18 min processing.
[2019.03.17-01.26.54:207][835]LogStaticLightingSystem: Illumination: 28.5 sec (533 ms encoding lightmaps, 0 ms encoding shadowmaps)
[2019.03.17-01.26.54:207][835]LogStaticLightingSystem: Lightmap texture memory:  4.0 MB (4.0 MB streaming, 0.0 MB non-streaming), 6 textures
[2019.03.17-01.26.54:207][835]LogStaticLightingSystem: Shadowmap texture memory: 0.0 MB (0.0 MB streaming, 0.0 MB non-streaming), 0 textures
[2019.03.17-01.26.54:632][835]DumpUnbuiltLightIteractions
[2019.03.17-01.26.54:632][835]Lights with unbuilt interactions: 0
[2019.03.17-01.26.54:632][835]
[2019.03.17-01.26.54:632][835]Primitives with unbuilt interactions: 0
[2019.03.17-01.26.54:773][836]Cmd: MAP CHECK NOTIFYRESULTS
[2019.03.17-01.26.54:773][836]MapCheck: New page: Minimal_Default - Mar 16, 2019, 1:26:54 PM
[2019.03.17-01.26.54:851][836]MapCheck: Map check complete: 0 Error(s), 0 Warning(s), took 77.173ms to complete.
[2019.03.17-01.35.55:964][547]LogSavePackage: Moving '../../../../../../Users/Nate/Documents/GitHub/Mansion_Environment/Mansion/Saved/Minimal_Default_Auto2C45EB64A4B9F4711F2836E8A66F57099.tmp' to '../../../../../../Users/Nate/Documents/GitHub/Mansion_Environment/Mansion/Saved/Autosaves/Game/StarterContent/Maps/Minimal_Default_Auto2.umap'
[2019.03.17-01.35.55:966][547]LogFileHelpers: Editor autosave (incl. sublevels) for '/Game/StarterContent/Maps/Minimal_Default' took 0.347
[2019.03.17-01.35.55:966][547]LogFileHelpers: Editor autosave (incl. sublevels) for all levels took 0.347
[2019.03.17-01.35.55:968][547]OBJ SavePackage: Generating thumbnails for [0] asset(s) in package [/Game/StarterContent/Maps/Minimal_Default_BuiltData] ([1] browsable assets)...
[2019.03.17-01.35.55:968][547]OBJ SavePackage: Finished generating thumbnails for package [/Game/StarterContent/Maps/Minimal_Default_BuiltData]
[2019.03.17-01.35.56:003][547]LogSavePackage: Moving '../../../../../../Users/Nate/Documents/GitHub/Mansion_Environment/Mansion/Saved/Minimal_Default_BuiltData_Auto2A80CFD68427B51604D2F088EE6D3DC75.tmp' to '../../../../../../Users/Nate/Documents/GitHub/Mansion_Environment/Mansion/Saved/Autosaves/Game/StarterContent/Maps/Minimal_Default_BuiltData_Auto2.uasset'
[2019.03.17-01.35.56:004][547]LogFileHelpers: Auto-saving content packages took 0.036
[2019.03.17-02.17.04:855][ 82]LogSlate: Window 'Message Log' being destroyed
[2019.03.17-02.17.04:955][ 82]LogSlate: Window 'Message Log' being destroyed
[2019.03.17-02.17.12:798][455]LogSavePackage: Moving '../../../../../../Users/Nate/Documents/GitHub/Mansion_Environment/Mansion/Saved/Minimal_Default7020AFC44A1583AF86980DA858CF1824.tmp' to '../../../../../../Users/Nate/Documents/GitHub/Mansion_Environment/Mansion/Content/StarterContent/Maps/Minimal_Default.umap'
[2019.03.17-02.17.12:824][455]LogFileHelpers: Saving map 'Minimal_Default' took 0.479
[2019.03.17-02.17.13:018][455]LogSavePackage: Moving '../../../../../../Users/Nate/Documents/GitHub/Mansion_Environment/Mansion/Saved/Minimal_Default_BuiltData940638034C95CE875F0B1BA5B7850F88.tmp' to '../../../../../../Users/Nate/Documents/GitHub/Mansion_Environment/Mansion/Content/StarterContent/Maps/Minimal_Default_BuiltData.uasset'
[2019.03.17-02.17.14:839][475]LogSlate: Window 'Viewport 2' being destroyed
[2019.03.17-02.17.14:893][475]LogSlate: Window 'Mansion - Unreal Editor' being destroyed
[2019.03.17-02.17.15:094][476]Cmd: QUIT_EDITOR
[2019.03.17-02.17.15:115][476]LogExit: Preparing to exit.
[2019.03.17-02.17.15:862][476]LogExit: Editor shut down
[2019.03.17-02.17.15:863][476]LogExit: Transaction tracking system shut down
[2019.03.17-02.17.16:151][476]LogExit: Object subsystem successfully closed.
[2019.03.17-02.17.16:167][476]LogShaderCompilers: Display: Shaders left to compile 0
[2019.03.17-02.17.16:171][476]LogD3D11RHI: Shutdown
[2019.03.17-02.17.16:171][476]LogD3D11RHI: CleanupD3DDevice
[2019.03.17-02.17.16:174][476]LogD3D11RHI: ~FD3D11DynamicRHI
[2019.03.17-02.17.16:192][476]LogModuleManager: Shutting down and abandoning module HierarchicalLODOutliner (610)
[2019.03.17-02.17.16:192][476]LogModuleManager: Shutting down and abandoning module SceneOutliner (608)
[2019.03.17-02.17.16:192][476]LogModuleManager: Shutting down and abandoning module AddContentDialog (606)
[2019.03.17-02.17.16:192][476]LogModuleManager: Shutting down and abandoning module WidgetCarousel (605)
[2019.03.17-02.17.16:193][476]LogModuleManager: Shutting down and abandoning module EditorWidgets (602)
[2019.03.17-02.17.16:193][476]LogModuleManager: Shutting down and abandoning module CollectionManager (600)
[2019.03.17-02.17.16:193][476]LogModuleManager: Shutting down and abandoning module StatsViewer (598)
[2019.03.17-02.17.16:193][476]LogModuleManager: Shutting down and abandoning module FoliageEdit (596)
[2019.03.17-02.17.16:193][476]LogModuleManager: Shutting down and abandoning module LandscapeEditor (594)
[2019.03.17-02.17.16:194][476]LogModuleManager: Shutting down and abandoning module MeshPaintMode (592)
[2019.03.17-02.17.16:194][476]LogModuleManager: Shutting down and abandoning module SceneDepthPickerMode (590)
[2019.03.17-02.17.16:194][476]LogModuleManager: Shutting down and abandoning module ActorPickerMode (588)
[2019.03.17-02.17.16:194][476]LogModuleManager: Shutting down and abandoning module GeometryMode (586)
[2019.03.17-02.17.16:194][476]LogModuleManager: Shutting down and abandoning module TextureAlignMode (584)
[2019.03.17-02.17.16:194][476]LogModuleManager: Shutting down and abandoning module BspMode (582)
[2019.03.17-02.17.16:194][476]LogModuleManager: Shutting down and abandoning module PIEPreviewDeviceProfileSelector (580)
[2019.03.17-02.17.16:194][476]LogModuleManager: Shutting down and abandoning module SequenceRecorderSections (578)
[2019.03.17-02.17.16:194][476]LogModuleManager: Shutting down and abandoning module AutomationWorker (576)
[2019.03.17-02.17.16:194][476]LogModuleManager: Shutting down and abandoning module AudioCaptureEditor (574)
[2019.03.17-02.17.16:194][476]LogModuleManager: Shutting down and abandoning module SequenceRecorder (573)
[2019.03.17-02.17.16:194][476]LogModuleManager: Shutting down and abandoning module MatineeToLevelSequence (570)
[2019.03.17-02.17.16:194][476]LogModuleManager: Shutting down and abandoning module LevelSequenceEditor (568)
[2019.03.17-02.17.16:194][476]LogModuleManager: Shutting down and abandoning module PlacementMode (567)
[2019.03.17-02.17.16:194][476]LogModuleManager: Shutting down and abandoning module MaterialEditor (566)
[2019.03.17-02.17.16:195][476]LogModuleManager: Shutting down and abandoning module WmfMediaFactory (562)
[2019.03.17-02.17.16:195][476]LogModuleManager: Shutting down and abandoning module WmfMediaEditor (560)
[2019.03.17-02.17.16:195][476]LogModuleManager: Shutting down and abandoning module MediaPlayerEditor (558)
[2019.03.17-02.17.16:195][476]LogModuleManager: Shutting down and abandoning module OpenExrWrapper (556)
[2019.03.17-02.17.16:195][476]LogModuleManager: Shutting down and abandoning module ImgMediaFactory (554)
[2019.03.17-02.17.16:195][476]LogModuleManager: Shutting down and abandoning module ImgMediaEditor (552)
[2019.03.17-02.17.16:195][476]LogModuleManager: Shutting down and abandoning module AvfMediaFactory (550)
[2019.03.17-02.17.16:195][476]LogModuleManager: Shutting down and abandoning module AvfMediaEditor (548)
[2019.03.17-02.17.16:195][476]LogModuleManager: Shutting down and abandoning module AndroidMediaFactory (546)
[2019.03.17-02.17.16:195][476]LogModuleManager: Shutting down and abandoning module AndroidMediaEditor (544)
[2019.03.17-02.17.16:195][476]LogModuleManager: Shutting down and abandoning module MagicLeapCameraPreviewFactory (542)
[2019.03.17-02.17.16:195][476]LogModuleManager: Shutting down and abandoning module MagicLeapMediaFactory (540)
[2019.03.17-02.17.16:195][476]LogModuleManager: Shutting down and abandoning module MagicLeapMediaEditor (538)
[2019.03.17-02.17.16:195][476]LogModuleManager: Shutting down and abandoning module CharacterAI (536)
[2019.03.17-02.17.16:195][476]LogModuleManager: Shutting down and abandoning module SmartSnapping (534)
[2019.03.17-02.17.16:195][476]LogModuleManager: Shutting down and abandoning module SessionServices (532)
[2019.03.17-02.17.16:195][476]LogModuleManager: Shutting down and abandoning module ViewportSnapping (530)
[2019.03.17-02.17.16:195][476]LogModuleManager: Shutting down and abandoning module ViewportInteraction (528)
[2019.03.17-02.17.16:195][476]LogModuleManager: Shutting down and abandoning module ClothPainter (526)
[2019.03.17-02.17.16:196][476]LogModuleManager: Shutting down and abandoning module SkeletalMeshEditor (525)
[2019.03.17-02.17.16:196][476]LogModuleManager: Shutting down and abandoning module LogVisualizer (522)
[2019.03.17-02.17.16:197][476]LogModuleManager: Shutting down and abandoning module IntroTutorials (520)
[2019.03.17-02.17.16:197][476]LogModuleManager: Shutting down and abandoning module GameProjectGeneration (519)
[2019.03.17-02.17.16:197][476]LogModuleManager: Shutting down and abandoning module LuminPlatformEditor (516)
[2019.03.17-02.17.16:197][476]LogModuleManager: Shutting down and abandoning module IOSPlatformEditor (514)
[2019.03.17-02.17.16:197][476]LogModuleManager: Shutting down and abandoning module HTML5PlatformEditor (512)
[2019.03.17-02.17.16:197][476]LogModuleManager: Shutting down and abandoning module AndroidPlatformEditor (510)
[2019.03.17-02.17.16:197][476]LogModuleManager: Shutting down and abandoning module AndroidDeviceDetection (509)
[2019.03.17-02.17.17:094][476]LogModuleManager: Shutting down and abandoning module WindowsPlatformEditor (506)
[2019.03.17-02.17.17:094][476]LogModuleManager: Shutting down and abandoning module LuminRuntimeSettings (504)
[2019.03.17-02.17.17:094][476]LogModuleManager: Shutting down and abandoning module IOSRuntimeSettings (502)
[2019.03.17-02.17.17:094][476]LogModuleManager: Shutting down and abandoning module AndroidRuntimeSettings (500)
[2019.03.17-02.17.17:094][476]LogModuleManager: Shutting down and abandoning module InputBindingEditor (498)
[2019.03.17-02.17.17:094][476]LogModuleManager: Shutting down and abandoning module MergeActors (496)
[2019.03.17-02.17.17:094][476]LogModuleManager: Shutting down and abandoning module LocalizationDashboard (494)
[2019.03.17-02.17.17:095][476]LogModuleManager: Shutting down and abandoning module LocalizationService (493)
[2019.03.17-02.17.17:095][476]LogModuleManager: Shutting down and abandoning module HardwareTargeting (490)
[2019.03.17-02.17.17:095][476]LogModuleManager: Shutting down and abandoning module DeviceProfileEditor (488)
[2019.03.17-02.17.17:095][476]LogModuleManager: Shutting down and abandoning module UndoHistory (486)
[2019.03.17-02.17.17:095][476]LogModuleManager: Shutting down and abandoning module XmlParser (484)
[2019.03.17-02.17.17:095][476]LogModuleManager: Shutting down and abandoning module Blutility (482)
[2019.03.17-02.17.17:095][476]LogModuleManager: Shutting down and abandoning module ProjectSettingsViewer (480)
[2019.03.17-02.17.17:095][476]LogModuleManager: Shutting down and abandoning module ProjectTargetPlatformEditor (479)
[2019.03.17-02.17.17:095][476]LogModuleManager: Shutting down and abandoning module EditorSettingsViewer (476)
[2019.03.17-02.17.17:095][476]LogModuleManager: Shutting down and abandoning module SettingsEditor (474)
[2019.03.17-02.17.17:095][476]LogModuleManager: Shutting down and abandoning module ProjectLauncher (472)
[2019.03.17-02.17.17:095][476]LogModuleManager: Shutting down and abandoning module SessionFrontend (470)
[2019.03.17-02.17.17:096][476]LogModuleManager: Shutting down and abandoning module ProfilerClient (468)
[2019.03.17-02.17.17:096][476]LogModuleManager: Shutting down and abandoning module DeviceManager (466)
[2019.03.17-02.17.17:096][476]LogModuleManager: Shutting down and abandoning module TargetDeviceServices (465)
[2019.03.17-02.17.17:136][476]LogModuleManager: Shutting down and abandoning module AutomationController (462)
[2019.03.17-02.17.17:136][476]LogModuleManager: Shutting down and abandoning module AutomationWindow (460)
[2019.03.17-02.17.17:147][476]LogModuleManager: Shutting down and abandoning module Layers (458)
[2019.03.17-02.17.17:172][476]LogModuleManager: Shutting down and abandoning module ComponentVisualizers (456)
[2019.03.17-02.17.17:172][476]LogModuleManager: Shutting down and abandoning module DetailCustomizations (454)
[2019.03.17-02.17.17:172][476]LogModuleManager: Shutting down and abandoning module PackagesDialog (452)
[2019.03.17-02.17.17:172][476]LogModuleManager: Shutting down and abandoning module Persona (450)
[2019.03.17-02.17.17:176][476]LogModuleManager: Shutting down and abandoning module AdvancedPreviewScene (449)
[2019.03.17-02.17.17:176][476]LogModuleManager: Shutting down and abandoning module AnimGraph (447)
[2019.03.17-02.17.17:176][476]LogModuleManager: Shutting down and abandoning module Kismet (444)
[2019.03.17-02.17.17:180][476]LogModuleManager: Shutting down and abandoning module GraphEditor (442)
[2019.03.17-02.17.17:181][476]LogModuleManager: Shutting down and abandoning module ClassViewer (440)
[2019.03.17-02.17.17:181][476]LogModuleManager: Shutting down and abandoning module Toolbox (438)
[2019.03.17-02.17.17:181][476]LogModuleManager: Shutting down and abandoning module ModuleUI (436)
[2019.03.17-02.17.17:182][476]LogModuleManager: Shutting down and abandoning module MovieSceneTools (434)
[2019.03.17-02.17.17:182][476]LogModuleManager: Shutting down and abandoning module OutputLog (432)
[2019.03.17-02.17.17:182][476]LogModuleManager: Shutting down and abandoning module GammaUI (430)
[2019.03.17-02.17.17:182][476]LogModuleManager: Shutting down and abandoning module Documentation (428)
[2019.03.17-02.17.17:182][476]LogModuleManager: Shutting down and abandoning module MovieSceneTracks (426)
[2019.03.17-02.17.17:182][476]LogModuleManager: Shutting down and abandoning module MovieScene (424)
[2019.03.17-02.17.17:183][476]LogModuleManager: Shutting down and abandoning module StreamingPauseRendering (422)
[2019.03.17-02.17.17:183][476]LogModuleManager: Shutting down and abandoning module LauncherPlatform (420)
[2019.03.17-02.17.17:183][476]LogModuleManager: Shutting down and abandoning module AnalyticsET (418)
[2019.03.17-02.17.17:183][476]LogModuleManager: Shutting down and abandoning module PortalServices (416)
[2019.03.17-02.17.17:183][476]LogModuleManager: Shutting down and abandoning module PortalRpc (414)
[2019.03.17-02.17.17:183][476]LogModuleManager: Shutting down and abandoning module MessagingRpc (412)
[2019.03.17-02.17.17:183][476]LogModuleManager: Shutting down and abandoning module AIModule (410)
[2019.03.17-02.17.17:183][476]LogModuleManager: Shutting down and abandoning module GameplayDebugger (409)
[2019.03.17-02.17.17:183][476]LogModuleManager: Shutting down and abandoning module AITestSuite (407)
[2019.03.17-02.17.17:183][476]LogModuleManager: Shutting down and abandoning module NavigationSystem (405)
[2019.03.17-02.17.17:183][476]LogModuleManager: Shutting down and abandoning module DesktopPlatform (402)
[2019.03.17-02.17.17:183][476]LogModuleManager: Shutting down and abandoning module ProfilerService (400)
[2019.03.17-02.17.17:287][476]LogModuleManager: Shutting down and abandoning module TaskGraph (398)
[2019.03.17-02.17.17:287][476]LogModuleManager: Shutting down and abandoning module SteamVRController (396)
[2019.03.17-02.17.17:287][476]LogModuleManager: Shutting down and abandoning module ProceduralMeshComponentEditor (394)
[2019.03.17-02.17.17:287][476]LogModuleManager: Shutting down and abandoning module ProceduralMeshComponent (392)
[2019.03.17-02.17.17:287][476]LogModuleManager: Shutting down and abandoning module OculusInput (390)
[2019.03.17-02.17.17:287][476]LogModuleManager: Shutting down and abandoning module MobilePatchingUtils (388)
[2019.03.17-02.17.17:287][476]LogModuleManager: Shutting down and abandoning module EditableMesh (386)
[2019.03.17-02.17.17:287][476]LogModuleManager: Shutting down and abandoning module CustomMeshComponent (384)
[2019.03.17-02.17.17:287][476]LogModuleManager: Shutting down and abandoning module CableComponent (382)
[2019.03.17-02.17.17:287][476]LogModuleManager: Shutting down and abandoning module AudioCapture (380)
[2019.03.17-02.17.17:287][476]LogModuleManager: Shutting down and abandoning module ArchVisCharacter (378)
[2019.03.17-02.17.17:287][476]LogModuleManager: Shutting down and abandoning module AndroidPermission (376)
[2019.03.17-02.17.17:287][476]LogModuleManager: Shutting down and abandoning module NUTUnrealEngine4 (374)
[2019.03.17-02.17.17:287][476]LogModuleManager: Shutting down and abandoning module NetcodeUnitTest (372)
[2019.03.17-02.17.17:288][476]LogModuleManager: Shutting down and abandoning module MediaCompositingEditor (370)
[2019.03.17-02.17.17:288][476]LogModuleManager: Shutting down and abandoning module MediaCompositing (368)
[2019.03.17-02.17.17:288][476]LogModuleManager: Shutting down and abandoning module LinearTimecode (366)
[2019.03.17-02.17.17:288][476]LogModuleManager: Shutting down and abandoning module ImgMedia (364)
[2019.03.17-02.17.17:291][476]LogModuleManager: Shutting down and abandoning module HTML5Networking (362)
[2019.03.17-02.17.17:291][476]LogModuleManager: Shutting down and abandoning module GeometryCacheTracks (360)
[2019.03.17-02.17.17:291][476]LogModuleManager: Shutting down and abandoning module GeometryCacheSequencer (358)
[2019.03.17-02.17.17:291][476]LogModuleManager: Shutting down and abandoning module BackChannel (356)
[2019.03.17-02.17.17:291][476]LogModuleManager: Shutting down and abandoning module AppleVision (354)
[2019.03.17-02.17.17:291][476]LogModuleManager: Shutting down and abandoning module AppleImageUtils (352)
[2019.03.17-02.17.17:291][476]LogModuleManager: Shutting down and abandoning module AlembicImporter (350)
[2019.03.17-02.17.17:291][476]LogModuleManager: Shutting down and abandoning module AlembicLibrary (349)
[2019.03.17-02.17.17:291][476]LogModuleManager: Shutting down and abandoning module GeometryCache (348)
[2019.03.17-02.17.17:291][476]LogModuleManager: Shutting down and abandoning module GeometryCacheEd (347)
[2019.03.17-02.17.17:291][476]LogModuleManager: Shutting down and abandoning module DatasmithContentEditor (342)
[2019.03.17-02.17.17:291][476]LogModuleManager: Shutting down and abandoning module DatasmithContent (340)
[2019.03.17-02.17.17:291][476]LogModuleManager: Shutting down and abandoning module SpeedTreeImporter (338)
[2019.03.17-02.17.17:291][476]LogModuleManager: Shutting down and abandoning module PluginBrowser (336)
[2019.03.17-02.17.17:291][476]LogModuleManager: Shutting down and abandoning module MobileLauncherProfileWizard (334)
[2019.03.17-02.17.17:292][476]LogModuleManager: Shutting down and abandoning module PolygonModeling (332)
[2019.03.17-02.17.17:292][476]LogModuleManager: Shutting down and abandoning module MeshEditor (330)
[2019.03.17-02.17.17:292][476]LogModuleManager: Shutting down and abandoning module CryptoKeysOpenSSL (328)
[2019.03.17-02.17.17:292][476]LogModuleManager: Shutting down and abandoning module CryptoKeys (326)
[2019.03.17-02.17.17:292][476]LogModuleManager: Shutting down and abandoning module VisualStudioSourceCodeAccess (324)
[2019.03.17-02.17.17:292][476]LogModuleManager: Shutting down and abandoning module VisualStudioCodeSourceCodeAccess (322)
[2019.03.17-02.17.17:292][476]LogModuleManager: Shutting down and abandoning module UObjectPlugin (320)
[2019.03.17-02.17.17:292][476]LogModuleManager: Shutting down and abandoning module SubversionSourceControl (318)
[2019.03.17-02.17.17:292][476]LogModuleManager: Shutting down and abandoning module PerforceSourceControl (316)
[2019.03.17-02.17.17:292][476]LogModuleManager: Shutting down and abandoning module GitSourceControl (314)
[2019.03.17-02.17.17:292][476]LogModuleManager: Shutting down and abandoning module SourceControl (313)
[2019.03.17-02.17.17:292][476]LogModuleManager: Shutting down and abandoning module CLionSourceCodeAccess (310)
[2019.03.17-02.17.17:292][476]LogModuleManager: Shutting down and abandoning module LightPropagationVolumeEditor (308)
[2019.03.17-02.17.17:292][476]LogModuleManager: Shutting down and abandoning module PaperTiledImporter (306)
[2019.03.17-02.17.17:292][476]LogModuleManager: Shutting down and abandoning module PaperSpriteSheetImporter (304)
[2019.03.17-02.17.17:292][476]LogModuleManager: Shutting down and abandoning module Paper2DEditor (302)
[2019.03.17-02.17.17:293][476]LogModuleManager: Shutting down and abandoning module MeshPaint (301)
[2019.03.17-02.17.17:293][476]LogModuleManager: Shutting down and abandoning module RuntimePhysXCooking (298)
[2019.03.17-02.17.17:293][476]LogModuleManager: Shutting down and abandoning module PhysXVehiclesEditor (296)
[2019.03.17-02.17.17:293][476]LogModuleManager: Shutting down and abandoning module PhysXVehicles (294)
[2019.03.17-02.17.17:293][476]LogModuleManager: Shutting down and abandoning module OculusEditor (292)
[2019.03.17-02.17.17:293][476]LogModuleManager: Shutting down and abandoning module LocationServicesBPLibrary (290)
[2019.03.17-02.17.17:293][476]LogModuleManager: Shutting down and abandoning module ImmediatePhysicsEditor (288)
[2019.03.17-02.17.17:293][476]LogModuleManager: Shutting down and abandoning module ImmediatePhysics (286)
[2019.03.17-02.17.17:293][476]LogModuleManager: Shutting down and abandoning module ActorSequence (284)
[2019.03.17-02.17.17:293][476]LogModuleManager: Shutting down and abandoning module UdpMessaging (282)
[2019.03.17-02.17.17:393][476]LogModuleManager: Shutting down and abandoning module TcpMessaging (280)
[2019.03.17-02.17.17:493][476]LogModuleManager: Shutting down and abandoning module MagicLeapAudio (278)
[2019.03.17-02.17.17:493][476]LogModuleManager: Shutting down and abandoning module GameplayTagsEditor (276)
[2019.03.17-02.17.17:493][476]LogModuleManager: Shutting down and abandoning module FacialAnimationEditor (274)
[2019.03.17-02.17.17:493][476]LogModuleManager: Shutting down and abandoning module FacialAnimation (272)
[2019.03.17-02.17.17:493][476]LogModuleManager: Shutting down and abandoning module DataValidation (270)
[2019.03.17-02.17.17:493][476]LogModuleManager: Shutting down and abandoning module AssetManagerEditor (268)
[2019.03.17-02.17.17:493][476]LogModuleManager: Shutting down and abandoning module LevelEditor (267)
[2019.03.17-02.17.17:494][476]LogModuleManager: Shutting down and abandoning module PixelInspectorModule (266)
[2019.03.17-02.17.17:494][476]LogModuleManager: Shutting down and abandoning module CommonMenuExtensions (264)
[2019.03.17-02.17.17:494][476]LogModuleManager: Shutting down and abandoning module MainFrame (262)
[2019.03.17-02.17.17:494][476]LogModuleManager: Shutting down and abandoning module HotReload (261)
[2019.03.17-02.17.17:494][476]LogModuleManager: Shutting down and abandoning module ContentBrowser (257)
[2019.03.17-02.17.17:495][476]LogModuleManager: Shutting down and abandoning module TreeMap (255)
[2019.03.17-02.17.17:495][476]LogModuleManager: Shutting down and abandoning module LightPropagationVolumeRuntime (252)
[2019.03.17-02.17.17:495][476]LogModuleManager: Shutting down and abandoning module AISupportModule (250)
[2019.03.17-02.17.17:495][476]LogModuleManager: Shutting down and abandoning module Paper2D (248)
[2019.03.17-02.17.17:495][476]LogModuleManager: Shutting down and abandoning module WindowsMoviePlayer (246)
[2019.03.17-02.17.17:495][476]LogModuleManager: Shutting down and abandoning module WmfMedia (244)
[2019.03.17-02.17.17:496][476]LogModuleManager: Shutting down and abandoning module Media (243)
[2019.03.17-02.17.17:501][476]LogModuleManager: Shutting down and abandoning module PacketHandler (240)
[2019.03.17-02.17.17:501][476]LogModuleManager: Shutting down and abandoning module ClothingSystemEditor (238)
[2019.03.17-02.17.17:501][476]LogModuleManager: Shutting down and abandoning module ClothingSystemRuntime (236)
[2019.03.17-02.17.17:502][476]LogModuleManager: Shutting down and abandoning module MediaAssets (234)
[2019.03.17-02.17.17:502][476]LogModuleManager: Shutting down and abandoning module Overlay (232)
[2019.03.17-02.17.17:502][476]LogModuleManager: Shutting down and abandoning module OverlayEditor (231)
[2019.03.17-02.17.17:502][476]LogModuleManager: Shutting down and abandoning module VREditor (228)
[2019.03.17-02.17.17:502][476]LogModuleManager: Shutting down and abandoning module StringTableEditor (226)
[2019.03.17-02.17.17:502][476]LogModuleManager: Shutting down and abandoning module GameplayTasksEditor (224)
[2019.03.17-02.17.17:502][476]LogModuleManager: Shutting down and abandoning module BehaviorTreeEditor (222)
[2019.03.17-02.17.17:503][476]LogModuleManager: Shutting down and abandoning module FunctionalTesting (220)
[2019.03.17-02.17.17:503][476]LogModuleManager: Shutting down and abandoning module CollisionAnalyzer (218)
[2019.03.17-02.17.17:503][476]LogModuleManager: Shutting down and abandoning module WorkspaceMenuStructure (217)
[2019.03.17-02.17.17:503][476]LogModuleManager: Shutting down and abandoning module UMG (214)
[2019.03.17-02.17.17:503][476]LogModuleManager: Shutting down and abandoning module UMGEditor (213)
[2019.03.17-02.17.17:503][476]LogModuleManager: Shutting down and abandoning module Sequencer (212)
[2019.03.17-02.17.17:504][476]LogModuleManager: Shutting down and abandoning module MessageLog (209)
[2019.03.17-02.17.17:504][476]LogModuleManager: Shutting down and abandoning module SlateReflector (204)
[2019.03.17-02.17.17:505][476]LogModuleManager: Shutting down and abandoning module Slate (202)
[2019.03.17-02.17.17:505][476]LogModuleManager: Shutting down and abandoning module EditorStyle (200)
[2019.03.17-02.17.17:507][476]LogModuleManager: Shutting down and abandoning module MRMesh (198)
[2019.03.17-02.17.17:507][476]LogModuleManager: Shutting down and abandoning module SourceCodeAccess (196)
[2019.03.17-02.17.17:507][476]LogModuleManager: Shutting down and abandoning module HeadMountedDisplay (194)
[2019.03.17-02.17.17:507][476]LogModuleManager: Shutting down and abandoning module XAudio2 (192)
[2019.03.17-02.17.17:507][476]LogModuleManager: Shutting down and abandoning module Networking (190)
[2019.03.17-02.17.17:507][476]LogModuleManager: Shutting down and abandoning module Core (188)
[2019.03.17-02.17.17:507][476]LogModuleManager: Shutting down and abandoning module LevelSequence (186)
[2019.03.17-02.17.17:507][476]LogModuleManager: Shutting down and abandoning module KismetCompiler (184)
[2019.03.17-02.17.17:507][476]LogModuleManager: Shutting down and abandoning module MeshUtilities (182)
[2019.03.17-02.17.17:507][476]LogModuleManager: Shutting down and abandoning module MeshMergeUtilities (181)
[2019.03.17-02.17.17:507][476]LogModuleManager: Shutting down and abandoning module MeshReductionInterface (180)
[2019.03.17-02.17.17:507][476]LogModuleManager: Shutting down and abandoning module SimplygonSwarm (179)
[2019.03.17-02.17.17:507][476]LogModuleManager: Shutting down and abandoning module ProxyLODMeshReduction (177)
[2019.03.17-02.17.17:507][476]LogModuleManager: Shutting down and abandoning module SimplygonMeshReduction (175)
[2019.03.17-02.17.17:507][476]LogModuleManager: Shutting down and abandoning module QuadricMeshReduction (173)
[2019.03.17-02.17.17:508][476]LogModuleManager: Shutting down and abandoning module MaterialBaking (169)
[2019.03.17-02.17.17:508][476]LogModuleManager: Shutting down and abandoning module DirectoryWatcher (165)
[2019.03.17-02.17.17:508][476]LogModuleManager: Shutting down and abandoning module DerivedDataCache (162)
[2019.03.17-02.17.17:566][476]LogDerivedDataCache: Shutdown
[2019.03.17-02.17.17:566][476]LogModuleManager: Shutting down and abandoning module XGEController (160)
[2019.03.17-02.17.17:566][476]LogXGEController: Cleaning working directory: C:/Users/Nate/AppData/Local/Temp/UnrealXGEWorkingDir/
[2019.03.17-02.17.17:566][476]LogModuleManager: Shutting down and abandoning module TargetPlatform (158)
[2019.03.17-02.17.17:566][476]LogModuleManager: Shutting down and abandoning module VulkanShaderFormat (157)
[2019.03.17-02.17.17:566][476]LogModuleManager: Shutting down and abandoning module ShaderFormatVectorVM (155)
[2019.03.17-02.17.17:566][476]LogModuleManager: Shutting down and abandoning module ShaderFormatOpenGL (153)
[2019.03.17-02.17.17:567][476]LogModuleManager: Shutting down and abandoning module ShaderFormatD3D (151)
[2019.03.17-02.17.17:567][476]LogModuleManager: Shutting down and abandoning module MetalShaderFormat (149)
[2019.03.17-02.17.17:567][476]LogModuleManager: Shutting down and abandoning module TextureFormatUncompressed (147)
[2019.03.17-02.17.17:567][476]LogModuleManager: Shutting down and abandoning module TextureFormatPVR (145)
[2019.03.17-02.17.17:567][476]LogModuleManager: Shutting down and abandoning module TextureFormatDXT (143)
[2019.03.17-02.17.17:567][476]LogModuleManager: Shutting down and abandoning module TextureFormatIntelISPCTexComp (141)
[2019.03.17-02.17.17:567][476]LogModuleManager: Shutting down and abandoning module TextureFormatASTC (139)
[2019.03.17-02.17.17:567][476]LogModuleManager: Shutting down and abandoning module ImageWrapper (138)
[2019.03.17-02.17.17:567][476]LogModuleManager: Shutting down and abandoning module TextureFormatAndroid (135)
[2019.03.17-02.17.17:568][476]LogModuleManager: Shutting down and abandoning module AudioFormatOpus (133)
[2019.03.17-02.17.17:568][476]LogModuleManager: Shutting down and abandoning module AudioFormatOgg (131)
[2019.03.17-02.17.17:568][476]LogModuleManager: Shutting down and abandoning module AudioFormatADPCM (129)
[2019.03.17-02.17.17:568][476]LogModuleManager: Shutting down and abandoning module LuminTargetPlatform (127)
[2019.03.17-02.17.17:568][476]LogModuleManager: Shutting down and abandoning module LinuxTargetPlatform (125)
[2019.03.17-02.17.17:568][476]LogModuleManager: Shutting down and abandoning module LinuxServerTargetPlatform (123)
[2019.03.17-02.17.17:568][476]LogModuleManager: Shutting down and abandoning module LinuxNoEditorTargetPlatform (121)
[2019.03.17-02.17.17:568][476]LogModuleManager: Shutting down and abandoning module LinuxClientTargetPlatform (119)
[2019.03.17-02.17.17:568][476]LogModuleManager: Shutting down and abandoning module TVOSTargetPlatform (117)
[2019.03.17-02.17.17:568][476]LogModuleManager: Shutting down and abandoning module Messaging (115)
[2019.03.17-02.17.17:568][476]LogModuleManager: Shutting down and abandoning module IOSTargetPlatform (113)
[2019.03.17-02.17.17:569][476]LogModuleManager: Shutting down and abandoning module HTML5TargetPlatform (111)
[2019.03.17-02.17.17:569][476]LogModuleManager: Shutting down and abandoning module AndroidTargetPlatform (109)
[2019.03.17-02.17.17:574][476]LogModuleManager: Shutting down and abandoning module WindowsTargetPlatform (107)
[2019.03.17-02.17.17:574][476]LogModuleManager: Shutting down and abandoning module WindowsServerTargetPlatform (105)
[2019.03.17-02.17.17:574][476]LogModuleManager: Shutting down and abandoning module WindowsNoEditorTargetPlatform (103)
[2019.03.17-02.17.17:574][476]LogModuleManager: Shutting down and abandoning module WindowsClientTargetPlatform (101)
[2019.03.17-02.17.17:574][476]LogModuleManager: Shutting down and abandoning module MacTargetPlatform (99)
[2019.03.17-02.17.17:574][476]LogModuleManager: Shutting down and abandoning module MacServerTargetPlatform (97)
[2019.03.17-02.17.17:574][476]LogModuleManager: Shutting down and abandoning module MacNoEditorTargetPlatform (95)
[2019.03.17-02.17.17:575][476]LogModuleManager: Shutting down and abandoning module MacClientTargetPlatform (93)
[2019.03.17-02.17.17:575][476]LogModuleManager: Shutting down and abandoning module AllDesktopTargetPlatform (91)
[2019.03.17-02.17.17:575][476]LogModuleManager: Shutting down and abandoning module InputCore (88)
[2019.03.17-02.17.17:575][476]LogModuleManager: Shutting down and abandoning module Settings (86)
[2019.03.17-02.17.17:575][476]LogModuleManager: Shutting down and abandoning module PhysXCooking (84)
[2019.03.17-02.17.17:575][476]LogModuleManager: Shutting down and abandoning module SteamVR (82)
[2019.03.17-02.17.17:575][476]LogModuleManager: Shutting down and abandoning module OculusHMD (80)
[2019.03.17-02.17.17:575][476]LogModuleManager: Shutting down and abandoning module ExampleDeviceProfileSelector (78)
[2019.03.17-02.17.17:575][476]LogModuleManager: Shutting down and abandoning module LauncherChunkInstaller (76)
[2019.03.17-02.17.17:575][476]LogModuleManager: Shutting down and abandoning module OnlineBlueprintSupport (74)
[2019.03.17-02.17.17:575][476]LogModuleManager: Shutting down and abandoning module OnlineSubsystem (70)
[2019.03.17-02.17.17:576][476]LogModuleManager: Shutting down and abandoning module XMPP (65)
[2019.03.17-02.17.17:576][476]LogModuleManager: Shutting down and abandoning module WebSockets (64)
[2019.03.17-02.17.17:599][476]LogModuleManager: Shutting down and abandoning module HTTP (61)
[2019.03.17-02.17.17:600][476]LogHttp: Display: Http module shutting down, but needs to wait on 1 outstanding Http requests:
[2019.03.17-02.17.17:600][476]LogHttp: Display: 	verb=[POST] url=[https://datarouter.ol.epicgames.com/datarouter/api/v1/public/data?SessionID=%7BED61C11F-4A0F-0D18-EF08-6CA381513AA4%7D&AppID=UEEditor.Rocket.Release&AppVersion=4.20.3-4369336%2B%2B%2BUE4%2BRelease-4.20&UserID=c64045e44aa062cd97b01b8e69ba929d%7C16c96479757c4167b90c86adf9dfa2e4%7C517945a2-6265-4ebe-990e-28eef57b7b49&AppEnvironment=datacollector-binary&UploadType=eteventstream] status=Processing
[2019.03.17-02.17.17:603][476]LogModuleManager: Shutting down and abandoning module SSL (60)
[2019.03.17-02.17.17:604][476]LogModuleManager: Shutting down and abandoning module MagicLeapEmulator (56)
[2019.03.17-02.17.17:604][476]LogModuleManager: Shutting down and abandoning module MagicLeapPrivileges (54)
[2019.03.17-02.17.17:604][476]LogModuleManager: Shutting down and abandoning module MagicLeapIdentity (52)
[2019.03.17-02.17.17:604][476]LogModuleManager: Shutting down and abandoning module MagicLeapHelperVulkan (50)
[2019.03.17-02.17.17:604][476]LogModuleManager: Shutting down and abandoning module MagicLeapHelperOpenGL (48)
[2019.03.17-02.17.17:604][476]LogModuleManager: Shutting down and abandoning module MagicLeapSecureStorage (46)
[2019.03.17-02.17.17:604][476]LogModuleManager: Shutting down and abandoning module MagicLeapGestures (44)
[2019.03.17-02.17.17:604][476]LogModuleManager: Shutting down and abandoning module MagicLeapEyeTracker (42)
[2019.03.17-02.17.17:604][476]LogModuleManager: Shutting down and abandoning module MagicLeapController (40)
[2019.03.17-02.17.17:604][476]LogSlate: Slate User Destroyed.  User Index 0, Is Virtual User: 0
[2019.03.17-02.17.17:604][476]LogModuleManager: Shutting down and abandoning module MagicLeap (38)
[2019.03.17-02.17.17:604][476]LogModuleManager: Shutting down and abandoning module AnimationModifiers (36)
[2019.03.17-02.17.17:604][476]LogModuleManager: Shutting down and abandoning module PropertyEditor (35)
[2019.03.17-02.17.17:604][476]LogModuleManager: Shutting down and abandoning module AudioEditor (32)
[2019.03.17-02.17.17:604][476]LogModuleManager: Shutting down and abandoning module TextureCompressor (30)
[2019.03.17-02.17.17:605][476]LogModuleManager: Shutting down and abandoning module ShaderCore (28)
[2019.03.17-02.17.17:605][476]LogModuleManager: Shutting down and abandoning module Landscape (26)
[2019.03.17-02.17.17:605][476]LogModuleManager: Shutting down and abandoning module SlateRHIRenderer (24)
[2019.03.17-02.17.17:605][476]LogModuleManager: Shutting down and abandoning module OpenGLDrv (22)
[2019.03.17-02.17.17:605][476]LogModuleManager: Shutting down and abandoning module D3D11RHI (20)
[2019.03.17-02.17.17:605][476]LogModuleManager: Shutting down and abandoning module AnimGraphRuntime (18)
[2019.03.17-02.17.17:605][476]LogModuleManager: Shutting down and abandoning module Renderer (16)
[2019.03.17-02.17.17:605][476]LogModuleManager: Shutting down and abandoning module Engine (14)
[2019.03.17-02.17.17:605][476]LogModuleManager: Shutting down and abandoning module CoreUObject (12)
[2019.03.17-02.17.17:605][476]LogModuleManager: Shutting down and abandoning module NetworkFile (10)
[2019.03.17-02.17.17:605][476]LogModuleManager: Shutting down and abandoning module CookedIterativeFile (8)
[2019.03.17-02.17.17:605][476]LogModuleManager: Shutting down and abandoning module StreamingFile (6)
[2019.03.17-02.17.17:605][476]LogModuleManager: Shutting down and abandoning module SandboxFile (4)
[2019.03.17-02.17.17:605][476]LogModuleManager: Shutting down and abandoning module PakFile (2)
[2019.03.17-02.17.17:611][476]LogExit: Exiting.
[2019.03.17-02.17.17:616][476]Log file closed, 03/16/19 20:17:17
