Log file open, 11/08/18 12:57:12
LogWindows: Failed to load 'aqProf.dll' (GetLastError=126)
LogWindows: File 'aqProf.dll' does not exist
LogWindows: Failed to load 'VtuneApi.dll' (GetLastError=126)
LogWindows: File 'VtuneApi.dll' does not exist
LogWindows: Failed to load 'VtuneApi32e.dll' (GetLastError=126)
LogWindows: File 'VtuneApi32e.dll' does not exist
LogInit: Display: Running engine for game: Mansion
LogPlatformFile: Not using cached read wrapper
LogTaskGraph: Started task graph with 5 named threads and 23 total threads with 3 sets of task threads.
LogStats: Stats thread started at 0.327523
LogD3D11RHI: Loaded GFSDK_Aftermath_Lib.x64.dll
LogICUInternationalization: Display: ICU TimeZone Detection - Raw Offset: -7:00, Platform Override: ''
LogPluginManager: Mounting plugin Paper2D
LogPluginManager: Mounting plugin AISupport
LogPluginManager: Mounting plugin LightPropagationVolume
LogPluginManager: Mounting plugin CLionSourceCodeAccess
LogPluginManager: Mounting plugin CodeLiteSourceCodeAccess
LogPluginManager: Mounting plugin GitSourceControl
LogPluginManager: Mounting plugin KDevelopSourceCodeAccess
LogPluginManager: Mounting plugin NullSourceCodeAccess
LogPluginManager: Mounting plugin PerforceSourceControl
LogPluginManager: Mounting plugin SubversionSourceControl
LogPluginManager: Mounting plugin UObjectPlugin
LogPluginManager: Mounting plugin VisualStudioCodeSourceCodeAccess
LogPluginManager: Mounting plugin VisualStudioSourceCodeAccess
LogPluginManager: Mounting plugin XCodeSourceCodeAccess
LogPluginManager: Mounting plugin AssetManagerEditor
LogPluginManager: Mounting plugin CryptoKeys
LogPluginManager: Mounting plugin DataValidation
LogPluginManager: Mounting plugin FacialAnimation
LogPluginManager: Mounting plugin GameplayTagsEditor
LogPluginManager: Mounting plugin MacGraphicsSwitching
LogPluginManager: Mounting plugin MeshEditor
LogPluginManager: Mounting plugin MobileLauncherProfileWizard
LogPluginManager: Mounting plugin PluginBrowser
LogPluginManager: Mounting plugin SpeedTreeImporter
LogPluginManager: Mounting plugin DatasmithContent
LogPluginManager: Mounting plugin AlembicImporter
LogPluginManager: Mounting plugin AppleImageUtils
LogPluginManager: Mounting plugin AppleVision
LogPluginManager: Mounting plugin BackChannel
LogPluginManager: Mounting plugin CharacterAI
LogPluginManager: Mounting plugin GeometryCache
LogPluginManager: Mounting plugin HTML5Networking
LogPluginManager: Mounting plugin ProxyLODPlugin
LogPluginManager: Mounting plugin MagicLeap
LogPluginManager: Mounting plugin MagicLeapEmulator
LogPluginManager: Mounting plugin MagicLeapMedia
LogPluginManager: Mounting plugin AndroidMedia
LogPluginManager: Mounting plugin AvfMedia
LogPluginManager: Mounting plugin ImgMedia
LogPluginManager: Mounting plugin LinearTimecode
LogPluginManager: Mounting plugin MediaCompositing
LogPluginManager: Mounting plugin MediaPlayerEditor
LogPluginManager: Mounting plugin WmfMedia
LogPluginManager: Mounting plugin TcpMessaging
LogPluginManager: Mounting plugin UdpMessaging
LogPluginManager: Mounting plugin ActorSequence
LogPluginManager: Mounting plugin LevelSequenceEditor
LogPluginManager: Mounting plugin MatineeToLevelSequence
LogPluginManager: Mounting plugin NetcodeUnitTest
LogPluginManager: Mounting plugin NUTUnrealEngine4
LogPluginManager: Mounting plugin OnlineSubsystemGooglePlay
LogPluginManager: Mounting plugin OnlineSubsystemIOS
LogPluginManager: Mounting plugin OnlineSubsystem
LogPluginManager: Mounting plugin OnlineSubsystemNull
LogPluginManager: Mounting plugin OnlineSubsystemUtils
LogPluginManager: Mounting plugin LauncherChunkInstaller
LogPluginManager: Mounting plugin AndroidDeviceProfileSelector
LogPluginManager: Mounting plugin AndroidMoviePlayer
LogPluginManager: Mounting plugin AndroidPermission
LogPluginManager: Mounting plugin AppleMoviePlayer
LogPluginManager: Mounting plugin ArchVisCharacter
LogPluginManager: Mounting plugin AudioCapture
LogPluginManager: Mounting plugin CableComponent
LogPluginManager: Mounting plugin CustomMeshComponent
LogPluginManager: Mounting plugin EditableMesh
LogPluginManager: Mounting plugin ExampleDeviceProfileSelector
LogPluginManager: Mounting plugin GoogleCloudMessaging
LogPluginManager: Mounting plugin ImmediatePhysics
LogPluginManager: Mounting plugin IOSDeviceProfileSelector
LogPluginManager: Mounting plugin LinuxDeviceProfileSelector
LogPluginManager: Mounting plugin LocationServicesBPLibrary
LogPluginManager: Mounting plugin MobilePatchingUtils
LogPluginManager: Mounting plugin OculusVR
LogPluginManager: Plugin shader directory ../../../Engine/Plugins/Runtime/Oculus/OculusVR/Shaders found
LogPluginManager: Mapping shader source directory ../../../Engine/Plugins/Runtime/Oculus/OculusVR/Shaders to virtual directory /Plugin/OculusVR
LogPluginManager: Mounting plugin PhysXVehicles
LogPluginManager: Mounting plugin ProceduralMeshComponent
LogPluginManager: Mounting plugin RuntimePhysXCooking
LogPluginManager: Mounting plugin SteamVR
LogPluginManager: Mounting plugin WindowsMoviePlayer
LogStreaming: Display: Took  0.147s to configure plugins.
LogInit: Using libcurl 7.55.1-DEV
LogInit:  - built for x86_64-pc-win32
LogInit:  - supports SSL with OpenSSL/1.0.2h
LogInit:  - supports HTTP deflate (compression) using libz 1.2.8
LogInit:  - other features:
LogInit:      CURL_VERSION_SSL
LogInit:      CURL_VERSION_LIBZ
LogInit:      CURL_VERSION_IPV6
LogInit:      CURL_VERSION_ASYNCHDNS
LogInit:      CURL_VERSION_LARGEFILE
LogInit:      CURL_VERSION_IDN
LogInit:  CurlRequestOptions (configurable via config and command line):
LogInit:  - bVerifyPeer = false  - Libcurl will NOT verify peer certificate
LogInit:  - bUseHttpProxy = false  - Libcurl will NOT use HTTP proxy
LogInit:  - bDontReuseConnections = false  - Libcurl will reuse connections
LogInit:  - CertBundlePath = nullptr  - Libcurl will use whatever was configured at build time.
LogInit:  - MaxHostConnections = 16  - Libcurl will limit the number of connections to a host
LogInit:  - LocalHostAddr = Default
LogInit:  - BufferSize = 65536
LogInit: WinSock: version 1.1 (2.2), MaxSocks=32767, MaxUdp=65467
LogInit: Build: ++UE4+Release-4.20-CL-4212847
LogInit: Engine Version: 4.20.2-4212847+++UE4+Release-4.20
LogInit: Compatible Engine Version: 4.20.0-4212847+++UE4+Release-4.20
LogInit: Net CL: 4212847
LogInit: OS: Windows 10 (), CPU: Intel(R) Core(TM) i7-4770 CPU @ 3.40GHz, GPU: NVIDIA GeForce GTX 1070
LogInit: Compiled (64-bit): Jul 14 2018 09:51:14
LogInit: Compiled with Visual C++: 19.13.26129.00
LogInit: Build Configuration: Development
LogInit: Branch Name: ++UE4+Release-4.20
LogInit: Command Line:  
LogInit: Base Directory: C:/Program Files/Epic Games/UE_4.20/Engine/Binaries/Win64/
LogInit: Installed Engine Build: 1
LogDevObjectVersion: Number of dev versions registered: 20
LogDevObjectVersion:   Dev-Blueprints (B0D832E4-1F89-4F0D-ACCF-7EB736FD4AA2): 10
LogDevObjectVersion:   Dev-Build (E1C64328-A22C-4D53-A36C-8E866417BD8C): 0
LogDevObjectVersion:   Dev-Core (375EC13C-06E4-48FB-B500-84F0262A717E): 2
LogDevObjectVersion:   Dev-Editor (E4B068ED-F494-42E9-A231-DA0B2E46BB41): 24
LogDevObjectVersion:   Dev-Framework (CFFC743F-43B0-4480-9391-14DF171D2073): 34
LogDevObjectVersion:   Dev-Mobile (B02B49B5-BB20-44E9-A304-32B752E40360): 2
LogDevObjectVersion:   Dev-Networking (A4E4105C-59A1-49B5-A7C5-40C4547EDFEE): 0
LogDevObjectVersion:   Dev-Online (39C831C9-5AE6-47DC-9A44-9C173E1C8E7C): 0
LogDevObjectVersion:   Dev-Physics (78F01B33-EBEA-4F98-B9B4-84EACCB95AA2): 0
LogDevObjectVersion:   Dev-Platform (6631380F-2D4D-43E0-8009-CF276956A95A): 0
LogDevObjectVersion:   Dev-Rendering (12F88B9F-8875-4AFC-A67C-D90C383ABD29): 26
LogDevObjectVersion:   Dev-Sequencer (7B5AE74C-D270-4C10-A958-57980B212A5A): 9
LogDevObjectVersion:   Dev-VR (D7296918-1DD6-4BDD-9DE2-64A83CC13884): 2
LogDevObjectVersion:   Dev-LoadTimes (C2A15278-BFE7-4AFE-6C17-90FF531DF755): 1
LogDevObjectVersion:   Private-Geometry (6EACA3D4-40EC-4CC1-B786-8BED09428FC5): 3
LogDevObjectVersion:   Dev-AnimPhys (29E575DD-E0A3-4627-9D10-D276232CDCEA): 17
LogDevObjectVersion:   Dev-ReflectionCapture (6B266CEC-1EC7-4B8F-A30B-E4D90942FC07): 1
LogDevObjectVersion:   Dev-Automation (0DF73D61-A23F-47EA-B727-89E90C41499A): 1
LogDevObjectVersion:   FortniteMain (601D1886-AC64-4F84-AA16-D3DE0DEAC7D6): 12
LogDevObjectVersion:   Dev-Enterprise (9DFFBCD6-494F-0158-E221-12823C92A888): 1
LogStreaming: Display: Took  0.003s to delete old logs.
LogInit: Presizing for max 8388607 objects, including 0 objects not considered by GC, pre-allocating 0 bytes for permanent pool.
LogInit: Object subsystem initialized
[2018.11.08-19.57.12:830][  0]LogInit: Selected Device Profile: [Windows]
[2018.11.08-19.57.12:830][  0]LogInit: Applying CVar settings loaded from the selected device profile: [Windows]
[2018.11.08-19.57.12:853][  0]LogHAL: Display: Platform has ~ 32 GB [34295070720 / 34359738368 / 32], which maps to Largest [LargestMinGB=32, LargerMinGB=12, DefaultMinGB=8, SmallerMinGB=6, SmallestMinGB=0)
[2018.11.08-19.57.12:853][  0]LogInit: Setting Device Profile CVar: [[r.Vulkan.UseRealUBs:1]]
[2018.11.08-19.57.12:853][  0]LogInit: Going up to parent DeviceProfile []
[2018.11.08-19.57.12:857][  0]LogInit: Computer: eae-d-101
[2018.11.08-19.57.12:857][  0]LogInit: User: u0800347
[2018.11.08-19.57.12:857][  0]LogInit: CPU Page size=4096, Cores=4
[2018.11.08-19.57.12:857][  0]LogInit: High frequency timer resolution =3.318393 MHz
[2018.11.08-19.57.12:857][  0]LogMemory: Memory total: Physical=31.9GB (32GB approx)
[2018.11.08-19.57.12:857][  0]LogMemory: Platform Memory Stats for Windows
[2018.11.08-19.57.12:857][  0]LogMemory: Process Physical Memory: 101.61 MB used, 101.61 MB peak
[2018.11.08-19.57.12:857][  0]LogMemory: Process Virtual Memory: 92.18 MB used, 92.18 MB peak
[2018.11.08-19.57.12:857][  0]LogMemory: Physical Memory: 8647.59 MB used,  24058.74 MB free, 32706.33 MB total
[2018.11.08-19.57.12:857][  0]LogMemory: Virtual Memory: 4641.38 MB used,  24058.74 MB free, 134217728.00 MB total
[2018.11.08-19.57.12:988][  0]LogInit: Using OS detected language (en-US).
[2018.11.08-19.57.12:988][  0]LogInit: Using OS detected locale (en-US).
[2018.11.08-19.57.12:989][  0]LogTextLocalizationManager: No specific localization for 'en-US' exists, so the 'en' localization will be used.
[2018.11.08-19.57.13:433][  0]LogStreaming: Display: Took  0.445s to InitEngineTextLocalization.
[2018.11.08-19.57.13:433][  0]LogInit: Setting process to per monitor DPI aware
[2018.11.08-19.57.13:509][  0]LogSlate: New Slate User Created.  User Index 0, Is Virtual User: 0
[2018.11.08-19.57.13:509][  0]LogSlate: Slate User Registered.  User Index 0, Is Virtual User: 0
[2018.11.08-19.57.15:295][  0]LogHMD: Failed to initialize OpenVR with code 110
[2018.11.08-19.57.15:295][  0]LogD3D11RHI: D3D11 adapters:
[2018.11.08-19.57.15:365][  0]LogD3D11RHI:    0. 'NVIDIA GeForce GTX 1070' (Feature Level 11_0)
[2018.11.08-19.57.15:365][  0]LogD3D11RHI:       8088/0/16353 MB DedicatedVideo/DedicatedSystem/SharedSystem, Outputs:2, VendorId:0x10de
[2018.11.08-19.57.15:368][  0]LogD3D11RHI:    1. 'Microsoft Basic Render Driver' (Feature Level 11_0)
[2018.11.08-19.57.15:368][  0]LogD3D11RHI:       0/0/16353 MB DedicatedVideo/DedicatedSystem/SharedSystem, Outputs:0, VendorId:0x1414
[2018.11.08-19.57.15:368][  0]LogD3D11RHI: Chosen D3D11 Adapter: 0
[2018.11.08-19.57.15:376][  0]LogD3D11RHI: Creating new Direct3DDevice
[2018.11.08-19.57.15:376][  0]LogD3D11RHI:     GPU DeviceId: 0x1b81 (for the marketing name, search the web for "GPU Device Id")
[2018.11.08-19.57.15:376][  0]LogWindows: EnumDisplayDevices:
[2018.11.08-19.57.15:376][  0]LogWindows:    0. 'NVIDIA GeForce GTX 1070' (P:1 D:1)
[2018.11.08-19.57.15:377][  0]LogWindows:    1. 'NVIDIA GeForce GTX 1070' (P:0 D:1)
[2018.11.08-19.57.15:377][  0]LogWindows:    2. 'NVIDIA GeForce GTX 1070' (P:0 D:0)
[2018.11.08-19.57.15:377][  0]LogWindows:    3. 'NVIDIA GeForce GTX 1070' (P:0 D:0)
[2018.11.08-19.57.15:378][  0]LogWindows: DebugString: FoundDriverCount:4 
[2018.11.08-19.57.15:378][  0]LogD3D11RHI:     Adapter Name: NVIDIA GeForce GTX 1070
[2018.11.08-19.57.15:378][  0]LogD3D11RHI:   Driver Version: 398.36 (internal:24.21.13.9836, unified:398.36)
[2018.11.08-19.57.15:378][  0]LogD3D11RHI:      Driver Date: 6-24-2018
[2018.11.08-19.57.15:378][  0]LogRHI: Texture pool is 5661 MB (70% of 8088 MB)
[2018.11.08-19.57.15:423][  0]LogD3D11RHI: Async texture creation enabled
[2018.11.08-19.57.15:441][  0]LogD3D11RHI: GPU Timing Frequency: 1000.000000 (Debug: 2 2)
[2018.11.08-19.57.15:536][  0]LogShaderCompilers: Guid format shader working directory is -29 characters bigger than the processId version (../../../../../../Users/u0800347/Documents/GitHub/Mansion_Environment/Mansion/Intermediate/Shaders/WorkingDirectory/14064/).
[2018.11.08-19.57.15:536][  0]LogShaderCompilers: Cleaned the shader compiler working directory 'C:/Users/u0800347/AppData/Local/Temp/UnrealShaderWorkingDir/D68CBE524EF6C6173EC4AC881D59B8A6/'.
[2018.11.08-19.57.15:863][  0]LogTemp: Display: Loaded TP AllDesktopTargetPlatform
[2018.11.08-19.57.15:878][  0]LogTemp: Display: Loaded TP MacClientTargetPlatform
[2018.11.08-19.57.15:892][  0]LogTemp: Display: Loaded TP MacNoEditorTargetPlatform
[2018.11.08-19.57.15:906][  0]LogTemp: Display: Loaded TP MacServerTargetPlatform
[2018.11.08-19.57.15:924][  0]LogTemp: Display: Loaded TP MacTargetPlatform
[2018.11.08-19.57.15:938][  0]LogTemp: Display: Loaded TP WindowsClientTargetPlatform
[2018.11.08-19.57.15:953][  0]LogTemp: Display: Loaded TP WindowsNoEditorTargetPlatform
[2018.11.08-19.57.15:967][  0]LogTemp: Display: Loaded TP WindowsServerTargetPlatform
[2018.11.08-19.57.15:975][  0]LogTemp: Display: Loaded TP WindowsTargetPlatform
[2018.11.08-19.57.16:058][  0]LogTemp: Display: Loaded TP AndroidTargetPlatform
[2018.11.08-19.57.16:058][  0]LogTemp: Display: Loaded TP AndroidTargetPlatform
[2018.11.08-19.57.16:058][  0]LogTemp: Display: Loaded TP AndroidTargetPlatform
[2018.11.08-19.57.16:058][  0]LogTemp: Display: Loaded TP AndroidTargetPlatform
[2018.11.08-19.57.16:058][  0]LogTemp: Display: Loaded TP AndroidTargetPlatform
[2018.11.08-19.57.16:058][  0]LogTemp: Display: Loaded TP AndroidTargetPlatform
[2018.11.08-19.57.16:058][  0]LogTemp: Display: Loaded TP AndroidTargetPlatform
[2018.11.08-19.57.16:058][  0]LogTemp: Display: Loaded TP AndroidTargetPlatform
[2018.11.08-19.57.16:058][  0]LogTemp: Display: Loaded TP AndroidTargetPlatform
[2018.11.08-19.57.16:058][  0]LogTemp: Display: Loaded TP AndroidTargetPlatform
[2018.11.08-19.57.16:058][  0]LogTemp: Display: Loaded TP AndroidTargetPlatform
[2018.11.08-19.57.16:058][  0]LogTemp: Display: Loaded TP AndroidTargetPlatform
[2018.11.08-19.57.16:058][  0]LogTemp: Display: Loaded TP AndroidTargetPlatform
[2018.11.08-19.57.16:058][  0]LogTemp: Display: Loaded TP AndroidTargetPlatform
[2018.11.08-19.57.16:058][  0]LogTemp: Display: Loaded TP AndroidTargetPlatform
[2018.11.08-19.57.16:058][  0]LogTemp: Display: Loaded TP AndroidTargetPlatform
[2018.11.08-19.57.16:058][  0]LogTemp: Display: Loaded TP AndroidTargetPlatform
[2018.11.08-19.57.16:058][  0]LogTemp: Display: Loaded TP AndroidTargetPlatform
[2018.11.08-19.57.16:060][  0]LogTemp: Display: Loaded TP HTML5TargetPlatform
[2018.11.08-19.57.16:129][  0]LogTemp: Display: Loaded TP IOSTargetPlatform
[2018.11.08-19.57.16:129][  0]LogTemp: Display: Loaded TP IOSTargetPlatform
[2018.11.08-19.57.16:152][  0]LogTemp: Display: Loaded TP TVOSTargetPlatform
[2018.11.08-19.57.16:152][  0]LogTemp: Display: Loaded TP TVOSTargetPlatform
[2018.11.08-19.57.16:164][  0]LogTemp: Display: Loaded TP LinuxClientTargetPlatform
[2018.11.08-19.57.16:177][  0]LogTemp: Display: Loaded TP LinuxNoEditorTargetPlatform
[2018.11.08-19.57.16:189][  0]LogTemp: Display: Loaded TP LinuxServerTargetPlatform
[2018.11.08-19.57.16:209][  0]LogTemp: Display: Loaded TP LinuxTargetPlatform
[2018.11.08-19.57.16:219][  0]LogTemp: Display: Loaded TP LuminTargetPlatform
[2018.11.08-19.57.16:219][  0]LogTargetPlatformManager: Display: Building Assets For Windows
[2018.11.08-19.57.16:325][  0]LogXGEController: Cleaning working directory: C:/Users/u0800347/AppData/Local/Temp/UnrealXGEWorkingDir/
[2018.11.08-19.57.16:325][  0]LogXGEController: Cannot use XGE Controller as Incredibuild is not installed on this machine.
[2018.11.08-19.57.16:325][  0]LogShaderCompilers: Cannot use XGE Shader Compiler as Incredibuild is not installed on this machine.
[2018.11.08-19.57.16:325][  0]LogShaderCompilers: Display: Using Local Shader Compiler.
[2018.11.08-19.57.17:963][  0]LogDerivedDataCache: Display: Max Cache Size: 512 MB
[2018.11.08-19.57.18:058][  0]LogDerivedDataCache: Loaded boot cache 0.10s 72MB C:/Users/u0800347/AppData/Local/UnrealEngine/4.20/DerivedDataCache/Boot.ddc.
[2018.11.08-19.57.18:059][  0]LogDerivedDataCache: Display: Loaded Boot cache: C:/Users/u0800347/AppData/Local/UnrealEngine/4.20/DerivedDataCache/Boot.ddc
[2018.11.08-19.57.18:059][  0]LogDerivedDataCache: FDerivedDataBackendGraph:  Pak pak cache file ../../../../../../Users/u0800347/Documents/GitHub/Mansion_Environment/Mansion/DerivedDataCache/DDC.ddp not found, will not use a pak cache.
[2018.11.08-19.57.18:059][  0]LogDerivedDataCache: Unable to find inner node Pak for hierarchical cache Hierarchy.
[2018.11.08-19.57.18:060][  0]LogDerivedDataCache: FDerivedDataBackendGraph:  CompressedPak pak cache file ../../../../../../Users/u0800347/Documents/GitHub/Mansion_Environment/Mansion/DerivedDataCache/Compressed.ddp not found, will not use a pak cache.
[2018.11.08-19.57.18:060][  0]LogDerivedDataCache: Unable to find inner node CompressedPak for hierarchical cache Hierarchy.
[2018.11.08-19.57.18:077][  0]LogDerivedDataCache: Display: Pak cache opened for reading ../../../Engine/DerivedDataCache/Compressed.ddp.
[2018.11.08-19.57.18:090][  0]LogDerivedDataCache: Using Local data cache path C:/Users/u0800347/AppData/Local/UnrealEngine/Common/DerivedDataCache: Writable
[2018.11.08-19.57.18:090][  0]LogDerivedDataCache: Shared data cache path not found in *engine.ini, will not use an Shared cache.
[2018.11.08-19.57.18:090][  0]LogDerivedDataCache: Unable to find inner node Shared for hierarchical cache Hierarchy.
[2018.11.08-19.57.18:109][  0]LogMaterial: Verifying Global Shaders for PCD3D_SM5
[2018.11.08-19.57.18:110][  0]LogSlate: Using FreeType 2.6.0
[2018.11.08-19.57.18:124][  0]LogSlate: SlateFontServices - WITH_FREETYPE: 1, WITH_HARFBUZZ: 1
[2018.11.08-19.57.18:316][  0]LogAssetRegistry: FAssetRegistry took 0.0263 seconds to start up
[2018.11.08-19.57.18:659][  0]LogInit: Selected Device Profile: [Windows]
[2018.11.08-19.57.18:902][  0]LogSimplygon: Simplygon DLL not present - disabling.
[2018.11.08-19.57.18:908][  0]LogMeshReduction: Using SimplygonSwarm for distributed automatic mesh merging
[2018.11.08-19.57.18:908][  0]LogMeshReduction: Using ProxyLODMeshReduction for automatic mesh merging
[2018.11.08-19.57.18:908][  0]LogMeshReduction: Using QuadricMeshReduction for automatic static mesh reduction
[2018.11.08-19.57.18:908][  0]LogMeshReduction: No automatic skeletal mesh reduction module available
[2018.11.08-19.57.18:945][  0]LogNetVersion: Mansion 1.0.0, NetCL: 4212847, EngineNetVer: 5, GameNetVer: 0 (Checksum: 1776648947)
[2018.11.08-19.57.19:891][  0]LogPackageLocalizationCache: Processed 11 localized package path(s) for 2 prioritized culture(s) in 0.126009 seconds
[2018.11.08-19.57.19:898][  0]LogUObjectArray: 38425 objects as part of root set at end of initial load.
[2018.11.08-19.57.19:898][  0]LogUObjectAllocator: 6690872 out of 0 bytes used by permanent object pool.
[2018.11.08-19.57.19:898][  0]LogUObjectArray: CloseDisregardForGC: 0/0 objects in disregard for GC pool
[2018.11.08-19.57.22:157][  0]LogTcpMessaging: Initializing TcpMessaging bridge
[2018.11.08-19.57.22:171][  0]LogUdpMessaging: Initializing bridge on interface 0.0.0.0:0 to multicast group 230.0.0.1:6666.
[2018.11.08-19.57.22:388][  0]SourceControl: Source control is disabled
[2018.11.08-19.57.22:388][  0]SourceControl: Source control is disabled
[2018.11.08-19.57.22:391][  0]SourceControl: Source control is disabled
[2018.11.08-19.57.22:392][  0]SourceControl: Source control is disabled
[2018.11.08-19.57.22:594][  0]LogAndroidPermission: UAndroidPermissionCallbackProxy::GetInstance
[2018.11.08-19.57.22:730][  0]LogOcInput: OculusInput pre-init called
[2018.11.08-19.57.22:798][  0]LogEngine: Initializing Engine...
[2018.11.08-19.57.22:799][  0]LogHMD: Failed to initialize OpenVR with code 110
[2018.11.08-19.57.22:800][  0]LogStats: UGameplayTagsManager::ConstructGameplayTagTree: ImportINI prefixes -  0.000 s
[2018.11.08-19.57.22:800][  0]LogStats: UGameplayTagsManager::ConstructGameplayTagTree: Construct from data asset -  0.000 s
[2018.11.08-19.57.22:800][  0]LogStats: UGameplayTagsManager::ConstructGameplayTagTree: ImportINI -  0.000 s
[2018.11.08-19.57.22:801][  0]LogStats: UGameplayTagsManager::ConstructGameplayTagTree: GameplayTagTreeChangedEvent.Broadcast -  0.000 s
[2018.11.08-19.57.23:040][  0]LogInit: Initializing FReadOnlyCVARCache
[2018.11.08-19.57.23:063][  0]LogAIModule: Creating AISystem for world Untitled
[2018.11.08-19.57.23:114][  0]LogInit: XAudio2 using 'Headphones (High Definition Audio Device)' : 2 channels at 48 kHz using 16 bits per sample (channel mask 0x3)
[2018.11.08-19.57.23:131][  0]LogInit: FAudioDevice initialized.
[2018.11.08-19.57.23:131][  0]LogNetVersion: Set ProjectVersion to 1.0.0.0. Version Checksum will be recalculated on next use.
[2018.11.08-19.57.23:246][  0]LogDerivedDataCache: Saved boot cache 0.11s 72MB C:/Users/u0800347/AppData/Local/UnrealEngine/4.20/DerivedDataCache/Boot.ddc.
[2018.11.08-19.57.23:278][  0]LogInit: Texture streaming: Enabled
[2018.11.08-19.57.23:304][  0]LogEngineSessionManager: EngineSessionManager initialized
[2018.11.08-19.57.23:304][  0]LogEngineSessionManager: EngineSessionManager sent abnormal shutdown report. Type=Crashed, SessionId={05A81C41-4A92-4322-14A8-4094860716D5}
[2018.11.08-19.57.23:327][  0]LogInit: Transaction tracking system initialized
[2018.11.08-19.57.23:365][  0]BlueprintLog: New page: Editor Load
[2018.11.08-19.57.23:489][  0]LocalizationService: Localization service is disabled
[2018.11.08-19.57.23:789][  0]LogCook: Display: Max memory allowance for cook 16384mb min free memory 0mb
[2018.11.08-19.57.23:789][  0]LogCook: Display: Mobile HDR setting 1
[2018.11.08-19.57.23:789][  0]LogGameplayTags: Display: UGameplayTagsManager::DoneAddingNativeTags. DelegateIsBound: 0
[2018.11.08-19.57.23:789][  0]LogStats: UGameplayTagsManager::ConstructGameplayTagTree: ImportINI prefixes -  0.000 s
[2018.11.08-19.57.23:789][  0]LogStats: UGameplayTagsManager::ConstructGameplayTagTree: Construct from data asset -  0.000 s
[2018.11.08-19.57.23:789][  0]LogStats: UGameplayTagsManager::ConstructGameplayTagTree: ImportINI -  0.000 s
[2018.11.08-19.57.23:789][  0]LogStats: UGameplayTagsManager::ConstructGameplayTagTree: GameplayTagTreeChangedEvent.Broadcast -  0.000 s
[2018.11.08-19.57.23:970][  0]LogFileCache: Scanning file cache for directory 'C:/Users/u0800347/Documents/GitHub/Mansion_Environment/Mansion/Content/' took 0.02s
[2018.11.08-19.57.23:970][  0]SourceControl: Source control is disabled
[2018.11.08-19.57.23:971][  0]Cmd: MAP LOAD FILE="../../../../../../Users/u0800347/Documents/GitHub/Mansion_Environment/Mansion/Content/StarterContent/Maps/Minimal_Default.umap" TEMPLATE=0 SHOWPROGRESS=1 FEATURELEVEL=3
[2018.11.08-19.57.23:975][  0]LightingResults: New page: Lighting Build
[2018.11.08-19.57.23:980][  0]MapCheck: New page: Map Check
[2018.11.08-19.57.23:980][  0]LightingResults: New page: Lighting Build
[2018.11.08-19.57.24:295][  0]LogLinker: Warning: Can't find file '/Game/Models/Props/None'
[2018.11.08-19.57.24:296][  0]LogLinker: Warning: Can't find file for asset '/Game/Models/Props/None' while loading ../../../../../../Users/u0800347/Documents/GitHub/Mansion_Environment/Mansion/Content/Models/Props/Lamp.uasset.
[2018.11.08-19.57.24:296][  0]LoadErrors: Error: /Game/Models/Props/Lamp : Can't find file for asset. /Game/Models/Props/None
[2018.11.08-19.57.24:296][  0]LogLinker: Warning: Can't find file '/Game/Models/Props/None'
[2018.11.08-19.57.24:296][  0]LogLinker: Warning: Can't find file for asset '/Game/Models/Props/None' while loading ../../../../../../Users/u0800347/Documents/GitHub/Mansion_Environment/Mansion/Content/Models/Props/Lamp.uasset.
[2018.11.08-19.57.24:296][  0]LoadErrors: Error: /Game/Models/Props/Lamp : Can't find file for asset. /Game/Models/Props/None
[2018.11.08-19.57.24:338][  0]LogLinker: Warning: Can't find file '/Game/Models/Props/None'
[2018.11.08-19.57.24:338][  0]LogLinker: Warning: Can't find file for asset '/Game/Models/Props/None' while loading ../../../../../../Users/u0800347/Documents/GitHub/Mansion_Environment/Mansion/Content/Models/Props/SpiderWeb.uasset.
[2018.11.08-19.57.24:338][  0]LoadErrors: Error: /Game/Models/Props/SpiderWeb : Can't find file for asset. /Game/Models/Props/None
[2018.11.08-19.57.24:338][  0]LogLinker: Warning: Can't find file '/Game/Models/Props/None'
[2018.11.08-19.57.24:339][  0]LogLinker: Warning: Can't find file for asset '/Game/Models/Props/None' while loading ../../../../../../Users/u0800347/Documents/GitHub/Mansion_Environment/Mansion/Content/Models/Props/SpiderWeb.uasset.
[2018.11.08-19.57.24:339][  0]LoadErrors: Error: /Game/Models/Props/SpiderWeb : Can't find file for asset. /Game/Models/Props/None
[2018.11.08-19.57.24:354][  0]LogLinker: Warning: Can't find file '/Game/Models/Props/None'
[2018.11.08-19.57.24:355][  0]LogLinker: Warning: Can't find file for asset '/Game/Models/Props/None' while loading ../../../../../../Users/u0800347/Documents/GitHub/Mansion_Environment/Mansion/Content/Models/Props/UmbrellaStand.uasset.
[2018.11.08-19.57.24:355][  0]LoadErrors: Error: /Game/Models/Props/UmbrellaStand : Can't find file for asset. /Game/Models/Props/None
[2018.11.08-19.57.24:355][  0]LogLinker: Warning: Can't find file '/Game/Models/Props/None'
[2018.11.08-19.57.24:355][  0]LogLinker: Warning: Can't find file for asset '/Game/Models/Props/None' while loading ../../../../../../Users/u0800347/Documents/GitHub/Mansion_Environment/Mansion/Content/Models/Props/UmbrellaStand.uasset.
[2018.11.08-19.57.24:355][  0]LoadErrors: Error: /Game/Models/Props/UmbrellaStand : Can't find file for asset. /Game/Models/Props/None
[2018.11.08-19.57.24:440][  0]LogLinker: Warning: Can't find file '/Game/Models/Props/None'
[2018.11.08-19.57.24:441][  0]LoadErrors: Failed to load /Game/Models/Props/None.Material_0 Referenced by UmbrellaStand
[2018.11.08-19.57.24:441][  0]LogLinker: Warning: Can't find file for asset '/Game/Models/Props/None' while loading NULL.
[2018.11.08-19.57.24:441][  0]LoadErrors: Failed to load /Game/Models/Props/None.Material_0 Referenced by UmbrellaStand
[2018.11.08-19.57.24:441][  0]LogLinker: Warning: Can't find file '/Game/Models/Props/None'
[2018.11.08-19.57.24:441][  0]LoadErrors: Failed to load /Game/Models/Props/None.Material_0 Referenced by UmbrellaStand
[2018.11.08-19.57.24:441][  0]LogLinker: Warning: Can't find file for asset '/Game/Models/Props/None' while loading NULL.
[2018.11.08-19.57.24:441][  0]LoadErrors: Failed to load /Game/Models/Props/None.Material_0 Referenced by UmbrellaStand
[2018.11.08-19.57.24:442][  0]LogLinker: Warning: Can't find file '/Game/Models/Props/None'
[2018.11.08-19.57.24:442][  0]LoadErrors: Failed to load /Game/Models/Props/None.Material_1 Referenced by SpiderWeb
[2018.11.08-19.57.24:442][  0]LogLinker: Warning: Can't find file for asset '/Game/Models/Props/None' while loading NULL.
[2018.11.08-19.57.24:442][  0]LoadErrors: Failed to load /Game/Models/Props/None.Material_1 Referenced by SpiderWeb
[2018.11.08-19.57.24:443][  0]LogLinker: Warning: Can't find file '/Game/Models/Props/None'
[2018.11.08-19.57.24:443][  0]LoadErrors: Failed to load /Game/Models/Props/None.Material_1 Referenced by SpiderWeb
[2018.11.08-19.57.24:443][  0]LogLinker: Warning: Can't find file for asset '/Game/Models/Props/None' while loading NULL.
[2018.11.08-19.57.24:443][  0]LoadErrors: Failed to load /Game/Models/Props/None.Material_1 Referenced by SpiderWeb
[2018.11.08-19.57.24:445][  0]LogLinker: Warning: Can't find file '/Game/Models/Props/None'
[2018.11.08-19.57.24:445][  0]LoadErrors: Failed to load /Game/Models/Props/None.Material_0 Referenced by Lamp
[2018.11.08-19.57.24:445][  0]LogLinker: Warning: Can't find file for asset '/Game/Models/Props/None' while loading NULL.
[2018.11.08-19.57.24:445][  0]LoadErrors: Failed to load /Game/Models/Props/None.Material_0 Referenced by Lamp
[2018.11.08-19.57.24:445][  0]LogLinker: Warning: Can't find file '/Game/Models/Props/None'
[2018.11.08-19.57.24:445][  0]LoadErrors: Failed to load /Game/Models/Props/None.Material_0 Referenced by Lamp
[2018.11.08-19.57.24:445][  0]LogLinker: Warning: Can't find file for asset '/Game/Models/Props/None' while loading NULL.
[2018.11.08-19.57.24:445][  0]LoadErrors: Failed to load /Game/Models/Props/None.Material_0 Referenced by Lamp
[2018.11.08-19.57.24:480][  0]LogTexture: Display: Building textures: Chipped_Wood_2_roughness (G8, 2048X2048)
[2018.11.08-19.57.24:480][  0]LogStaticMesh: Building static mesh Wood_Beam_Short...
[2018.11.08-19.57.24:489][  0]LogStaticMesh: Built static mesh [0.01s] /Game/Models/Architecture/Wood_Beam_Short.Wood_Beam_Short
[2018.11.08-19.57.24:491][  0]LogStaticMesh: Building static mesh Wood_Beam_Long...
[2018.11.08-19.57.24:497][  0]LogStaticMesh: Built static mesh [0.01s] /Game/Models/Architecture/Wood_Beam_Long.Wood_Beam_Long
[2018.11.08-19.57.24:508][  0]LogTexture: Display: Building textures: Chipped_Wood_2_height (G8, 2048X2048)
[2018.11.08-19.57.24:508][  0]LogMaterial: Display: Missing cached shader map for material Glass_Transperent, compiling. 
[2018.11.08-19.57.24:727][  0]LogTexture: Display: Building textures: Stone_Floor_roughness (G8, 2048X2048)
[2018.11.08-19.57.24:727][  0]LogShaderCompilers: Display: Shaders left to compile 43
[2018.11.08-19.57.24:727][  0]LogShaderCompilers: Display: Shaders left to compile 33
[2018.11.08-19.57.24:727][  0]LogShaderCompilers: Display: Shaders left to compile 23
[2018.11.08-19.57.24:727][  0]LogShaderCompilers: Display: Shaders left to compile 13
[2018.11.08-19.57.24:727][  0]LogShaderCompilers: Display: Shaders left to compile 3
[2018.11.08-19.57.24:727][  0]LogStaticMesh: Building static mesh Window...
[2018.11.08-19.57.24:767][  0]LogStaticMesh: Built static mesh [0.04s] /Game/Models/Architecture/Window.Window
[2018.11.08-19.57.24:770][  0]LogStaticMesh: Building static mesh Wall_6x6...
[2018.11.08-19.57.24:776][  0]LogStaticMesh: Built static mesh [0.01s] /Game/Models/Architecture/Wall_6x6.Wall_6x6
[2018.11.08-19.57.29:233][  0]LogTexture: Display: Building textures: Chipped_Wood_2_normal (BC5, 2048X2048)
[2018.11.08-19.57.29:233][  0]LogTexture: Display: Building textures: Chipped_Wood_2_basecolor (AutoDXT, 2048X2048)
[2018.11.08-19.57.29:233][  0]LogTexture: Display: Building textures: Stone_Floor_metallic (G8, 2048X2048)
[2018.11.08-19.57.29:233][  0]LogTexture: Display: Building textures: Stone_Floor_normal (BC5, 2048X2048)
[2018.11.08-19.57.29:233][  0]LogTexture: Display: Building textures: Chipped_Wood_2_ambientOcclusion (G8, 2048X2048)
[2018.11.08-19.57.29:234][  0]LogTexture: Display: Building textures: Stone_Floor_ambientOcclusion (G8, 2048X2048)
[2018.11.08-19.57.29:234][  0]LogTexture: Display: Building textures: Stone_Floor_basecolor (AutoDXT, 2048X2048)
[2018.11.08-19.57.29:234][  0]LogTexture: Display: Building textures: Wood_Lath_roughness (G8, 2048X2048)
[2018.11.08-19.57.29:234][  0]LogTexture: Display: Building textures: Plaster_ambientOcclusion (G8, 2048X2048)
[2018.11.08-19.57.29:234][  0]LogTexture: Display: Building textures: Brush_Texture_1 (G8, 2048X2048)
[2018.11.08-19.57.29:234][  0]LogTexture: Display: Building textures: Brush (G8, 2048X2048)
[2018.11.08-19.57.29:234][  0]LogTexture: Display: Building textures: Wood_Lath_normal (BC5, 2048X2048)
[2018.11.08-19.57.29:234][  0]LogTexture: Display: Building textures: Wood_Lath_metallic (G8, 2048X2048)
[2018.11.08-19.57.29:234][  0]LogTexture: Display: Building textures: Wood_Lath_basecolor (AutoDXT, 2048X2048)
[2018.11.08-19.57.29:234][  0]LogTexture: Display: Building textures: Wood_Lath_ambientOcclusion (G8, 2048X2048)
[2018.11.08-19.57.29:234][  0]LogTexture: Display: Building textures: Plaster_normal (BC5, 2048X2048)
[2018.11.08-19.57.29:234][  0]LogMaterial: Display: Missing cached shader map for material Wood_Polished, compiling. 
[2018.11.08-19.57.29:336][  0]LogStaticMesh: Building static mesh Wall_6x18...
[2018.11.08-19.57.29:355][  0]LogStaticMesh: Built static mesh [0.02s] /Game/Models/Architecture/Wall_6x18.Wall_6x18
[2018.11.08-19.57.29:359][  0]LogStaticMesh: Building static mesh Wall_3x18...
[2018.11.08-19.57.29:374][  0]LogStaticMesh: Built static mesh [0.01s] /Game/Models/Architecture/Wall_3x18.Wall_3x18
[2018.11.08-19.57.29:382][  0]LogStaticMesh: Building static mesh Wall_21x18...
[2018.11.08-19.57.29:411][  0]LogStaticMesh: Built static mesh [0.03s] /Game/Models/Architecture/Wall_21x18.Wall_21x18
[2018.11.08-19.57.29:443][  0]LogMaterial: Display: Missing cached shader map for material Wood, compiling. 
[2018.11.08-19.57.29:707][  0]LogMaterial: Display: Missing cached shader map for material Stone_Floor, compiling. 
[2018.11.08-19.57.29:928][  0]LogStaticMesh: Building static mesh Crown_Molding...
[2018.11.08-19.57.29:934][  0]LogStaticMesh: Built static mesh [0.01s] /Game/Models/Architecture/Crown_Molding.Crown_Molding
[2018.11.08-19.57.29:945][  0]LogStaticMesh: Building static mesh Grandfather_Timer...
[2018.11.08-19.57.29:991][  0]LogStaticMesh: Built static mesh [0.05s] /Game/Models/Props/Grandfather_Timer.Grandfather_Timer
[2018.11.08-19.57.30:039][  0]LogStaticMesh: Building static mesh Large_Square_Painting...
[2018.11.08-19.57.30:061][  0]LogStaticMesh: Built static mesh [0.02s] /Game/Models/Props/Large_Square_Painting.Large_Square_Painting
[2018.11.08-19.57.30:105][  0]LogStaticMesh: Building static mesh Round_Painting...
[2018.11.08-19.57.30:123][  0]LogStaticMesh: Built static mesh [0.02s] /Game/Models/Props/Round_Painting.Round_Painting
[2018.11.08-19.57.30:171][  0]LogStaticMesh: Building static mesh Small_Square_Painting...
[2018.11.08-19.57.30:177][  0]LogStaticMesh: Built static mesh [0.01s] /Game/Models/Props/Small_Square_Painting.Small_Square_Painting
[2018.11.08-19.57.30:302][  0]LogStaticMesh: Building static mesh Stairs...
[2018.11.08-19.57.31:311][  0]LogShaderCompilers: Display: Shaders left to compile 93
[2018.11.08-19.57.31:311][  0]LogStaticMesh: Built static mesh [1.01s] /Game/Models/Architecture/Stairs.Stairs
[2018.11.08-19.57.31:602][  0]LogMaterial: Display: Missing cached shader map for material Glass, compiling. 
[2018.11.08-19.57.31:636][  0]LogMaterial: Display: Missing cached shader map for material Carpet, compiling. 
[2018.11.08-19.57.31:682][  0]LogMaterial: Display: Missing cached shader map for material Plaster, compiling. 
[2018.11.08-19.57.31:726][  0]LogAIModule: Creating AISystem for world Minimal_Default
[2018.11.08-19.57.31:745][  0]LogEditorServer: Finished looking for orphan Actors (0.000 secs)
[2018.11.08-19.57.31:781][  0]Cmd: MAP CHECKDEP NOCLEARLOG
[2018.11.08-19.57.31:940][  0]MapCheck: Map check complete: 0 Error(s), 0 Warning(s), took 158.877ms to complete.
[2018.11.08-19.57.31:940][  0]LogFileHelpers: Loading map 'Minimal_Default' took 7.971
[2018.11.08-19.57.32:130][  0]LogShaderCompilers: Display: Shaders left to compile 176
[2018.11.08-19.57.32:130][  0]LogSlate: Updating window title bar state: overlay mode, drag disabled, window buttons hidden, title bar hidden
[2018.11.08-19.57.32:145][  0]LogSlate: Updating window title bar state: overlay mode, drag disabled, window buttons hidden, title bar hidden
[2018.11.08-19.57.32:158][  0]LogSlate: Updating window title bar state: overlay mode, drag disabled, window buttons hidden, title bar hidden
[2018.11.08-19.57.32:173][  0]LogSlate: Updating window title bar state: overlay mode, drag disabled, window buttons hidden, title bar hidden
[2018.11.08-19.57.32:190][  0]LogCollectionManager: Loaded 0 collections in 0.004372 seconds
[2018.11.08-19.57.32:241][  0]LogFileCache: Scanning file cache for directory 'C:/Users/u0800347/Documents/GitHub/Mansion_Environment/Mansion/Saved/Collections/' took 0.01s
[2018.11.08-19.57.32:241][  0]LogFileCache: Scanning file cache for directory 'C:/Users/u0800347/Documents/GitHub/Mansion_Environment/Mansion/Content/Developers/u0800347/Collections/' took 0.01s
[2018.11.08-19.57.32:241][  0]LogFileCache: Scanning file cache for directory 'C:/Users/u0800347/Documents/GitHub/Mansion_Environment/Mansion/Content/Collections/' took 0.01s
[2018.11.08-19.57.32:241][  0]LogCollectionManager: Rebuilt the GUID cache for 0 collections in 0.000001 seconds
[2018.11.08-19.57.32:266][  0]LogContentBrowser: Native class hierarchy populated in 0.0250 seconds. Added 2572 classes and 603 folders.
[2018.11.08-19.57.32:280][  0]LogContentBrowser: Native class hierarchy updated for 'WidgetCarousel' in 0.0004 seconds. Added 0 classes and 0 folders.
[2018.11.08-19.57.32:862][  0]LogContentBrowser: Native class hierarchy updated for 'AddContentDialog' in 0.0003 seconds. Added 0 classes and 0 folders.
[2018.11.08-19.57.32:874][  0]LogContentBrowser: Native class hierarchy updated for 'SceneOutliner' in 0.0007 seconds. Added 1 classes and 2 folders.
[2018.11.08-19.57.32:914][  0]LogSlate: Took 0.009229 seconds to synchronously load lazily loaded font '../../../Engine/Content/Slate/Fonts/Roboto-Regular.ttf' (155K)
[2018.11.08-19.57.32:924][  0]LogSlate: Took 0.007787 seconds to synchronously load lazily loaded font '../../../Engine/Content/Slate/Fonts/Roboto-Bold.ttf' (160K)
[2018.11.08-19.57.32:941][  0]LogSlate: Took 0.008367 seconds to synchronously load lazily loaded font '../../../Engine/Content/Editor/Slate/Fonts/FontAwesome.ttf' (139K)
[2018.11.08-19.57.33:113][  0]LogRenderer: Reallocating scene render targets to support 1208x540 Format 10 NumSamples 1 (Frame:1).
[2018.11.08-19.57.33:239][  0]LogSlate: Took 0.006453 seconds to synchronously load lazily loaded font '../../../Engine/Content/Slate/Fonts/Roboto-Light.ttf' (167K)
[2018.11.08-19.57.33:425][  0]LogContentBrowser: Native class hierarchy updated for 'HierarchicalLODOutliner' in 0.0004 seconds. Added 0 classes and 0 folders.
[2018.11.08-19.57.33:425][  0]LogLoad: (Engine Initialization) Total time: 23.93 seconds
[2018.11.08-19.57.33:425][  0]LogLoad: (Engine Initialization) Total Blueprint compile time: 0.00 seconds
[2018.11.08-19.57.33:437][  0]LogShaderCompilers: Display: Shaders left to compile 166
[2018.11.08-19.57.33:464][  0]LogContentStreaming: Texture pool size now 1000 MB
[2018.11.08-19.57.33:480][  0]LogSlate: FSceneViewport::OnFocusLost() reason 2
[2018.11.08-19.57.33:688][  2]LogAssetRegistry: Asset discovery search completed in 15.3950 seconds
[2018.11.08-19.57.33:692][  2]LogCollectionManager: Rebuilt the object cache for 0 collections in 0.000001 seconds (found 0 objects)
[2018.11.08-19.57.33:692][  2]LogCollectionManager: Fixed up redirectors for 0 collections in 0.000133 seconds (updated 0 objects)
[2018.11.08-19.57.34:501][ 64]LogSlate: Took 0.000394 seconds to synchronously load lazily loaded font '../../../Engine/Content/Slate/Fonts/Roboto-Light.ttf' (167K)
[2018.11.08-19.57.34:614][ 72]LogShaderCompilers: Display: Shaders left to compile 156
[2018.11.08-19.57.35:409][120]LogShaderCompilers: Display: Shaders left to compile 146
[2018.11.08-19.57.35:822][145]LogShaderCompilers: Display: Shaders left to compile 136
[2018.11.08-19.57.36:577][202]LogSlate: Window 'Message Log' being destroyed
[2018.11.08-19.57.36:584][202]LogSlate: Window 'Message Log' being destroyed
[2018.11.08-19.57.36:874][227]LogShaderCompilers: Display: Shaders left to compile 126
[2018.11.08-19.57.36:903][230]LogShaderCompilers: Display: Shaders left to compile 116
[2018.11.08-19.57.39:247][437]LogShaderCompilers: Display: Shaders left to compile 106
[2018.11.08-19.57.40:509][552]LogShaderCompilers: Display: Shaders left to compile 96
[2018.11.08-19.57.40:708][570]LogShaderCompilers: Display: Shaders left to compile 86
[2018.11.08-19.57.40:941][585]LogShaderCompilers: Display: Shaders left to compile 76
[2018.11.08-19.57.43:022][783]LogShaderCompilers: Display: Shaders left to compile 66
[2018.11.08-19.57.43:634][844]LogShaderCompilers: Display: Shaders left to compile 56
[2018.11.08-19.57.44:965][981]LogShaderCompilers: Display: Shaders left to compile 46
[2018.11.08-19.57.45:094][994]LogShaderCompilers: Display: Shaders left to compile 36
[2018.11.08-19.57.45:703][ 44]LogShaderCompilers: Display: Shaders left to compile 26
[2018.11.08-19.57.47:193][158]LogShaderCompilers: Display: Shaders left to compile 16
[2018.11.08-19.57.48:153][208]LogShaderCompilers: Display: Shaders left to compile 6
[2018.11.08-20.08.32:748][319]LogSlate: FSceneViewport::OnFocusLost() reason 0
[2018.11.08-20.08.41:410][806]LogSlate: Window 'Reimport missing files' being destroyed
[2018.11.08-20.09.07:845][806]LogEditorFactories: Performing atomic reimport of [C:/Users/u0800347/Documents/GitHub/Mansion_Environment/Materials/Plaster/Stone_Floor_ambientOcclusion.tga]
[2018.11.08-20.09.07:855][806]LogFactory: FactoryCreateFile: Texture2D with ReimportTextureFactory (0 0 C:/Users/u0800347/Documents/GitHub/Mansion_Environment/Materials/Plaster/Stone_Floor_ambientOcclusion.tga)
[2018.11.08-20.09.07:870][806]LogTexture: Display: Building textures: Stone_Floor_ambientOcclusion (G8, 2048X2048)
[2018.11.08-20.09.08:047][806]LogEditorFactories: -- imported successfully
[2018.11.08-20.09.08:071][806]LogEditorFactories: Performing atomic reimport of [C:/Users/u0800347/Documents/GitHub/Mansion_Environment/Materials/Plaster/Stone_Floor_basecolor.tga]
[2018.11.08-20.09.08:104][806]LogFactory: FactoryCreateFile: Texture2D with ReimportTextureFactory (0 0 C:/Users/u0800347/Documents/GitHub/Mansion_Environment/Materials/Plaster/Stone_Floor_basecolor.tga)
[2018.11.08-20.09.08:169][806]LogTexture: Display: Building textures: Stone_Floor_basecolor (AutoDXT, 2048X2048)
[2018.11.08-20.09.09:041][806]LogEditorFactories: -- imported successfully
[2018.11.08-20.09.09:087][806]LogEditorFactories: Performing atomic reimport of [C:/Users/u0800347/Documents/GitHub/Mansion_Environment/Materials/Plaster/Stone_Floor_metallic.tga]
[2018.11.08-20.09.09:098][806]LogFactory: FactoryCreateFile: Texture2D with ReimportTextureFactory (0 0 C:/Users/u0800347/Documents/GitHub/Mansion_Environment/Materials/Plaster/Stone_Floor_metallic.tga)
[2018.11.08-20.09.09:106][806]LogTexture: Display: Building textures: Stone_Floor_metallic (G8, 2048X2048)
[2018.11.08-20.09.09:292][806]LogEditorFactories: -- imported successfully
[2018.11.08-20.09.09:319][806]LogEditorFactories: Performing atomic reimport of [C:/Users/u0800347/Documents/GitHub/Mansion_Environment/Materials/Plaster/Stone_Floor_normal.tga]
[2018.11.08-20.09.09:351][806]LogFactory: FactoryCreateFile: Texture2D with ReimportTextureFactory (0 0 C:/Users/u0800347/Documents/GitHub/Mansion_Environment/Materials/Plaster/Stone_Floor_normal.tga)
[2018.11.08-20.09.09:413][806]LogTexture: Display: Building textures: Stone_Floor_normal (BC5, 2048X2048)
[2018.11.08-20.09.09:653][806]LogEditorFactories: -- imported successfully
[2018.11.08-20.09.09:701][806]LogEditorFactories: Performing atomic reimport of [C:/Users/u0800347/Documents/GitHub/Mansion_Environment/Materials/Plaster/Stone_Floor_roughness.tga]
[2018.11.08-20.09.09:712][806]LogFactory: FactoryCreateFile: Texture2D with ReimportTextureFactory (0 0 C:/Users/u0800347/Documents/GitHub/Mansion_Environment/Materials/Plaster/Stone_Floor_roughness.tga)
[2018.11.08-20.09.09:720][806]LogTexture: Display: Building textures: Stone_Floor_roughness (G8, 2048X2048)
[2018.11.08-20.09.09:839][806]LogEditorFactories: -- imported successfully
[2018.11.08-20.09.15:903][511]LogSlate: FSceneViewport::OnFocusLost() reason 2
[2018.11.08-20.09.15:949][511]LogFileHelpers: Editor autosave (incl. sublevels) for '/Game/StarterContent/Maps/Minimal_Default' took 0.019
[2018.11.08-20.09.15:951][511]OBJ SavePackage: Generating thumbnails for [1] asset(s) in package [/Game/Models/Materials/Textures/Stone_Floor_ambientOcclusion] ([1] browsable assets)...
[2018.11.08-20.09.15:960][511]OBJ SavePackage:     Rendered thumbnail for [Texture2D /Game/Models/Materials/Textures/Stone_Floor_ambientOcclusion.Stone_Floor_ambientOcclusion]
[2018.11.08-20.09.15:960][511]OBJ SavePackage: Finished generating thumbnails for package [/Game/Models/Materials/Textures/Stone_Floor_ambientOcclusion]
[2018.11.08-20.09.16:015][511]LogSavePackage: Moving '../../../../../../Users/u0800347/Documents/GitHub/Mansion_Environment/Mansion/Saved/Stone_Floor_ambientOcclusion_Aut57795F8F4C70915B376AEB950474538E.tmp' to '../../../../../../Users/u0800347/Documents/GitHub/Mansion_Environment/Mansion/Saved/Autosaves/Game/Models/Materials/Textures/Stone_Floor_ambientOcclusion_Auto1.uasset'
[2018.11.08-20.09.16:018][511]OBJ SavePackage: Generating thumbnails for [1] asset(s) in package [/Game/Models/Materials/Textures/Stone_Floor_basecolor] ([1] browsable assets)...
[2018.11.08-20.09.16:026][511]OBJ SavePackage:     Rendered thumbnail for [Texture2D /Game/Models/Materials/Textures/Stone_Floor_basecolor.Stone_Floor_basecolor]
[2018.11.08-20.09.16:026][511]OBJ SavePackage: Finished generating thumbnails for package [/Game/Models/Materials/Textures/Stone_Floor_basecolor]
[2018.11.08-20.09.16:080][511]LogSavePackage: Moving '../../../../../../Users/u0800347/Documents/GitHub/Mansion_Environment/Mansion/Saved/Stone_Floor_basecolor_Auto1F0CDDAB24671EC8CF64BCEB8750D9358.tmp' to '../../../../../../Users/u0800347/Documents/GitHub/Mansion_Environment/Mansion/Saved/Autosaves/Game/Models/Materials/Textures/Stone_Floor_basecolor_Auto1.uasset'
[2018.11.08-20.09.16:082][511]OBJ SavePackage: Generating thumbnails for [1] asset(s) in package [/Game/Models/Materials/Textures/Stone_Floor_metallic] ([1] browsable assets)...
[2018.11.08-20.09.16:089][511]OBJ SavePackage:     Rendered thumbnail for [Texture2D /Game/Models/Materials/Textures/Stone_Floor_metallic.Stone_Floor_metallic]
[2018.11.08-20.09.16:089][511]OBJ SavePackage: Finished generating thumbnails for package [/Game/Models/Materials/Textures/Stone_Floor_metallic]
[2018.11.08-20.09.16:126][511]LogSavePackage: Moving '../../../../../../Users/u0800347/Documents/GitHub/Mansion_Environment/Mansion/Saved/Stone_Floor_metallic_Auto15D3D864545357AD59CE720829F91595F.tmp' to '../../../../../../Users/u0800347/Documents/GitHub/Mansion_Environment/Mansion/Saved/Autosaves/Game/Models/Materials/Textures/Stone_Floor_metallic_Auto1.uasset'
[2018.11.08-20.09.16:129][511]OBJ SavePackage: Generating thumbnails for [1] asset(s) in package [/Game/Models/Materials/Textures/Stone_Floor_normal] ([1] browsable assets)...
[2018.11.08-20.09.16:136][511]OBJ SavePackage:     Rendered thumbnail for [Texture2D /Game/Models/Materials/Textures/Stone_Floor_normal.Stone_Floor_normal]
[2018.11.08-20.09.16:136][511]OBJ SavePackage: Finished generating thumbnails for package [/Game/Models/Materials/Textures/Stone_Floor_normal]
[2018.11.08-20.09.16:202][511]LogSavePackage: Moving '../../../../../../Users/u0800347/Documents/GitHub/Mansion_Environment/Mansion/Saved/Stone_Floor_normal_Auto1E9F7BCCB41A1F723BB87E398B954FCB7.tmp' to '../../../../../../Users/u0800347/Documents/GitHub/Mansion_Environment/Mansion/Saved/Autosaves/Game/Models/Materials/Textures/Stone_Floor_normal_Auto1.uasset'
[2018.11.08-20.09.16:204][511]OBJ SavePackage: Generating thumbnails for [1] asset(s) in package [/Game/Models/Materials/Textures/Stone_Floor_roughness] ([1] browsable assets)...
[2018.11.08-20.09.16:212][511]OBJ SavePackage:     Rendered thumbnail for [Texture2D /Game/Models/Materials/Textures/Stone_Floor_roughness.Stone_Floor_roughness]
[2018.11.08-20.09.16:212][511]OBJ SavePackage: Finished generating thumbnails for package [/Game/Models/Materials/Textures/Stone_Floor_roughness]
[2018.11.08-20.09.16:328][511]LogSavePackage: Moving '../../../../../../Users/u0800347/Documents/GitHub/Mansion_Environment/Mansion/Saved/Stone_Floor_roughness_Auto1C859EE1A4223DFC696C045A14EA42180.tmp' to '../../../../../../Users/u0800347/Documents/GitHub/Mansion_Environment/Mansion/Saved/Autosaves/Game/Models/Materials/Textures/Stone_Floor_roughness_Auto1.uasset'
[2018.11.08-20.09.16:330][511]LogFileHelpers: Auto-saving content packages took 0.380
[2018.11.08-20.09.34:104][176]LogSlate: FSceneViewport::OnFocusLost() reason 0
[2018.11.08-20.09.35:308][292]LogAssetEditorManager: Opening Asset editor for Texture2D /Game/Models/Materials/Textures/Stone_Floor_basecolor.Stone_Floor_basecolor
[2018.11.08-20.09.35:314][292]LogContentBrowser: Native class hierarchy updated for 'TextureEditor' in 0.0003 seconds. Added 1 classes and 2 folders.
[2018.11.08-20.09.38:105][578]LogAssetEditorManager: Opening Asset editor for Texture2D /Game/Models/Materials/Textures/Stone_Floor_normal.Stone_Floor_normal
[2018.11.08-20.09.45:101][361]LogSlate: Window 'Stone_Floor_basecolor*' being destroyed
[2018.11.08-20.09.45:105][361]LogSlate: Window 'Stone_Floor_basecolor*' being destroyed
[2018.11.08-20.09.57:839][554]LogAssetEditorManager: Opening Asset editor for Texture2D /Game/Models/Materials/Textures/Stone_Floor_normal.Stone_Floor_normal
[2018.11.08-20.10.02:200][ 37]LogEditorFactories: Performing atomic reimport of [C:/Users/u0800347/Documents/GitHub/Mansion_Environment/Materials/Plaster/Stone_Floor_normal.tga]
[2018.11.08-20.10.02:232][ 37]LogFactory: FactoryCreateFile: Texture2D with ReimportTextureFactory (0 0 C:/Users/u0800347/Documents/GitHub/Mansion_Environment/Materials/Plaster/Stone_Floor_normal.tga)
[2018.11.08-20.10.02:246][ 37]LogTexture: Display: Building textures: Stone_Floor_normal (BGRA8, 2048X2048)
[2018.11.08-20.10.02:468][ 37]LogTexture: Display: Building textures: Stone_Floor_normal (BGRA8, 2048X2048)
[2018.11.08-20.10.02:648][ 37]LogEditorFactories: -- imported successfully
[2018.11.08-20.11.46:223][423]LogEditorFactories: Performing atomic reimport of [C:/Users/u0800347/Documents/GitHub/Mansion_Environment/Materials/Plaster/Stone_Floor_normal.tga]
[2018.11.08-20.11.46:256][423]LogFactory: FactoryCreateFile: Texture2D with ReimportTextureFactory (0 0 C:/Users/u0800347/Documents/GitHub/Mansion_Environment/Materials/Plaster/Stone_Floor_normal.tga)
[2018.11.08-20.11.46:319][423]LogTexture: Display: Building textures: Stone_Floor_normal (BGRA8, 2048X2048)
[2018.11.08-20.11.46:487][423]LogEditorFactories: -- imported successfully
[2018.11.08-20.19.16:612][231]LogFileHelpers: Editor autosave (incl. sublevels) for '/Game/StarterContent/Maps/Minimal_Default' took 0.018
[2018.11.08-20.19.16:615][231]OBJ SavePackage: Generating thumbnails for [1] asset(s) in package [/Game/Models/Materials/Textures/Stone_Floor_normal] ([1] browsable assets)...
[2018.11.08-20.19.16:624][231]OBJ SavePackage:     Rendered thumbnail for [Texture2D /Game/Models/Materials/Textures/Stone_Floor_normal.Stone_Floor_normal]
[2018.11.08-20.19.16:624][231]OBJ SavePackage: Finished generating thumbnails for package [/Game/Models/Materials/Textures/Stone_Floor_normal]
[2018.11.08-20.19.16:672][231]LogTexture: Display: Building textures: Stone_Floor_normal (BC5, 2048X2048)
[2018.11.08-20.19.16:974][231]LogSavePackage: Moving '../../../../../../Users/u0800347/Documents/GitHub/Mansion_Environment/Mansion/Saved/Stone_Floor_normal_Auto2B5C99D3D46FA7564564D37B69FBDCF93.tmp' to '../../../../../../Users/u0800347/Documents/GitHub/Mansion_Environment/Mansion/Saved/Autosaves/Game/Models/Materials/Textures/Stone_Floor_normal_Auto2.uasset'
[2018.11.08-20.19.16:979][231]LogFileHelpers: Auto-saving content packages took 0.365
[2018.11.08-20.26.16:164][578]LogSavePackage: Moving '../../../../../../Users/u0800347/Documents/GitHub/Mansion_Environment/Mansion/Saved/Stone_Floor_normal27D59A094A078E5B8C5AC68E17CE5447.tmp' to '../../../../../../Users/u0800347/Documents/GitHub/Mansion_Environment/Mansion/Content/Models/Materials/Textures/Stone_Floor_normal.uasset'
[2018.11.08-20.26.19:125][690]LogSlate: Window 'Save Content' being destroyed
[2018.11.08-20.26.19:349][690]LogSavePackage: Moving '../../../../../../Users/u0800347/Documents/GitHub/Mansion_Environment/Mansion/Saved/Stone_Floor_ambientOcclusion4CA4A6BE43F62FD998C267AB46EE0CE5.tmp' to '../../../../../../Users/u0800347/Documents/GitHub/Mansion_Environment/Mansion/Content/Models/Materials/Textures/Stone_Floor_ambientOcclusion.uasset'
[2018.11.08-20.26.19:903][690]LogSavePackage: Moving '../../../../../../Users/u0800347/Documents/GitHub/Mansion_Environment/Mansion/Saved/Stone_Floor_basecolor866BAD85410DEEA8E0EC55917FAE3196.tmp' to '../../../../../../Users/u0800347/Documents/GitHub/Mansion_Environment/Mansion/Content/Models/Materials/Textures/Stone_Floor_basecolor.uasset'
[2018.11.08-20.26.19:980][690]LogSavePackage: Moving '../../../../../../Users/u0800347/Documents/GitHub/Mansion_Environment/Mansion/Saved/Stone_Floor_metallic835C734C4DDC3CF37998E1859FC5771D.tmp' to '../../../../../../Users/u0800347/Documents/GitHub/Mansion_Environment/Mansion/Content/Models/Materials/Textures/Stone_Floor_metallic.uasset'
[2018.11.08-20.26.20:177][690]LogSavePackage: Moving '../../../../../../Users/u0800347/Documents/GitHub/Mansion_Environment/Mansion/Saved/Stone_Floor_roughnessFB9E20E743FCF957A94A5982FEC376FC.tmp' to '../../../../../../Users/u0800347/Documents/GitHub/Mansion_Environment/Mansion/Content/Models/Materials/Textures/Stone_Floor_roughness.uasset'
[2018.11.08-20.26.20:267][690]LogSlate: Window 'Stone_Floor_normal' being destroyed
[2018.11.08-20.26.20:299][690]LogSlate: Window 'Mansion - Unreal Editor' being destroyed
[2018.11.08-20.26.20:299][690]LogWindowsTextInputMethodSystem: Display: IME system now deactivated.
[2018.11.08-20.26.20:529][691]Cmd: QUIT_EDITOR
[2018.11.08-20.26.20:574][691]LogExit: Preparing to exit.
[2018.11.08-20.26.21:059][691]LogDirectoryWatcher: A directory notification failed for 'C:/Users/u0800347/Documents/GitHub/Mansion_Environment/Mansion/Content/', and we were unable to create a new request.
[2018.11.08-20.26.21:078][691]LogExit: Editor shut down
[2018.11.08-20.26.21:078][691]LogExit: Transaction tracking system shut down
[2018.11.08-20.26.21:478][691]LogExit: Object subsystem successfully closed.
[2018.11.08-20.26.21:495][691]LogShaderCompilers: Display: Shaders left to compile 0
[2018.11.08-20.26.21:498][691]LogD3D11RHI: Shutdown
[2018.11.08-20.26.21:498][691]LogD3D11RHI: CleanupD3DDevice
[2018.11.08-20.26.21:500][691]LogD3D11RHI: ~FD3D11DynamicRHI
[2018.11.08-20.26.21:526][691]LogModuleManager: Shutting down and abandoning module TextureEditor (614)
[2018.11.08-20.26.21:527][691]LogModuleManager: Shutting down and abandoning module HierarchicalLODOutliner (612)
[2018.11.08-20.26.21:527][691]LogModuleManager: Shutting down and abandoning module SceneOutliner (610)
[2018.11.08-20.26.21:527][691]LogModuleManager: Shutting down and abandoning module AddContentDialog (608)
[2018.11.08-20.26.21:527][691]LogModuleManager: Shutting down and abandoning module WidgetCarousel (607)
[2018.11.08-20.26.21:527][691]LogModuleManager: Shutting down and abandoning module EditorWidgets (604)
[2018.11.08-20.26.21:527][691]LogModuleManager: Shutting down and abandoning module CollectionManager (602)
[2018.11.08-20.26.21:527][691]LogModuleManager: Shutting down and abandoning module MeshBuilder (600)
[2018.11.08-20.26.21:527][691]LogModuleManager: Shutting down and abandoning module StatsViewer (598)
[2018.11.08-20.26.21:527][691]LogModuleManager: Shutting down and abandoning module FoliageEdit (596)
[2018.11.08-20.26.21:527][691]LogModuleManager: Shutting down and abandoning module LandscapeEditor (594)
[2018.11.08-20.26.21:528][691]LogModuleManager: Shutting down and abandoning module MeshPaintMode (592)
[2018.11.08-20.26.21:528][691]LogModuleManager: Shutting down and abandoning module SceneDepthPickerMode (590)
[2018.11.08-20.26.21:528][691]LogModuleManager: Shutting down and abandoning module ActorPickerMode (588)
[2018.11.08-20.26.21:528][691]LogModuleManager: Shutting down and abandoning module GeometryMode (586)
[2018.11.08-20.26.21:528][691]LogModuleManager: Shutting down and abandoning module TextureAlignMode (584)
[2018.11.08-20.26.21:528][691]LogModuleManager: Shutting down and abandoning module BspMode (582)
[2018.11.08-20.26.21:528][691]LogModuleManager: Shutting down and abandoning module PIEPreviewDeviceProfileSelector (580)
[2018.11.08-20.26.21:528][691]LogModuleManager: Shutting down and abandoning module SequenceRecorderSections (578)
[2018.11.08-20.26.21:528][691]LogModuleManager: Shutting down and abandoning module AutomationWorker (576)
[2018.11.08-20.26.21:528][691]LogModuleManager: Shutting down and abandoning module AudioCaptureEditor (574)
[2018.11.08-20.26.21:528][691]LogModuleManager: Shutting down and abandoning module SequenceRecorder (573)
[2018.11.08-20.26.21:528][691]LogModuleManager: Shutting down and abandoning module MatineeToLevelSequence (570)
[2018.11.08-20.26.21:528][691]LogModuleManager: Shutting down and abandoning module LevelSequenceEditor (568)
[2018.11.08-20.26.21:528][691]LogModuleManager: Shutting down and abandoning module PlacementMode (567)
[2018.11.08-20.26.21:528][691]LogModuleManager: Shutting down and abandoning module MaterialEditor (566)
[2018.11.08-20.26.21:528][691]LogModuleManager: Shutting down and abandoning module WmfMediaFactory (562)
[2018.11.08-20.26.21:528][691]LogModuleManager: Shutting down and abandoning module WmfMediaEditor (560)
[2018.11.08-20.26.21:528][691]LogModuleManager: Shutting down and abandoning module MediaPlayerEditor (558)
[2018.11.08-20.26.21:528][691]LogModuleManager: Shutting down and abandoning module OpenExrWrapper (556)
[2018.11.08-20.26.21:528][691]LogModuleManager: Shutting down and abandoning module ImgMediaFactory (554)
[2018.11.08-20.26.21:528][691]LogModuleManager: Shutting down and abandoning module ImgMediaEditor (552)
[2018.11.08-20.26.21:528][691]LogModuleManager: Shutting down and abandoning module AvfMediaFactory (550)
[2018.11.08-20.26.21:528][691]LogModuleManager: Shutting down and abandoning module AvfMediaEditor (548)
[2018.11.08-20.26.21:528][691]LogModuleManager: Shutting down and abandoning module AndroidMediaFactory (546)
[2018.11.08-20.26.21:528][691]LogModuleManager: Shutting down and abandoning module AndroidMediaEditor (544)
[2018.11.08-20.26.21:528][691]LogModuleManager: Shutting down and abandoning module MagicLeapCameraPreviewFactory (542)
[2018.11.08-20.26.21:528][691]LogModuleManager: Shutting down and abandoning module MagicLeapMediaFactory (540)
[2018.11.08-20.26.21:528][691]LogModuleManager: Shutting down and abandoning module MagicLeapMediaEditor (538)
[2018.11.08-20.26.21:528][691]LogModuleManager: Shutting down and abandoning module CharacterAI (536)
[2018.11.08-20.26.21:528][691]LogModuleManager: Shutting down and abandoning module SmartSnapping (534)
[2018.11.08-20.26.21:528][691]LogModuleManager: Shutting down and abandoning module SessionServices (532)
[2018.11.08-20.26.21:528][691]LogModuleManager: Shutting down and abandoning module ViewportSnapping (530)
[2018.11.08-20.26.21:528][691]LogModuleManager: Shutting down and abandoning module ViewportInteraction (528)
[2018.11.08-20.26.21:528][691]LogModuleManager: Shutting down and abandoning module ClothPainter (526)
[2018.11.08-20.26.21:528][691]LogModuleManager: Shutting down and abandoning module SkeletalMeshEditor (525)
[2018.11.08-20.26.21:528][691]LogModuleManager: Shutting down and abandoning module LogVisualizer (522)
[2018.11.08-20.26.21:528][691]LogModuleManager: Shutting down and abandoning module IntroTutorials (520)
[2018.11.08-20.26.21:528][691]LogModuleManager: Shutting down and abandoning module GameProjectGeneration (519)
[2018.11.08-20.26.21:529][691]LogModuleManager: Shutting down and abandoning module LuminPlatformEditor (516)
[2018.11.08-20.26.21:529][691]LogModuleManager: Shutting down and abandoning module IOSPlatformEditor (514)
[2018.11.08-20.26.21:529][691]LogModuleManager: Shutting down and abandoning module HTML5PlatformEditor (512)
[2018.11.08-20.26.21:529][691]LogModuleManager: Shutting down and abandoning module AndroidPlatformEditor (510)
[2018.11.08-20.26.21:529][691]LogModuleManager: Shutting down and abandoning module AndroidDeviceDetection (509)
[2018.11.08-20.26.22:491][691]LogModuleManager: Shutting down and abandoning module WindowsPlatformEditor (506)
[2018.11.08-20.26.22:491][691]LogModuleManager: Shutting down and abandoning module LuminRuntimeSettings (504)
[2018.11.08-20.26.22:491][691]LogModuleManager: Shutting down and abandoning module IOSRuntimeSettings (502)
[2018.11.08-20.26.22:491][691]LogModuleManager: Shutting down and abandoning module AndroidRuntimeSettings (500)
[2018.11.08-20.26.22:491][691]LogModuleManager: Shutting down and abandoning module InputBindingEditor (498)
[2018.11.08-20.26.22:491][691]LogModuleManager: Shutting down and abandoning module MergeActors (496)
[2018.11.08-20.26.22:491][691]LogModuleManager: Shutting down and abandoning module LocalizationDashboard (494)
[2018.11.08-20.26.22:491][691]LogModuleManager: Shutting down and abandoning module LocalizationService (493)
[2018.11.08-20.26.22:491][691]LogModuleManager: Shutting down and abandoning module HardwareTargeting (490)
[2018.11.08-20.26.22:491][691]LogModuleManager: Shutting down and abandoning module DeviceProfileEditor (488)
[2018.11.08-20.26.22:491][691]LogModuleManager: Shutting down and abandoning module UndoHistory (486)
[2018.11.08-20.26.22:491][691]LogModuleManager: Shutting down and abandoning module XmlParser (484)
[2018.11.08-20.26.22:491][691]LogModuleManager: Shutting down and abandoning module Blutility (482)
[2018.11.08-20.26.22:492][691]LogModuleManager: Shutting down and abandoning module ProjectSettingsViewer (480)
[2018.11.08-20.26.22:492][691]LogModuleManager: Shutting down and abandoning module ProjectTargetPlatformEditor (479)
[2018.11.08-20.26.22:492][691]LogModuleManager: Shutting down and abandoning module EditorSettingsViewer (476)
[2018.11.08-20.26.22:492][691]LogModuleManager: Shutting down and abandoning module SettingsEditor (474)
[2018.11.08-20.26.22:492][691]LogModuleManager: Shutting down and abandoning module ProjectLauncher (472)
[2018.11.08-20.26.22:492][691]LogModuleManager: Shutting down and abandoning module SessionFrontend (470)
[2018.11.08-20.26.22:492][691]LogModuleManager: Shutting down and abandoning module ProfilerClient (468)
[2018.11.08-20.26.22:492][691]LogModuleManager: Shutting down and abandoning module DeviceManager (466)
[2018.11.08-20.26.22:492][691]LogModuleManager: Shutting down and abandoning module TargetDeviceServices (465)
[2018.11.08-20.26.22:557][691]LogModuleManager: Shutting down and abandoning module AutomationController (462)
[2018.11.08-20.26.22:557][691]LogModuleManager: Shutting down and abandoning module AutomationWindow (460)
[2018.11.08-20.26.22:557][691]LogModuleManager: Shutting down and abandoning module Layers (458)
[2018.11.08-20.26.22:557][691]LogModuleManager: Shutting down and abandoning module ComponentVisualizers (456)
[2018.11.08-20.26.22:557][691]LogModuleManager: Shutting down and abandoning module DetailCustomizations (454)
[2018.11.08-20.26.22:557][691]LogModuleManager: Shutting down and abandoning module PackagesDialog (452)
[2018.11.08-20.26.22:557][691]LogModuleManager: Shutting down and abandoning module Persona (450)
[2018.11.08-20.26.22:557][691]LogModuleManager: Shutting down and abandoning module AdvancedPreviewScene (449)
[2018.11.08-20.26.22:557][691]LogModuleManager: Shutting down and abandoning module AnimGraph (447)
[2018.11.08-20.26.22:557][691]LogModuleManager: Shutting down and abandoning module Kismet (444)
[2018.11.08-20.26.22:557][691]LogModuleManager: Shutting down and abandoning module GraphEditor (442)
[2018.11.08-20.26.22:557][691]LogModuleManager: Shutting down and abandoning module ClassViewer (440)
[2018.11.08-20.26.22:557][691]LogModuleManager: Shutting down and abandoning module Toolbox (438)
[2018.11.08-20.26.22:557][691]LogModuleManager: Shutting down and abandoning module ModuleUI (436)
[2018.11.08-20.26.22:557][691]LogModuleManager: Shutting down and abandoning module MovieSceneTools (434)
[2018.11.08-20.26.22:557][691]LogModuleManager: Shutting down and abandoning module OutputLog (432)
[2018.11.08-20.26.22:557][691]LogModuleManager: Shutting down and abandoning module GammaUI (430)
[2018.11.08-20.26.22:557][691]LogModuleManager: Shutting down and abandoning module Documentation (428)
[2018.11.08-20.26.22:557][691]LogModuleManager: Shutting down and abandoning module MovieSceneTracks (426)
[2018.11.08-20.26.22:557][691]LogModuleManager: Shutting down and abandoning module MovieScene (424)
[2018.11.08-20.26.22:557][691]LogModuleManager: Shutting down and abandoning module StreamingPauseRendering (422)
[2018.11.08-20.26.22:557][691]LogModuleManager: Shutting down and abandoning module LauncherPlatform (420)
[2018.11.08-20.26.22:557][691]LogModuleManager: Shutting down and abandoning module AnalyticsET (418)
[2018.11.08-20.26.22:558][691]LogModuleManager: Shutting down and abandoning module PortalServices (416)
[2018.11.08-20.26.22:558][691]LogModuleManager: Shutting down and abandoning module PortalRpc (414)
[2018.11.08-20.26.22:558][691]LogModuleManager: Shutting down and abandoning module MessagingRpc (412)
[2018.11.08-20.26.22:558][691]LogModuleManager: Shutting down and abandoning module AIModule (410)
[2018.11.08-20.26.22:558][691]LogModuleManager: Shutting down and abandoning module GameplayDebugger (409)
[2018.11.08-20.26.22:558][691]LogModuleManager: Shutting down and abandoning module AITestSuite (407)
[2018.11.08-20.26.22:558][691]LogModuleManager: Shutting down and abandoning module NavigationSystem (405)
[2018.11.08-20.26.22:558][691]LogModuleManager: Shutting down and abandoning module DesktopPlatform (402)
[2018.11.08-20.26.22:558][691]LogModuleManager: Shutting down and abandoning module ProfilerService (400)
[2018.11.08-20.26.22:665][691]LogModuleManager: Shutting down and abandoning module TaskGraph (398)
[2018.11.08-20.26.22:665][691]LogModuleManager: Shutting down and abandoning module SteamVRController (396)
[2018.11.08-20.26.22:665][691]LogModuleManager: Shutting down and abandoning module ProceduralMeshComponentEditor (394)
[2018.11.08-20.26.22:665][691]LogModuleManager: Shutting down and abandoning module ProceduralMeshComponent (392)
[2018.11.08-20.26.22:665][691]LogModuleManager: Shutting down and abandoning module OculusInput (390)
[2018.11.08-20.26.22:665][691]LogModuleManager: Shutting down and abandoning module MobilePatchingUtils (388)
[2018.11.08-20.26.22:665][691]LogModuleManager: Shutting down and abandoning module EditableMesh (386)
[2018.11.08-20.26.22:665][691]LogModuleManager: Shutting down and abandoning module CustomMeshComponent (384)
[2018.11.08-20.26.22:665][691]LogModuleManager: Shutting down and abandoning module CableComponent (382)
[2018.11.08-20.26.22:665][691]LogModuleManager: Shutting down and abandoning module AudioCapture (380)
[2018.11.08-20.26.22:665][691]LogModuleManager: Shutting down and abandoning module ArchVisCharacter (378)
[2018.11.08-20.26.22:665][691]LogModuleManager: Shutting down and abandoning module AndroidPermission (376)
[2018.11.08-20.26.22:665][691]LogModuleManager: Shutting down and abandoning module NUTUnrealEngine4 (374)
[2018.11.08-20.26.22:665][691]LogModuleManager: Shutting down and abandoning module NetcodeUnitTest (372)
[2018.11.08-20.26.22:665][691]LogModuleManager: Shutting down and abandoning module MediaCompositingEditor (370)
[2018.11.08-20.26.22:665][691]LogModuleManager: Shutting down and abandoning module MediaCompositing (368)
[2018.11.08-20.26.22:665][691]LogModuleManager: Shutting down and abandoning module LinearTimecode (366)
[2018.11.08-20.26.22:665][691]LogModuleManager: Shutting down and abandoning module ImgMedia (364)
[2018.11.08-20.26.22:669][691]LogModuleManager: Shutting down and abandoning module HTML5Networking (362)
[2018.11.08-20.26.22:669][691]LogModuleManager: Shutting down and abandoning module GeometryCacheTracks (360)
[2018.11.08-20.26.22:669][691]LogModuleManager: Shutting down and abandoning module GeometryCacheSequencer (358)
[2018.11.08-20.26.22:669][691]LogModuleManager: Shutting down and abandoning module BackChannel (356)
[2018.11.08-20.26.22:669][691]LogModuleManager: Shutting down and abandoning module AppleVision (354)
[2018.11.08-20.26.22:669][691]LogModuleManager: Shutting down and abandoning module AppleImageUtils (352)
[2018.11.08-20.26.22:669][691]LogModuleManager: Shutting down and abandoning module AlembicImporter (350)
[2018.11.08-20.26.22:669][691]LogModuleManager: Shutting down and abandoning module AlembicLibrary (349)
[2018.11.08-20.26.22:669][691]LogModuleManager: Shutting down and abandoning module GeometryCache (348)
[2018.11.08-20.26.22:669][691]LogModuleManager: Shutting down and abandoning module GeometryCacheEd (347)
[2018.11.08-20.26.22:669][691]LogModuleManager: Shutting down and abandoning module DatasmithContentEditor (342)
[2018.11.08-20.26.22:669][691]LogModuleManager: Shutting down and abandoning module DatasmithContent (340)
[2018.11.08-20.26.22:670][691]LogModuleManager: Shutting down and abandoning module SpeedTreeImporter (338)
[2018.11.08-20.26.22:670][691]LogModuleManager: Shutting down and abandoning module PluginBrowser (336)
[2018.11.08-20.26.22:670][691]LogModuleManager: Shutting down and abandoning module MobileLauncherProfileWizard (334)
[2018.11.08-20.26.22:670][691]LogModuleManager: Shutting down and abandoning module PolygonModeling (332)
[2018.11.08-20.26.22:670][691]LogModuleManager: Shutting down and abandoning module MeshEditor (330)
[2018.11.08-20.26.22:670][691]LogModuleManager: Shutting down and abandoning module CryptoKeysOpenSSL (328)
[2018.11.08-20.26.22:670][691]LogModuleManager: Shutting down and abandoning module CryptoKeys (326)
[2018.11.08-20.26.22:670][691]LogModuleManager: Shutting down and abandoning module VisualStudioSourceCodeAccess (324)
[2018.11.08-20.26.22:670][691]LogModuleManager: Shutting down and abandoning module VisualStudioCodeSourceCodeAccess (322)
[2018.11.08-20.26.22:670][691]LogModuleManager: Shutting down and abandoning module UObjectPlugin (320)
[2018.11.08-20.26.22:670][691]LogModuleManager: Shutting down and abandoning module SubversionSourceControl (318)
[2018.11.08-20.26.22:670][691]LogModuleManager: Shutting down and abandoning module PerforceSourceControl (316)
[2018.11.08-20.26.22:670][691]LogModuleManager: Shutting down and abandoning module GitSourceControl (314)
[2018.11.08-20.26.22:670][691]LogModuleManager: Shutting down and abandoning module SourceControl (313)
[2018.11.08-20.26.22:670][691]LogModuleManager: Shutting down and abandoning module CLionSourceCodeAccess (310)
[2018.11.08-20.26.22:670][691]LogModuleManager: Shutting down and abandoning module LightPropagationVolumeEditor (308)
[2018.11.08-20.26.22:670][691]LogModuleManager: Shutting down and abandoning module PaperTiledImporter (306)
[2018.11.08-20.26.22:670][691]LogModuleManager: Shutting down and abandoning module PaperSpriteSheetImporter (304)
[2018.11.08-20.26.22:670][691]LogModuleManager: Shutting down and abandoning module Paper2DEditor (302)
[2018.11.08-20.26.22:670][691]LogModuleManager: Shutting down and abandoning module MeshPaint (301)
[2018.11.08-20.26.22:670][691]LogModuleManager: Shutting down and abandoning module RuntimePhysXCooking (298)
[2018.11.08-20.26.22:670][691]LogModuleManager: Shutting down and abandoning module PhysXVehiclesEditor (296)
[2018.11.08-20.26.22:670][691]LogModuleManager: Shutting down and abandoning module PhysXVehicles (294)
[2018.11.08-20.26.22:670][691]LogModuleManager: Shutting down and abandoning module OculusEditor (292)
[2018.11.08-20.26.22:670][691]LogModuleManager: Shutting down and abandoning module LocationServicesBPLibrary (290)
[2018.11.08-20.26.22:670][691]LogModuleManager: Shutting down and abandoning module ImmediatePhysicsEditor (288)
[2018.11.08-20.26.22:670][691]LogModuleManager: Shutting down and abandoning module ImmediatePhysics (286)
[2018.11.08-20.26.22:670][691]LogModuleManager: Shutting down and abandoning module ActorSequence (284)
[2018.11.08-20.26.22:670][691]LogModuleManager: Shutting down and abandoning module UdpMessaging (282)
[2018.11.08-20.26.22:771][691]LogModuleManager: Shutting down and abandoning module TcpMessaging (280)
[2018.11.08-20.26.22:872][691]LogModuleManager: Shutting down and abandoning module MagicLeapAudio (278)
[2018.11.08-20.26.22:872][691]LogModuleManager: Shutting down and abandoning module GameplayTagsEditor (276)
[2018.11.08-20.26.22:872][691]LogModuleManager: Shutting down and abandoning module FacialAnimationEditor (274)
[2018.11.08-20.26.22:872][691]LogModuleManager: Shutting down and abandoning module FacialAnimation (272)
[2018.11.08-20.26.22:872][691]LogModuleManager: Shutting down and abandoning module DataValidation (270)
[2018.11.08-20.26.22:872][691]LogModuleManager: Shutting down and abandoning module AssetManagerEditor (268)
[2018.11.08-20.26.22:872][691]LogModuleManager: Shutting down and abandoning module LevelEditor (267)
[2018.11.08-20.26.22:872][691]LogModuleManager: Shutting down and abandoning module PixelInspectorModule (266)
[2018.11.08-20.26.22:872][691]LogModuleManager: Shutting down and abandoning module CommonMenuExtensions (264)
[2018.11.08-20.26.22:873][691]LogModuleManager: Shutting down and abandoning module MainFrame (262)
[2018.11.08-20.26.22:873][691]LogModuleManager: Shutting down and abandoning module HotReload (261)
[2018.11.08-20.26.22:873][691]LogModuleManager: Shutting down and abandoning module ContentBrowser (257)
[2018.11.08-20.26.22:874][691]LogModuleManager: Shutting down and abandoning module TreeMap (255)
[2018.11.08-20.26.22:874][691]LogModuleManager: Shutting down and abandoning module LightPropagationVolumeRuntime (252)
[2018.11.08-20.26.22:874][691]LogModuleManager: Shutting down and abandoning module AISupportModule (250)
[2018.11.08-20.26.22:874][691]LogModuleManager: Shutting down and abandoning module Paper2D (248)
[2018.11.08-20.26.22:874][691]LogModuleManager: Shutting down and abandoning module WindowsMoviePlayer (246)
[2018.11.08-20.26.22:874][691]LogModuleManager: Shutting down and abandoning module WmfMedia (244)
[2018.11.08-20.26.22:878][691]LogModuleManager: Shutting down and abandoning module Media (243)
[2018.11.08-20.26.22:884][691]LogModuleManager: Shutting down and abandoning module PacketHandler (240)
[2018.11.08-20.26.22:884][691]LogModuleManager: Shutting down and abandoning module ClothingSystemEditor (238)
[2018.11.08-20.26.22:884][691]LogModuleManager: Shutting down and abandoning module ClothingSystemRuntime (236)
[2018.11.08-20.26.22:884][691]LogModuleManager: Shutting down and abandoning module MediaAssets (234)
[2018.11.08-20.26.22:884][691]LogModuleManager: Shutting down and abandoning module Overlay (232)
[2018.11.08-20.26.22:884][691]LogModuleManager: Shutting down and abandoning module OverlayEditor (231)
[2018.11.08-20.26.22:884][691]LogModuleManager: Shutting down and abandoning module VREditor (228)
[2018.11.08-20.26.22:884][691]LogModuleManager: Shutting down and abandoning module StringTableEditor (226)
[2018.11.08-20.26.22:884][691]LogModuleManager: Shutting down and abandoning module GameplayTasksEditor (224)
[2018.11.08-20.26.22:884][691]LogModuleManager: Shutting down and abandoning module BehaviorTreeEditor (222)
[2018.11.08-20.26.22:884][691]LogModuleManager: Shutting down and abandoning module FunctionalTesting (220)
[2018.11.08-20.26.22:884][691]LogModuleManager: Shutting down and abandoning module CollisionAnalyzer (218)
[2018.11.08-20.26.22:884][691]LogModuleManager: Shutting down and abandoning module WorkspaceMenuStructure (217)
[2018.11.08-20.26.22:884][691]LogModuleManager: Shutting down and abandoning module UMG (214)
[2018.11.08-20.26.22:885][691]LogModuleManager: Shutting down and abandoning module UMGEditor (213)
[2018.11.08-20.26.22:885][691]LogModuleManager: Shutting down and abandoning module Sequencer (212)
[2018.11.08-20.26.22:885][691]LogModuleManager: Shutting down and abandoning module MessageLog (209)
[2018.11.08-20.26.22:885][691]LogModuleManager: Shutting down and abandoning module SlateReflector (204)
[2018.11.08-20.26.22:885][691]LogModuleManager: Shutting down and abandoning module Slate (202)
[2018.11.08-20.26.22:885][691]LogModuleManager: Shutting down and abandoning module EditorStyle (200)
[2018.11.08-20.26.22:886][691]LogModuleManager: Shutting down and abandoning module MRMesh (198)
[2018.11.08-20.26.22:886][691]LogModuleManager: Shutting down and abandoning module SourceCodeAccess (196)
[2018.11.08-20.26.22:886][691]LogModuleManager: Shutting down and abandoning module HeadMountedDisplay (194)
[2018.11.08-20.26.22:886][691]LogModuleManager: Shutting down and abandoning module XAudio2 (192)
[2018.11.08-20.26.22:886][691]LogModuleManager: Shutting down and abandoning module Networking (190)
[2018.11.08-20.26.22:886][691]LogModuleManager: Shutting down and abandoning module Core (188)
[2018.11.08-20.26.22:886][691]LogModuleManager: Shutting down and abandoning module LevelSequence (186)
[2018.11.08-20.26.22:886][691]LogModuleManager: Shutting down and abandoning module KismetCompiler (184)
[2018.11.08-20.26.22:886][691]LogModuleManager: Shutting down and abandoning module MeshUtilities (182)
[2018.11.08-20.26.22:886][691]LogModuleManager: Shutting down and abandoning module MeshMergeUtilities (181)
[2018.11.08-20.26.22:886][691]LogModuleManager: Shutting down and abandoning module MeshReductionInterface (180)
[2018.11.08-20.26.22:886][691]LogModuleManager: Shutting down and abandoning module SimplygonSwarm (179)
[2018.11.08-20.26.22:886][691]LogModuleManager: Shutting down and abandoning module ProxyLODMeshReduction (177)
[2018.11.08-20.26.22:886][691]LogModuleManager: Shutting down and abandoning module SimplygonMeshReduction (175)
[2018.11.08-20.26.22:886][691]LogModuleManager: Shutting down and abandoning module QuadricMeshReduction (173)
[2018.11.08-20.26.22:887][691]LogModuleManager: Shutting down and abandoning module MaterialBaking (169)
[2018.11.08-20.26.22:887][691]LogModuleManager: Shutting down and abandoning module DirectoryWatcher (165)
[2018.11.08-20.26.22:887][691]LogModuleManager: Shutting down and abandoning module DerivedDataCache (162)
[2018.11.08-20.26.22:928][691]LogDerivedDataCache: Shutdown
[2018.11.08-20.26.22:928][691]LogModuleManager: Shutting down and abandoning module XGEController (160)
[2018.11.08-20.26.22:928][691]LogXGEController: Cleaning working directory: C:/Users/u0800347/AppData/Local/Temp/UnrealXGEWorkingDir/
[2018.11.08-20.26.22:929][691]LogModuleManager: Shutting down and abandoning module TargetPlatform (158)
[2018.11.08-20.26.22:929][691]LogModuleManager: Shutting down and abandoning module VulkanShaderFormat (157)
[2018.11.08-20.26.22:929][691]LogModuleManager: Shutting down and abandoning module ShaderFormatVectorVM (155)
[2018.11.08-20.26.22:929][691]LogModuleManager: Shutting down and abandoning module ShaderFormatOpenGL (153)
[2018.11.08-20.26.22:929][691]LogModuleManager: Shutting down and abandoning module ShaderFormatD3D (151)
[2018.11.08-20.26.22:929][691]LogModuleManager: Shutting down and abandoning module MetalShaderFormat (149)
[2018.11.08-20.26.22:929][691]LogModuleManager: Shutting down and abandoning module TextureFormatUncompressed (147)
[2018.11.08-20.26.22:929][691]LogModuleManager: Shutting down and abandoning module TextureFormatPVR (145)
[2018.11.08-20.26.22:929][691]LogModuleManager: Shutting down and abandoning module TextureFormatDXT (143)
[2018.11.08-20.26.22:929][691]LogModuleManager: Shutting down and abandoning module TextureFormatIntelISPCTexComp (141)
[2018.11.08-20.26.22:929][691]LogModuleManager: Shutting down and abandoning module TextureFormatASTC (139)
[2018.11.08-20.26.22:929][691]LogModuleManager: Shutting down and abandoning module ImageWrapper (138)
[2018.11.08-20.26.22:929][691]LogModuleManager: Shutting down and abandoning module TextureFormatAndroid (135)
[2018.11.08-20.26.22:929][691]LogModuleManager: Shutting down and abandoning module AudioFormatOpus (133)
[2018.11.08-20.26.22:929][691]LogModuleManager: Shutting down and abandoning module AudioFormatOgg (131)
[2018.11.08-20.26.22:929][691]LogModuleManager: Shutting down and abandoning module AudioFormatADPCM (129)
[2018.11.08-20.26.22:929][691]LogModuleManager: Shutting down and abandoning module LuminTargetPlatform (127)
[2018.11.08-20.26.22:929][691]LogModuleManager: Shutting down and abandoning module LinuxTargetPlatform (125)
[2018.11.08-20.26.22:929][691]LogModuleManager: Shutting down and abandoning module LinuxServerTargetPlatform (123)
[2018.11.08-20.26.22:929][691]LogModuleManager: Shutting down and abandoning module LinuxNoEditorTargetPlatform (121)
[2018.11.08-20.26.22:929][691]LogModuleManager: Shutting down and abandoning module LinuxClientTargetPlatform (119)
[2018.11.08-20.26.22:929][691]LogModuleManager: Shutting down and abandoning module TVOSTargetPlatform (117)
[2018.11.08-20.26.22:930][691]LogModuleManager: Shutting down and abandoning module Messaging (115)
[2018.11.08-20.26.22:930][691]LogModuleManager: Shutting down and abandoning module IOSTargetPlatform (113)
[2018.11.08-20.26.22:931][691]LogModuleManager: Shutting down and abandoning module HTML5TargetPlatform (111)
[2018.11.08-20.26.22:931][691]LogModuleManager: Shutting down and abandoning module AndroidTargetPlatform (109)
[2018.11.08-20.26.22:946][691]LogModuleManager: Shutting down and abandoning module WindowsTargetPlatform (107)
[2018.11.08-20.26.22:946][691]LogModuleManager: Shutting down and abandoning module WindowsServerTargetPlatform (105)
[2018.11.08-20.26.22:946][691]LogModuleManager: Shutting down and abandoning module WindowsNoEditorTargetPlatform (103)
[2018.11.08-20.26.22:946][691]LogModuleManager: Shutting down and abandoning module WindowsClientTargetPlatform (101)
[2018.11.08-20.26.22:946][691]LogModuleManager: Shutting down and abandoning module MacTargetPlatform (99)
[2018.11.08-20.26.22:946][691]LogModuleManager: Shutting down and abandoning module MacServerTargetPlatform (97)
[2018.11.08-20.26.22:946][691]LogModuleManager: Shutting down and abandoning module MacNoEditorTargetPlatform (95)
[2018.11.08-20.26.22:946][691]LogModuleManager: Shutting down and abandoning module MacClientTargetPlatform (93)
[2018.11.08-20.26.22:946][691]LogModuleManager: Shutting down and abandoning module AllDesktopTargetPlatform (91)
[2018.11.08-20.26.22:946][691]LogModuleManager: Shutting down and abandoning module InputCore (88)
[2018.11.08-20.26.22:946][691]LogModuleManager: Shutting down and abandoning module Settings (86)
[2018.11.08-20.26.22:946][691]LogModuleManager: Shutting down and abandoning module PhysXCooking (84)
[2018.11.08-20.26.22:946][691]LogModuleManager: Shutting down and abandoning module SteamVR (82)
[2018.11.08-20.26.22:946][691]LogModuleManager: Shutting down and abandoning module OculusHMD (80)
[2018.11.08-20.26.22:946][691]LogModuleManager: Shutting down and abandoning module ExampleDeviceProfileSelector (78)
[2018.11.08-20.26.22:946][691]LogModuleManager: Shutting down and abandoning module LauncherChunkInstaller (76)
[2018.11.08-20.26.22:946][691]LogModuleManager: Shutting down and abandoning module OnlineBlueprintSupport (74)
[2018.11.08-20.26.22:946][691]LogModuleManager: Shutting down and abandoning module OnlineSubsystem (70)
[2018.11.08-20.26.22:947][691]LogModuleManager: Shutting down and abandoning module XMPP (65)
[2018.11.08-20.26.22:947][691]LogModuleManager: Shutting down and abandoning module WebSockets (64)
[2018.11.08-20.26.22:968][691]LogModuleManager: Shutting down and abandoning module HTTP (61)
[2018.11.08-20.26.22:968][691]LogHttp: Display: Http module shutting down, but needs to wait on 1 outstanding Http requests:
[2018.11.08-20.26.22:968][691]LogHttp: Display: 	verb=[POST] url=[https://datarouter.ol.epicgames.com/datarouter/api/v1/public/data?SessionID=%7B58210B71-469D-0148-3B0F-0AAA7304EFCF%7D&AppID=UEEditor.Rocket.Release&AppVersion=4.20.2-4212847%2B%2B%2BUE4%2BRelease-4.20&UserID=18fd4c864ed3ddcafa2e108da892ba84%7C16c96479757c4167b90c86adf9dfa2e4%7C69523b5c-1881-4c06-b3b4-3df4160884ef&AppEnvironment=datacollector-binary&UploadType=eteventstream] status=Processing
[2018.11.08-20.26.22:979][691]LogModuleManager: Shutting down and abandoning module SSL (60)
[2018.11.08-20.26.22:980][691]LogModuleManager: Shutting down and abandoning module MagicLeapEmulator (56)
[2018.11.08-20.26.22:980][691]LogModuleManager: Shutting down and abandoning module MagicLeapPrivileges (54)
[2018.11.08-20.26.22:980][691]LogModuleManager: Shutting down and abandoning module MagicLeapIdentity (52)
[2018.11.08-20.26.22:980][691]LogModuleManager: Shutting down and abandoning module MagicLeapHelperVulkan (50)
[2018.11.08-20.26.22:980][691]LogModuleManager: Shutting down and abandoning module MagicLeapHelperOpenGL (48)
[2018.11.08-20.26.22:980][691]LogModuleManager: Shutting down and abandoning module MagicLeapSecureStorage (46)
[2018.11.08-20.26.22:980][691]LogModuleManager: Shutting down and abandoning module MagicLeapGestures (44)
[2018.11.08-20.26.22:980][691]LogModuleManager: Shutting down and abandoning module MagicLeapEyeTracker (42)
[2018.11.08-20.26.22:980][691]LogModuleManager: Shutting down and abandoning module MagicLeapController (40)
[2018.11.08-20.26.22:980][691]LogSlate: Slate User Destroyed.  User Index 0, Is Virtual User: 0
[2018.11.08-20.26.22:980][691]LogModuleManager: Shutting down and abandoning module MagicLeap (38)
[2018.11.08-20.26.22:980][691]LogModuleManager: Shutting down and abandoning module AnimationModifiers (36)
[2018.11.08-20.26.22:980][691]LogModuleManager: Shutting down and abandoning module PropertyEditor (35)
[2018.11.08-20.26.22:980][691]LogModuleManager: Shutting down and abandoning module AudioEditor (32)
[2018.11.08-20.26.22:980][691]LogModuleManager: Shutting down and abandoning module TextureCompressor (30)
[2018.11.08-20.26.22:980][691]LogModuleManager: Shutting down and abandoning module ShaderCore (28)
[2018.11.08-20.26.22:980][691]LogModuleManager: Shutting down and abandoning module Landscape (26)
[2018.11.08-20.26.22:980][691]LogModuleManager: Shutting down and abandoning module SlateRHIRenderer (24)
[2018.11.08-20.26.22:981][691]LogModuleManager: Shutting down and abandoning module OpenGLDrv (22)
[2018.11.08-20.26.22:981][691]LogModuleManager: Shutting down and abandoning module D3D11RHI (20)
[2018.11.08-20.26.22:981][691]LogModuleManager: Shutting down and abandoning module AnimGraphRuntime (18)
[2018.11.08-20.26.22:981][691]LogModuleManager: Shutting down and abandoning module Renderer (16)
[2018.11.08-20.26.22:981][691]LogModuleManager: Shutting down and abandoning module Engine (14)
[2018.11.08-20.26.22:981][691]LogModuleManager: Shutting down and abandoning module CoreUObject (12)
[2018.11.08-20.26.22:981][691]LogModuleManager: Shutting down and abandoning module NetworkFile (10)
[2018.11.08-20.26.22:981][691]LogModuleManager: Shutting down and abandoning module CookedIterativeFile (8)
[2018.11.08-20.26.22:981][691]LogModuleManager: Shutting down and abandoning module StreamingFile (6)
[2018.11.08-20.26.22:981][691]LogModuleManager: Shutting down and abandoning module SandboxFile (4)
[2018.11.08-20.26.22:981][691]LogModuleManager: Shutting down and abandoning module PakFile (2)
[2018.11.08-20.26.22:988][691]LogExit: Exiting.
[2018.11.08-20.26.23:011][691]Log file closed, 11/08/18 13:26:23
