Log file open, 09/23/18 17:52:22
LogWindows: Failed to load 'aqProf.dll' (GetLastError=126)
LogWindows: File 'aqProf.dll' does not exist
LogWindows: Failed to load 'VtuneApi.dll' (GetLastError=126)
LogWindows: File 'VtuneApi.dll' does not exist
LogWindows: Failed to load 'VtuneApi32e.dll' (GetLastError=126)
LogWindows: File 'VtuneApi32e.dll' does not exist
LogInit: Display: Running engine for game: Mansion
LogPlatformFile: Not using cached read wrapper
LogTaskGraph: Started task graph with 5 named threads and 23 total threads with 3 sets of task threads.
LogStats: Stats thread started at 0.639776
LogD3D11RHI: Loaded GFSDK_Aftermath_Lib.x64.dll
LogICUInternationalization: Display: ICU TimeZone Detection - Raw Offset: -7:00, Platform Override: ''
LogPluginManager: Mounting plugin Paper2D
LogPluginManager: Mounting plugin AISupport
LogPluginManager: Mounting plugin LightPropagationVolume
LogPluginManager: Mounting plugin CLionSourceCodeAccess
LogPluginManager: Mounting plugin CodeLiteSourceCodeAccess
LogPluginManager: Mounting plugin GitSourceControl
LogPluginManager: Mounting plugin KDevelopSourceCodeAccess
LogPluginManager: Mounting plugin NullSourceCodeAccess
LogPluginManager: Mounting plugin PerforceSourceControl
LogPluginManager: Mounting plugin SubversionSourceControl
LogPluginManager: Mounting plugin UObjectPlugin
LogPluginManager: Mounting plugin VisualStudioCodeSourceCodeAccess
LogPluginManager: Mounting plugin VisualStudioSourceCodeAccess
LogPluginManager: Mounting plugin XCodeSourceCodeAccess
LogPluginManager: Mounting plugin AssetManagerEditor
LogPluginManager: Mounting plugin CryptoKeys
LogPluginManager: Mounting plugin DataValidation
LogPluginManager: Mounting plugin FacialAnimation
LogPluginManager: Mounting plugin GameplayTagsEditor
LogPluginManager: Mounting plugin MacGraphicsSwitching
LogPluginManager: Mounting plugin MeshEditor
LogPluginManager: Mounting plugin MobileLauncherProfileWizard
LogPluginManager: Mounting plugin PluginBrowser
LogPluginManager: Mounting plugin SpeedTreeImporter
LogPluginManager: Mounting plugin DatasmithContent
LogPluginManager: Mounting plugin AlembicImporter
LogPluginManager: Mounting plugin AppleImageUtils
LogPluginManager: Mounting plugin AppleVision
LogPluginManager: Mounting plugin BackChannel
LogPluginManager: Mounting plugin CharacterAI
LogPluginManager: Mounting plugin GeometryCache
LogPluginManager: Mounting plugin HTML5Networking
LogPluginManager: Mounting plugin ProxyLODPlugin
LogPluginManager: Mounting plugin MagicLeap
LogPluginManager: Mounting plugin MagicLeapEmulator
LogPluginManager: Mounting plugin MagicLeapMedia
LogPluginManager: Mounting plugin AndroidMedia
LogPluginManager: Mounting plugin AvfMedia
LogPluginManager: Mounting plugin ImgMedia
LogPluginManager: Mounting plugin LinearTimecode
LogPluginManager: Mounting plugin MediaCompositing
LogPluginManager: Mounting plugin MediaPlayerEditor
LogPluginManager: Mounting plugin WmfMedia
LogPluginManager: Mounting plugin TcpMessaging
LogPluginManager: Mounting plugin UdpMessaging
LogPluginManager: Mounting plugin ActorSequence
LogPluginManager: Mounting plugin LevelSequenceEditor
LogPluginManager: Mounting plugin MatineeToLevelSequence
LogPluginManager: Mounting plugin NetcodeUnitTest
LogPluginManager: Mounting plugin NUTUnrealEngine4
LogPluginManager: Mounting plugin OnlineSubsystemGooglePlay
LogPluginManager: Mounting plugin OnlineSubsystemIOS
LogPluginManager: Mounting plugin OnlineSubsystem
LogPluginManager: Mounting plugin OnlineSubsystemNull
LogPluginManager: Mounting plugin OnlineSubsystemUtils
LogPluginManager: Mounting plugin LauncherChunkInstaller
LogPluginManager: Mounting plugin AndroidDeviceProfileSelector
LogPluginManager: Mounting plugin AndroidMoviePlayer
LogPluginManager: Mounting plugin AndroidPermission
LogPluginManager: Mounting plugin AppleMoviePlayer
LogPluginManager: Mounting plugin ArchVisCharacter
LogPluginManager: Mounting plugin AudioCapture
LogPluginManager: Mounting plugin CableComponent
LogPluginManager: Mounting plugin CustomMeshComponent
LogPluginManager: Mounting plugin EditableMesh
LogPluginManager: Mounting plugin ExampleDeviceProfileSelector
LogPluginManager: Mounting plugin GoogleCloudMessaging
LogPluginManager: Mounting plugin ImmediatePhysics
LogPluginManager: Mounting plugin IOSDeviceProfileSelector
LogPluginManager: Mounting plugin LinuxDeviceProfileSelector
LogPluginManager: Mounting plugin LocationServicesBPLibrary
LogPluginManager: Mounting plugin MobilePatchingUtils
LogPluginManager: Mounting plugin OculusVR
LogPluginManager: Plugin shader directory ../../../Engine/Plugins/Runtime/Oculus/OculusVR/Shaders found
LogPluginManager: Mapping shader source directory ../../../Engine/Plugins/Runtime/Oculus/OculusVR/Shaders to virtual directory /Plugin/OculusVR
LogPluginManager: Mounting plugin PhysXVehicles
LogPluginManager: Mounting plugin ProceduralMeshComponent
LogPluginManager: Mounting plugin RuntimePhysXCooking
LogPluginManager: Mounting plugin SteamVR
LogPluginManager: Mounting plugin WindowsMoviePlayer
LogStreaming: Display: Took  0.057s to configure plugins.
LogInit: Using libcurl 7.55.1-DEV
LogInit:  - built for x86_64-pc-win32
LogInit:  - supports SSL with OpenSSL/1.0.2h
LogInit:  - supports HTTP deflate (compression) using libz 1.2.8
LogInit:  - other features:
LogInit:      CURL_VERSION_SSL
LogInit:      CURL_VERSION_LIBZ
LogInit:      CURL_VERSION_IPV6
LogInit:      CURL_VERSION_ASYNCHDNS
LogInit:      CURL_VERSION_LARGEFILE
LogInit:      CURL_VERSION_IDN
LogInit:  CurlRequestOptions (configurable via config and command line):
LogInit:  - bVerifyPeer = false  - Libcurl will NOT verify peer certificate
LogInit:  - bUseHttpProxy = false  - Libcurl will NOT use HTTP proxy
LogInit:  - bDontReuseConnections = false  - Libcurl will reuse connections
LogInit:  - CertBundlePath = nullptr  - Libcurl will use whatever was configured at build time.
LogInit:  - MaxHostConnections = 16  - Libcurl will limit the number of connections to a host
LogInit:  - LocalHostAddr = Default
LogInit:  - BufferSize = 65536
LogInit: WinSock: version 1.1 (2.2), MaxSocks=32767, MaxUdp=65467
LogInit: Build: ++UE4+Release-4.20-CL-4302132
LogInit: Engine Version: 4.20.2-4302132+++UE4+Release-4.20
LogInit: Compatible Engine Version: 4.20.0-4212847+++UE4+Release-4.20
LogInit: Net CL: 4212847
LogInit: OS: Windows 7 (Service Pack 1), CPU: Intel(R) Core(TM) i7-4790 CPU @ 3.60GHz, GPU: NVIDIA GeForce GTX 760
LogInit: Compiled (64-bit): Aug 21 2018 02:06:06
LogInit: Compiled with Visual C++: 19.13.26129.00
LogInit: Build Configuration: Development
LogInit: Branch Name: ++UE4+Release-4.20
LogInit: Command Line:  
LogInit: Base Directory: C:/Program Files/Epic Games/UE_4.20/Engine/Binaries/Win64/
LogInit: Installed Engine Build: 1
LogDevObjectVersion: Number of dev versions registered: 20
LogDevObjectVersion:   Dev-Blueprints (B0D832E4-1F89-4F0D-ACCF-7EB736FD4AA2): 10
LogDevObjectVersion:   Dev-Build (E1C64328-A22C-4D53-A36C-8E866417BD8C): 0
LogDevObjectVersion:   Dev-Core (375EC13C-06E4-48FB-B500-84F0262A717E): 2
LogDevObjectVersion:   Dev-Editor (E4B068ED-F494-42E9-A231-DA0B2E46BB41): 24
LogDevObjectVersion:   Dev-Framework (CFFC743F-43B0-4480-9391-14DF171D2073): 34
LogDevObjectVersion:   Dev-Mobile (B02B49B5-BB20-44E9-A304-32B752E40360): 2
LogDevObjectVersion:   Dev-Networking (A4E4105C-59A1-49B5-A7C5-40C4547EDFEE): 0
LogDevObjectVersion:   Dev-Online (39C831C9-5AE6-47DC-9A44-9C173E1C8E7C): 0
LogDevObjectVersion:   Dev-Physics (78F01B33-EBEA-4F98-B9B4-84EACCB95AA2): 0
LogDevObjectVersion:   Dev-Platform (6631380F-2D4D-43E0-8009-CF276956A95A): 0
LogDevObjectVersion:   Dev-Rendering (12F88B9F-8875-4AFC-A67C-D90C383ABD29): 26
LogDevObjectVersion:   Dev-Sequencer (7B5AE74C-D270-4C10-A958-57980B212A5A): 9
LogDevObjectVersion:   Dev-VR (D7296918-1DD6-4BDD-9DE2-64A83CC13884): 2
LogDevObjectVersion:   Dev-LoadTimes (C2A15278-BFE7-4AFE-6C17-90FF531DF755): 1
LogDevObjectVersion:   Private-Geometry (6EACA3D4-40EC-4CC1-B786-8BED09428FC5): 3
LogDevObjectVersion:   Dev-AnimPhys (29E575DD-E0A3-4627-9D10-D276232CDCEA): 17
LogDevObjectVersion:   Dev-ReflectionCapture (6B266CEC-1EC7-4B8F-A30B-E4D90942FC07): 1
LogDevObjectVersion:   Dev-Automation (0DF73D61-A23F-47EA-B727-89E90C41499A): 1
LogDevObjectVersion:   FortniteMain (601D1886-AC64-4F84-AA16-D3DE0DEAC7D6): 12
LogDevObjectVersion:   Dev-Enterprise (9DFFBCD6-494F-0158-E221-12823C92A888): 1
LogStreaming: Display: Took  0.001s to delete old logs.
LogInit: Presizing for max 8388607 objects, including 0 objects not considered by GC, pre-allocating 0 bytes for permanent pool.
LogInit: Object subsystem initialized
[2018.09.23-23.52.22:418][  0]LogInit: Selected Device Profile: [Windows]
[2018.09.23-23.52.22:418][  0]LogInit: Applying CVar settings loaded from the selected device profile: [Windows]
[2018.09.23-23.52.22:426][  0]LogHAL: Display: Platform has ~ 16 GB [17056772096 / 17179869184 / 16], which maps to Larger [LargestMinGB=32, LargerMinGB=12, DefaultMinGB=8, SmallerMinGB=6, SmallestMinGB=0)
[2018.09.23-23.52.22:426][  0]LogInit: Setting Device Profile CVar: [[r.Vulkan.UseRealUBs:1]]
[2018.09.23-23.52.22:426][  0]LogInit: Going up to parent DeviceProfile []
[2018.09.23-23.52.22:428][  0]LogInit: Computer: NATE-PC
[2018.09.23-23.52.22:428][  0]LogInit: User: Nate
[2018.09.23-23.52.22:428][  0]LogInit: CPU Page size=4096, Cores=4
[2018.09.23-23.52.22:428][  0]LogInit: High frequency timer resolution =3.515703 MHz
[2018.09.23-23.52.22:428][  0]LogMemory: Memory total: Physical=15.9GB (16GB approx)
[2018.09.23-23.52.22:428][  0]LogMemory: Platform Memory Stats for Windows
[2018.09.23-23.52.22:428][  0]LogMemory: Process Physical Memory: 102.34 MB used, 102.34 MB peak
[2018.09.23-23.52.22:428][  0]LogMemory: Process Virtual Memory: 94.34 MB used, 94.34 MB peak
[2018.09.23-23.52.22:428][  0]LogMemory: Physical Memory: 5179.06 MB used,  11087.55 MB free, 16266.61 MB total
[2018.09.23-23.52.22:428][  0]LogMemory: Virtual Memory: 491.23 MB used,  11087.55 MB free, 8388608.00 MB total
[2018.09.23-23.52.22:511][  0]LogInit: Using OS detected language (en-US).
[2018.09.23-23.52.22:511][  0]LogInit: Using OS detected locale (en-US).
[2018.09.23-23.52.22:512][  0]LogTextLocalizationManager: No specific localization for 'en-US' exists, so the 'en' localization will be used.
[2018.09.23-23.52.22:911][  0]LogStreaming: Display: Took  0.398s to InitEngineTextLocalization.
[2018.09.23-23.52.22:912][  0]LogWindows: Failed to load 'shcore.dll' (GetLastError=126)
[2018.09.23-23.52.22:912][  0]LogWindows: File 'shcore.dll' does not exist
[2018.09.23-23.52.22:912][  0]LogInit: Setting process to DPI aware
[2018.09.23-23.52.22:945][  0]LogSlate: New Slate User Created.  User Index 0, Is Virtual User: 0
[2018.09.23-23.52.22:945][  0]LogSlate: Slate User Registered.  User Index 0, Is Virtual User: 0
[2018.09.23-23.52.23:196][  0]LogHMD: Failed to initialize OpenVR with code 110
[2018.09.23-23.52.23:196][  0]LogD3D11RHI: D3D11 adapters:
[2018.09.23-23.52.23:226][  0]LogD3D11RHI:    0. 'NVIDIA GeForce GTX 760' (Feature Level 11_0)
[2018.09.23-23.52.23:226][  0]LogD3D11RHI:       1979/0/7877 MB DedicatedVideo/DedicatedSystem/SharedSystem, Outputs:1, VendorId:0x10de
[2018.09.23-23.52.23:231][  0]LogD3D11RHI:    1. 'Intel(R) HD Graphics 4600' (Feature Level 11_0)
[2018.09.23-23.52.23:231][  0]LogD3D11RHI:       192/0/1632 MB DedicatedVideo/DedicatedSystem/SharedSystem, Outputs:1, VendorId:0x8086
[2018.09.23-23.52.23:231][  0]LogD3D11RHI: Chosen D3D11 Adapter: 0
[2018.09.23-23.52.23:236][  0]LogD3D11RHI: Creating new Direct3DDevice
[2018.09.23-23.52.23:236][  0]LogD3D11RHI:     GPU DeviceId: 0x1187 (for the marketing name, search the web for "GPU Device Id")
[2018.09.23-23.52.23:236][  0]LogWindows: EnumDisplayDevices:
[2018.09.23-23.52.23:236][  0]LogWindows:    0. 'NVIDIA GeForce GTX 760' (P:1 D:1)
[2018.09.23-23.52.23:237][  0]LogWindows:    1. 'NVIDIA GeForce GTX 760' (P:0 D:0)
[2018.09.23-23.52.23:237][  0]LogWindows:    2. 'NVIDIA GeForce GTX 760' (P:0 D:0)
[2018.09.23-23.52.23:237][  0]LogWindows:    3. 'NVIDIA GeForce GTX 760' (P:0 D:0)
[2018.09.23-23.52.23:237][  0]LogWindows:    4. 'Intel(R) HD Graphics 4600' (P:0 D:1)
[2018.09.23-23.52.23:237][  0]LogWindows:    5. 'Intel(R) HD Graphics 4600' (P:0 D:0)
[2018.09.23-23.52.23:237][  0]LogWindows:    6. 'Intel(R) HD Graphics 4600' (P:0 D:0)
[2018.09.23-23.52.23:237][  0]LogWindows:    7. 'RDPDD Chained DD' (P:0 D:0)
[2018.09.23-23.52.23:237][  0]LogWindows:    8. 'RDP Encoder Mirror Driver' (P:0 D:0)
[2018.09.23-23.52.23:237][  0]LogWindows:    9. 'RDP Reflector Display Driver' (P:0 D:0)
[2018.09.23-23.52.23:237][  0]LogWindows: DebugString: PrimaryIsNotTheChoosenAdapter PrimaryIsNotTheChoosenAdapter PrimaryIsNotTheChoosenAdapter GetVideoDriverDetailsInvalid PrimaryIsNotTheChoosenAdapter GetVideoDriverDetailsInvalid PrimaryIsNotTheChoosenAdapter GetVideoDriverDetailsInvalid PrimaryIsNotTheChoosenAdapter FoundDriverCount:4 
[2018.09.23-23.52.23:237][  0]LogD3D11RHI:     Adapter Name: NVIDIA GeForce GTX 760
[2018.09.23-23.52.23:238][  0]LogD3D11RHI:   Driver Version: 398.36 (internal:24.21.13.9836, unified:398.36)
[2018.09.23-23.52.23:238][  0]LogD3D11RHI:      Driver Date: 6-24-2018
[2018.09.23-23.52.23:238][  0]LogRHI: Texture pool is 1385 MB (70% of 1979 MB)
[2018.09.23-23.52.23:251][  0]LogD3D11RHI: Async texture creation enabled
[2018.09.23-23.52.23:273][  0]LogD3D11RHI: GPU Timing Frequency: 1000.000000 (Debug: 2 2)
[2018.09.23-23.52.23:323][  0]LogShaderCompilers: Guid format shader working directory is -28 characters bigger than the processId version (../../../../../../Users/Nate/Documents/GitHub/Mansion_Environment/Mansion/Intermediate/Shaders/WorkingDirectory/2560/).
[2018.09.23-23.52.23:323][  0]LogShaderCompilers: Cleaned the shader compiler working directory 'C:/Users/Nate/AppData/Local/Temp/UnrealShaderWorkingDir/CEB184C44E4ACF8E4A2ED59E4CF01335/'.
[2018.09.23-23.52.23:631][  0]LogTemp: Display: Loaded TP AllDesktopTargetPlatform
[2018.09.23-23.52.23:645][  0]LogTemp: Display: Loaded TP MacClientTargetPlatform
[2018.09.23-23.52.23:658][  0]LogTemp: Display: Loaded TP MacNoEditorTargetPlatform
[2018.09.23-23.52.23:669][  0]LogTemp: Display: Loaded TP MacServerTargetPlatform
[2018.09.23-23.52.23:682][  0]LogTemp: Display: Loaded TP MacTargetPlatform
[2018.09.23-23.52.23:695][  0]LogTemp: Display: Loaded TP WindowsClientTargetPlatform
[2018.09.23-23.52.23:707][  0]LogTemp: Display: Loaded TP WindowsNoEditorTargetPlatform
[2018.09.23-23.52.23:720][  0]LogTemp: Display: Loaded TP WindowsServerTargetPlatform
[2018.09.23-23.52.23:726][  0]LogTemp: Display: Loaded TP WindowsTargetPlatform
[2018.09.23-23.52.23:801][  0]LogTemp: Display: Loaded TP AndroidTargetPlatform
[2018.09.23-23.52.23:801][  0]LogTemp: Display: Loaded TP AndroidTargetPlatform
[2018.09.23-23.52.23:801][  0]LogTemp: Display: Loaded TP AndroidTargetPlatform
[2018.09.23-23.52.23:801][  0]LogTemp: Display: Loaded TP AndroidTargetPlatform
[2018.09.23-23.52.23:801][  0]LogTemp: Display: Loaded TP AndroidTargetPlatform
[2018.09.23-23.52.23:801][  0]LogTemp: Display: Loaded TP AndroidTargetPlatform
[2018.09.23-23.52.23:801][  0]LogTemp: Display: Loaded TP AndroidTargetPlatform
[2018.09.23-23.52.23:801][  0]LogTemp: Display: Loaded TP AndroidTargetPlatform
[2018.09.23-23.52.23:801][  0]LogTemp: Display: Loaded TP AndroidTargetPlatform
[2018.09.23-23.52.23:801][  0]LogTemp: Display: Loaded TP AndroidTargetPlatform
[2018.09.23-23.52.23:801][  0]LogTemp: Display: Loaded TP AndroidTargetPlatform
[2018.09.23-23.52.23:801][  0]LogTemp: Display: Loaded TP AndroidTargetPlatform
[2018.09.23-23.52.23:801][  0]LogTemp: Display: Loaded TP AndroidTargetPlatform
[2018.09.23-23.52.23:801][  0]LogTemp: Display: Loaded TP AndroidTargetPlatform
[2018.09.23-23.52.23:801][  0]LogTemp: Display: Loaded TP AndroidTargetPlatform
[2018.09.23-23.52.23:801][  0]LogTemp: Display: Loaded TP AndroidTargetPlatform
[2018.09.23-23.52.23:801][  0]LogTemp: Display: Loaded TP AndroidTargetPlatform
[2018.09.23-23.52.23:801][  0]LogTemp: Display: Loaded TP AndroidTargetPlatform
[2018.09.23-23.52.23:803][  0]LogTemp: Display: Loaded TP HTML5TargetPlatform
[2018.09.23-23.52.23:862][  0]LogTemp: Display: Loaded TP IOSTargetPlatform
[2018.09.23-23.52.23:862][  0]LogTemp: Display: Loaded TP IOSTargetPlatform
[2018.09.23-23.52.23:884][  0]LogTemp: Display: Loaded TP TVOSTargetPlatform
[2018.09.23-23.52.23:884][  0]LogTemp: Display: Loaded TP TVOSTargetPlatform
[2018.09.23-23.52.23:897][  0]LogTemp: Display: Loaded TP LinuxClientTargetPlatform
[2018.09.23-23.52.23:909][  0]LogTemp: Display: Loaded TP LinuxNoEditorTargetPlatform
[2018.09.23-23.52.23:921][  0]LogTemp: Display: Loaded TP LinuxServerTargetPlatform
[2018.09.23-23.52.23:934][  0]LogTemp: Display: Loaded TP LinuxTargetPlatform
[2018.09.23-23.52.23:943][  0]LogTemp: Display: Loaded TP LuminTargetPlatform
[2018.09.23-23.52.23:943][  0]LogTargetPlatformManager: Display: Building Assets For Windows
[2018.09.23-23.52.24:027][  0]LogXGEController: Cleaning working directory: C:/Users/Nate/AppData/Local/Temp/UnrealXGEWorkingDir/
[2018.09.23-23.52.24:027][  0]LogXGEController: Cannot use XGE Controller as Incredibuild is not installed on this machine.
[2018.09.23-23.52.24:027][  0]LogShaderCompilers: Cannot use XGE Shader Compiler as Incredibuild is not installed on this machine.
[2018.09.23-23.52.24:027][  0]LogShaderCompilers: Display: Using Local Shader Compiler.
[2018.09.23-23.52.24:793][  0]LogDerivedDataCache: Display: Max Cache Size: 512 MB
[2018.09.23-23.52.24:990][  0]LogDerivedDataCache: Loaded boot cache 0.20s 71MB C:/Users/Nate/AppData/Local/UnrealEngine/4.20/DerivedDataCache/Boot.ddc.
[2018.09.23-23.52.24:991][  0]LogDerivedDataCache: Display: Loaded Boot cache: C:/Users/Nate/AppData/Local/UnrealEngine/4.20/DerivedDataCache/Boot.ddc
[2018.09.23-23.52.24:991][  0]LogDerivedDataCache: FDerivedDataBackendGraph:  Pak pak cache file ../../../../../../Users/Nate/Documents/GitHub/Mansion_Environment/Mansion/DerivedDataCache/DDC.ddp not found, will not use a pak cache.
[2018.09.23-23.52.24:991][  0]LogDerivedDataCache: Unable to find inner node Pak for hierarchical cache Hierarchy.
[2018.09.23-23.52.24:991][  0]LogDerivedDataCache: FDerivedDataBackendGraph:  CompressedPak pak cache file ../../../../../../Users/Nate/Documents/GitHub/Mansion_Environment/Mansion/DerivedDataCache/Compressed.ddp not found, will not use a pak cache.
[2018.09.23-23.52.24:991][  0]LogDerivedDataCache: Unable to find inner node CompressedPak for hierarchical cache Hierarchy.
[2018.09.23-23.52.25:011][  0]LogDerivedDataCache: Display: Pak cache opened for reading ../../../Engine/DerivedDataCache/Compressed.ddp.
[2018.09.23-23.52.25:022][  0]LogDerivedDataCache: Using Local data cache path C:/Users/Nate/AppData/Local/UnrealEngine/Common/DerivedDataCache: Writable
[2018.09.23-23.52.25:022][  0]LogDerivedDataCache: Shared data cache path not found in *engine.ini, will not use an Shared cache.
[2018.09.23-23.52.25:022][  0]LogDerivedDataCache: Unable to find inner node Shared for hierarchical cache Hierarchy.
[2018.09.23-23.52.25:043][  0]LogMaterial: Verifying Global Shaders for PCD3D_SM5
[2018.09.23-23.52.25:047][  0]LogSlate: Using FreeType 2.6.0
[2018.09.23-23.52.25:049][  0]LogSlate: SlateFontServices - WITH_FREETYPE: 1, WITH_HARFBUZZ: 1
[2018.09.23-23.52.25:158][  0]LogAssetRegistry: FAssetRegistry took 0.0251 seconds to start up
[2018.09.23-23.52.25:511][  0]LogInit: Selected Device Profile: [Windows]
[2018.09.23-23.52.25:711][  0]LogSimplygon: Simplygon DLL not present - disabling.
[2018.09.23-23.52.25:728][  0]LogMeshReduction: Using SimplygonSwarm for distributed automatic mesh merging
[2018.09.23-23.52.25:728][  0]LogMeshReduction: Using ProxyLODMeshReduction for automatic mesh merging
[2018.09.23-23.52.25:729][  0]LogMeshReduction: Using QuadricMeshReduction for automatic static mesh reduction
[2018.09.23-23.52.25:729][  0]LogMeshReduction: No automatic skeletal mesh reduction module available
[2018.09.23-23.52.25:764][  0]LogNetVersion: Mansion 1.0.0, NetCL: 4212847, EngineNetVer: 5, GameNetVer: 0 (Checksum: 1776648947)
[2018.09.23-23.52.26:405][  0]LogPackageLocalizationCache: Processed 11 localized package path(s) for 2 prioritized culture(s) in 0.067806 seconds
[2018.09.23-23.52.26:413][  0]LogUObjectArray: 38425 objects as part of root set at end of initial load.
[2018.09.23-23.52.26:414][  0]LogUObjectAllocator: 6690872 out of 0 bytes used by permanent object pool.
[2018.09.23-23.52.26:414][  0]LogUObjectArray: CloseDisregardForGC: 0/0 objects in disregard for GC pool
[2018.09.23-23.52.27:715][  0]LogTcpMessaging: Initializing TcpMessaging bridge
[2018.09.23-23.52.27:731][  0]LogUdpMessaging: Initializing bridge on interface 0.0.0.0:0 to multicast group 230.0.0.1:6666.
[2018.09.23-23.52.27:926][  0]SourceControl: Source control is disabled
[2018.09.23-23.52.27:926][  0]SourceControl: Source control is disabled
[2018.09.23-23.52.27:935][  0]SourceControl: Source control is disabled
[2018.09.23-23.52.27:938][  0]SourceControl: Source control is disabled
[2018.09.23-23.52.28:166][  0]LogAndroidPermission: UAndroidPermissionCallbackProxy::GetInstance
[2018.09.23-23.52.28:214][  0]LogOcInput: OculusInput pre-init called
[2018.09.23-23.52.28:294][  0]LogEngine: Initializing Engine...
[2018.09.23-23.52.28:295][  0]LogHMD: Failed to initialize OpenVR with code 110
[2018.09.23-23.52.28:297][  0]LogStats: UGameplayTagsManager::ConstructGameplayTagTree: ImportINI prefixes -  0.000 s
[2018.09.23-23.52.28:297][  0]LogStats: UGameplayTagsManager::ConstructGameplayTagTree: Construct from data asset -  0.000 s
[2018.09.23-23.52.28:298][  0]LogStats: UGameplayTagsManager::ConstructGameplayTagTree: ImportINI -  0.000 s
[2018.09.23-23.52.28:298][  0]LogStats: UGameplayTagsManager::ConstructGameplayTagTree: GameplayTagTreeChangedEvent.Broadcast -  0.000 s
[2018.09.23-23.52.28:549][  0]LogInit: Initializing FReadOnlyCVARCache
[2018.09.23-23.52.28:576][  0]LogAIModule: Creating AISystem for world Untitled
[2018.09.23-23.52.28:590][  0]LogInit: XAudio2 using 'VS248 (NVIDIA High Definition Audio)' : 2 channels at 48 kHz using 16 bits per sample (channel mask 0x3)
[2018.09.23-23.52.28:611][  0]LogInit: FAudioDevice initialized.
[2018.09.23-23.52.28:611][  0]LogNetVersion: Set ProjectVersion to 1.0.0.0. Version Checksum will be recalculated on next use.
[2018.09.23-23.52.28:685][  0]LogDerivedDataCache: Saved boot cache 0.07s 71MB C:/Users/Nate/AppData/Local/UnrealEngine/4.20/DerivedDataCache/Boot.ddc.
[2018.09.23-23.52.28:692][  0]LogInit: Texture streaming: Enabled
[2018.09.23-23.52.28:712][  0]LogEngineSessionManager: EngineSessionManager initialized
[2018.09.23-23.52.28:723][  0]LogInit: Transaction tracking system initialized
[2018.09.23-23.52.28:759][  0]BlueprintLog: New page: Editor Load
[2018.09.23-23.52.28:893][  0]LocalizationService: Localization service is disabled
[2018.09.23-23.52.29:215][  0]LogCook: Display: Max memory allowance for cook 16384mb min free memory 0mb
[2018.09.23-23.52.29:215][  0]LogCook: Display: Mobile HDR setting 1
[2018.09.23-23.52.29:216][  0]LogGameplayTags: Display: UGameplayTagsManager::DoneAddingNativeTags. DelegateIsBound: 0
[2018.09.23-23.52.29:216][  0]LogStats: UGameplayTagsManager::ConstructGameplayTagTree: ImportINI prefixes -  0.000 s
[2018.09.23-23.52.29:216][  0]LogStats: UGameplayTagsManager::ConstructGameplayTagTree: Construct from data asset -  0.000 s
[2018.09.23-23.52.29:216][  0]LogStats: UGameplayTagsManager::ConstructGameplayTagTree: ImportINI -  0.000 s
[2018.09.23-23.52.29:216][  0]LogStats: UGameplayTagsManager::ConstructGameplayTagTree: GameplayTagTreeChangedEvent.Broadcast -  0.000 s
[2018.09.23-23.52.29:402][  0]LogFileCache: Scanning file cache for directory 'C:/Users/Nate/Documents/GitHub/Mansion_Environment/Mansion/Content/' took 0.01s
[2018.09.23-23.52.29:402][  0]SourceControl: Source control is disabled
[2018.09.23-23.52.29:403][  0]Cmd: MAP LOAD FILE="../../../../../../Users/Nate/Documents/GitHub/Mansion_Environment/Mansion/Content/StarterContent/Maps/Minimal_Default.umap" TEMPLATE=0 SHOWPROGRESS=1 FEATURELEVEL=3
[2018.09.23-23.52.29:403][  0]LightingResults: New page: Lighting Build
[2018.09.23-23.52.29:410][  0]MapCheck: New page: Map Check
[2018.09.23-23.52.29:410][  0]LightingResults: New page: Lighting Build
[2018.09.23-23.52.29:611][  0]LogStaticMesh: Building static mesh Narrow_Desk...
[2018.09.23-23.52.29:647][  0]LogStaticMesh: Built static mesh [0.04s] /Game/Models/Props/Narrow_Desk.Narrow_Desk
[2018.09.23-23.52.29:655][  0]LogStaticMesh: Building static mesh Large_Pot...
[2018.09.23-23.52.29:701][  0]LogStaticMesh: Built static mesh [0.05s] /Game/Models/Props/Large_Pot.Large_Pot
[2018.09.23-23.52.29:707][  0]LogStaticMesh: Building static mesh Chair...
[2018.09.23-23.52.29:737][  0]LogStaticMesh: Built static mesh [0.03s] /Game/Models/Props/Chair.Chair
[2018.09.23-23.52.29:740][  0]LogStaticMesh: Building static mesh Wood_Beam_Short...
[2018.09.23-23.52.29:743][  0]LogStaticMesh: Built static mesh [0.00s] /Game/Models/Architecture/Wood_Beam_Short.Wood_Beam_Short
[2018.09.23-23.52.29:745][  0]LogStaticMesh: Building static mesh Wood_Beam_Long...
[2018.09.23-23.52.29:748][  0]LogStaticMesh: Built static mesh [0.00s] /Game/Models/Architecture/Wood_Beam_Long.Wood_Beam_Long
[2018.09.23-23.52.29:869][  0]LogStaticMesh: Building static mesh Blockout4...
[2018.09.23-23.52.30:550][  0]LogStaticMesh: Built static mesh [0.68s] /Game/Blockout4.Blockout4
[2018.09.23-23.52.30:612][  0]LogMaterial: Display: Missing cached shader map for material Material_001, compiling. 
[2018.09.23-23.52.30:718][  0]LogShaderCompilers: Display: Shaders left to compile 31
[2018.09.23-23.52.30:718][  0]LogShaderCompilers: Display: Shaders left to compile 21
[2018.09.23-23.52.30:718][  0]LogShaderCompilers: Display: Shaders left to compile 11
[2018.09.23-23.52.30:718][  0]LogShaderCompilers: Display: Shaders left to compile 1
[2018.09.23-23.52.30:762][  0]LogAIModule: Creating AISystem for world Minimal_Default
[2018.09.23-23.52.30:783][  0]LogEditorServer: Finished looking for orphan Actors (0.000 secs)
[2018.09.23-23.52.30:811][  0]Cmd: MAP CHECKDEP NOCLEARLOG
[2018.09.23-23.52.30:854][  0]MapCheck: Map check complete: 0 Error(s), 0 Warning(s), took 43.214ms to complete.
[2018.09.23-23.52.30:854][  0]LogFileHelpers: Loading map 'Minimal_Default' took 1.452
[2018.09.23-23.52.30:978][  0]LogSlate: Updating window title bar state: overlay mode, drag disabled, window buttons hidden, title bar hidden
[2018.09.23-23.52.30:990][  0]LogSlate: Updating window title bar state: overlay mode, drag disabled, window buttons hidden, title bar hidden
[2018.09.23-23.52.31:001][  0]LogSlate: Updating window title bar state: overlay mode, drag disabled, window buttons hidden, title bar hidden
[2018.09.23-23.52.31:010][  0]LogSlate: Updating window title bar state: overlay mode, drag disabled, window buttons hidden, title bar hidden
[2018.09.23-23.52.31:021][  0]LogCollectionManager: Loaded 0 collections in 0.001422 seconds
[2018.09.23-23.52.31:073][  0]LogFileCache: Scanning file cache for directory 'C:/Users/Nate/Documents/GitHub/Mansion_Environment/Mansion/Saved/Collections/' took 0.01s
[2018.09.23-23.52.31:073][  0]LogFileCache: Scanning file cache for directory 'C:/Users/Nate/Documents/GitHub/Mansion_Environment/Mansion/Content/Developers/Nate/Collections/' took 0.01s
[2018.09.23-23.52.31:073][  0]LogFileCache: Scanning file cache for directory 'C:/Users/Nate/Documents/GitHub/Mansion_Environment/Mansion/Content/Collections/' took 0.01s
[2018.09.23-23.52.31:073][  0]LogCollectionManager: Rebuilt the GUID cache for 0 collections in 0.000001 seconds
[2018.09.23-23.52.31:090][  0]LogContentBrowser: Native class hierarchy populated in 0.0152 seconds. Added 2572 classes and 603 folders.
[2018.09.23-23.52.31:103][  0]LogContentBrowser: Native class hierarchy updated for 'WidgetCarousel' in 0.0003 seconds. Added 0 classes and 0 folders.
[2018.09.23-23.52.31:215][  0]LogContentBrowser: Native class hierarchy updated for 'AddContentDialog' in 0.0008 seconds. Added 0 classes and 0 folders.
[2018.09.23-23.52.31:233][  0]LogContentBrowser: Native class hierarchy updated for 'SceneOutliner' in 0.0007 seconds. Added 1 classes and 2 folders.
[2018.09.23-23.52.31:440][  0]LogSlate: Updating window title bar state: overlay mode, drag disabled, window buttons hidden, title bar hidden
[2018.09.23-23.52.31:460][  0]LogSlate: Updating window title bar state: overlay mode, drag disabled, window buttons hidden, title bar hidden
[2018.09.23-23.52.31:479][  0]LogSlate: Updating window title bar state: overlay mode, drag disabled, window buttons hidden, title bar hidden
[2018.09.23-23.52.31:491][  0]LogSlate: Updating window title bar state: overlay mode, drag disabled, window buttons hidden, title bar hidden
[2018.09.23-23.52.31:504][  0]LogSlate: Took 0.000961 seconds to synchronously load lazily loaded font '../../../Engine/Content/Slate/Fonts/Roboto-Regular.ttf' (155K)
[2018.09.23-23.52.31:507][  0]LogSlate: Took 0.001277 seconds to synchronously load lazily loaded font '../../../Engine/Content/Slate/Fonts/Roboto-Bold.ttf' (160K)
[2018.09.23-23.52.31:516][  0]LogSlate: Took 0.000884 seconds to synchronously load lazily loaded font '../../../Engine/Content/Editor/Slate/Fonts/FontAwesome.ttf' (139K)
[2018.09.23-23.52.31:623][  0]LogRenderer: Reallocating scene render targets to support 1056x580 Format 9 NumSamples 1 (Frame:1).
[2018.09.23-23.52.31:758][  0]LogSlate: Took 0.001145 seconds to synchronously load lazily loaded font '../../../Engine/Content/Slate/Fonts/Roboto-Light.ttf' (167K)
[2018.09.23-23.52.31:787][  0]LogRenderer: Reallocating scene render targets to support 1916x1016 Format 9 NumSamples 1 (Frame:2).
[2018.09.23-23.52.31:967][  0]LogContentBrowser: Native class hierarchy updated for 'HierarchicalLODOutliner' in 0.0008 seconds. Added 0 classes and 0 folders.
[2018.09.23-23.52.31:968][  0]LogLoad: (Engine Initialization) Total time: 11.35 seconds
[2018.09.23-23.52.31:968][  0]LogLoad: (Engine Initialization) Total Blueprint compile time: 0.00 seconds
[2018.09.23-23.52.32:016][  0]LogContentStreaming: Texture pool size now 800 MB
[2018.09.23-23.52.32:169][  2]LogAssetRegistry: Asset discovery search completed in 7.0322 seconds
[2018.09.23-23.52.32:171][  2]LogCollectionManager: Rebuilt the object cache for 0 collections in 0.000001 seconds (found 0 objects)
[2018.09.23-23.52.32:171][  2]LogCollectionManager: Fixed up redirectors for 0 collections in 0.000095 seconds (updated 0 objects)
[2018.09.23-23.52.48:707][885]LogSlate: FSceneViewport::OnFocusLost() reason 2
[2018.09.23-23.52.50:392][ 43]LogSlate: Took 0.000960 seconds to synchronously load lazily loaded font '../../../Engine/Content/Slate/Fonts/Roboto-BoldCondensed.ttf' (158K)
[2018.09.23-23.54.00:314][661]LogSlate: FSceneViewport::OnFocusLost() reason 0
[2018.09.24-00.14.54:147][794]LogSlate: FSceneViewport::OnFocusLost() reason 0
[2018.09.24-00.20.04:253][143]LogSlate: FSceneViewport::OnFocusLost() reason 0
[2018.09.24-00.20.05:000][178]LogEditorViewport: Clicking on Actor (LMB): CameraActor (Render Cam)
[2018.09.24-00.20.10:693][439]LogSlate: FSceneViewport::OnFocusLost() reason 0
[2018.09.24-00.21.18:340][717]LogSlate: Took 0.000242 seconds to synchronously load lazily loaded font '../../../Engine/Content/Slate/Fonts/Roboto-Light.ttf' (167K)
[2018.09.24-00.21.47:403][804]LogEditorViewport: Clicking on Actor (context menu): Brush (Brush1)
[2018.09.24-00.21.47:510][804]LogSlate: FSceneViewport::OnFocusLost() reason 2
[2018.09.24-00.21.51:668][972]LogSavePackage: Moving '../../../../../../Users/Nate/Documents/GitHub/Mansion_Environment/Mansion/Saved/Minimal_Default_Auto1CD25FEA14C9E2E1E04191F845377A778.tmp' to '../../../../../../Users/Nate/Documents/GitHub/Mansion_Environment/Mansion/Saved/Autosaves/Game/StarterContent/Maps/Minimal_Default_Auto1.umap'
[2018.09.24-00.21.51:670][972]LogFileHelpers: Editor autosave (incl. sublevels) for '/Game/StarterContent/Maps/Minimal_Default' took 0.141
[2018.09.24-00.21.51:670][972]LogFileHelpers: Editor autosave (incl. sublevels) for all levels took 0.141
[2018.09.24-00.22.18:163][ 52]LogEditorViewport: Clicking on Actor (LMB): StaticMeshActor (Wood_Beam_Long3)
[2018.09.24-00.22.22:400][257]LogEditorViewport: Clicking on Actor (LMB): CameraActor (Render Cam)
[2018.09.24-00.22.24:232][337]LogSlate: FSceneViewport::OnFocusLost() reason 0
[2018.09.24-00.22.30:282][616]LogSlate: FSceneViewport::OnFocusLost() reason 0
[2018.09.24-00.23.03:693][312]LogEditorViewport: Clicking on Actor (LMB): StaticMeshActor (Wall_21x20)
[2018.09.24-00.23.07:086][487]LogEditorViewport: Clicking on Actor (LMB): StaticMeshActor (Wall_21x19)
[2018.09.24-00.23.09:471][613]LogEditorViewport: Clicking on Actor (LMB): StaticMeshActor (Blockout4)
[2018.09.24-00.23.10:551][665]LogEditorViewport: Clicking on Actor (LMB): StaticMeshActor (Wall_21x20)
[2018.09.24-00.23.14:850][891]Cmd: TRANSACTION UNDO
[2018.09.24-00.23.14:850][891]LogEditorTransaction: Undo Move Actors
[2018.09.24-00.23.21:320][212]LogEditorViewport: Clicking on Actor (LMB): StaticMeshActor (Blockout4)
[2018.09.24-00.23.23:099][297]LogEditorViewport: Clicking on Actor (LMB): StaticMeshActor (Blockout4)
[2018.09.24-00.23.23:897][335]LogEditorViewport: Clicking on Actor (LMB): StaticMeshActor (Blockout4)
[2018.09.24-00.23.24:666][372]LogEditorViewport: Clicking on Actor (LMB): StaticMeshActor (Wood_Beam_Long2)
[2018.09.24-00.23.25:592][416]LogEditorViewport: Clicking on Actor (LMB): StaticMeshActor (Blockout4)
[2018.09.24-00.23.26:583][461]LogEditorViewport: Clicking on Actor (LMB): StaticMeshActor (Blockout4)
[2018.09.24-00.23.31:285][681]LogSlate: FSceneViewport::OnFocusLost() reason 0
[2018.09.24-00.23.40:262][972]LogEditorViewport: Clicking on Actor (context menu): StaticMeshActor (Blockout4)
[2018.09.24-00.23.40:293][972]LogSlate: FSceneViewport::OnFocusLost() reason 2
[2018.09.24-00.23.41:081][ 46]LogEditorViewport: Clicking on Actor (LMB): StaticMeshActor (Blockout4)
[2018.09.24-00.23.41:597][ 70]LogEditorViewport: Clicking on Actor (LMB): StaticMeshActor (Narrow_Desk)
[2018.09.24-00.24.00:998][ 64]LogEditorViewport: Clicking on Actor (LMB): StaticMeshActor (Blockout4)
[2018.09.24-00.24.03:571][186]LogEditorViewport: Clicking on Actor (LMB): StaticMeshActor (Blockout4)
[2018.09.24-00.24.06:085][307]LogEditorViewport: Clicking on Actor (LMB): CineCameraActor (CineCameraActor1)
[2018.09.24-00.24.14:460][687]LogSlate: FSceneViewport::OnFocusLost() reason 0
[2018.09.24-00.25.13:548][154]LogEditorViewport: Clicking on Actor (LMB): StaticMeshActor (Blockout4)
[2018.09.24-00.25.20:688][485]LogSlate: FSceneViewport::OnFocusLost() reason 0
[2018.09.24-00.25.52:246][955]LogEditorViewport: Clicking on Actor (LMB): StaticMeshActor (Wall_21x20)
[2018.09.24-00.25.55:842][138]LogEditorViewport: Clicking on Actor (LMB): StaticMeshActor (Wall_3x18 7)
[2018.09.24-00.26.02:756][490]LogEditorViewport: Clicking on Actor (LMB): StaticMeshActor (Blockout4)
[2018.09.24-00.26.03:936][545]LogEditorViewport: Clicking on Actor (LMB): StaticMeshActor (Blockout4)
[2018.09.24-00.26.23:191][460]LogEditorViewport: Clicking on Actor (LMB): CameraActor (Render Cam)
[2018.09.24-00.26.25:085][544]LogSlate: FSceneViewport::OnFocusLost() reason 0
[2018.09.24-00.26.53:491][829]LogSlate: FSceneViewport::OnFocusLost() reason 0
[2018.09.24-00.27.38:092][ 48]LogSlate: FSceneViewport::OnFocusLost() reason 0
[2018.09.24-00.27.51:428][783]LogSlate: FSceneViewport::OnFocusLost() reason 0
[2018.09.24-00.28.24:235][511]LogEditorViewport: Clicking on Actor (LMB): StaticMeshActor (Blockout4)
[2018.09.24-00.28.26:176][600]LogEditorViewport: Clicking on Actor (LMB): CineCameraActor (CineCameraActor1)
[2018.09.24-00.28.30:715][799]LogSlate: FSceneViewport::OnFocusLost() reason 0
[2018.09.24-00.28.44:365][707]LogSlate: FSceneViewport::OnFocusLost() reason 0
[2018.09.24-00.28.54:394][251]LogSlate: FSceneViewport::OnFocusLost() reason 0
[2018.09.24-00.29.18:229][493]LogSlate: FSceneViewport::OnFocusLost() reason 0
[2018.09.24-00.29.41:228][781]LogSlate: FSceneViewport::OnFocusLost() reason 0
[2018.09.24-00.29.41:308][786]Cmd: MODE ROTGRID=0
[2018.09.24-00.29.59:463][609]Cmd: TRANSACTION UNDO
[2018.09.24-00.29.59:463][609]LogEditorTransaction: Undo Move Actors
[2018.09.24-00.29.59:868][623]Cmd: TRANSACTION UNDO
[2018.09.24-00.29.59:868][623]LogEditorTransaction: Undo Move Actors
[2018.09.24-00.30.00:503][645]Cmd: TRANSACTION UNDO
[2018.09.24-00.30.00:503][645]LogEditorTransaction: Undo Rotate Actors
[2018.09.24-00.30.01:715][697]Cmd: TRANSACTION UNDO
[2018.09.24-00.30.01:715][697]LogEditorTransaction: Undo Rotate Actors
[2018.09.24-00.30.02:308][723]Cmd: TRANSACTION UNDO
[2018.09.24-00.30.02:308][723]LogEditorTransaction: Undo Move Actors
[2018.09.24-00.30.02:733][742]Cmd: TRANSACTION UNDO
[2018.09.24-00.30.02:733][742]LogEditorTransaction: Undo Move Actors
[2018.09.24-00.30.25:516][796]LogSlate: FSceneViewport::OnFocusLost() reason 0
[2018.09.24-00.30.42:415][907]LogSlate: FSceneViewport::OnFocusLost() reason 0
[2018.09.24-00.30.42:571][921]Cmd: MODE ROTGRID=1
[2018.09.24-00.31.09:007][158]LogSlate: FSceneViewport::OnFocusLost() reason 0
[2018.09.24-00.31.54:278][544]LogSlate: FSceneViewport::OnFocusLost() reason 0
[2018.09.24-00.32.47:350][301]LogSlate: FSceneViewport::OnFocusLost() reason 0
[2018.09.24-00.33.09:920][469]LogEditorViewport: Clicking on Actor (LMB): StaticMeshActor (Blockout4)
[2018.09.24-00.33.11:930][561]LogEditorViewport: Clicking on Actor (LMB): StaticMeshActor (Wall_21x20)
[2018.09.24-00.33.14:452][672]LogEditorViewport: Clicking on Actor (LMB): StaticMeshActor (Wall_3x18 7)
[2018.09.24-00.33.23:231][ 96]LogEditorViewport: Clicking on Actor (LMB): CameraActor (Render Cam)
[2018.09.24-00.33.27:370][282]LogEditorViewport: Clicking on Actor (LMB): CineCameraActor (CineCameraActor1)
[2018.09.24-00.33.29:545][376]LogEditorViewport: Clicking on Actor (LMB): CameraActor (Render Cam)
[2018.09.24-00.33.30:749][423]LogEditorViewport: Clicking on Actor (LMB): CineCameraActor (CineCameraActor1)
[2018.09.24-00.33.33:479][522]LogEditorViewport: Clicking on Actor (LMB): StaticMeshActor (Blockout4)
[2018.09.24-00.33.34:609][561]LogEditorViewport: Clicking on Actor (LMB): StaticMeshActor (Wall_21x18 13)
[2018.09.24-00.33.35:694][610]LogEditorViewport: Clicking on Actor (LMB): CineCameraActor (CineCameraActor1)
[2018.09.24-00.33.37:300][679]LogEditorViewport: Clicking on Actor (LMB): CameraActor (Render Cam)
[2018.09.24-00.33.41:279][784]LogEditorViewport: Clicking on Actor (LMB): CineCameraActor (CineCameraActor1)
[2018.09.24-00.33.47:895][ 82]LogSlate: FSceneViewport::OnFocusLost() reason 2
[2018.09.24-00.33.49:053][187]LogSlate: FSceneViewport::OnFocusLost() reason 2
[2018.09.24-00.33.49:287][187]LogSavePackage: Moving '../../../../../../Users/Nate/Documents/GitHub/Mansion_Environment/Mansion/Saved/Minimal_DefaultDF8E8274415F18A28E79EDABC46CB59F.tmp' to '../../../../../../Users/Nate/Documents/GitHub/Mansion_Environment/Mansion/Content/StarterContent/Maps/Minimal_Default.umap'
[2018.09.24-00.33.49:301][187]LogFileHelpers: Saving map 'Minimal_Default' took 0.197
[2018.09.24-00.33.49:926][217]LogSlate: FSceneViewport::OnFocusLost() reason 2
[2018.09.24-00.33.51:236][304]LogSlate: FSceneViewport::OnFocusLost() reason 2
[2018.09.24-00.33.51:457][304]LogSavePackage: Moving '../../../../../../Users/Nate/Documents/GitHub/Mansion_Environment/Mansion/Saved/Minimal_DefaultB8A1D2F94DDB4CC7574857B19887BFFC.tmp' to '../../../../../../Users/Nate/Documents/GitHub/Mansion_Environment/Mansion/Content/StarterContent/Maps/Minimal_Default.umap'
[2018.09.24-00.33.51:540][304]LogSavePackage: Moving '../../../../../../Users/Nate/Documents/GitHub/Mansion_Environment/Mansion/Saved/Minimal_Default_BuiltData45C24F684565A448D49AF5BA825BA089.tmp' to '../../../../../../Users/Nate/Documents/GitHub/Mansion_Environment/Mansion/Content/StarterContent/Maps/Minimal_Default_BuiltData.uasset'
[2018.09.24-05.43.17:551][205]LogSlate: FSceneViewport::OnFocusLost() reason 2
[2018.09.24-05.43.20:359][463]LogSlate: FSceneViewport::OnFocusLost() reason 2
[2018.09.24-05.43.20:558][463]LogSavePackage: Moving '../../../../../../Users/Nate/Documents/GitHub/Mansion_Environment/Mansion/Saved/Minimal_Default43A9617C487A511AF01A3BAF6AE99C1D.tmp' to '../../../../../../Users/Nate/Documents/GitHub/Mansion_Environment/Mansion/Content/StarterContent/Maps/Minimal_Default.umap'
[2018.09.24-05.43.20:616][463]LogSavePackage: Moving '../../../../../../Users/Nate/Documents/GitHub/Mansion_Environment/Mansion/Saved/Minimal_Default_BuiltData85F39F8A47F5163ADAFABF9D1510B633.tmp' to '../../../../../../Users/Nate/Documents/GitHub/Mansion_Environment/Mansion/Content/StarterContent/Maps/Minimal_Default_BuiltData.uasset'
[2018.09.24-05.43.22:275][535]LogSlate: FSceneViewport::OnFocusLost() reason 0
[2018.09.24-05.43.22:515][548]LogSlate: Window 'Viewport 2' being destroyed
[2018.09.24-05.43.22:612][548]LogSlate: Window 'Mansion - Unreal Editor' being destroyed
[2018.09.24-05.43.22:832][549]Cmd: QUIT_EDITOR
[2018.09.24-05.43.22:868][549]LogExit: Preparing to exit.
[2018.09.24-05.43.23:621][549]LogExit: Editor shut down
[2018.09.24-05.43.23:622][549]LogExit: Transaction tracking system shut down
[2018.09.24-05.43.24:204][549]LogExit: Object subsystem successfully closed.
[2018.09.24-05.43.24:221][549]LogShaderCompilers: Display: Shaders left to compile 0
[2018.09.24-05.43.24:225][549]LogD3D11RHI: Shutdown
[2018.09.24-05.43.24:225][549]LogD3D11RHI: CleanupD3DDevice
[2018.09.24-05.43.24:227][549]LogD3D11RHI: ~FD3D11DynamicRHI
[2018.09.24-05.43.24:247][549]LogModuleManager: Shutting down and abandoning module HierarchicalLODOutliner (612)
[2018.09.24-05.43.24:247][549]LogModuleManager: Shutting down and abandoning module SceneOutliner (610)
[2018.09.24-05.43.24:247][549]LogModuleManager: Shutting down and abandoning module AddContentDialog (608)
[2018.09.24-05.43.24:249][549]LogModuleManager: Shutting down and abandoning module WidgetCarousel (607)
[2018.09.24-05.43.24:249][549]LogModuleManager: Shutting down and abandoning module EditorWidgets (604)
[2018.09.24-05.43.24:249][549]LogModuleManager: Shutting down and abandoning module CollectionManager (602)
[2018.09.24-05.43.24:250][549]LogModuleManager: Shutting down and abandoning module MeshBuilder (600)
[2018.09.24-05.43.24:250][549]LogModuleManager: Shutting down and abandoning module StatsViewer (598)
[2018.09.24-05.43.24:250][549]LogModuleManager: Shutting down and abandoning module FoliageEdit (596)
[2018.09.24-05.43.24:250][549]LogModuleManager: Shutting down and abandoning module LandscapeEditor (594)
[2018.09.24-05.43.24:251][549]LogModuleManager: Shutting down and abandoning module MeshPaintMode (592)
[2018.09.24-05.43.24:251][549]LogModuleManager: Shutting down and abandoning module SceneDepthPickerMode (590)
[2018.09.24-05.43.24:251][549]LogModuleManager: Shutting down and abandoning module ActorPickerMode (588)
[2018.09.24-05.43.24:251][549]LogModuleManager: Shutting down and abandoning module GeometryMode (586)
[2018.09.24-05.43.24:251][549]LogModuleManager: Shutting down and abandoning module TextureAlignMode (584)
[2018.09.24-05.43.24:251][549]LogModuleManager: Shutting down and abandoning module BspMode (582)
[2018.09.24-05.43.24:251][549]LogModuleManager: Shutting down and abandoning module PIEPreviewDeviceProfileSelector (580)
[2018.09.24-05.43.24:251][549]LogModuleManager: Shutting down and abandoning module SequenceRecorderSections (578)
[2018.09.24-05.43.24:251][549]LogModuleManager: Shutting down and abandoning module AutomationWorker (576)
[2018.09.24-05.43.24:251][549]LogModuleManager: Shutting down and abandoning module AudioCaptureEditor (574)
[2018.09.24-05.43.24:251][549]LogModuleManager: Shutting down and abandoning module SequenceRecorder (573)
[2018.09.24-05.43.24:251][549]LogModuleManager: Shutting down and abandoning module MatineeToLevelSequence (570)
[2018.09.24-05.43.24:251][549]LogModuleManager: Shutting down and abandoning module LevelSequenceEditor (568)
[2018.09.24-05.43.24:252][549]LogModuleManager: Shutting down and abandoning module PlacementMode (567)
[2018.09.24-05.43.24:252][549]LogModuleManager: Shutting down and abandoning module MaterialEditor (566)
[2018.09.24-05.43.24:253][549]LogModuleManager: Shutting down and abandoning module WmfMediaFactory (562)
[2018.09.24-05.43.24:253][549]LogModuleManager: Shutting down and abandoning module WmfMediaEditor (560)
[2018.09.24-05.43.24:253][549]LogModuleManager: Shutting down and abandoning module MediaPlayerEditor (558)
[2018.09.24-05.43.24:253][549]LogModuleManager: Shutting down and abandoning module OpenExrWrapper (556)
[2018.09.24-05.43.24:253][549]LogModuleManager: Shutting down and abandoning module ImgMediaFactory (554)
[2018.09.24-05.43.24:253][549]LogModuleManager: Shutting down and abandoning module ImgMediaEditor (552)
[2018.09.24-05.43.24:253][549]LogModuleManager: Shutting down and abandoning module AvfMediaFactory (550)
[2018.09.24-05.43.24:253][549]LogModuleManager: Shutting down and abandoning module AvfMediaEditor (548)
[2018.09.24-05.43.24:253][549]LogModuleManager: Shutting down and abandoning module AndroidMediaFactory (546)
[2018.09.24-05.43.24:253][549]LogModuleManager: Shutting down and abandoning module AndroidMediaEditor (544)
[2018.09.24-05.43.24:253][549]LogModuleManager: Shutting down and abandoning module MagicLeapCameraPreviewFactory (542)
[2018.09.24-05.43.24:253][549]LogModuleManager: Shutting down and abandoning module MagicLeapMediaFactory (540)
[2018.09.24-05.43.24:253][549]LogModuleManager: Shutting down and abandoning module MagicLeapMediaEditor (538)
[2018.09.24-05.43.24:253][549]LogModuleManager: Shutting down and abandoning module CharacterAI (536)
[2018.09.24-05.43.24:253][549]LogModuleManager: Shutting down and abandoning module SmartSnapping (534)
[2018.09.24-05.43.24:253][549]LogModuleManager: Shutting down and abandoning module SessionServices (532)
[2018.09.24-05.43.24:253][549]LogModuleManager: Shutting down and abandoning module ViewportSnapping (530)
[2018.09.24-05.43.24:253][549]LogModuleManager: Shutting down and abandoning module ViewportInteraction (528)
[2018.09.24-05.43.24:253][549]LogModuleManager: Shutting down and abandoning module ClothPainter (526)
[2018.09.24-05.43.24:254][549]LogModuleManager: Shutting down and abandoning module SkeletalMeshEditor (525)
[2018.09.24-05.43.24:255][549]LogModuleManager: Shutting down and abandoning module LogVisualizer (522)
[2018.09.24-05.43.24:255][549]LogModuleManager: Shutting down and abandoning module IntroTutorials (520)
[2018.09.24-05.43.24:255][549]LogModuleManager: Shutting down and abandoning module GameProjectGeneration (519)
[2018.09.24-05.43.24:255][549]LogModuleManager: Shutting down and abandoning module LuminPlatformEditor (516)
[2018.09.24-05.43.24:255][549]LogModuleManager: Shutting down and abandoning module IOSPlatformEditor (514)
[2018.09.24-05.43.24:255][549]LogModuleManager: Shutting down and abandoning module HTML5PlatformEditor (512)
[2018.09.24-05.43.24:255][549]LogModuleManager: Shutting down and abandoning module AndroidPlatformEditor (510)
[2018.09.24-05.43.24:255][549]LogModuleManager: Shutting down and abandoning module AndroidDeviceDetection (509)
[2018.09.24-05.43.24:801][549]LogModuleManager: Shutting down and abandoning module WindowsPlatformEditor (506)
[2018.09.24-05.43.24:801][549]LogModuleManager: Shutting down and abandoning module LuminRuntimeSettings (504)
[2018.09.24-05.43.24:801][549]LogModuleManager: Shutting down and abandoning module IOSRuntimeSettings (502)
[2018.09.24-05.43.24:801][549]LogModuleManager: Shutting down and abandoning module AndroidRuntimeSettings (500)
[2018.09.24-05.43.24:801][549]LogModuleManager: Shutting down and abandoning module InputBindingEditor (498)
[2018.09.24-05.43.24:801][549]LogModuleManager: Shutting down and abandoning module MergeActors (496)
[2018.09.24-05.43.24:801][549]LogModuleManager: Shutting down and abandoning module LocalizationDashboard (494)
[2018.09.24-05.43.24:802][549]LogModuleManager: Shutting down and abandoning module LocalizationService (493)
[2018.09.24-05.43.24:802][549]LogModuleManager: Shutting down and abandoning module HardwareTargeting (490)
[2018.09.24-05.43.24:802][549]LogModuleManager: Shutting down and abandoning module DeviceProfileEditor (488)
[2018.09.24-05.43.24:802][549]LogModuleManager: Shutting down and abandoning module UndoHistory (486)
[2018.09.24-05.43.24:802][549]LogModuleManager: Shutting down and abandoning module XmlParser (484)
[2018.09.24-05.43.24:802][549]LogModuleManager: Shutting down and abandoning module Blutility (482)
[2018.09.24-05.43.24:802][549]LogModuleManager: Shutting down and abandoning module ProjectSettingsViewer (480)
[2018.09.24-05.43.24:802][549]LogModuleManager: Shutting down and abandoning module ProjectTargetPlatformEditor (479)
[2018.09.24-05.43.24:802][549]LogModuleManager: Shutting down and abandoning module EditorSettingsViewer (476)
[2018.09.24-05.43.24:802][549]LogModuleManager: Shutting down and abandoning module SettingsEditor (474)
[2018.09.24-05.43.24:802][549]LogModuleManager: Shutting down and abandoning module ProjectLauncher (472)
[2018.09.24-05.43.24:802][549]LogModuleManager: Shutting down and abandoning module SessionFrontend (470)
[2018.09.24-05.43.24:802][549]LogModuleManager: Shutting down and abandoning module ProfilerClient (468)
[2018.09.24-05.43.24:802][549]LogModuleManager: Shutting down and abandoning module DeviceManager (466)
[2018.09.24-05.43.24:802][549]LogModuleManager: Shutting down and abandoning module TargetDeviceServices (465)
[2018.09.24-05.43.24:842][549]LogModuleManager: Shutting down and abandoning module AutomationController (462)
[2018.09.24-05.43.24:842][549]LogModuleManager: Shutting down and abandoning module AutomationWindow (460)
[2018.09.24-05.43.24:842][549]LogModuleManager: Shutting down and abandoning module Layers (458)
[2018.09.24-05.43.24:844][549]LogModuleManager: Shutting down and abandoning module ComponentVisualizers (456)
[2018.09.24-05.43.24:844][549]LogModuleManager: Shutting down and abandoning module DetailCustomizations (454)
[2018.09.24-05.43.24:844][549]LogModuleManager: Shutting down and abandoning module PackagesDialog (452)
[2018.09.24-05.43.24:845][549]LogModuleManager: Shutting down and abandoning module Persona (450)
[2018.09.24-05.43.24:845][549]LogModuleManager: Shutting down and abandoning module AdvancedPreviewScene (449)
[2018.09.24-05.43.24:845][549]LogModuleManager: Shutting down and abandoning module AnimGraph (447)
[2018.09.24-05.43.24:845][549]LogModuleManager: Shutting down and abandoning module Kismet (444)
[2018.09.24-05.43.24:846][549]LogModuleManager: Shutting down and abandoning module GraphEditor (442)
[2018.09.24-05.43.24:847][549]LogModuleManager: Shutting down and abandoning module ClassViewer (440)
[2018.09.24-05.43.24:847][549]LogModuleManager: Shutting down and abandoning module Toolbox (438)
[2018.09.24-05.43.24:847][549]LogModuleManager: Shutting down and abandoning module ModuleUI (436)
[2018.09.24-05.43.24:848][549]LogModuleManager: Shutting down and abandoning module MovieSceneTools (434)
[2018.09.24-05.43.24:848][549]LogModuleManager: Shutting down and abandoning module OutputLog (432)
[2018.09.24-05.43.24:848][549]LogModuleManager: Shutting down and abandoning module GammaUI (430)
[2018.09.24-05.43.24:848][549]LogModuleManager: Shutting down and abandoning module Documentation (428)
[2018.09.24-05.43.24:848][549]LogModuleManager: Shutting down and abandoning module MovieSceneTracks (426)
[2018.09.24-05.43.24:848][549]LogModuleManager: Shutting down and abandoning module MovieScene (424)
[2018.09.24-05.43.24:848][549]LogModuleManager: Shutting down and abandoning module StreamingPauseRendering (422)
[2018.09.24-05.43.24:848][549]LogModuleManager: Shutting down and abandoning module LauncherPlatform (420)
[2018.09.24-05.43.24:848][549]LogModuleManager: Shutting down and abandoning module AnalyticsET (418)
[2018.09.24-05.43.24:848][549]LogModuleManager: Shutting down and abandoning module PortalServices (416)
[2018.09.24-05.43.24:848][549]LogModuleManager: Shutting down and abandoning module PortalRpc (414)
[2018.09.24-05.43.24:848][549]LogModuleManager: Shutting down and abandoning module MessagingRpc (412)
[2018.09.24-05.43.24:848][549]LogModuleManager: Shutting down and abandoning module AIModule (410)
[2018.09.24-05.43.24:848][549]LogModuleManager: Shutting down and abandoning module GameplayDebugger (409)
[2018.09.24-05.43.24:848][549]LogModuleManager: Shutting down and abandoning module AITestSuite (407)
[2018.09.24-05.43.24:848][549]LogModuleManager: Shutting down and abandoning module NavigationSystem (405)
[2018.09.24-05.43.24:848][549]LogModuleManager: Shutting down and abandoning module DesktopPlatform (402)
[2018.09.24-05.43.24:848][549]LogModuleManager: Shutting down and abandoning module ProfilerService (400)
[2018.09.24-05.43.24:928][549]LogModuleManager: Shutting down and abandoning module TaskGraph (398)
[2018.09.24-05.43.24:928][549]LogModuleManager: Shutting down and abandoning module SteamVRController (396)
[2018.09.24-05.43.24:928][549]LogModuleManager: Shutting down and abandoning module ProceduralMeshComponentEditor (394)
[2018.09.24-05.43.24:928][549]LogModuleManager: Shutting down and abandoning module ProceduralMeshComponent (392)
[2018.09.24-05.43.24:928][549]LogModuleManager: Shutting down and abandoning module OculusInput (390)
[2018.09.24-05.43.24:928][549]LogModuleManager: Shutting down and abandoning module MobilePatchingUtils (388)
[2018.09.24-05.43.24:928][549]LogModuleManager: Shutting down and abandoning module EditableMesh (386)
[2018.09.24-05.43.24:929][549]LogModuleManager: Shutting down and abandoning module CustomMeshComponent (384)
[2018.09.24-05.43.24:929][549]LogModuleManager: Shutting down and abandoning module CableComponent (382)
[2018.09.24-05.43.24:929][549]LogModuleManager: Shutting down and abandoning module AudioCapture (380)
[2018.09.24-05.43.24:929][549]LogModuleManager: Shutting down and abandoning module ArchVisCharacter (378)
[2018.09.24-05.43.24:929][549]LogModuleManager: Shutting down and abandoning module AndroidPermission (376)
[2018.09.24-05.43.24:929][549]LogModuleManager: Shutting down and abandoning module NUTUnrealEngine4 (374)
[2018.09.24-05.43.24:929][549]LogModuleManager: Shutting down and abandoning module NetcodeUnitTest (372)
[2018.09.24-05.43.24:929][549]LogModuleManager: Shutting down and abandoning module MediaCompositingEditor (370)
[2018.09.24-05.43.24:929][549]LogModuleManager: Shutting down and abandoning module MediaCompositing (368)
[2018.09.24-05.43.24:929][549]LogModuleManager: Shutting down and abandoning module LinearTimecode (366)
[2018.09.24-05.43.24:929][549]LogModuleManager: Shutting down and abandoning module ImgMedia (364)
[2018.09.24-05.43.24:932][549]LogModuleManager: Shutting down and abandoning module HTML5Networking (362)
[2018.09.24-05.43.24:932][549]LogModuleManager: Shutting down and abandoning module GeometryCacheTracks (360)
[2018.09.24-05.43.24:933][549]LogModuleManager: Shutting down and abandoning module GeometryCacheSequencer (358)
[2018.09.24-05.43.24:933][549]LogModuleManager: Shutting down and abandoning module BackChannel (356)
[2018.09.24-05.43.24:933][549]LogModuleManager: Shutting down and abandoning module AppleVision (354)
[2018.09.24-05.43.24:933][549]LogModuleManager: Shutting down and abandoning module AppleImageUtils (352)
[2018.09.24-05.43.24:933][549]LogModuleManager: Shutting down and abandoning module AlembicImporter (350)
[2018.09.24-05.43.24:933][549]LogModuleManager: Shutting down and abandoning module AlembicLibrary (349)
[2018.09.24-05.43.24:933][549]LogModuleManager: Shutting down and abandoning module GeometryCache (348)
[2018.09.24-05.43.24:933][549]LogModuleManager: Shutting down and abandoning module GeometryCacheEd (347)
[2018.09.24-05.43.24:933][549]LogModuleManager: Shutting down and abandoning module DatasmithContentEditor (342)
[2018.09.24-05.43.24:933][549]LogModuleManager: Shutting down and abandoning module DatasmithContent (340)
[2018.09.24-05.43.24:933][549]LogModuleManager: Shutting down and abandoning module SpeedTreeImporter (338)
[2018.09.24-05.43.24:933][549]LogModuleManager: Shutting down and abandoning module PluginBrowser (336)
[2018.09.24-05.43.24:933][549]LogModuleManager: Shutting down and abandoning module MobileLauncherProfileWizard (334)
[2018.09.24-05.43.24:933][549]LogModuleManager: Shutting down and abandoning module PolygonModeling (332)
[2018.09.24-05.43.24:933][549]LogModuleManager: Shutting down and abandoning module MeshEditor (330)
[2018.09.24-05.43.24:934][549]LogModuleManager: Shutting down and abandoning module CryptoKeysOpenSSL (328)
[2018.09.24-05.43.24:934][549]LogModuleManager: Shutting down and abandoning module CryptoKeys (326)
[2018.09.24-05.43.24:934][549]LogModuleManager: Shutting down and abandoning module VisualStudioSourceCodeAccess (324)
[2018.09.24-05.43.24:934][549]LogModuleManager: Shutting down and abandoning module VisualStudioCodeSourceCodeAccess (322)
[2018.09.24-05.43.24:934][549]LogModuleManager: Shutting down and abandoning module UObjectPlugin (320)
[2018.09.24-05.43.24:934][549]LogModuleManager: Shutting down and abandoning module SubversionSourceControl (318)
[2018.09.24-05.43.24:934][549]LogModuleManager: Shutting down and abandoning module PerforceSourceControl (316)
[2018.09.24-05.43.24:934][549]LogModuleManager: Shutting down and abandoning module GitSourceControl (314)
[2018.09.24-05.43.24:934][549]LogModuleManager: Shutting down and abandoning module SourceControl (313)
[2018.09.24-05.43.24:934][549]LogModuleManager: Shutting down and abandoning module CLionSourceCodeAccess (310)
[2018.09.24-05.43.24:934][549]LogModuleManager: Shutting down and abandoning module LightPropagationVolumeEditor (308)
[2018.09.24-05.43.24:934][549]LogModuleManager: Shutting down and abandoning module PaperTiledImporter (306)
[2018.09.24-05.43.24:934][549]LogModuleManager: Shutting down and abandoning module PaperSpriteSheetImporter (304)
[2018.09.24-05.43.24:934][549]LogModuleManager: Shutting down and abandoning module Paper2DEditor (302)
[2018.09.24-05.43.24:934][549]LogModuleManager: Shutting down and abandoning module MeshPaint (301)
[2018.09.24-05.43.24:934][549]LogModuleManager: Shutting down and abandoning module RuntimePhysXCooking (298)
[2018.09.24-05.43.24:934][549]LogModuleManager: Shutting down and abandoning module PhysXVehiclesEditor (296)
[2018.09.24-05.43.24:934][549]LogModuleManager: Shutting down and abandoning module PhysXVehicles (294)
[2018.09.24-05.43.24:934][549]LogModuleManager: Shutting down and abandoning module OculusEditor (292)
[2018.09.24-05.43.24:935][549]LogModuleManager: Shutting down and abandoning module LocationServicesBPLibrary (290)
[2018.09.24-05.43.24:935][549]LogModuleManager: Shutting down and abandoning module ImmediatePhysicsEditor (288)
[2018.09.24-05.43.24:935][549]LogModuleManager: Shutting down and abandoning module ImmediatePhysics (286)
[2018.09.24-05.43.24:935][549]LogModuleManager: Shutting down and abandoning module ActorSequence (284)
[2018.09.24-05.43.24:935][549]LogModuleManager: Shutting down and abandoning module UdpMessaging (282)
[2018.09.24-05.43.25:035][549]LogModuleManager: Shutting down and abandoning module TcpMessaging (280)
[2018.09.24-05.43.25:135][549]LogModuleManager: Shutting down and abandoning module MagicLeapAudio (278)
[2018.09.24-05.43.25:135][549]LogModuleManager: Shutting down and abandoning module GameplayTagsEditor (276)
[2018.09.24-05.43.25:135][549]LogModuleManager: Shutting down and abandoning module FacialAnimationEditor (274)
[2018.09.24-05.43.25:135][549]LogModuleManager: Shutting down and abandoning module FacialAnimation (272)
[2018.09.24-05.43.25:135][549]LogModuleManager: Shutting down and abandoning module DataValidation (270)
[2018.09.24-05.43.25:135][549]LogModuleManager: Shutting down and abandoning module AssetManagerEditor (268)
[2018.09.24-05.43.25:136][549]LogModuleManager: Shutting down and abandoning module LevelEditor (267)
[2018.09.24-05.43.25:136][549]LogModuleManager: Shutting down and abandoning module PixelInspectorModule (266)
[2018.09.24-05.43.25:136][549]LogModuleManager: Shutting down and abandoning module CommonMenuExtensions (264)
[2018.09.24-05.43.25:136][549]LogModuleManager: Shutting down and abandoning module MainFrame (262)
[2018.09.24-05.43.25:136][549]LogModuleManager: Shutting down and abandoning module HotReload (261)
[2018.09.24-05.43.25:137][549]LogModuleManager: Shutting down and abandoning module ContentBrowser (257)
[2018.09.24-05.43.25:138][549]LogModuleManager: Shutting down and abandoning module TreeMap (255)
[2018.09.24-05.43.25:138][549]LogModuleManager: Shutting down and abandoning module LightPropagationVolumeRuntime (252)
[2018.09.24-05.43.25:138][549]LogModuleManager: Shutting down and abandoning module AISupportModule (250)
[2018.09.24-05.43.25:138][549]LogModuleManager: Shutting down and abandoning module Paper2D (248)
[2018.09.24-05.43.25:138][549]LogModuleManager: Shutting down and abandoning module WindowsMoviePlayer (246)
[2018.09.24-05.43.25:138][549]LogModuleManager: Shutting down and abandoning module WmfMedia (244)
[2018.09.24-05.43.25:139][549]LogModuleManager: Shutting down and abandoning module Media (243)
[2018.09.24-05.43.25:145][549]LogModuleManager: Shutting down and abandoning module PacketHandler (240)
[2018.09.24-05.43.25:145][549]LogModuleManager: Shutting down and abandoning module ClothingSystemEditor (238)
[2018.09.24-05.43.25:145][549]LogModuleManager: Shutting down and abandoning module ClothingSystemRuntime (236)
[2018.09.24-05.43.25:146][549]LogModuleManager: Shutting down and abandoning module MediaAssets (234)
[2018.09.24-05.43.25:146][549]LogModuleManager: Shutting down and abandoning module Overlay (232)
[2018.09.24-05.43.25:146][549]LogModuleManager: Shutting down and abandoning module OverlayEditor (231)
[2018.09.24-05.43.25:146][549]LogModuleManager: Shutting down and abandoning module VREditor (228)
[2018.09.24-05.43.25:146][549]LogModuleManager: Shutting down and abandoning module StringTableEditor (226)
[2018.09.24-05.43.25:147][549]LogModuleManager: Shutting down and abandoning module GameplayTasksEditor (224)
[2018.09.24-05.43.25:147][549]LogModuleManager: Shutting down and abandoning module BehaviorTreeEditor (222)
[2018.09.24-05.43.25:147][549]LogModuleManager: Shutting down and abandoning module FunctionalTesting (220)
[2018.09.24-05.43.25:147][549]LogModuleManager: Shutting down and abandoning module CollisionAnalyzer (218)
[2018.09.24-05.43.25:147][549]LogModuleManager: Shutting down and abandoning module WorkspaceMenuStructure (217)
[2018.09.24-05.43.25:147][549]LogModuleManager: Shutting down and abandoning module UMG (214)
[2018.09.24-05.43.25:147][549]LogModuleManager: Shutting down and abandoning module UMGEditor (213)
[2018.09.24-05.43.25:148][549]LogModuleManager: Shutting down and abandoning module Sequencer (212)
[2018.09.24-05.43.25:148][549]LogModuleManager: Shutting down and abandoning module MessageLog (209)
[2018.09.24-05.43.25:148][549]LogModuleManager: Shutting down and abandoning module SlateReflector (204)
[2018.09.24-05.43.25:149][549]LogModuleManager: Shutting down and abandoning module Slate (202)
[2018.09.24-05.43.25:149][549]LogModuleManager: Shutting down and abandoning module EditorStyle (200)
[2018.09.24-05.43.25:150][549]LogModuleManager: Shutting down and abandoning module MRMesh (198)
[2018.09.24-05.43.25:150][549]LogModuleManager: Shutting down and abandoning module SourceCodeAccess (196)
[2018.09.24-05.43.25:150][549]LogModuleManager: Shutting down and abandoning module HeadMountedDisplay (194)
[2018.09.24-05.43.25:150][549]LogModuleManager: Shutting down and abandoning module XAudio2 (192)
[2018.09.24-05.43.25:150][549]LogModuleManager: Shutting down and abandoning module Networking (190)
[2018.09.24-05.43.25:150][549]LogModuleManager: Shutting down and abandoning module Core (188)
[2018.09.24-05.43.25:150][549]LogModuleManager: Shutting down and abandoning module LevelSequence (186)
[2018.09.24-05.43.25:150][549]LogModuleManager: Shutting down and abandoning module KismetCompiler (184)
[2018.09.24-05.43.25:150][549]LogModuleManager: Shutting down and abandoning module MeshUtilities (182)
[2018.09.24-05.43.25:150][549]LogModuleManager: Shutting down and abandoning module MeshMergeUtilities (181)
[2018.09.24-05.43.25:151][549]LogModuleManager: Shutting down and abandoning module MeshReductionInterface (180)
[2018.09.24-05.43.25:151][549]LogModuleManager: Shutting down and abandoning module SimplygonSwarm (179)
[2018.09.24-05.43.25:151][549]LogModuleManager: Shutting down and abandoning module ProxyLODMeshReduction (177)
[2018.09.24-05.43.25:151][549]LogModuleManager: Shutting down and abandoning module SimplygonMeshReduction (175)
[2018.09.24-05.43.25:151][549]LogModuleManager: Shutting down and abandoning module QuadricMeshReduction (173)
[2018.09.24-05.43.25:152][549]LogModuleManager: Shutting down and abandoning module MaterialBaking (169)
[2018.09.24-05.43.25:152][549]LogModuleManager: Shutting down and abandoning module DirectoryWatcher (165)
[2018.09.24-05.43.25:152][549]LogModuleManager: Shutting down and abandoning module DerivedDataCache (162)
[2018.09.24-05.43.25:240][549]LogDerivedDataCache: Shutdown
[2018.09.24-05.43.25:240][549]LogModuleManager: Shutting down and abandoning module XGEController (160)
[2018.09.24-05.43.25:240][549]LogXGEController: Cleaning working directory: C:/Users/Nate/AppData/Local/Temp/UnrealXGEWorkingDir/
[2018.09.24-05.43.25:241][549]LogModuleManager: Shutting down and abandoning module TargetPlatform (158)
[2018.09.24-05.43.25:241][549]LogModuleManager: Shutting down and abandoning module VulkanShaderFormat (157)
[2018.09.24-05.43.25:241][549]LogModuleManager: Shutting down and abandoning module ShaderFormatVectorVM (155)
[2018.09.24-05.43.25:241][549]LogModuleManager: Shutting down and abandoning module ShaderFormatOpenGL (153)
[2018.09.24-05.43.25:241][549]LogModuleManager: Shutting down and abandoning module ShaderFormatD3D (151)
[2018.09.24-05.43.25:241][549]LogModuleManager: Shutting down and abandoning module MetalShaderFormat (149)
[2018.09.24-05.43.25:242][549]LogModuleManager: Shutting down and abandoning module TextureFormatUncompressed (147)
[2018.09.24-05.43.25:242][549]LogModuleManager: Shutting down and abandoning module TextureFormatPVR (145)
[2018.09.24-05.43.25:242][549]LogModuleManager: Shutting down and abandoning module TextureFormatDXT (143)
[2018.09.24-05.43.25:242][549]LogModuleManager: Shutting down and abandoning module TextureFormatIntelISPCTexComp (141)
[2018.09.24-05.43.25:242][549]LogModuleManager: Shutting down and abandoning module TextureFormatASTC (139)
[2018.09.24-05.43.25:242][549]LogModuleManager: Shutting down and abandoning module ImageWrapper (138)
[2018.09.24-05.43.25:242][549]LogModuleManager: Shutting down and abandoning module TextureFormatAndroid (135)
[2018.09.24-05.43.25:242][549]LogModuleManager: Shutting down and abandoning module AudioFormatOpus (133)
[2018.09.24-05.43.25:242][549]LogModuleManager: Shutting down and abandoning module AudioFormatOgg (131)
[2018.09.24-05.43.25:242][549]LogModuleManager: Shutting down and abandoning module AudioFormatADPCM (129)
[2018.09.24-05.43.25:242][549]LogModuleManager: Shutting down and abandoning module LuminTargetPlatform (127)
[2018.09.24-05.43.25:242][549]LogModuleManager: Shutting down and abandoning module LinuxTargetPlatform (125)
[2018.09.24-05.43.25:242][549]LogModuleManager: Shutting down and abandoning module LinuxServerTargetPlatform (123)
[2018.09.24-05.43.25:242][549]LogModuleManager: Shutting down and abandoning module LinuxNoEditorTargetPlatform (121)
[2018.09.24-05.43.25:242][549]LogModuleManager: Shutting down and abandoning module LinuxClientTargetPlatform (119)
[2018.09.24-05.43.25:242][549]LogModuleManager: Shutting down and abandoning module TVOSTargetPlatform (117)
[2018.09.24-05.43.25:244][549]LogModuleManager: Shutting down and abandoning module Messaging (115)
[2018.09.24-05.43.25:245][549]LogModuleManager: Shutting down and abandoning module IOSTargetPlatform (113)
[2018.09.24-05.43.25:247][549]LogModuleManager: Shutting down and abandoning module HTML5TargetPlatform (111)
[2018.09.24-05.43.25:247][549]LogModuleManager: Shutting down and abandoning module AndroidTargetPlatform (109)
[2018.09.24-05.43.25:254][549]LogModuleManager: Shutting down and abandoning module WindowsTargetPlatform (107)
[2018.09.24-05.43.25:254][549]LogModuleManager: Shutting down and abandoning module WindowsServerTargetPlatform (105)
[2018.09.24-05.43.25:254][549]LogModuleManager: Shutting down and abandoning module WindowsNoEditorTargetPlatform (103)
[2018.09.24-05.43.25:254][549]LogModuleManager: Shutting down and abandoning module WindowsClientTargetPlatform (101)
[2018.09.24-05.43.25:254][549]LogModuleManager: Shutting down and abandoning module MacTargetPlatform (99)
[2018.09.24-05.43.25:254][549]LogModuleManager: Shutting down and abandoning module MacServerTargetPlatform (97)
[2018.09.24-05.43.25:254][549]LogModuleManager: Shutting down and abandoning module MacNoEditorTargetPlatform (95)
[2018.09.24-05.43.25:254][549]LogModuleManager: Shutting down and abandoning module MacClientTargetPlatform (93)
[2018.09.24-05.43.25:254][549]LogModuleManager: Shutting down and abandoning module AllDesktopTargetPlatform (91)
[2018.09.24-05.43.25:254][549]LogModuleManager: Shutting down and abandoning module InputCore (88)
[2018.09.24-05.43.25:255][549]LogModuleManager: Shutting down and abandoning module Settings (86)
[2018.09.24-05.43.25:255][549]LogModuleManager: Shutting down and abandoning module PhysXCooking (84)
[2018.09.24-05.43.25:255][549]LogModuleManager: Shutting down and abandoning module SteamVR (82)
[2018.09.24-05.43.25:255][549]LogModuleManager: Shutting down and abandoning module OculusHMD (80)
[2018.09.24-05.43.25:255][549]LogModuleManager: Shutting down and abandoning module ExampleDeviceProfileSelector (78)
[2018.09.24-05.43.25:255][549]LogModuleManager: Shutting down and abandoning module LauncherChunkInstaller (76)
[2018.09.24-05.43.25:255][549]LogModuleManager: Shutting down and abandoning module OnlineBlueprintSupport (74)
[2018.09.24-05.43.25:255][549]LogModuleManager: Shutting down and abandoning module OnlineSubsystem (70)
[2018.09.24-05.43.25:256][549]LogModuleManager: Shutting down and abandoning module XMPP (65)
[2018.09.24-05.43.25:256][549]LogModuleManager: Shutting down and abandoning module WebSockets (64)
[2018.09.24-05.43.25:264][549]LogModuleManager: Shutting down and abandoning module HTTP (61)
[2018.09.24-05.43.25:265][549]LogHttp: Display: Http module shutting down, but needs to wait on 1 outstanding Http requests:
[2018.09.24-05.43.25:265][549]LogHttp: Display: 	verb=[POST] url=[https://datarouter.ol.epicgames.com/datarouter/api/v1/public/data?SessionID=%7B8665B1EA-4279-B72B-F5C2-968905827A69%7D&AppID=UEEditor.Rocket.Release&AppVersion=4.20.2-4302132%2B%2B%2BUE4%2BRelease-4.20&UserID=c64045e44aa062cd97b01b8e69ba929d%7C16c96479757c4167b90c86adf9dfa2e4%7C517945a2-6265-4ebe-990e-28eef57b7b49&AppEnvironment=datacollector-binary&UploadType=eteventstream] status=Processing
[2018.09.24-05.43.25:295][549]LogModuleManager: Shutting down and abandoning module SSL (60)
[2018.09.24-05.43.25:296][549]LogModuleManager: Shutting down and abandoning module MagicLeapEmulator (56)
[2018.09.24-05.43.25:296][549]LogModuleManager: Shutting down and abandoning module MagicLeapPrivileges (54)
[2018.09.24-05.43.25:296][549]LogModuleManager: Shutting down and abandoning module MagicLeapIdentity (52)
[2018.09.24-05.43.25:296][549]LogModuleManager: Shutting down and abandoning module MagicLeapHelperVulkan (50)
[2018.09.24-05.43.25:296][549]LogModuleManager: Shutting down and abandoning module MagicLeapHelperOpenGL (48)
[2018.09.24-05.43.25:296][549]LogModuleManager: Shutting down and abandoning module MagicLeapSecureStorage (46)
[2018.09.24-05.43.25:296][549]LogModuleManager: Shutting down and abandoning module MagicLeapGestures (44)
[2018.09.24-05.43.25:296][549]LogModuleManager: Shutting down and abandoning module MagicLeapEyeTracker (42)
[2018.09.24-05.43.25:296][549]LogModuleManager: Shutting down and abandoning module MagicLeapController (40)
[2018.09.24-05.43.25:296][549]LogSlate: Slate User Destroyed.  User Index 0, Is Virtual User: 0
[2018.09.24-05.43.25:296][549]LogModuleManager: Shutting down and abandoning module MagicLeap (38)
[2018.09.24-05.43.25:296][549]LogModuleManager: Shutting down and abandoning module AnimationModifiers (36)
[2018.09.24-05.43.25:297][549]LogModuleManager: Shutting down and abandoning module PropertyEditor (35)
[2018.09.24-05.43.25:297][549]LogModuleManager: Shutting down and abandoning module AudioEditor (32)
[2018.09.24-05.43.25:297][549]LogModuleManager: Shutting down and abandoning module TextureCompressor (30)
[2018.09.24-05.43.25:297][549]LogModuleManager: Shutting down and abandoning module ShaderCore (28)
[2018.09.24-05.43.25:297][549]LogModuleManager: Shutting down and abandoning module Landscape (26)
[2018.09.24-05.43.25:297][549]LogModuleManager: Shutting down and abandoning module SlateRHIRenderer (24)
[2018.09.24-05.43.25:298][549]LogModuleManager: Shutting down and abandoning module OpenGLDrv (22)
[2018.09.24-05.43.25:298][549]LogModuleManager: Shutting down and abandoning module D3D11RHI (20)
[2018.09.24-05.43.25:298][549]LogModuleManager: Shutting down and abandoning module AnimGraphRuntime (18)
[2018.09.24-05.43.25:298][549]LogModuleManager: Shutting down and abandoning module Renderer (16)
[2018.09.24-05.43.25:298][549]LogModuleManager: Shutting down and abandoning module Engine (14)
[2018.09.24-05.43.25:298][549]LogModuleManager: Shutting down and abandoning module CoreUObject (12)
[2018.09.24-05.43.25:298][549]LogModuleManager: Shutting down and abandoning module NetworkFile (10)
[2018.09.24-05.43.25:298][549]LogModuleManager: Shutting down and abandoning module CookedIterativeFile (8)
[2018.09.24-05.43.25:298][549]LogModuleManager: Shutting down and abandoning module StreamingFile (6)
[2018.09.24-05.43.25:298][549]LogModuleManager: Shutting down and abandoning module SandboxFile (4)
[2018.09.24-05.43.25:298][549]LogModuleManager: Shutting down and abandoning module PakFile (2)
[2018.09.24-05.43.25:302][549]LogExit: Exiting.
[2018.09.24-05.43.25:320][549]Log file closed, 09/23/18 23:43:25
