Log file open, 02/18/19 11:42:03
LogWindows: Failed to load 'aqProf.dll' (GetLastError=126)
LogWindows: File 'aqProf.dll' does not exist
LogWindows: Failed to load 'VtuneApi.dll' (GetLastError=126)
LogWindows: File 'VtuneApi.dll' does not exist
LogWindows: Failed to load 'VtuneApi32e.dll' (GetLastError=126)
LogWindows: File 'VtuneApi32e.dll' does not exist
LogInit: Display: Running engine for game: Mansion
LogPlatformFile: Not using cached read wrapper
LogTaskGraph: Started task graph with 5 named threads and 23 total threads with 3 sets of task threads.
LogStats: Stats thread started at 0.347437
LogD3D11RHI: Loaded GFSDK_Aftermath_Lib.x64.dll
LogICUInternationalization: Display: ICU TimeZone Detection - Raw Offset: -7:00, Platform Override: ''
LogPluginManager: Mounting plugin Paper2D
LogPluginManager: Mounting plugin AISupport
LogPluginManager: Mounting plugin LightPropagationVolume
LogPluginManager: Mounting plugin CLionSourceCodeAccess
LogPluginManager: Mounting plugin CodeLiteSourceCodeAccess
LogPluginManager: Mounting plugin GitSourceControl
LogPluginManager: Mounting plugin KDevelopSourceCodeAccess
LogPluginManager: Mounting plugin NullSourceCodeAccess
LogPluginManager: Mounting plugin PerforceSourceControl
LogPluginManager: Mounting plugin SubversionSourceControl
LogPluginManager: Mounting plugin UObjectPlugin
LogPluginManager: Mounting plugin VisualStudioCodeSourceCodeAccess
LogPluginManager: Mounting plugin VisualStudioSourceCodeAccess
LogPluginManager: Mounting plugin XCodeSourceCodeAccess
LogPluginManager: Mounting plugin AssetManagerEditor
LogPluginManager: Mounting plugin CryptoKeys
LogPluginManager: Mounting plugin DataValidation
LogPluginManager: Mounting plugin FacialAnimation
LogPluginManager: Mounting plugin GameplayTagsEditor
LogPluginManager: Mounting plugin MacGraphicsSwitching
LogPluginManager: Mounting plugin MeshEditor
LogPluginManager: Mounting plugin MobileLauncherProfileWizard
LogPluginManager: Mounting plugin PluginBrowser
LogPluginManager: Mounting plugin SpeedTreeImporter
LogPluginManager: Mounting plugin DatasmithContent
LogPluginManager: Mounting plugin AlembicImporter
LogPluginManager: Mounting plugin AppleImageUtils
LogPluginManager: Mounting plugin AppleVision
LogPluginManager: Mounting plugin BackChannel
LogPluginManager: Mounting plugin CharacterAI
LogPluginManager: Mounting plugin GeometryCache
LogPluginManager: Mounting plugin HTML5Networking
LogPluginManager: Mounting plugin ProxyLODPlugin
LogPluginManager: Mounting plugin MagicLeap
LogPluginManager: Mounting plugin MagicLeapEmulator
LogPluginManager: Mounting plugin MagicLeapMedia
LogPluginManager: Mounting plugin AndroidMedia
LogPluginManager: Mounting plugin AvfMedia
LogPluginManager: Mounting plugin ImgMedia
LogPluginManager: Mounting plugin LinearTimecode
LogPluginManager: Mounting plugin MediaCompositing
LogPluginManager: Mounting plugin MediaPlayerEditor
LogPluginManager: Mounting plugin WmfMedia
LogPluginManager: Mounting plugin TcpMessaging
LogPluginManager: Mounting plugin UdpMessaging
LogPluginManager: Mounting plugin ActorSequence
LogPluginManager: Mounting plugin LevelSequenceEditor
LogPluginManager: Mounting plugin MatineeToLevelSequence
LogPluginManager: Mounting plugin NetcodeUnitTest
LogPluginManager: Mounting plugin NUTUnrealEngine4
LogPluginManager: Mounting plugin OnlineSubsystemGooglePlay
LogPluginManager: Mounting plugin OnlineSubsystemIOS
LogPluginManager: Mounting plugin OnlineSubsystem
LogPluginManager: Mounting plugin OnlineSubsystemNull
LogPluginManager: Mounting plugin OnlineSubsystemUtils
LogPluginManager: Mounting plugin LauncherChunkInstaller
LogPluginManager: Mounting plugin AndroidDeviceProfileSelector
LogPluginManager: Mounting plugin AndroidMoviePlayer
LogPluginManager: Mounting plugin AndroidPermission
LogPluginManager: Mounting plugin AppleMoviePlayer
LogPluginManager: Mounting plugin ArchVisCharacter
LogPluginManager: Mounting plugin AudioCapture
LogPluginManager: Mounting plugin CableComponent
LogPluginManager: Mounting plugin CustomMeshComponent
LogPluginManager: Mounting plugin EditableMesh
LogPluginManager: Mounting plugin ExampleDeviceProfileSelector
LogPluginManager: Mounting plugin GoogleCloudMessaging
LogPluginManager: Mounting plugin ImmediatePhysics
LogPluginManager: Mounting plugin IOSDeviceProfileSelector
LogPluginManager: Mounting plugin LinuxDeviceProfileSelector
LogPluginManager: Mounting plugin LocationServicesBPLibrary
LogPluginManager: Mounting plugin MobilePatchingUtils
LogPluginManager: Mounting plugin OculusVR
LogPluginManager: Plugin shader directory ../../../Engine/Plugins/Runtime/Oculus/OculusVR/Shaders found
LogPluginManager: Mapping shader source directory ../../../Engine/Plugins/Runtime/Oculus/OculusVR/Shaders to virtual directory /Plugin/OculusVR
LogPluginManager: Mounting plugin PhysXVehicles
LogPluginManager: Mounting plugin ProceduralMeshComponent
LogPluginManager: Mounting plugin RuntimePhysXCooking
LogPluginManager: Mounting plugin SteamVR
LogPluginManager: Mounting plugin WindowsMoviePlayer
LogStreaming: Display: Took  0.150s to configure plugins.
LogInit: Using libcurl 7.55.1-DEV
LogInit:  - built for x86_64-pc-win32
LogInit:  - supports SSL with OpenSSL/1.0.2h
LogInit:  - supports HTTP deflate (compression) using libz 1.2.8
LogInit:  - other features:
LogInit:      CURL_VERSION_SSL
LogInit:      CURL_VERSION_LIBZ
LogInit:      CURL_VERSION_IPV6
LogInit:      CURL_VERSION_ASYNCHDNS
LogInit:      CURL_VERSION_LARGEFILE
LogInit:      CURL_VERSION_IDN
LogInit:  CurlRequestOptions (configurable via config and command line):
LogInit:  - bVerifyPeer = false  - Libcurl will NOT verify peer certificate
LogInit:  - bUseHttpProxy = false  - Libcurl will NOT use HTTP proxy
LogInit:  - bDontReuseConnections = false  - Libcurl will reuse connections
LogInit:  - CertBundlePath = nullptr  - Libcurl will use whatever was configured at build time.
LogInit:  - MaxHostConnections = 16  - Libcurl will limit the number of connections to a host
LogInit:  - LocalHostAddr = Default
LogInit:  - BufferSize = 65536
LogInit: WinSock: version 1.1 (2.2), MaxSocks=32767, MaxUdp=65467
LogInit: Build: ++UE4+Release-4.20-CL-4369336
LogInit: Engine Version: 4.20.3-4369336+++UE4+Release-4.20
LogInit: Compatible Engine Version: 4.20.0-4212847+++UE4+Release-4.20
LogInit: Net CL: 4212847
LogInit: OS: Windows 10 (), CPU: Intel(R) Core(TM) i7-4770 CPU @ 3.40GHz, GPU: NVIDIA GeForce GTX 1070
LogInit: Compiled (64-bit): Sep 17 2018 12:26:19
LogInit: Compiled with Visual C++: 19.13.26129.00
LogInit: Build Configuration: Development
LogInit: Branch Name: ++UE4+Release-4.20
LogInit: Command Line:  
LogInit: Base Directory: C:/Program Files/Epic Games/UE_4.20/Engine/Binaries/Win64/
LogInit: Installed Engine Build: 1
LogDevObjectVersion: Number of dev versions registered: 20
LogDevObjectVersion:   Dev-Blueprints (B0D832E4-1F89-4F0D-ACCF-7EB736FD4AA2): 10
LogDevObjectVersion:   Dev-Build (E1C64328-A22C-4D53-A36C-8E866417BD8C): 0
LogDevObjectVersion:   Dev-Core (375EC13C-06E4-48FB-B500-84F0262A717E): 2
LogDevObjectVersion:   Dev-Editor (E4B068ED-F494-42E9-A231-DA0B2E46BB41): 24
LogDevObjectVersion:   Dev-Framework (CFFC743F-43B0-4480-9391-14DF171D2073): 34
LogDevObjectVersion:   Dev-Mobile (B02B49B5-BB20-44E9-A304-32B752E40360): 2
LogDevObjectVersion:   Dev-Networking (A4E4105C-59A1-49B5-A7C5-40C4547EDFEE): 0
LogDevObjectVersion:   Dev-Online (39C831C9-5AE6-47DC-9A44-9C173E1C8E7C): 0
LogDevObjectVersion:   Dev-Physics (78F01B33-EBEA-4F98-B9B4-84EACCB95AA2): 0
LogDevObjectVersion:   Dev-Platform (6631380F-2D4D-43E0-8009-CF276956A95A): 0
LogDevObjectVersion:   Dev-Rendering (12F88B9F-8875-4AFC-A67C-D90C383ABD29): 26
LogDevObjectVersion:   Dev-Sequencer (7B5AE74C-D270-4C10-A958-57980B212A5A): 9
LogDevObjectVersion:   Dev-VR (D7296918-1DD6-4BDD-9DE2-64A83CC13884): 2
LogDevObjectVersion:   Dev-LoadTimes (C2A15278-BFE7-4AFE-6C17-90FF531DF755): 1
LogDevObjectVersion:   Private-Geometry (6EACA3D4-40EC-4CC1-B786-8BED09428FC5): 3
LogDevObjectVersion:   Dev-AnimPhys (29E575DD-E0A3-4627-9D10-D276232CDCEA): 17
LogDevObjectVersion:   Dev-ReflectionCapture (6B266CEC-1EC7-4B8F-A30B-E4D90942FC07): 1
LogDevObjectVersion:   Dev-Automation (0DF73D61-A23F-47EA-B727-89E90C41499A): 1
LogDevObjectVersion:   FortniteMain (601D1886-AC64-4F84-AA16-D3DE0DEAC7D6): 12
LogDevObjectVersion:   Dev-Enterprise (9DFFBCD6-494F-0158-E221-12823C92A888): 1
LogStreaming: Display: Took  0.001s to delete old logs.
LogInit: Presizing for max 8388607 objects, including 0 objects not considered by GC, pre-allocating 0 bytes for permanent pool.
LogInit: Object subsystem initialized
[2019.02.18-18.42.03:991][  0]LogInit: Selected Device Profile: [Windows]
[2019.02.18-18.42.03:991][  0]LogInit: Applying CVar settings loaded from the selected device profile: [Windows]
[2019.02.18-18.42.04:013][  0]LogHAL: Display: Platform has ~ 32 GB [34295070720 / 34359738368 / 32], which maps to Largest [LargestMinGB=32, LargerMinGB=12, DefaultMinGB=8, SmallerMinGB=6, SmallestMinGB=0)
[2019.02.18-18.42.04:013][  0]LogInit: Setting Device Profile CVar: [[r.Vulkan.UseRealUBs:1]]
[2019.02.18-18.42.04:013][  0]LogInit: Going up to parent DeviceProfile []
[2019.02.18-18.42.04:017][  0]LogInit: Computer: eae-d-101
[2019.02.18-18.42.04:017][  0]LogInit: User: u0800347
[2019.02.18-18.42.04:017][  0]LogInit: CPU Page size=4096, Cores=4
[2019.02.18-18.42.04:017][  0]LogInit: High frequency timer resolution =3.318396 MHz
[2019.02.18-18.42.04:017][  0]LogMemory: Memory total: Physical=31.9GB (32GB approx)
[2019.02.18-18.42.04:017][  0]LogMemory: Platform Memory Stats for Windows
[2019.02.18-18.42.04:017][  0]LogMemory: Process Physical Memory: 102.13 MB used, 102.13 MB peak
[2019.02.18-18.42.04:017][  0]LogMemory: Process Virtual Memory: 93.59 MB used, 93.59 MB peak
[2019.02.18-18.42.04:017][  0]LogMemory: Physical Memory: 7430.82 MB used,  25275.50 MB free, 32706.33 MB total
[2019.02.18-18.42.04:017][  0]LogMemory: Virtual Memory: 4643.07 MB used,  25275.50 MB free, 134217728.00 MB total
[2019.02.18-18.42.04:241][  0]LogInit: Using OS detected language (en-US).
[2019.02.18-18.42.04:241][  0]LogInit: Using OS detected locale (en-US).
[2019.02.18-18.42.04:242][  0]LogTextLocalizationManager: No specific localization for 'en-US' exists, so the 'en' localization will be used.
[2019.02.18-18.42.04:684][  0]LogStreaming: Display: Took  0.444s to InitEngineTextLocalization.
[2019.02.18-18.42.04:684][  0]LogInit: Setting process to per monitor DPI aware
[2019.02.18-18.42.04:768][  0]LogSlate: New Slate User Created.  User Index 0, Is Virtual User: 0
[2019.02.18-18.42.04:768][  0]LogSlate: Slate User Registered.  User Index 0, Is Virtual User: 0
[2019.02.18-18.42.06:694][  0]LogHMD: Failed to initialize OpenVR with code 110
[2019.02.18-18.42.06:694][  0]LogD3D11RHI: D3D11 adapters:
[2019.02.18-18.42.06:766][  0]LogD3D11RHI:    0. 'NVIDIA GeForce GTX 1070' (Feature Level 11_0)
[2019.02.18-18.42.06:766][  0]LogD3D11RHI:       8088/0/16353 MB DedicatedVideo/DedicatedSystem/SharedSystem, Outputs:2, VendorId:0x10de
[2019.02.18-18.42.06:768][  0]LogD3D11RHI:    1. 'Microsoft Basic Render Driver' (Feature Level 11_0)
[2019.02.18-18.42.06:768][  0]LogD3D11RHI:       0/0/16353 MB DedicatedVideo/DedicatedSystem/SharedSystem, Outputs:0, VendorId:0x1414
[2019.02.18-18.42.06:768][  0]LogD3D11RHI: Chosen D3D11 Adapter: 0
[2019.02.18-18.42.06:777][  0]LogD3D11RHI: Creating new Direct3DDevice
[2019.02.18-18.42.06:777][  0]LogD3D11RHI:     GPU DeviceId: 0x1b81 (for the marketing name, search the web for "GPU Device Id")
[2019.02.18-18.42.06:777][  0]LogWindows: EnumDisplayDevices:
[2019.02.18-18.42.06:777][  0]LogWindows:    0. 'NVIDIA GeForce GTX 1070' (P:1 D:1)
[2019.02.18-18.42.06:778][  0]LogWindows:    1. 'NVIDIA GeForce GTX 1070' (P:0 D:1)
[2019.02.18-18.42.06:778][  0]LogWindows:    2. 'NVIDIA GeForce GTX 1070' (P:0 D:0)
[2019.02.18-18.42.06:778][  0]LogWindows:    3. 'NVIDIA GeForce GTX 1070' (P:0 D:0)
[2019.02.18-18.42.06:779][  0]LogWindows: DebugString: FoundDriverCount:4 
[2019.02.18-18.42.06:779][  0]LogD3D11RHI:     Adapter Name: NVIDIA GeForce GTX 1070
[2019.02.18-18.42.06:779][  0]LogD3D11RHI:   Driver Version: 398.36 (internal:24.21.13.9836, unified:398.36)
[2019.02.18-18.42.06:779][  0]LogD3D11RHI:      Driver Date: 6-24-2018
[2019.02.18-18.42.06:779][  0]LogRHI: Texture pool is 5661 MB (70% of 8088 MB)
[2019.02.18-18.42.06:823][  0]LogD3D11RHI: Async texture creation enabled
[2019.02.18-18.42.06:840][  0]LogD3D11RHI: GPU Timing Frequency: 1000.000000 (Debug: 2 2)
[2019.02.18-18.42.06:932][  0]LogShaderCompilers: Guid format shader working directory is -28 characters bigger than the processId version (../../../../../../Users/u0800347/Documents/GitHub/Mansion_Environment/Mansion/Intermediate/Shaders/WorkingDirectory/2576/).
[2019.02.18-18.42.06:932][  0]LogShaderCompilers: Cleaned the shader compiler working directory 'C:/Users/u0800347/AppData/Local/Temp/UnrealShaderWorkingDir/44831AC947543676E3F073B040EC8642/'.
[2019.02.18-18.42.07:456][  0]LogTemp: Display: Loaded TP AllDesktopTargetPlatform
[2019.02.18-18.42.07:471][  0]LogTemp: Display: Loaded TP MacClientTargetPlatform
[2019.02.18-18.42.07:486][  0]LogTemp: Display: Loaded TP MacNoEditorTargetPlatform
[2019.02.18-18.42.07:500][  0]LogTemp: Display: Loaded TP MacServerTargetPlatform
[2019.02.18-18.42.07:520][  0]LogTemp: Display: Loaded TP MacTargetPlatform
[2019.02.18-18.42.07:534][  0]LogTemp: Display: Loaded TP WindowsClientTargetPlatform
[2019.02.18-18.42.07:550][  0]LogTemp: Display: Loaded TP WindowsNoEditorTargetPlatform
[2019.02.18-18.42.07:564][  0]LogTemp: Display: Loaded TP WindowsServerTargetPlatform
[2019.02.18-18.42.07:572][  0]LogTemp: Display: Loaded TP WindowsTargetPlatform
[2019.02.18-18.42.07:653][  0]LogTemp: Display: Loaded TP AndroidTargetPlatform
[2019.02.18-18.42.07:653][  0]LogTemp: Display: Loaded TP AndroidTargetPlatform
[2019.02.18-18.42.07:653][  0]LogTemp: Display: Loaded TP AndroidTargetPlatform
[2019.02.18-18.42.07:653][  0]LogTemp: Display: Loaded TP AndroidTargetPlatform
[2019.02.18-18.42.07:653][  0]LogTemp: Display: Loaded TP AndroidTargetPlatform
[2019.02.18-18.42.07:653][  0]LogTemp: Display: Loaded TP AndroidTargetPlatform
[2019.02.18-18.42.07:653][  0]LogTemp: Display: Loaded TP AndroidTargetPlatform
[2019.02.18-18.42.07:653][  0]LogTemp: Display: Loaded TP AndroidTargetPlatform
[2019.02.18-18.42.07:653][  0]LogTemp: Display: Loaded TP AndroidTargetPlatform
[2019.02.18-18.42.07:653][  0]LogTemp: Display: Loaded TP AndroidTargetPlatform
[2019.02.18-18.42.07:653][  0]LogTemp: Display: Loaded TP AndroidTargetPlatform
[2019.02.18-18.42.07:653][  0]LogTemp: Display: Loaded TP AndroidTargetPlatform
[2019.02.18-18.42.07:653][  0]LogTemp: Display: Loaded TP AndroidTargetPlatform
[2019.02.18-18.42.07:653][  0]LogTemp: Display: Loaded TP AndroidTargetPlatform
[2019.02.18-18.42.07:653][  0]LogTemp: Display: Loaded TP AndroidTargetPlatform
[2019.02.18-18.42.07:653][  0]LogTemp: Display: Loaded TP AndroidTargetPlatform
[2019.02.18-18.42.07:653][  0]LogTemp: Display: Loaded TP AndroidTargetPlatform
[2019.02.18-18.42.07:653][  0]LogTemp: Display: Loaded TP AndroidTargetPlatform
[2019.02.18-18.42.07:654][  0]LogTemp: Display: Loaded TP HTML5TargetPlatform
[2019.02.18-18.42.07:723][  0]LogTemp: Display: Loaded TP IOSTargetPlatform
[2019.02.18-18.42.07:723][  0]LogTemp: Display: Loaded TP IOSTargetPlatform
[2019.02.18-18.42.07:746][  0]LogTemp: Display: Loaded TP TVOSTargetPlatform
[2019.02.18-18.42.07:746][  0]LogTemp: Display: Loaded TP TVOSTargetPlatform
[2019.02.18-18.42.07:759][  0]LogTemp: Display: Loaded TP LinuxClientTargetPlatform
[2019.02.18-18.42.07:772][  0]LogTemp: Display: Loaded TP LinuxNoEditorTargetPlatform
[2019.02.18-18.42.07:785][  0]LogTemp: Display: Loaded TP LinuxServerTargetPlatform
[2019.02.18-18.42.07:805][  0]LogTemp: Display: Loaded TP LinuxTargetPlatform
[2019.02.18-18.42.07:814][  0]LogTemp: Display: Loaded TP LuminTargetPlatform
[2019.02.18-18.42.07:815][  0]LogTargetPlatformManager: Display: Building Assets For Windows
[2019.02.18-18.42.07:936][  0]LogXGEController: Cleaning working directory: C:/Users/u0800347/AppData/Local/Temp/UnrealXGEWorkingDir/
[2019.02.18-18.42.07:936][  0]LogXGEController: Cannot use XGE Controller as Incredibuild is not installed on this machine.
[2019.02.18-18.42.07:936][  0]LogShaderCompilers: Cannot use XGE Shader Compiler as Incredibuild is not installed on this machine.
[2019.02.18-18.42.07:936][  0]LogShaderCompilers: Display: Using Local Shader Compiler.
[2019.02.18-18.42.09:616][  0]LogDerivedDataCache: Display: Max Cache Size: 512 MB
[2019.02.18-18.42.09:713][  0]LogDerivedDataCache: Loaded boot cache 0.10s 71MB C:/Users/u0800347/AppData/Local/UnrealEngine/4.20/DerivedDataCache/Boot.ddc.
[2019.02.18-18.42.09:715][  0]LogDerivedDataCache: Display: Loaded Boot cache: C:/Users/u0800347/AppData/Local/UnrealEngine/4.20/DerivedDataCache/Boot.ddc
[2019.02.18-18.42.09:715][  0]LogDerivedDataCache: FDerivedDataBackendGraph:  Pak pak cache file ../../../../../../Users/u0800347/Documents/GitHub/Mansion_Environment/Mansion/DerivedDataCache/DDC.ddp not found, will not use a pak cache.
[2019.02.18-18.42.09:715][  0]LogDerivedDataCache: Unable to find inner node Pak for hierarchical cache Hierarchy.
[2019.02.18-18.42.09:715][  0]LogDerivedDataCache: FDerivedDataBackendGraph:  CompressedPak pak cache file ../../../../../../Users/u0800347/Documents/GitHub/Mansion_Environment/Mansion/DerivedDataCache/Compressed.ddp not found, will not use a pak cache.
[2019.02.18-18.42.09:715][  0]LogDerivedDataCache: Unable to find inner node CompressedPak for hierarchical cache Hierarchy.
[2019.02.18-18.42.09:732][  0]LogDerivedDataCache: Display: Pak cache opened for reading ../../../Engine/DerivedDataCache/Compressed.ddp.
[2019.02.18-18.42.09:745][  0]LogDerivedDataCache: Using Local data cache path C:/Users/u0800347/AppData/Local/UnrealEngine/Common/DerivedDataCache: Writable
[2019.02.18-18.42.09:745][  0]LogDerivedDataCache: Shared data cache path not found in *engine.ini, will not use an Shared cache.
[2019.02.18-18.42.09:745][  0]LogDerivedDataCache: Unable to find inner node Shared for hierarchical cache Hierarchy.
[2019.02.18-18.42.09:764][  0]LogMaterial: Verifying Global Shaders for PCD3D_SM5
[2019.02.18-18.42.09:766][  0]LogSlate: Using FreeType 2.6.0
[2019.02.18-18.42.09:779][  0]LogSlate: SlateFontServices - WITH_FREETYPE: 1, WITH_HARFBUZZ: 1
[2019.02.18-18.42.09:981][  0]LogAssetRegistry: FAssetRegistry took 0.0261 seconds to start up
[2019.02.18-18.42.10:329][  0]LogInit: Selected Device Profile: [Windows]
[2019.02.18-18.42.10:579][  0]LogSimplygon: Simplygon DLL not present - disabling.
[2019.02.18-18.42.10:586][  0]LogMeshReduction: Using SimplygonSwarm for distributed automatic mesh merging
[2019.02.18-18.42.10:586][  0]LogMeshReduction: Using ProxyLODMeshReduction for automatic mesh merging
[2019.02.18-18.42.10:586][  0]LogMeshReduction: Using QuadricMeshReduction for automatic static mesh reduction
[2019.02.18-18.42.10:586][  0]LogMeshReduction: No automatic skeletal mesh reduction module available
[2019.02.18-18.42.10:627][  0]LogNetVersion: Mansion 1.0.0, NetCL: 4212847, EngineNetVer: 5, GameNetVer: 0 (Checksum: 1776648947)
[2019.02.18-18.42.11:774][  0]LogPackageLocalizationCache: Processed 11 localized package path(s) for 2 prioritized culture(s) in 0.139776 seconds
[2019.02.18-18.42.11:781][  0]LogUObjectArray: 38425 objects as part of root set at end of initial load.
[2019.02.18-18.42.11:781][  0]LogUObjectAllocator: 6690864 out of 0 bytes used by permanent object pool.
[2019.02.18-18.42.11:781][  0]LogUObjectArray: CloseDisregardForGC: 0/0 objects in disregard for GC pool
[2019.02.18-18.42.14:274][  0]LogTcpMessaging: Initializing TcpMessaging bridge
[2019.02.18-18.42.14:288][  0]LogUdpMessaging: Initializing bridge on interface 0.0.0.0:0 to multicast group 230.0.0.1:6666.
[2019.02.18-18.42.14:524][  0]SourceControl: Source control is disabled
[2019.02.18-18.42.14:524][  0]SourceControl: Source control is disabled
[2019.02.18-18.42.14:526][  0]SourceControl: Source control is disabled
[2019.02.18-18.42.14:528][  0]SourceControl: Source control is disabled
[2019.02.18-18.42.14:732][  0]LogAndroidPermission: UAndroidPermissionCallbackProxy::GetInstance
[2019.02.18-18.42.14:842][  0]LogOcInput: OculusInput pre-init called
[2019.02.18-18.42.14:930][  0]LogEngine: Initializing Engine...
[2019.02.18-18.42.14:931][  0]LogHMD: Failed to initialize OpenVR with code 110
[2019.02.18-18.42.14:932][  0]LogStats: UGameplayTagsManager::ConstructGameplayTagTree: ImportINI prefixes -  0.000 s
[2019.02.18-18.42.14:932][  0]LogStats: UGameplayTagsManager::ConstructGameplayTagTree: Construct from data asset -  0.000 s
[2019.02.18-18.42.14:932][  0]LogStats: UGameplayTagsManager::ConstructGameplayTagTree: ImportINI -  0.000 s
[2019.02.18-18.42.14:932][  0]LogStats: UGameplayTagsManager::ConstructGameplayTagTree: GameplayTagTreeChangedEvent.Broadcast -  0.000 s
[2019.02.18-18.42.15:305][  0]LogInit: Initializing FReadOnlyCVARCache
[2019.02.18-18.42.15:325][  0]LogAIModule: Creating AISystem for world Untitled
[2019.02.18-18.42.15:397][  0]LogInit: XAudio2 using 'CintiqPro24P (NVIDIA High Definition Audio)' : 2 channels at 48 kHz using 16 bits per sample (channel mask 0x3)
[2019.02.18-18.42.15:413][  0]LogInit: FAudioDevice initialized.
[2019.02.18-18.42.15:414][  0]LogNetVersion: Set ProjectVersion to 1.0.0.0. Version Checksum will be recalculated on next use.
[2019.02.18-18.42.15:508][  0]LogDerivedDataCache: Saved boot cache 0.09s 71MB C:/Users/u0800347/AppData/Local/UnrealEngine/4.20/DerivedDataCache/Boot.ddc.
[2019.02.18-18.42.15:543][  0]LogInit: Texture streaming: Enabled
[2019.02.18-18.42.15:568][  0]LogEngineSessionManager: EngineSessionManager initialized
[2019.02.18-18.42.15:587][  0]LogInit: Transaction tracking system initialized
[2019.02.18-18.42.15:622][  0]BlueprintLog: New page: Editor Load
[2019.02.18-18.42.15:745][  0]LocalizationService: Localization service is disabled
[2019.02.18-18.42.16:221][  0]LogCook: Display: Max memory allowance for cook 16384mb min free memory 0mb
[2019.02.18-18.42.16:221][  0]LogCook: Display: Mobile HDR setting 1
[2019.02.18-18.42.16:221][  0]LogGameplayTags: Display: UGameplayTagsManager::DoneAddingNativeTags. DelegateIsBound: 0
[2019.02.18-18.42.16:221][  0]LogStats: UGameplayTagsManager::ConstructGameplayTagTree: ImportINI prefixes -  0.000 s
[2019.02.18-18.42.16:221][  0]LogStats: UGameplayTagsManager::ConstructGameplayTagTree: Construct from data asset -  0.000 s
[2019.02.18-18.42.16:221][  0]LogStats: UGameplayTagsManager::ConstructGameplayTagTree: ImportINI -  0.000 s
[2019.02.18-18.42.16:221][  0]LogStats: UGameplayTagsManager::ConstructGameplayTagTree: GameplayTagTreeChangedEvent.Broadcast -  0.000 s
[2019.02.18-18.42.16:451][  0]LogFileCache: Scanning file cache for directory 'C:/Users/u0800347/Documents/GitHub/Mansion_Environment/Mansion/Content/' took 0.03s
[2019.02.18-18.42.16:451][  0]SourceControl: Source control is disabled
[2019.02.18-18.42.16:451][  0]Cmd: MAP LOAD FILE="../../../../../../Users/u0800347/Documents/GitHub/Mansion_Environment/Mansion/Content/StarterContent/Maps/Minimal_Default.umap" TEMPLATE=0 SHOWPROGRESS=1 FEATURELEVEL=3
[2019.02.18-18.42.16:455][  0]LightingResults: New page: Lighting Build
[2019.02.18-18.42.16:459][  0]MapCheck: New page: Map Check
[2019.02.18-18.42.16:459][  0]LightingResults: New page: Lighting Build
[2019.02.18-18.42.17:007][  0]LogLinker: Warning: Can't find file '/Game/Models/Architecture/None'
[2019.02.18-18.42.17:008][  0]LogLinker: Warning: Can't find file for asset '/Game/Models/Architecture/None' while loading ../../../../../../Users/u0800347/Documents/GitHub/Mansion_Environment/Mansion/Content/Models/Architecture/Door.uasset.
[2019.02.18-18.42.17:008][  0]LoadErrors: Error: /Game/Models/Architecture/Door : Can't find file for asset. /Game/Models/Architecture/None
[2019.02.18-18.42.17:008][  0]LogLinker: Warning: Can't find file '/Game/Models/Architecture/None'
[2019.02.18-18.42.17:008][  0]LogLinker: Warning: Can't find file for asset '/Game/Models/Architecture/None' while loading ../../../../../../Users/u0800347/Documents/GitHub/Mansion_Environment/Mansion/Content/Models/Architecture/Door.uasset.
[2019.02.18-18.42.17:008][  0]LoadErrors: Error: /Game/Models/Architecture/Door : Can't find file for asset. /Game/Models/Architecture/None
[2019.02.18-18.42.17:495][  0]LogLinker: Warning: Can't find file '/Game/Models/Props/None'
[2019.02.18-18.42.17:495][  0]LogLinker: Warning: Can't find file for asset '/Game/Models/Props/None' while loading ../../../../../../Users/u0800347/Documents/GitHub/Mansion_Environment/Mansion/Content/Models/Props/UmbrellaStand.uasset.
[2019.02.18-18.42.17:495][  0]LoadErrors: Error: /Game/Models/Props/UmbrellaStand : Can't find file for asset. /Game/Models/Props/None
[2019.02.18-18.42.17:495][  0]LogLinker: Warning: Can't find file '/Game/Models/Props/None'
[2019.02.18-18.42.17:495][  0]LogLinker: Warning: Can't find file for asset '/Game/Models/Props/None' while loading ../../../../../../Users/u0800347/Documents/GitHub/Mansion_Environment/Mansion/Content/Models/Props/UmbrellaStand.uasset.
[2019.02.18-18.42.17:495][  0]LoadErrors: Error: /Game/Models/Props/UmbrellaStand : Can't find file for asset. /Game/Models/Props/None
[2019.02.18-18.42.17:605][  0]LogLinker: Warning: Can't find file '/Game/Models/Props/None'
[2019.02.18-18.42.17:605][  0]LoadErrors: Failed to load /Game/Models/Props/None.Material_0 Referenced by UmbrellaStand
[2019.02.18-18.42.17:605][  0]LogLinker: Warning: Can't find file for asset '/Game/Models/Props/None' while loading NULL.
[2019.02.18-18.42.17:605][  0]LoadErrors: Failed to load /Game/Models/Props/None.Material_0 Referenced by UmbrellaStand
[2019.02.18-18.42.17:606][  0]LogLinker: Warning: Can't find file '/Game/Models/Props/None'
[2019.02.18-18.42.17:606][  0]LoadErrors: Failed to load /Game/Models/Props/None.Material_0 Referenced by UmbrellaStand
[2019.02.18-18.42.17:606][  0]LogLinker: Warning: Can't find file for asset '/Game/Models/Props/None' while loading NULL.
[2019.02.18-18.42.17:606][  0]LoadErrors: Failed to load /Game/Models/Props/None.Material_0 Referenced by UmbrellaStand
[2019.02.18-18.42.17:650][  0]LogLinker: Warning: Can't find file '/Game/Models/Architecture/None'
[2019.02.18-18.42.17:650][  0]LoadErrors: Failed to load /Game/Models/Architecture/None.Material_0 Referenced by Door
[2019.02.18-18.42.17:650][  0]LogLinker: Warning: Can't find file for asset '/Game/Models/Architecture/None' while loading NULL.
[2019.02.18-18.42.17:650][  0]LoadErrors: Failed to load /Game/Models/Architecture/None.Material_0 Referenced by Door
[2019.02.18-18.42.17:651][  0]LogLinker: Warning: Can't find file '/Game/Models/Architecture/None'
[2019.02.18-18.42.17:651][  0]LoadErrors: Failed to load /Game/Models/Architecture/None.Material_0 Referenced by Door
[2019.02.18-18.42.17:651][  0]LogLinker: Warning: Can't find file for asset '/Game/Models/Architecture/None' while loading NULL.
[2019.02.18-18.42.17:651][  0]LoadErrors: Failed to load /Game/Models/Architecture/None.Material_0 Referenced by Door
[2019.02.18-18.42.18:712][  0]LogAIModule: Creating AISystem for world Minimal_Default
[2019.02.18-18.42.18:734][  0]LogEditorServer: Finished looking for orphan Actors (0.000 secs)
[2019.02.18-18.42.18:756][  0]Cmd: MAP CHECKDEP NOCLEARLOG
[2019.02.18-18.42.18:904][  0]MapCheck: Map check complete: 0 Error(s), 0 Warning(s), took 147.69ms to complete.
[2019.02.18-18.42.18:904][  0]LogFileHelpers: Loading map 'Minimal_Default' took 2.452
[2019.02.18-18.42.19:032][  0]LogSlate: Updating window title bar state: overlay mode, drag disabled, window buttons hidden, title bar hidden
[2019.02.18-18.42.19:040][  0]LogSlate: Updating window title bar state: overlay mode, drag disabled, window buttons hidden, title bar hidden
[2019.02.18-18.42.19:047][  0]LogSlate: Updating window title bar state: overlay mode, drag disabled, window buttons hidden, title bar hidden
[2019.02.18-18.42.19:053][  0]LogSlate: Updating window title bar state: overlay mode, drag disabled, window buttons hidden, title bar hidden
[2019.02.18-18.42.19:068][  0]LogCollectionManager: Loaded 0 collections in 0.003299 seconds
[2019.02.18-18.42.19:116][  0]LogFileCache: Scanning file cache for directory 'C:/Users/u0800347/Documents/GitHub/Mansion_Environment/Mansion/Saved/Collections/' took 0.01s
[2019.02.18-18.42.19:117][  0]LogFileCache: Scanning file cache for directory 'C:/Users/u0800347/Documents/GitHub/Mansion_Environment/Mansion/Content/Developers/u0800347/Collections/' took 0.01s
[2019.02.18-18.42.19:117][  0]LogFileCache: Scanning file cache for directory 'C:/Users/u0800347/Documents/GitHub/Mansion_Environment/Mansion/Content/Collections/' took 0.01s
[2019.02.18-18.42.19:117][  0]LogCollectionManager: Rebuilt the GUID cache for 0 collections in 0.000000 seconds
[2019.02.18-18.42.19:126][  0]LogContentBrowser: Native class hierarchy populated in 0.0092 seconds. Added 2572 classes and 603 folders.
[2019.02.18-18.42.19:136][  0]LogContentBrowser: Native class hierarchy updated for 'WidgetCarousel' in 0.0002 seconds. Added 0 classes and 0 folders.
[2019.02.18-18.42.19:460][  0]LogContentBrowser: Native class hierarchy updated for 'AddContentDialog' in 0.0003 seconds. Added 0 classes and 0 folders.
[2019.02.18-18.42.19:467][  0]LogContentBrowser: Native class hierarchy updated for 'SceneOutliner' in 0.0003 seconds. Added 1 classes and 2 folders.
[2019.02.18-18.42.19:547][  0]LogSlate: Took 0.004681 seconds to synchronously load lazily loaded font '../../../Engine/Content/Slate/Fonts/Roboto-Regular.ttf' (155K)
[2019.02.18-18.42.19:553][  0]LogSlate: Took 0.004338 seconds to synchronously load lazily loaded font '../../../Engine/Content/Slate/Fonts/Roboto-Bold.ttf' (160K)
[2019.02.18-18.42.19:562][  0]LogSlate: Took 0.004908 seconds to synchronously load lazily loaded font '../../../Engine/Content/Editor/Slate/Fonts/FontAwesome.ttf' (139K)
[2019.02.18-18.42.19:686][  0]LogRenderer: Reallocating scene render targets to support 1208x540 Format 10 NumSamples 1 (Frame:1).
[2019.02.18-18.42.19:887][  0]LogContentBrowser: Native class hierarchy updated for 'HierarchicalLODOutliner' in 0.0002 seconds. Added 0 classes and 0 folders.
[2019.02.18-18.42.19:887][  0]LogLoad: (Engine Initialization) Total time: 19.69 seconds
[2019.02.18-18.42.19:887][  0]LogLoad: (Engine Initialization) Total Blueprint compile time: 0.00 seconds
[2019.02.18-18.42.19:924][  0]LogContentStreaming: Texture pool size now 1000 MB
[2019.02.18-18.42.19:935][  0]LogSlate: FSceneViewport::OnFocusLost() reason 2
[2019.02.18-18.42.20:081][  1]LogAssetRegistry: Asset discovery search completed in 10.1226 seconds
[2019.02.18-18.42.20:083][  1]LogCollectionManager: Rebuilt the object cache for 0 collections in 0.000000 seconds (found 0 objects)
[2019.02.18-18.42.20:083][  1]LogCollectionManager: Fixed up redirectors for 0 collections in 0.000046 seconds (updated 0 objects)
[2019.02.18-18.44.44:601][290]LogSlate: Window 'Message Log' being destroyed
[2019.02.18-18.56.28:788][217]LogSlate: FSceneViewport::OnFocusLost() reason 0
[2019.02.18-20.58.21:676][659]LogEditorFactories: Performing atomic reimport of [C:/Users/u0800347/Documents/GitHub/Mansion_Environment/Models/Chair.obj]
[2019.02.18-20.58.21:709][659]LogSlate: Took 0.005135 seconds to synchronously load lazily loaded font '../../../Engine/Content/Slate/Fonts/Roboto-Light.ttf' (167K)
[2019.02.18-20.58.21:735][659]LogFbx: Loading FBX Scene from C:/Users/u0800347/Documents/GitHub/Mansion_Environment/Models/Chair.obj
[2019.02.18-20.58.21:756][659]LogFbx: FBX Scene Loaded Succesfully
[2019.02.18-20.58.21:785][659]LogFbx: Warning: Triangulating static mesh default
[2019.02.18-20.58.22:049][659]LogStaticMesh: Building static mesh Chair...
[2019.02.18-20.58.22:229][659]LogStaticMesh: Built static mesh [0.18s] /Game/Models/Props/Chair.Chair
[2019.02.18-20.58.23:719][659]LogSlate: Window 'Reimport Material Conflicts Resolution' being destroyed
[2019.02.18-20.58.23:725][659]LogEditorFactories: -- imported successfully
[2019.02.18-20.58.56:465][829]LogEditorFactories: Performing atomic reimport of [C:/Users/u0800347/Documents/GitHub/Mansion_Environment/Models/Chair.obj]
[2019.02.18-20.58.56:493][829]LogFbx: Loading FBX Scene from C:/Users/u0800347/Documents/GitHub/Mansion_Environment/Models/Chair.obj
[2019.02.18-20.58.56:513][829]LogFbx: FBX Scene Loaded Succesfully
[2019.02.18-20.58.56:517][829]LogFbx: Warning: Triangulating static mesh default
[2019.02.18-20.58.56:771][829]LogStaticMesh: Building static mesh Chair...
[2019.02.18-20.58.56:948][829]LogStaticMesh: Built static mesh [0.18s] /Game/Models/Props/Chair.Chair
[2019.02.18-20.58.56:960][829]LogEditorFactories: -- imported successfully
[2019.02.18-20.58.57:391][830]LogSavePackage: Moving '../../../../../../Users/u0800347/Documents/GitHub/Mansion_Environment/Mansion/Saved/Minimal_Default_Auto103C50D954E8F4C13663F109C1C0D5342.tmp' to '../../../../../../Users/u0800347/Documents/GitHub/Mansion_Environment/Mansion/Saved/Autosaves/Game/StarterContent/Maps/Minimal_Default_Auto1.umap'
[2019.02.18-20.58.57:410][830]LogFileHelpers: Editor autosave (incl. sublevels) for '/Game/StarterContent/Maps/Minimal_Default' took 0.366
[2019.02.18-20.58.57:411][830]LogFileHelpers: Editor autosave (incl. sublevels) for all levels took 0.366
[2019.02.18-20.58.57:415][830]OBJ SavePackage: Generating thumbnails for [1] asset(s) in package [/Game/Models/Props/Chair] ([1] browsable assets)...
[2019.02.18-20.58.57:426][830]OBJ SavePackage:     Rendered thumbnail for [StaticMesh /Game/Models/Props/Chair.Chair]
[2019.02.18-20.58.57:426][830]OBJ SavePackage: Finished generating thumbnails for package [/Game/Models/Props/Chair]
[2019.02.18-20.58.57:457][830]LogSavePackage: Moving '../../../../../../Users/u0800347/Documents/GitHub/Mansion_Environment/Mansion/Saved/Chair_Auto1B9CC03624D978BF91AAE0EAA9C658D16.tmp' to '../../../../../../Users/u0800347/Documents/GitHub/Mansion_Environment/Mansion/Saved/Autosaves/Game/Models/Props/Chair_Auto1.uasset'
[2019.02.18-20.58.57:459][830]LogFileHelpers: Auto-saving content packages took 0.045
[2019.02.18-20.58.58:696][941]LogAssetEditorManager: Opening Asset editor for StaticMesh /Game/Models/Props/Chair.Chair
[2019.02.18-20.59.22:734][493]LogEditorFactories: Performing atomic reimport of [C:/Users/u0800347/Documents/GitHub/Mansion_Environment/Models/Chair.obj]
[2019.02.18-20.59.22:759][493]LogFbx: Loading FBX Scene from C:/Users/u0800347/Documents/GitHub/Mansion_Environment/Models/Chair.obj
[2019.02.18-20.59.22:779][493]LogFbx: FBX Scene Loaded Succesfully
[2019.02.18-20.59.22:782][493]LogFbx: Warning: Triangulating static mesh default
[2019.02.18-20.59.23:032][493]LogStaticMesh: Building static mesh Chair...
[2019.02.18-20.59.23:199][493]LogStaticMesh: Built static mesh [0.17s] /Game/Models/Props/Chair.Chair
[2019.02.18-20.59.23:211][493]LogEditorFactories: -- imported successfully
[2019.02.18-20.59.29:143][758]LogSlate: Window 'Chair*' being destroyed
[2019.02.18-20.59.30:321][854]LogRenderer: Reallocating scene render targets to support 1432x924 Format 10 NumSamples 1 (Frame:696).
[2019.02.18-20.59.30:321][854]LogSlate: Took 0.009616 seconds to synchronously load lazily loaded font '../../../Engine/Content/Slate/Fonts/Roboto-Italic.ttf' (157K)
[2019.02.18-20.59.41:740][983]LogEditorFactories: Performing atomic reimport of [C:/Users/u0800347/Documents/GitHub/Mansion_Environment/Models/Chair.obj]
[2019.02.18-20.59.41:778][983]LogFbx: Loading FBX Scene from C:/Users/u0800347/Documents/GitHub/Mansion_Environment/Models/Chair.obj
[2019.02.18-20.59.41:799][983]LogFbx: FBX Scene Loaded Succesfully
[2019.02.18-20.59.41:802][983]LogFbx: Warning: Triangulating static mesh default
[2019.02.18-20.59.42:055][983]LogStaticMesh: Building static mesh Chair...
[2019.02.18-20.59.42:221][983]LogStaticMesh: Built static mesh [0.17s] /Game/Models/Props/Chair.Chair
[2019.02.18-20.59.42:236][983]LogEditorFactories: -- imported successfully
[2019.02.18-20.59.49:525][689]LogEditorFactories: Performing atomic reimport of [C:/Users/u0800347/Documents/GitHub/Mansion_Environment/Models/Chair.obj]
[2019.02.18-20.59.49:557][689]LogFbx: Loading FBX Scene from C:/Users/u0800347/Documents/GitHub/Mansion_Environment/Models/Chair.obj
[2019.02.18-20.59.49:579][689]LogFbx: FBX Scene Loaded Succesfully
[2019.02.18-20.59.49:582][689]LogFbx: Warning: Triangulating static mesh default
[2019.02.18-20.59.49:832][689]LogStaticMesh: Building static mesh Chair...
[2019.02.18-20.59.50:001][689]LogStaticMesh: Built static mesh [0.17s] /Game/Models/Props/Chair.Chair
[2019.02.18-20.59.50:014][689]LogEditorFactories: -- imported successfully
[2019.02.18-20.59.56:088][219]LogSlate: FSceneViewport::OnFocusLost() reason 2
[2019.02.18-21.00.13:783][717]LogSlate: FSceneViewport::OnFocusLost() reason 0
[2019.02.18-21.00.16:794][ 14]LogSlate: FSceneViewport::OnFocusLost() reason 2
[2019.02.18-21.00.17:801][121]LogSlate: Took 0.012694 seconds to synchronously load lazily loaded font '../../../Engine/Content/Slate/Fonts/Roboto-BoldCondensed.ttf' (158K)
[2019.02.18-21.00.19:517][238]LogEditorViewport: Clicking on Actor (LMB): StaticMeshActor (Remaining_Blockout)
[2019.02.18-21.00.24:990][729]LogSlate: FSceneViewport::OnFocusLost() reason 0
[2019.02.18-21.00.25:121][739]Cmd: OBJ SAVEPACKAGE PACKAGE="/Game/Models/Props/Chair" FILE="../../../../../../Users/u0800347/Documents/GitHub/Mansion_Environment/Mansion/Content/Models/Props/Chair.uasset" SILENT=true
[2019.02.18-21.00.25:148][739]LogSavePackage: Moving '../../../../../../Users/u0800347/Documents/GitHub/Mansion_Environment/Mansion/Saved/Chair62F636814E7D11FF39CF79AF697E7797.tmp' to '../../../../../../Users/u0800347/Documents/GitHub/Mansion_Environment/Mansion/Content/Models/Props/Chair.uasset'
[2019.02.18-21.00.27:384][945]LogSlate: FSceneViewport::OnFocusLost() reason 2
[2019.02.18-21.00.27:692][945]LogSavePackage: Moving '../../../../../../Users/u0800347/Documents/GitHub/Mansion_Environment/Mansion/Saved/Minimal_Default17984EA84A1477EE89838B90ABD25A82.tmp' to '../../../../../../Users/u0800347/Documents/GitHub/Mansion_Environment/Mansion/Content/StarterContent/Maps/Minimal_Default.umap'
[2019.02.18-21.00.27:966][945]LogSavePackage: Moving '../../../../../../Users/u0800347/Documents/GitHub/Mansion_Environment/Mansion/Saved/Minimal_Default_BuiltData377726B84B129CA0F366738C04CBCD96.tmp' to '../../../../../../Users/u0800347/Documents/GitHub/Mansion_Environment/Mansion/Content/StarterContent/Maps/Minimal_Default_BuiltData.uasset'
[2019.02.18-21.15.57:064][489]LogEditorViewport: Clicking on Actor (context menu): StaticMeshActor (Large_Pot3)
[2019.02.18-21.15.57:146][489]LogSlate: FSceneViewport::OnFocusLost() reason 2
[2019.02.18-21.15.58:012][548]LogEditorViewport: Clicking on Actor (LMB): StaticMeshActor (Large_Pot3)
[2019.02.18-21.16.04:951][991]LogSlate: FSceneViewport::OnFocusLost() reason 0
[2019.02.18-21.16.14:807][679]LogEditorViewport: Clicking on Actor (LMB): StaticMeshActor (Tea_Cup)
[2019.02.18-21.16.21:113][116]LogSlate: FSceneViewport::OnFocusLost() reason 0
[2019.02.18-21.16.50:286][282]Cmd: DUPLICATE
[2019.02.18-21.16.50:286][282]Cmd: ACTOR DUPLICATE
[2019.02.18-21.17.00:876][ 52]Cmd: CAMERA ALIGN ACTIVEVIEWPORTONLY
[2019.02.18-21.17.15:511][121]Cmd: CAMERA ALIGN ACTIVEVIEWPORTONLY
[2019.02.18-21.17.27:199][981]LogEditorViewport: Clicking on Actor (context menu): StaticMeshActor (Tea_Cup2)
[2019.02.18-21.17.27:250][981]LogSlate: FSceneViewport::OnFocusLost() reason 2
[2019.02.18-21.17.27:839][ 30]LogEditorViewport: Clicking on Actor (LMB): StaticMeshActor (Tea_Cup2)
[2019.02.18-21.17.33:763][462]LogEditorViewport: Clicking on Actor (LMB): StaticMeshActor (Tea_Saucer2)
[2019.02.18-21.17.35:136][569]Cmd: DUPLICATE
[2019.02.18-21.17.35:136][569]Cmd: ACTOR DUPLICATE
[2019.02.18-21.17.38:034][816]Cmd: DUPLICATE
[2019.02.18-21.17.38:034][816]Cmd: ACTOR DUPLICATE
[2019.02.18-21.17.39:553][938]Cmd: DUPLICATE
[2019.02.18-21.17.39:553][938]Cmd: ACTOR DUPLICATE
[2019.02.18-21.17.41:207][ 76]Cmd: DUPLICATE
[2019.02.18-21.17.41:207][ 76]Cmd: ACTOR DUPLICATE
[2019.02.18-21.17.42:671][206]Cmd: DUPLICATE
[2019.02.18-21.17.42:671][206]Cmd: ACTOR DUPLICATE
[2019.02.18-21.17.44:129][346]Cmd: DUPLICATE
[2019.02.18-21.17.44:129][346]Cmd: ACTOR DUPLICATE
[2019.02.18-21.17.54:164][299]Cmd: TRANSACTION UNDO
[2019.02.18-21.17.54:164][299]LogEditorTransaction: Undo Scale Actors
[2019.02.18-21.18.03:458][195]LogEditorViewport: Clicking on Actor (LMB): StaticMeshActor (Tea_Cup2)
[2019.02.18-21.18.16:727][511]Cmd: DUPLICATE
[2019.02.18-21.18.16:727][511]Cmd: ACTOR DUPLICATE
[2019.02.18-21.18.22:615][ 96]Cmd: CAMERA ALIGN ACTIVEVIEWPORTONLY
[2019.02.18-21.18.31:690][  6]Cmd: TRANSACTION UNDO
[2019.02.18-21.18.31:690][  6]LogEditorTransaction: Undo Move Actors
[2019.02.18-21.18.32:287][ 36]Cmd: TRANSACTION UNDO
[2019.02.18-21.18.32:287][ 36]LogEditorTransaction: Undo Move Actors
[2019.02.18-21.18.32:855][ 76]Cmd: TRANSACTION UNDO
[2019.02.18-21.18.32:855][ 76]LogEditorTransaction: Undo Move Actors
[2019.02.18-21.18.49:684][713]Cmd: DUPLICATE
[2019.02.18-21.18.49:684][713]Cmd: ACTOR DUPLICATE
[2019.02.18-21.19.05:760][263]LogSlate: FSceneViewport::OnFocusLost() reason 0
[2019.02.18-21.19.13:285][980]LogEditorViewport: Clicking on Actor (LMB): StaticMeshActor (Wall_21x18 17)
[2019.02.18-21.19.53:440][658]LogSavePackage: Moving '../../../../../../Users/u0800347/Documents/GitHub/Mansion_Environment/Mansion/Saved/Minimal_Default_Auto293C9B53249DE5C5CC8E3DFA0ECF354C9.tmp' to '../../../../../../Users/u0800347/Documents/GitHub/Mansion_Environment/Mansion/Saved/Autosaves/Game/StarterContent/Maps/Minimal_Default_Auto2.umap'
[2019.02.18-21.19.53:447][658]LogFileHelpers: Editor autosave (incl. sublevels) for '/Game/StarterContent/Maps/Minimal_Default' took 0.329
[2019.02.18-21.19.53:447][658]LogFileHelpers: Editor autosave (incl. sublevels) for all levels took 0.329
[2019.02.18-22.36.08:370][258]LogSlate: FSceneViewport::OnFocusLost() reason 0
[2019.02.18-22.36.09:549][305]LogSavePackage: Moving '../../../../../../Users/u0800347/Documents/GitHub/Mansion_Environment/Mansion/Saved/Minimal_DefaultA2BC5D604F967760BE4310BB2721A250.tmp' to '../../../../../../Users/u0800347/Documents/GitHub/Mansion_Environment/Mansion/Content/StarterContent/Maps/Minimal_Default.umap'
[2019.02.18-22.36.09:777][305]LogSavePackage: Moving '../../../../../../Users/u0800347/Documents/GitHub/Mansion_Environment/Mansion/Saved/Minimal_Default_BuiltData7C3709244ACFCEF15CCC59A1157F3A4A.tmp' to '../../../../../../Users/u0800347/Documents/GitHub/Mansion_Environment/Mansion/Content/StarterContent/Maps/Minimal_Default_BuiltData.uasset'
[2019.02.18-22.36.11:601][457]LogSlate: FSceneViewport::OnFocusLost() reason 0
[2019.02.18-22.36.11:789][465]LogSlate: Window 'Chair' being destroyed
[2019.02.18-22.36.12:012][465]LogSlate: Window 'Mansion - Unreal Editor' being destroyed
[2019.02.18-22.36.12:013][465]LogWindowsTextInputMethodSystem: Display: IME system now deactivated.
[2019.02.18-22.36.12:363][466]Cmd: QUIT_EDITOR
[2019.02.18-22.36.12:437][466]LogExit: Preparing to exit.
[2019.02.18-22.36.12:714][466]LogExit: Editor shut down
[2019.02.18-22.36.12:714][466]LogExit: Transaction tracking system shut down
[2019.02.18-22.36.13:098][466]LogExit: Object subsystem successfully closed.
[2019.02.18-22.36.13:123][466]LogShaderCompilers: Display: Shaders left to compile 0
[2019.02.18-22.36.13:127][466]LogD3D11RHI: Shutdown
[2019.02.18-22.36.13:127][466]LogD3D11RHI: CleanupD3DDevice
[2019.02.18-22.36.13:131][466]LogD3D11RHI: ~FD3D11DynamicRHI
[2019.02.18-22.36.13:160][466]LogModuleManager: Shutting down and abandoning module StaticMeshEditor (614)
[2019.02.18-22.36.13:160][466]LogModuleManager: Shutting down and abandoning module MeshBuilder (612)
[2019.02.18-22.36.13:160][466]LogModuleManager: Shutting down and abandoning module HierarchicalLODOutliner (610)
[2019.02.18-22.36.13:160][466]LogModuleManager: Shutting down and abandoning module SceneOutliner (608)
[2019.02.18-22.36.13:160][466]LogModuleManager: Shutting down and abandoning module AddContentDialog (606)
[2019.02.18-22.36.13:161][466]LogModuleManager: Shutting down and abandoning module WidgetCarousel (605)
[2019.02.18-22.36.13:161][466]LogModuleManager: Shutting down and abandoning module EditorWidgets (602)
[2019.02.18-22.36.13:161][466]LogModuleManager: Shutting down and abandoning module CollectionManager (600)
[2019.02.18-22.36.13:161][466]LogModuleManager: Shutting down and abandoning module StatsViewer (598)
[2019.02.18-22.36.13:161][466]LogModuleManager: Shutting down and abandoning module FoliageEdit (596)
[2019.02.18-22.36.13:161][466]LogModuleManager: Shutting down and abandoning module LandscapeEditor (594)
[2019.02.18-22.36.13:161][466]LogModuleManager: Shutting down and abandoning module MeshPaintMode (592)
[2019.02.18-22.36.13:161][466]LogModuleManager: Shutting down and abandoning module SceneDepthPickerMode (590)
[2019.02.18-22.36.13:161][466]LogModuleManager: Shutting down and abandoning module ActorPickerMode (588)
[2019.02.18-22.36.13:161][466]LogModuleManager: Shutting down and abandoning module GeometryMode (586)
[2019.02.18-22.36.13:162][466]LogModuleManager: Shutting down and abandoning module TextureAlignMode (584)
[2019.02.18-22.36.13:162][466]LogModuleManager: Shutting down and abandoning module BspMode (582)
[2019.02.18-22.36.13:162][466]LogModuleManager: Shutting down and abandoning module PIEPreviewDeviceProfileSelector (580)
[2019.02.18-22.36.13:162][466]LogModuleManager: Shutting down and abandoning module SequenceRecorderSections (578)
[2019.02.18-22.36.13:162][466]LogModuleManager: Shutting down and abandoning module AutomationWorker (576)
[2019.02.18-22.36.13:162][466]LogModuleManager: Shutting down and abandoning module AudioCaptureEditor (574)
[2019.02.18-22.36.13:162][466]LogModuleManager: Shutting down and abandoning module SequenceRecorder (573)
[2019.02.18-22.36.13:162][466]LogModuleManager: Shutting down and abandoning module MatineeToLevelSequence (570)
[2019.02.18-22.36.13:162][466]LogModuleManager: Shutting down and abandoning module LevelSequenceEditor (568)
[2019.02.18-22.36.13:162][466]LogModuleManager: Shutting down and abandoning module PlacementMode (567)
[2019.02.18-22.36.13:162][466]LogModuleManager: Shutting down and abandoning module MaterialEditor (566)
[2019.02.18-22.36.13:162][466]LogModuleManager: Shutting down and abandoning module WmfMediaFactory (562)
[2019.02.18-22.36.13:162][466]LogModuleManager: Shutting down and abandoning module WmfMediaEditor (560)
[2019.02.18-22.36.13:162][466]LogModuleManager: Shutting down and abandoning module MediaPlayerEditor (558)
[2019.02.18-22.36.13:162][466]LogModuleManager: Shutting down and abandoning module OpenExrWrapper (556)
[2019.02.18-22.36.13:162][466]LogModuleManager: Shutting down and abandoning module ImgMediaFactory (554)
[2019.02.18-22.36.13:162][466]LogModuleManager: Shutting down and abandoning module ImgMediaEditor (552)
[2019.02.18-22.36.13:162][466]LogModuleManager: Shutting down and abandoning module AvfMediaFactory (550)
[2019.02.18-22.36.13:162][466]LogModuleManager: Shutting down and abandoning module AvfMediaEditor (548)
[2019.02.18-22.36.13:162][466]LogModuleManager: Shutting down and abandoning module AndroidMediaFactory (546)
[2019.02.18-22.36.13:162][466]LogModuleManager: Shutting down and abandoning module AndroidMediaEditor (544)
[2019.02.18-22.36.13:162][466]LogModuleManager: Shutting down and abandoning module MagicLeapCameraPreviewFactory (542)
[2019.02.18-22.36.13:162][466]LogModuleManager: Shutting down and abandoning module MagicLeapMediaFactory (540)
[2019.02.18-22.36.13:162][466]LogModuleManager: Shutting down and abandoning module MagicLeapMediaEditor (538)
[2019.02.18-22.36.13:162][466]LogModuleManager: Shutting down and abandoning module CharacterAI (536)
[2019.02.18-22.36.13:162][466]LogModuleManager: Shutting down and abandoning module SmartSnapping (534)
[2019.02.18-22.36.13:162][466]LogModuleManager: Shutting down and abandoning module SessionServices (532)
[2019.02.18-22.36.13:162][466]LogModuleManager: Shutting down and abandoning module ViewportSnapping (530)
[2019.02.18-22.36.13:162][466]LogModuleManager: Shutting down and abandoning module ViewportInteraction (528)
[2019.02.18-22.36.13:162][466]LogModuleManager: Shutting down and abandoning module ClothPainter (526)
[2019.02.18-22.36.13:163][466]LogModuleManager: Shutting down and abandoning module SkeletalMeshEditor (525)
[2019.02.18-22.36.13:163][466]LogModuleManager: Shutting down and abandoning module LogVisualizer (522)
[2019.02.18-22.36.13:163][466]LogModuleManager: Shutting down and abandoning module IntroTutorials (520)
[2019.02.18-22.36.13:163][466]LogModuleManager: Shutting down and abandoning module GameProjectGeneration (519)
[2019.02.18-22.36.13:163][466]LogModuleManager: Shutting down and abandoning module LuminPlatformEditor (516)
[2019.02.18-22.36.13:163][466]LogModuleManager: Shutting down and abandoning module IOSPlatformEditor (514)
[2019.02.18-22.36.13:163][466]LogModuleManager: Shutting down and abandoning module HTML5PlatformEditor (512)
[2019.02.18-22.36.13:163][466]LogModuleManager: Shutting down and abandoning module AndroidPlatformEditor (510)
[2019.02.18-22.36.13:163][466]LogModuleManager: Shutting down and abandoning module AndroidDeviceDetection (509)
[2019.02.18-22.36.13:723][466]LogModuleManager: Shutting down and abandoning module WindowsPlatformEditor (506)
[2019.02.18-22.36.13:723][466]LogModuleManager: Shutting down and abandoning module LuminRuntimeSettings (504)
[2019.02.18-22.36.13:723][466]LogModuleManager: Shutting down and abandoning module IOSRuntimeSettings (502)
[2019.02.18-22.36.13:723][466]LogModuleManager: Shutting down and abandoning module AndroidRuntimeSettings (500)
[2019.02.18-22.36.13:723][466]LogModuleManager: Shutting down and abandoning module InputBindingEditor (498)
[2019.02.18-22.36.13:723][466]LogModuleManager: Shutting down and abandoning module MergeActors (496)
[2019.02.18-22.36.13:723][466]LogModuleManager: Shutting down and abandoning module LocalizationDashboard (494)
[2019.02.18-22.36.13:723][466]LogModuleManager: Shutting down and abandoning module LocalizationService (493)
[2019.02.18-22.36.13:724][466]LogModuleManager: Shutting down and abandoning module HardwareTargeting (490)
[2019.02.18-22.36.13:724][466]LogModuleManager: Shutting down and abandoning module DeviceProfileEditor (488)
[2019.02.18-22.36.13:724][466]LogModuleManager: Shutting down and abandoning module UndoHistory (486)
[2019.02.18-22.36.13:724][466]LogModuleManager: Shutting down and abandoning module XmlParser (484)
[2019.02.18-22.36.13:724][466]LogModuleManager: Shutting down and abandoning module Blutility (482)
[2019.02.18-22.36.13:724][466]LogModuleManager: Shutting down and abandoning module ProjectSettingsViewer (480)
[2019.02.18-22.36.13:724][466]LogModuleManager: Shutting down and abandoning module ProjectTargetPlatformEditor (479)
[2019.02.18-22.36.13:724][466]LogModuleManager: Shutting down and abandoning module EditorSettingsViewer (476)
[2019.02.18-22.36.13:724][466]LogModuleManager: Shutting down and abandoning module SettingsEditor (474)
[2019.02.18-22.36.13:724][466]LogModuleManager: Shutting down and abandoning module ProjectLauncher (472)
[2019.02.18-22.36.13:724][466]LogModuleManager: Shutting down and abandoning module SessionFrontend (470)
[2019.02.18-22.36.13:724][466]LogModuleManager: Shutting down and abandoning module ProfilerClient (468)
[2019.02.18-22.36.13:724][466]LogModuleManager: Shutting down and abandoning module DeviceManager (466)
[2019.02.18-22.36.13:724][466]LogModuleManager: Shutting down and abandoning module TargetDeviceServices (465)
[2019.02.18-22.36.13:789][466]LogModuleManager: Shutting down and abandoning module AutomationController (462)
[2019.02.18-22.36.13:789][466]LogModuleManager: Shutting down and abandoning module AutomationWindow (460)
[2019.02.18-22.36.13:789][466]LogModuleManager: Shutting down and abandoning module Layers (458)
[2019.02.18-22.36.13:789][466]LogModuleManager: Shutting down and abandoning module ComponentVisualizers (456)
[2019.02.18-22.36.13:789][466]LogModuleManager: Shutting down and abandoning module DetailCustomizations (454)
[2019.02.18-22.36.13:789][466]LogModuleManager: Shutting down and abandoning module PackagesDialog (452)
[2019.02.18-22.36.13:789][466]LogModuleManager: Shutting down and abandoning module Persona (450)
[2019.02.18-22.36.13:789][466]LogModuleManager: Shutting down and abandoning module AdvancedPreviewScene (449)
[2019.02.18-22.36.13:789][466]LogModuleManager: Shutting down and abandoning module AnimGraph (447)
[2019.02.18-22.36.13:789][466]LogModuleManager: Shutting down and abandoning module Kismet (444)
[2019.02.18-22.36.13:789][466]LogModuleManager: Shutting down and abandoning module GraphEditor (442)
[2019.02.18-22.36.13:789][466]LogModuleManager: Shutting down and abandoning module ClassViewer (440)
[2019.02.18-22.36.13:789][466]LogModuleManager: Shutting down and abandoning module Toolbox (438)
[2019.02.18-22.36.13:789][466]LogModuleManager: Shutting down and abandoning module ModuleUI (436)
[2019.02.18-22.36.13:789][466]LogModuleManager: Shutting down and abandoning module MovieSceneTools (434)
[2019.02.18-22.36.13:789][466]LogModuleManager: Shutting down and abandoning module OutputLog (432)
[2019.02.18-22.36.13:789][466]LogModuleManager: Shutting down and abandoning module GammaUI (430)
[2019.02.18-22.36.13:789][466]LogModuleManager: Shutting down and abandoning module Documentation (428)
[2019.02.18-22.36.13:789][466]LogModuleManager: Shutting down and abandoning module MovieSceneTracks (426)
[2019.02.18-22.36.13:789][466]LogModuleManager: Shutting down and abandoning module MovieScene (424)
[2019.02.18-22.36.13:789][466]LogModuleManager: Shutting down and abandoning module StreamingPauseRendering (422)
[2019.02.18-22.36.13:789][466]LogModuleManager: Shutting down and abandoning module LauncherPlatform (420)
[2019.02.18-22.36.13:789][466]LogModuleManager: Shutting down and abandoning module AnalyticsET (418)
[2019.02.18-22.36.13:789][466]LogModuleManager: Shutting down and abandoning module PortalServices (416)
[2019.02.18-22.36.13:789][466]LogModuleManager: Shutting down and abandoning module PortalRpc (414)
[2019.02.18-22.36.13:790][466]LogModuleManager: Shutting down and abandoning module MessagingRpc (412)
[2019.02.18-22.36.13:790][466]LogModuleManager: Shutting down and abandoning module AIModule (410)
[2019.02.18-22.36.13:790][466]LogModuleManager: Shutting down and abandoning module GameplayDebugger (409)
[2019.02.18-22.36.13:790][466]LogModuleManager: Shutting down and abandoning module AITestSuite (407)
[2019.02.18-22.36.13:790][466]LogModuleManager: Shutting down and abandoning module NavigationSystem (405)
[2019.02.18-22.36.13:790][466]LogModuleManager: Shutting down and abandoning module DesktopPlatform (402)
[2019.02.18-22.36.13:790][466]LogModuleManager: Shutting down and abandoning module ProfilerService (400)
[2019.02.18-22.36.13:855][466]LogModuleManager: Shutting down and abandoning module TaskGraph (398)
[2019.02.18-22.36.13:855][466]LogModuleManager: Shutting down and abandoning module SteamVRController (396)
[2019.02.18-22.36.13:855][466]LogModuleManager: Shutting down and abandoning module ProceduralMeshComponentEditor (394)
[2019.02.18-22.36.13:855][466]LogModuleManager: Shutting down and abandoning module ProceduralMeshComponent (392)
[2019.02.18-22.36.13:855][466]LogModuleManager: Shutting down and abandoning module OculusInput (390)
[2019.02.18-22.36.13:855][466]LogModuleManager: Shutting down and abandoning module MobilePatchingUtils (388)
[2019.02.18-22.36.13:855][466]LogModuleManager: Shutting down and abandoning module EditableMesh (386)
[2019.02.18-22.36.13:855][466]LogModuleManager: Shutting down and abandoning module CustomMeshComponent (384)
[2019.02.18-22.36.13:855][466]LogModuleManager: Shutting down and abandoning module CableComponent (382)
[2019.02.18-22.36.13:855][466]LogModuleManager: Shutting down and abandoning module AudioCapture (380)
[2019.02.18-22.36.13:855][466]LogModuleManager: Shutting down and abandoning module ArchVisCharacter (378)
[2019.02.18-22.36.13:855][466]LogModuleManager: Shutting down and abandoning module AndroidPermission (376)
[2019.02.18-22.36.13:855][466]LogModuleManager: Shutting down and abandoning module NUTUnrealEngine4 (374)
[2019.02.18-22.36.13:855][466]LogModuleManager: Shutting down and abandoning module NetcodeUnitTest (372)
[2019.02.18-22.36.13:856][466]LogModuleManager: Shutting down and abandoning module MediaCompositingEditor (370)
[2019.02.18-22.36.13:856][466]LogModuleManager: Shutting down and abandoning module MediaCompositing (368)
[2019.02.18-22.36.13:856][466]LogModuleManager: Shutting down and abandoning module LinearTimecode (366)
[2019.02.18-22.36.13:856][466]LogModuleManager: Shutting down and abandoning module ImgMedia (364)
[2019.02.18-22.36.13:859][466]LogModuleManager: Shutting down and abandoning module HTML5Networking (362)
[2019.02.18-22.36.13:859][466]LogModuleManager: Shutting down and abandoning module GeometryCacheTracks (360)
[2019.02.18-22.36.13:859][466]LogModuleManager: Shutting down and abandoning module GeometryCacheSequencer (358)
[2019.02.18-22.36.13:859][466]LogModuleManager: Shutting down and abandoning module BackChannel (356)
[2019.02.18-22.36.13:859][466]LogModuleManager: Shutting down and abandoning module AppleVision (354)
[2019.02.18-22.36.13:859][466]LogModuleManager: Shutting down and abandoning module AppleImageUtils (352)
[2019.02.18-22.36.13:859][466]LogModuleManager: Shutting down and abandoning module AlembicImporter (350)
[2019.02.18-22.36.13:859][466]LogModuleManager: Shutting down and abandoning module AlembicLibrary (349)
[2019.02.18-22.36.13:859][466]LogModuleManager: Shutting down and abandoning module GeometryCache (348)
[2019.02.18-22.36.13:859][466]LogModuleManager: Shutting down and abandoning module GeometryCacheEd (347)
[2019.02.18-22.36.13:859][466]LogModuleManager: Shutting down and abandoning module DatasmithContentEditor (342)
[2019.02.18-22.36.13:859][466]LogModuleManager: Shutting down and abandoning module DatasmithContent (340)
[2019.02.18-22.36.13:859][466]LogModuleManager: Shutting down and abandoning module SpeedTreeImporter (338)
[2019.02.18-22.36.13:859][466]LogModuleManager: Shutting down and abandoning module PluginBrowser (336)
[2019.02.18-22.36.13:859][466]LogModuleManager: Shutting down and abandoning module MobileLauncherProfileWizard (334)
[2019.02.18-22.36.13:859][466]LogModuleManager: Shutting down and abandoning module PolygonModeling (332)
[2019.02.18-22.36.13:859][466]LogModuleManager: Shutting down and abandoning module MeshEditor (330)
[2019.02.18-22.36.13:860][466]LogModuleManager: Shutting down and abandoning module CryptoKeysOpenSSL (328)
[2019.02.18-22.36.13:860][466]LogModuleManager: Shutting down and abandoning module CryptoKeys (326)
[2019.02.18-22.36.13:860][466]LogModuleManager: Shutting down and abandoning module VisualStudioSourceCodeAccess (324)
[2019.02.18-22.36.13:860][466]LogModuleManager: Shutting down and abandoning module VisualStudioCodeSourceCodeAccess (322)
[2019.02.18-22.36.13:860][466]LogModuleManager: Shutting down and abandoning module UObjectPlugin (320)
[2019.02.18-22.36.13:860][466]LogModuleManager: Shutting down and abandoning module SubversionSourceControl (318)
[2019.02.18-22.36.13:860][466]LogModuleManager: Shutting down and abandoning module PerforceSourceControl (316)
[2019.02.18-22.36.13:860][466]LogModuleManager: Shutting down and abandoning module GitSourceControl (314)
[2019.02.18-22.36.13:860][466]LogModuleManager: Shutting down and abandoning module SourceControl (313)
[2019.02.18-22.36.13:860][466]LogModuleManager: Shutting down and abandoning module CLionSourceCodeAccess (310)
[2019.02.18-22.36.13:860][466]LogModuleManager: Shutting down and abandoning module LightPropagationVolumeEditor (308)
[2019.02.18-22.36.13:860][466]LogModuleManager: Shutting down and abandoning module PaperTiledImporter (306)
[2019.02.18-22.36.13:860][466]LogModuleManager: Shutting down and abandoning module PaperSpriteSheetImporter (304)
[2019.02.18-22.36.13:860][466]LogModuleManager: Shutting down and abandoning module Paper2DEditor (302)
[2019.02.18-22.36.13:860][466]LogModuleManager: Shutting down and abandoning module MeshPaint (301)
[2019.02.18-22.36.13:860][466]LogModuleManager: Shutting down and abandoning module RuntimePhysXCooking (298)
[2019.02.18-22.36.13:860][466]LogModuleManager: Shutting down and abandoning module PhysXVehiclesEditor (296)
[2019.02.18-22.36.13:860][466]LogModuleManager: Shutting down and abandoning module PhysXVehicles (294)
[2019.02.18-22.36.13:860][466]LogModuleManager: Shutting down and abandoning module OculusEditor (292)
[2019.02.18-22.36.13:860][466]LogModuleManager: Shutting down and abandoning module LocationServicesBPLibrary (290)
[2019.02.18-22.36.13:860][466]LogModuleManager: Shutting down and abandoning module ImmediatePhysicsEditor (288)
[2019.02.18-22.36.13:860][466]LogModuleManager: Shutting down and abandoning module ImmediatePhysics (286)
[2019.02.18-22.36.13:860][466]LogModuleManager: Shutting down and abandoning module ActorSequence (284)
[2019.02.18-22.36.13:860][466]LogModuleManager: Shutting down and abandoning module UdpMessaging (282)
[2019.02.18-22.36.13:961][466]LogModuleManager: Shutting down and abandoning module TcpMessaging (280)
[2019.02.18-22.36.14:062][466]LogModuleManager: Shutting down and abandoning module MagicLeapAudio (278)
[2019.02.18-22.36.14:062][466]LogModuleManager: Shutting down and abandoning module GameplayTagsEditor (276)
[2019.02.18-22.36.14:062][466]LogModuleManager: Shutting down and abandoning module FacialAnimationEditor (274)
[2019.02.18-22.36.14:062][466]LogModuleManager: Shutting down and abandoning module FacialAnimation (272)
[2019.02.18-22.36.14:062][466]LogModuleManager: Shutting down and abandoning module DataValidation (270)
[2019.02.18-22.36.14:062][466]LogModuleManager: Shutting down and abandoning module AssetManagerEditor (268)
[2019.02.18-22.36.14:062][466]LogModuleManager: Shutting down and abandoning module LevelEditor (267)
[2019.02.18-22.36.14:063][466]LogModuleManager: Shutting down and abandoning module PixelInspectorModule (266)
[2019.02.18-22.36.14:063][466]LogModuleManager: Shutting down and abandoning module CommonMenuExtensions (264)
[2019.02.18-22.36.14:063][466]LogModuleManager: Shutting down and abandoning module MainFrame (262)
[2019.02.18-22.36.14:063][466]LogModuleManager: Shutting down and abandoning module HotReload (261)
[2019.02.18-22.36.14:063][466]LogModuleManager: Shutting down and abandoning module ContentBrowser (257)
[2019.02.18-22.36.14:064][466]LogModuleManager: Shutting down and abandoning module TreeMap (255)
[2019.02.18-22.36.14:064][466]LogModuleManager: Shutting down and abandoning module LightPropagationVolumeRuntime (252)
[2019.02.18-22.36.14:064][466]LogModuleManager: Shutting down and abandoning module AISupportModule (250)
[2019.02.18-22.36.14:064][466]LogModuleManager: Shutting down and abandoning module Paper2D (248)
[2019.02.18-22.36.14:064][466]LogModuleManager: Shutting down and abandoning module WindowsMoviePlayer (246)
[2019.02.18-22.36.14:064][466]LogModuleManager: Shutting down and abandoning module WmfMedia (244)
[2019.02.18-22.36.14:066][466]LogModuleManager: Shutting down and abandoning module Media (243)
[2019.02.18-22.36.14:072][466]LogModuleManager: Shutting down and abandoning module PacketHandler (240)
[2019.02.18-22.36.14:072][466]LogModuleManager: Shutting down and abandoning module ClothingSystemEditor (238)
[2019.02.18-22.36.14:072][466]LogModuleManager: Shutting down and abandoning module ClothingSystemRuntime (236)
[2019.02.18-22.36.14:072][466]LogModuleManager: Shutting down and abandoning module MediaAssets (234)
[2019.02.18-22.36.14:072][466]LogModuleManager: Shutting down and abandoning module Overlay (232)
[2019.02.18-22.36.14:072][466]LogModuleManager: Shutting down and abandoning module OverlayEditor (231)
[2019.02.18-22.36.14:072][466]LogModuleManager: Shutting down and abandoning module VREditor (228)
[2019.02.18-22.36.14:072][466]LogModuleManager: Shutting down and abandoning module StringTableEditor (226)
[2019.02.18-22.36.14:072][466]LogModuleManager: Shutting down and abandoning module GameplayTasksEditor (224)
[2019.02.18-22.36.14:072][466]LogModuleManager: Shutting down and abandoning module BehaviorTreeEditor (222)
[2019.02.18-22.36.14:072][466]LogModuleManager: Shutting down and abandoning module FunctionalTesting (220)
[2019.02.18-22.36.14:072][466]LogModuleManager: Shutting down and abandoning module CollisionAnalyzer (218)
[2019.02.18-22.36.14:072][466]LogModuleManager: Shutting down and abandoning module WorkspaceMenuStructure (217)
[2019.02.18-22.36.14:072][466]LogModuleManager: Shutting down and abandoning module UMG (214)
[2019.02.18-22.36.14:072][466]LogModuleManager: Shutting down and abandoning module UMGEditor (213)
[2019.02.18-22.36.14:072][466]LogModuleManager: Shutting down and abandoning module Sequencer (212)
[2019.02.18-22.36.14:072][466]LogModuleManager: Shutting down and abandoning module MessageLog (209)
[2019.02.18-22.36.14:072][466]LogModuleManager: Shutting down and abandoning module SlateReflector (204)
[2019.02.18-22.36.14:073][466]LogModuleManager: Shutting down and abandoning module Slate (202)
[2019.02.18-22.36.14:073][466]LogModuleManager: Shutting down and abandoning module EditorStyle (200)
[2019.02.18-22.36.14:074][466]LogModuleManager: Shutting down and abandoning module MRMesh (198)
[2019.02.18-22.36.14:074][466]LogModuleManager: Shutting down and abandoning module SourceCodeAccess (196)
[2019.02.18-22.36.14:074][466]LogModuleManager: Shutting down and abandoning module HeadMountedDisplay (194)
[2019.02.18-22.36.14:074][466]LogModuleManager: Shutting down and abandoning module XAudio2 (192)
[2019.02.18-22.36.14:074][466]LogModuleManager: Shutting down and abandoning module Networking (190)
[2019.02.18-22.36.14:074][466]LogModuleManager: Shutting down and abandoning module Core (188)
[2019.02.18-22.36.14:074][466]LogModuleManager: Shutting down and abandoning module LevelSequence (186)
[2019.02.18-22.36.14:074][466]LogModuleManager: Shutting down and abandoning module KismetCompiler (184)
[2019.02.18-22.36.14:074][466]LogModuleManager: Shutting down and abandoning module MeshUtilities (182)
[2019.02.18-22.36.14:074][466]LogModuleManager: Shutting down and abandoning module MeshMergeUtilities (181)
[2019.02.18-22.36.14:074][466]LogModuleManager: Shutting down and abandoning module MeshReductionInterface (180)
[2019.02.18-22.36.14:074][466]LogModuleManager: Shutting down and abandoning module SimplygonSwarm (179)
[2019.02.18-22.36.14:074][466]LogModuleManager: Shutting down and abandoning module ProxyLODMeshReduction (177)
[2019.02.18-22.36.14:074][466]LogModuleManager: Shutting down and abandoning module SimplygonMeshReduction (175)
[2019.02.18-22.36.14:074][466]LogModuleManager: Shutting down and abandoning module QuadricMeshReduction (173)
[2019.02.18-22.36.14:074][466]LogModuleManager: Shutting down and abandoning module MaterialBaking (169)
[2019.02.18-22.36.14:074][466]LogModuleManager: Shutting down and abandoning module DirectoryWatcher (165)
[2019.02.18-22.36.14:075][466]LogModuleManager: Shutting down and abandoning module DerivedDataCache (162)
[2019.02.18-22.36.14:174][466]LogDerivedDataCache: Shutdown
[2019.02.18-22.36.14:174][466]LogModuleManager: Shutting down and abandoning module XGEController (160)
[2019.02.18-22.36.14:174][466]LogXGEController: Cleaning working directory: C:/Users/u0800347/AppData/Local/Temp/UnrealXGEWorkingDir/
[2019.02.18-22.36.14:174][466]LogModuleManager: Shutting down and abandoning module TargetPlatform (158)
[2019.02.18-22.36.14:174][466]LogModuleManager: Shutting down and abandoning module VulkanShaderFormat (157)
[2019.02.18-22.36.14:174][466]LogModuleManager: Shutting down and abandoning module ShaderFormatVectorVM (155)
[2019.02.18-22.36.14:175][466]LogModuleManager: Shutting down and abandoning module ShaderFormatOpenGL (153)
[2019.02.18-22.36.14:175][466]LogModuleManager: Shutting down and abandoning module ShaderFormatD3D (151)
[2019.02.18-22.36.14:175][466]LogModuleManager: Shutting down and abandoning module MetalShaderFormat (149)
[2019.02.18-22.36.14:175][466]LogModuleManager: Shutting down and abandoning module TextureFormatUncompressed (147)
[2019.02.18-22.36.14:175][466]LogModuleManager: Shutting down and abandoning module TextureFormatPVR (145)
[2019.02.18-22.36.14:175][466]LogModuleManager: Shutting down and abandoning module TextureFormatDXT (143)
[2019.02.18-22.36.14:175][466]LogModuleManager: Shutting down and abandoning module TextureFormatIntelISPCTexComp (141)
[2019.02.18-22.36.14:175][466]LogModuleManager: Shutting down and abandoning module TextureFormatASTC (139)
[2019.02.18-22.36.14:175][466]LogModuleManager: Shutting down and abandoning module ImageWrapper (138)
[2019.02.18-22.36.14:175][466]LogModuleManager: Shutting down and abandoning module TextureFormatAndroid (135)
[2019.02.18-22.36.14:175][466]LogModuleManager: Shutting down and abandoning module AudioFormatOpus (133)
[2019.02.18-22.36.14:175][466]LogModuleManager: Shutting down and abandoning module AudioFormatOgg (131)
[2019.02.18-22.36.14:175][466]LogModuleManager: Shutting down and abandoning module AudioFormatADPCM (129)
[2019.02.18-22.36.14:175][466]LogModuleManager: Shutting down and abandoning module LuminTargetPlatform (127)
[2019.02.18-22.36.14:175][466]LogModuleManager: Shutting down and abandoning module LinuxTargetPlatform (125)
[2019.02.18-22.36.14:175][466]LogModuleManager: Shutting down and abandoning module LinuxServerTargetPlatform (123)
[2019.02.18-22.36.14:175][466]LogModuleManager: Shutting down and abandoning module LinuxNoEditorTargetPlatform (121)
[2019.02.18-22.36.14:175][466]LogModuleManager: Shutting down and abandoning module LinuxClientTargetPlatform (119)
[2019.02.18-22.36.14:175][466]LogModuleManager: Shutting down and abandoning module TVOSTargetPlatform (117)
[2019.02.18-22.36.14:176][466]LogModuleManager: Shutting down and abandoning module Messaging (115)
[2019.02.18-22.36.14:176][466]LogModuleManager: Shutting down and abandoning module IOSTargetPlatform (113)
[2019.02.18-22.36.14:177][466]LogModuleManager: Shutting down and abandoning module HTML5TargetPlatform (111)
[2019.02.18-22.36.14:177][466]LogModuleManager: Shutting down and abandoning module AndroidTargetPlatform (109)
[2019.02.18-22.36.14:182][466]LogModuleManager: Shutting down and abandoning module WindowsTargetPlatform (107)
[2019.02.18-22.36.14:183][466]LogModuleManager: Shutting down and abandoning module WindowsServerTargetPlatform (105)
[2019.02.18-22.36.14:183][466]LogModuleManager: Shutting down and abandoning module WindowsNoEditorTargetPlatform (103)
[2019.02.18-22.36.14:183][466]LogModuleManager: Shutting down and abandoning module WindowsClientTargetPlatform (101)
[2019.02.18-22.36.14:183][466]LogModuleManager: Shutting down and abandoning module MacTargetPlatform (99)
[2019.02.18-22.36.14:183][466]LogModuleManager: Shutting down and abandoning module MacServerTargetPlatform (97)
[2019.02.18-22.36.14:183][466]LogModuleManager: Shutting down and abandoning module MacNoEditorTargetPlatform (95)
[2019.02.18-22.36.14:183][466]LogModuleManager: Shutting down and abandoning module MacClientTargetPlatform (93)
[2019.02.18-22.36.14:183][466]LogModuleManager: Shutting down and abandoning module AllDesktopTargetPlatform (91)
[2019.02.18-22.36.14:183][466]LogModuleManager: Shutting down and abandoning module InputCore (88)
[2019.02.18-22.36.14:183][466]LogModuleManager: Shutting down and abandoning module Settings (86)
[2019.02.18-22.36.14:183][466]LogModuleManager: Shutting down and abandoning module PhysXCooking (84)
[2019.02.18-22.36.14:183][466]LogModuleManager: Shutting down and abandoning module SteamVR (82)
[2019.02.18-22.36.14:183][466]LogModuleManager: Shutting down and abandoning module OculusHMD (80)
[2019.02.18-22.36.14:183][466]LogModuleManager: Shutting down and abandoning module ExampleDeviceProfileSelector (78)
[2019.02.18-22.36.14:183][466]LogModuleManager: Shutting down and abandoning module LauncherChunkInstaller (76)
[2019.02.18-22.36.14:183][466]LogModuleManager: Shutting down and abandoning module OnlineBlueprintSupport (74)
[2019.02.18-22.36.14:183][466]LogModuleManager: Shutting down and abandoning module OnlineSubsystem (70)
[2019.02.18-22.36.14:184][466]LogModuleManager: Shutting down and abandoning module XMPP (65)
[2019.02.18-22.36.14:184][466]LogModuleManager: Shutting down and abandoning module WebSockets (64)
[2019.02.18-22.36.14:198][466]LogModuleManager: Shutting down and abandoning module HTTP (61)
[2019.02.18-22.36.14:198][466]LogHttp: Display: Http module shutting down, but needs to wait on 1 outstanding Http requests:
[2019.02.18-22.36.14:198][466]LogHttp: Display: 	verb=[POST] url=[https://datarouter.ol.epicgames.com/datarouter/api/v1/public/data?SessionID=%7BC3212E6D-48E2-2E10-80B6-96AAC0AB8300%7D&AppID=UEEditor.Rocket.Release&AppVersion=4.20.3-4369336%2B%2B%2BUE4%2BRelease-4.20&UserID=18fd4c864ed3ddcafa2e108da892ba84%7C16c96479757c4167b90c86adf9dfa2e4%7C69523b5c-1881-4c06-b3b4-3df4160884ef&AppEnvironment=datacollector-binary&UploadType=eteventstream] status=Processing
[2019.02.18-22.36.14:212][466]LogModuleManager: Shutting down and abandoning module SSL (60)
[2019.02.18-22.36.14:213][466]LogModuleManager: Shutting down and abandoning module MagicLeapEmulator (56)
[2019.02.18-22.36.14:213][466]LogModuleManager: Shutting down and abandoning module MagicLeapPrivileges (54)
[2019.02.18-22.36.14:213][466]LogModuleManager: Shutting down and abandoning module MagicLeapIdentity (52)
[2019.02.18-22.36.14:213][466]LogModuleManager: Shutting down and abandoning module MagicLeapHelperVulkan (50)
[2019.02.18-22.36.14:213][466]LogModuleManager: Shutting down and abandoning module MagicLeapHelperOpenGL (48)
[2019.02.18-22.36.14:213][466]LogModuleManager: Shutting down and abandoning module MagicLeapSecureStorage (46)
[2019.02.18-22.36.14:213][466]LogModuleManager: Shutting down and abandoning module MagicLeapGestures (44)
[2019.02.18-22.36.14:213][466]LogModuleManager: Shutting down and abandoning module MagicLeapEyeTracker (42)
[2019.02.18-22.36.14:213][466]LogModuleManager: Shutting down and abandoning module MagicLeapController (40)
[2019.02.18-22.36.14:213][466]LogSlate: Slate User Destroyed.  User Index 0, Is Virtual User: 0
[2019.02.18-22.36.14:213][466]LogModuleManager: Shutting down and abandoning module MagicLeap (38)
[2019.02.18-22.36.14:213][466]LogModuleManager: Shutting down and abandoning module AnimationModifiers (36)
[2019.02.18-22.36.14:213][466]LogModuleManager: Shutting down and abandoning module PropertyEditor (35)
[2019.02.18-22.36.14:213][466]LogModuleManager: Shutting down and abandoning module AudioEditor (32)
[2019.02.18-22.36.14:213][466]LogModuleManager: Shutting down and abandoning module TextureCompressor (30)
[2019.02.18-22.36.14:213][466]LogModuleManager: Shutting down and abandoning module ShaderCore (28)
[2019.02.18-22.36.14:214][466]LogModuleManager: Shutting down and abandoning module Landscape (26)
[2019.02.18-22.36.14:214][466]LogModuleManager: Shutting down and abandoning module SlateRHIRenderer (24)
[2019.02.18-22.36.14:214][466]LogModuleManager: Shutting down and abandoning module OpenGLDrv (22)
[2019.02.18-22.36.14:214][466]LogModuleManager: Shutting down and abandoning module D3D11RHI (20)
[2019.02.18-22.36.14:214][466]LogModuleManager: Shutting down and abandoning module AnimGraphRuntime (18)
[2019.02.18-22.36.14:214][466]LogModuleManager: Shutting down and abandoning module Renderer (16)
[2019.02.18-22.36.14:214][466]LogModuleManager: Shutting down and abandoning module Engine (14)
[2019.02.18-22.36.14:214][466]LogModuleManager: Shutting down and abandoning module CoreUObject (12)
[2019.02.18-22.36.14:214][466]LogModuleManager: Shutting down and abandoning module NetworkFile (10)
[2019.02.18-22.36.14:214][466]LogModuleManager: Shutting down and abandoning module CookedIterativeFile (8)
[2019.02.18-22.36.14:214][466]LogModuleManager: Shutting down and abandoning module StreamingFile (6)
[2019.02.18-22.36.14:214][466]LogModuleManager: Shutting down and abandoning module SandboxFile (4)
[2019.02.18-22.36.14:214][466]LogModuleManager: Shutting down and abandoning module PakFile (2)
[2019.02.18-22.36.14:220][466]LogExit: Exiting.
[2019.02.18-22.36.14:227][466]Log file closed, 02/18/19 15:36:14
