Log file open, 09/16/18 15:20:34
LogWindows: Failed to load 'aqProf.dll' (GetLastError=126)
LogWindows: File 'aqProf.dll' does not exist
LogWindows: Failed to load 'VtuneApi.dll' (GetLastError=126)
LogWindows: File 'VtuneApi.dll' does not exist
LogWindows: Failed to load 'VtuneApi32e.dll' (GetLastError=126)
LogWindows: File 'VtuneApi32e.dll' does not exist
LogInit: Display: Running engine for game: Mansion
LogPlatformFile: Not using cached read wrapper
LogTaskGraph: Started task graph with 5 named threads and 23 total threads with 3 sets of task threads.
LogStats: Stats thread started at 0.249918
LogD3D11RHI: Loaded GFSDK_Aftermath_Lib.x64.dll
LogICUInternationalization: Display: ICU TimeZone Detection - Raw Offset: -7:00, Platform Override: ''
LogPluginManager: Mounting plugin Paper2D
LogPluginManager: Mounting plugin AISupport
LogPluginManager: Mounting plugin LightPropagationVolume
LogPluginManager: Mounting plugin CLionSourceCodeAccess
LogPluginManager: Mounting plugin CodeLiteSourceCodeAccess
LogPluginManager: Mounting plugin GitSourceControl
LogPluginManager: Mounting plugin KDevelopSourceCodeAccess
LogPluginManager: Mounting plugin NullSourceCodeAccess
LogPluginManager: Mounting plugin PerforceSourceControl
LogPluginManager: Mounting plugin SubversionSourceControl
LogPluginManager: Mounting plugin UObjectPlugin
LogPluginManager: Mounting plugin VisualStudioCodeSourceCodeAccess
LogPluginManager: Mounting plugin VisualStudioSourceCodeAccess
LogPluginManager: Mounting plugin XCodeSourceCodeAccess
LogPluginManager: Mounting plugin AssetManagerEditor
LogPluginManager: Mounting plugin CryptoKeys
LogPluginManager: Mounting plugin DataValidation
LogPluginManager: Mounting plugin FacialAnimation
LogPluginManager: Mounting plugin GameplayTagsEditor
LogPluginManager: Mounting plugin MacGraphicsSwitching
LogPluginManager: Mounting plugin MeshEditor
LogPluginManager: Mounting plugin MobileLauncherProfileWizard
LogPluginManager: Mounting plugin PluginBrowser
LogPluginManager: Mounting plugin SpeedTreeImporter
LogPluginManager: Mounting plugin DatasmithContent
LogPluginManager: Mounting plugin AlembicImporter
LogPluginManager: Mounting plugin AppleImageUtils
LogPluginManager: Mounting plugin AppleVision
LogPluginManager: Mounting plugin BackChannel
LogPluginManager: Mounting plugin CharacterAI
LogPluginManager: Mounting plugin GeometryCache
LogPluginManager: Mounting plugin HTML5Networking
LogPluginManager: Mounting plugin ProxyLODPlugin
LogPluginManager: Mounting plugin MagicLeap
LogPluginManager: Mounting plugin MagicLeapEmulator
LogPluginManager: Mounting plugin MagicLeapMedia
LogPluginManager: Mounting plugin AndroidMedia
LogPluginManager: Mounting plugin AvfMedia
LogPluginManager: Mounting plugin ImgMedia
LogPluginManager: Mounting plugin LinearTimecode
LogPluginManager: Mounting plugin MediaCompositing
LogPluginManager: Mounting plugin MediaPlayerEditor
LogPluginManager: Mounting plugin WmfMedia
LogPluginManager: Mounting plugin TcpMessaging
LogPluginManager: Mounting plugin UdpMessaging
LogPluginManager: Mounting plugin ActorSequence
LogPluginManager: Mounting plugin LevelSequenceEditor
LogPluginManager: Mounting plugin MatineeToLevelSequence
LogPluginManager: Mounting plugin NetcodeUnitTest
LogPluginManager: Mounting plugin NUTUnrealEngine4
LogPluginManager: Mounting plugin OnlineSubsystemGooglePlay
LogPluginManager: Mounting plugin OnlineSubsystemIOS
LogPluginManager: Mounting plugin OnlineSubsystem
LogPluginManager: Mounting plugin OnlineSubsystemNull
LogPluginManager: Mounting plugin OnlineSubsystemUtils
LogPluginManager: Mounting plugin LauncherChunkInstaller
LogPluginManager: Mounting plugin AndroidDeviceProfileSelector
LogPluginManager: Mounting plugin AndroidMoviePlayer
LogPluginManager: Mounting plugin AndroidPermission
LogPluginManager: Mounting plugin AppleMoviePlayer
LogPluginManager: Mounting plugin ArchVisCharacter
LogPluginManager: Mounting plugin AudioCapture
LogPluginManager: Mounting plugin CableComponent
LogPluginManager: Mounting plugin CustomMeshComponent
LogPluginManager: Mounting plugin EditableMesh
LogPluginManager: Mounting plugin ExampleDeviceProfileSelector
LogPluginManager: Mounting plugin GoogleCloudMessaging
LogPluginManager: Mounting plugin ImmediatePhysics
LogPluginManager: Mounting plugin IOSDeviceProfileSelector
LogPluginManager: Mounting plugin LinuxDeviceProfileSelector
LogPluginManager: Mounting plugin LocationServicesBPLibrary
LogPluginManager: Mounting plugin MobilePatchingUtils
LogPluginManager: Mounting plugin OculusVR
LogPluginManager: Plugin shader directory ../../../Engine/Plugins/Runtime/Oculus/OculusVR/Shaders found
LogPluginManager: Mapping shader source directory ../../../Engine/Plugins/Runtime/Oculus/OculusVR/Shaders to virtual directory /Plugin/OculusVR
LogPluginManager: Mounting plugin PhysXVehicles
LogPluginManager: Mounting plugin ProceduralMeshComponent
LogPluginManager: Mounting plugin RuntimePhysXCooking
LogPluginManager: Mounting plugin SteamVR
LogPluginManager: Mounting plugin WindowsMoviePlayer
LogStreaming: Display: Took  0.064s to configure plugins.
LogInit: Using libcurl 7.55.1-DEV
LogInit:  - built for x86_64-pc-win32
LogInit:  - supports SSL with OpenSSL/1.0.2h
LogInit:  - supports HTTP deflate (compression) using libz 1.2.8
LogInit:  - other features:
LogInit:      CURL_VERSION_SSL
LogInit:      CURL_VERSION_LIBZ
LogInit:      CURL_VERSION_IPV6
LogInit:      CURL_VERSION_ASYNCHDNS
LogInit:      CURL_VERSION_LARGEFILE
LogInit:      CURL_VERSION_IDN
LogInit:  CurlRequestOptions (configurable via config and command line):
LogInit:  - bVerifyPeer = false  - Libcurl will NOT verify peer certificate
LogInit:  - bUseHttpProxy = false  - Libcurl will NOT use HTTP proxy
LogInit:  - bDontReuseConnections = false  - Libcurl will reuse connections
LogInit:  - CertBundlePath = nullptr  - Libcurl will use whatever was configured at build time.
LogInit:  - MaxHostConnections = 16  - Libcurl will limit the number of connections to a host
LogInit:  - LocalHostAddr = Default
LogInit:  - BufferSize = 65536
LogInit: WinSock: version 1.1 (2.2), MaxSocks=32767, MaxUdp=65467
LogInit: Build: ++UE4+Release-4.20-CL-4302132
LogInit: Engine Version: 4.20.2-4302132+++UE4+Release-4.20
LogInit: Compatible Engine Version: 4.20.0-4212847+++UE4+Release-4.20
LogInit: Net CL: 4212847
LogInit: OS: Windows 7 (Service Pack 1), CPU: Intel(R) Core(TM) i7-4790 CPU @ 3.60GHz, GPU: NVIDIA GeForce GTX 760
LogInit: Compiled (64-bit): Aug 21 2018 02:06:06
LogInit: Compiled with Visual C++: 19.13.26129.00
LogInit: Build Configuration: Development
LogInit: Branch Name: ++UE4+Release-4.20
LogInit: Command Line:  
LogInit: Base Directory: C:/Program Files/Epic Games/UE_4.20/Engine/Binaries/Win64/
LogInit: Installed Engine Build: 1
LogDevObjectVersion: Number of dev versions registered: 20
LogDevObjectVersion:   Dev-Blueprints (B0D832E4-1F89-4F0D-ACCF-7EB736FD4AA2): 10
LogDevObjectVersion:   Dev-Build (E1C64328-A22C-4D53-A36C-8E866417BD8C): 0
LogDevObjectVersion:   Dev-Core (375EC13C-06E4-48FB-B500-84F0262A717E): 2
LogDevObjectVersion:   Dev-Editor (E4B068ED-F494-42E9-A231-DA0B2E46BB41): 24
LogDevObjectVersion:   Dev-Framework (CFFC743F-43B0-4480-9391-14DF171D2073): 34
LogDevObjectVersion:   Dev-Mobile (B02B49B5-BB20-44E9-A304-32B752E40360): 2
LogDevObjectVersion:   Dev-Networking (A4E4105C-59A1-49B5-A7C5-40C4547EDFEE): 0
LogDevObjectVersion:   Dev-Online (39C831C9-5AE6-47DC-9A44-9C173E1C8E7C): 0
LogDevObjectVersion:   Dev-Physics (78F01B33-EBEA-4F98-B9B4-84EACCB95AA2): 0
LogDevObjectVersion:   Dev-Platform (6631380F-2D4D-43E0-8009-CF276956A95A): 0
LogDevObjectVersion:   Dev-Rendering (12F88B9F-8875-4AFC-A67C-D90C383ABD29): 26
LogDevObjectVersion:   Dev-Sequencer (7B5AE74C-D270-4C10-A958-57980B212A5A): 9
LogDevObjectVersion:   Dev-VR (D7296918-1DD6-4BDD-9DE2-64A83CC13884): 2
LogDevObjectVersion:   Dev-LoadTimes (C2A15278-BFE7-4AFE-6C17-90FF531DF755): 1
LogDevObjectVersion:   Private-Geometry (6EACA3D4-40EC-4CC1-B786-8BED09428FC5): 3
LogDevObjectVersion:   Dev-AnimPhys (29E575DD-E0A3-4627-9D10-D276232CDCEA): 17
LogDevObjectVersion:   Dev-ReflectionCapture (6B266CEC-1EC7-4B8F-A30B-E4D90942FC07): 1
LogDevObjectVersion:   Dev-Automation (0DF73D61-A23F-47EA-B727-89E90C41499A): 1
LogDevObjectVersion:   FortniteMain (601D1886-AC64-4F84-AA16-D3DE0DEAC7D6): 12
LogDevObjectVersion:   Dev-Enterprise (9DFFBCD6-494F-0158-E221-12823C92A888): 1
LogStreaming: Display: Took  0.000s to delete old logs.
LogInit: Presizing for max 8388607 objects, including 0 objects not considered by GC, pre-allocating 0 bytes for permanent pool.
LogInit: Object subsystem initialized
[2018.09.16-21.20.34:479][  0]LogInit: Selected Device Profile: [Windows]
[2018.09.16-21.20.34:479][  0]LogInit: Applying CVar settings loaded from the selected device profile: [Windows]
[2018.09.16-21.20.34:486][  0]LogHAL: Display: Platform has ~ 16 GB [17056772096 / 17179869184 / 16], which maps to Larger [LargestMinGB=32, LargerMinGB=12, DefaultMinGB=8, SmallerMinGB=6, SmallestMinGB=0)
[2018.09.16-21.20.34:486][  0]LogInit: Setting Device Profile CVar: [[r.Vulkan.UseRealUBs:1]]
[2018.09.16-21.20.34:486][  0]LogInit: Going up to parent DeviceProfile []
[2018.09.16-21.20.34:486][  0]LogInit: Computer: NATE-PC
[2018.09.16-21.20.34:486][  0]LogInit: User: Nate
[2018.09.16-21.20.34:486][  0]LogInit: CPU Page size=4096, Cores=4
[2018.09.16-21.20.34:486][  0]LogInit: High frequency timer resolution =3.515644 MHz
[2018.09.16-21.20.34:487][  0]LogMemory: Memory total: Physical=15.9GB (16GB approx)
[2018.09.16-21.20.34:487][  0]LogMemory: Platform Memory Stats for Windows
[2018.09.16-21.20.34:487][  0]LogMemory: Process Physical Memory: 102.38 MB used, 102.38 MB peak
[2018.09.16-21.20.34:487][  0]LogMemory: Process Virtual Memory: 94.45 MB used, 94.45 MB peak
[2018.09.16-21.20.34:487][  0]LogMemory: Physical Memory: 4155.49 MB used,  12111.12 MB free, 16266.61 MB total
[2018.09.16-21.20.34:487][  0]LogMemory: Virtual Memory: 491.23 MB used,  12111.12 MB free, 8388608.00 MB total
[2018.09.16-21.20.34:509][  0]LogInit: Using OS detected language (en-US).
[2018.09.16-21.20.34:509][  0]LogInit: Using OS detected locale (en-US).
[2018.09.16-21.20.34:509][  0]LogTextLocalizationManager: No specific localization for 'en-US' exists, so the 'en' localization will be used.
[2018.09.16-21.20.34:871][  0]LogStreaming: Display: Took  0.362s to InitEngineTextLocalization.
[2018.09.16-21.20.34:871][  0]LogWindows: Failed to load 'shcore.dll' (GetLastError=126)
[2018.09.16-21.20.34:871][  0]LogWindows: File 'shcore.dll' does not exist
[2018.09.16-21.20.34:871][  0]LogInit: Setting process to DPI aware
[2018.09.16-21.20.34:892][  0]LogSlate: New Slate User Created.  User Index 0, Is Virtual User: 0
[2018.09.16-21.20.34:892][  0]LogSlate: Slate User Registered.  User Index 0, Is Virtual User: 0
[2018.09.16-21.20.35:024][  0]LogHMD: Failed to initialize OpenVR with code 110
[2018.09.16-21.20.35:024][  0]LogD3D11RHI: D3D11 adapters:
[2018.09.16-21.20.35:057][  0]LogD3D11RHI:    0. 'NVIDIA GeForce GTX 760' (Feature Level 11_0)
[2018.09.16-21.20.35:057][  0]LogD3D11RHI:       1979/0/7877 MB DedicatedVideo/DedicatedSystem/SharedSystem, Outputs:1, VendorId:0x10de
[2018.09.16-21.20.35:063][  0]LogD3D11RHI:    1. 'Intel(R) HD Graphics 4600' (Feature Level 11_0)
[2018.09.16-21.20.35:063][  0]LogD3D11RHI:       192/0/1632 MB DedicatedVideo/DedicatedSystem/SharedSystem, Outputs:1, VendorId:0x8086
[2018.09.16-21.20.35:063][  0]LogD3D11RHI: Chosen D3D11 Adapter: 0
[2018.09.16-21.20.35:069][  0]LogD3D11RHI: Creating new Direct3DDevice
[2018.09.16-21.20.35:070][  0]LogD3D11RHI:     GPU DeviceId: 0x1187 (for the marketing name, search the web for "GPU Device Id")
[2018.09.16-21.20.35:070][  0]LogWindows: EnumDisplayDevices:
[2018.09.16-21.20.35:070][  0]LogWindows:    0. 'NVIDIA GeForce GTX 760' (P:1 D:1)
[2018.09.16-21.20.35:070][  0]LogWindows:    1. 'NVIDIA GeForce GTX 760' (P:0 D:0)
[2018.09.16-21.20.35:070][  0]LogWindows:    2. 'NVIDIA GeForce GTX 760' (P:0 D:0)
[2018.09.16-21.20.35:070][  0]LogWindows:    3. 'NVIDIA GeForce GTX 760' (P:0 D:0)
[2018.09.16-21.20.35:070][  0]LogWindows:    4. 'Intel(R) HD Graphics 4600' (P:0 D:1)
[2018.09.16-21.20.35:070][  0]LogWindows:    5. 'Intel(R) HD Graphics 4600' (P:0 D:0)
[2018.09.16-21.20.35:070][  0]LogWindows:    6. 'Intel(R) HD Graphics 4600' (P:0 D:0)
[2018.09.16-21.20.35:070][  0]LogWindows:    7. 'RDPDD Chained DD' (P:0 D:0)
[2018.09.16-21.20.35:071][  0]LogWindows:    8. 'RDP Encoder Mirror Driver' (P:0 D:0)
[2018.09.16-21.20.35:071][  0]LogWindows:    9. 'RDP Reflector Display Driver' (P:0 D:0)
[2018.09.16-21.20.35:071][  0]LogWindows: DebugString: PrimaryIsNotTheChoosenAdapter PrimaryIsNotTheChoosenAdapter PrimaryIsNotTheChoosenAdapter GetVideoDriverDetailsInvalid PrimaryIsNotTheChoosenAdapter GetVideoDriverDetailsInvalid PrimaryIsNotTheChoosenAdapter GetVideoDriverDetailsInvalid PrimaryIsNotTheChoosenAdapter FoundDriverCount:4 
[2018.09.16-21.20.35:071][  0]LogD3D11RHI:     Adapter Name: NVIDIA GeForce GTX 760
[2018.09.16-21.20.35:071][  0]LogD3D11RHI:   Driver Version: 398.36 (internal:24.21.13.9836, unified:398.36)
[2018.09.16-21.20.35:071][  0]LogD3D11RHI:      Driver Date: 6-24-2018
[2018.09.16-21.20.35:071][  0]LogRHI: Texture pool is 1385 MB (70% of 1979 MB)
[2018.09.16-21.20.35:086][  0]LogD3D11RHI: Async texture creation enabled
[2018.09.16-21.20.35:100][  0]LogD3D11RHI: GPU Timing Frequency: 1000.000000 (Debug: 2 2)
[2018.09.16-21.20.35:148][  0]LogShaderCompilers: Guid format shader working directory is -28 characters bigger than the processId version (../../../../../../Users/Nate/Documents/GitHub/Mansion_Environment/Mansion/Intermediate/Shaders/WorkingDirectory/9464/).
[2018.09.16-21.20.35:148][  0]LogShaderCompilers: Cleaned the shader compiler working directory 'C:/Users/Nate/AppData/Local/Temp/UnrealShaderWorkingDir/3D2A60504EE16746EE4C13B1DE197FC3/'.
[2018.09.16-21.20.35:354][  0]LogTemp: Display: Loaded TP AllDesktopTargetPlatform
[2018.09.16-21.20.35:365][  0]LogTemp: Display: Loaded TP MacClientTargetPlatform
[2018.09.16-21.20.35:377][  0]LogTemp: Display: Loaded TP MacNoEditorTargetPlatform
[2018.09.16-21.20.35:389][  0]LogTemp: Display: Loaded TP MacServerTargetPlatform
[2018.09.16-21.20.35:401][  0]LogTemp: Display: Loaded TP MacTargetPlatform
[2018.09.16-21.20.35:412][  0]LogTemp: Display: Loaded TP WindowsClientTargetPlatform
[2018.09.16-21.20.35:424][  0]LogTemp: Display: Loaded TP WindowsNoEditorTargetPlatform
[2018.09.16-21.20.35:436][  0]LogTemp: Display: Loaded TP WindowsServerTargetPlatform
[2018.09.16-21.20.35:441][  0]LogTemp: Display: Loaded TP WindowsTargetPlatform
[2018.09.16-21.20.35:518][  0]LogTemp: Display: Loaded TP AndroidTargetPlatform
[2018.09.16-21.20.35:518][  0]LogTemp: Display: Loaded TP AndroidTargetPlatform
[2018.09.16-21.20.35:518][  0]LogTemp: Display: Loaded TP AndroidTargetPlatform
[2018.09.16-21.20.35:518][  0]LogTemp: Display: Loaded TP AndroidTargetPlatform
[2018.09.16-21.20.35:518][  0]LogTemp: Display: Loaded TP AndroidTargetPlatform
[2018.09.16-21.20.35:518][  0]LogTemp: Display: Loaded TP AndroidTargetPlatform
[2018.09.16-21.20.35:518][  0]LogTemp: Display: Loaded TP AndroidTargetPlatform
[2018.09.16-21.20.35:518][  0]LogTemp: Display: Loaded TP AndroidTargetPlatform
[2018.09.16-21.20.35:518][  0]LogTemp: Display: Loaded TP AndroidTargetPlatform
[2018.09.16-21.20.35:518][  0]LogTemp: Display: Loaded TP AndroidTargetPlatform
[2018.09.16-21.20.35:518][  0]LogTemp: Display: Loaded TP AndroidTargetPlatform
[2018.09.16-21.20.35:518][  0]LogTemp: Display: Loaded TP AndroidTargetPlatform
[2018.09.16-21.20.35:518][  0]LogTemp: Display: Loaded TP AndroidTargetPlatform
[2018.09.16-21.20.35:519][  0]LogTemp: Display: Loaded TP AndroidTargetPlatform
[2018.09.16-21.20.35:519][  0]LogTemp: Display: Loaded TP AndroidTargetPlatform
[2018.09.16-21.20.35:519][  0]LogTemp: Display: Loaded TP AndroidTargetPlatform
[2018.09.16-21.20.35:519][  0]LogTemp: Display: Loaded TP AndroidTargetPlatform
[2018.09.16-21.20.35:519][  0]LogTemp: Display: Loaded TP AndroidTargetPlatform
[2018.09.16-21.20.35:519][  0]LogTemp: Display: Loaded TP HTML5TargetPlatform
[2018.09.16-21.20.35:574][  0]LogTemp: Display: Loaded TP IOSTargetPlatform
[2018.09.16-21.20.35:574][  0]LogTemp: Display: Loaded TP IOSTargetPlatform
[2018.09.16-21.20.35:596][  0]LogTemp: Display: Loaded TP TVOSTargetPlatform
[2018.09.16-21.20.35:596][  0]LogTemp: Display: Loaded TP TVOSTargetPlatform
[2018.09.16-21.20.35:607][  0]LogTemp: Display: Loaded TP LinuxClientTargetPlatform
[2018.09.16-21.20.35:618][  0]LogTemp: Display: Loaded TP LinuxNoEditorTargetPlatform
[2018.09.16-21.20.35:629][  0]LogTemp: Display: Loaded TP LinuxServerTargetPlatform
[2018.09.16-21.20.35:644][  0]LogTemp: Display: Loaded TP LinuxTargetPlatform
[2018.09.16-21.20.35:653][  0]LogTemp: Display: Loaded TP LuminTargetPlatform
[2018.09.16-21.20.35:653][  0]LogTargetPlatformManager: Display: Building Assets For Windows
[2018.09.16-21.20.35:695][  0]LogXGEController: Cleaning working directory: C:/Users/Nate/AppData/Local/Temp/UnrealXGEWorkingDir/
[2018.09.16-21.20.35:695][  0]LogXGEController: Cannot use XGE Controller as Incredibuild is not installed on this machine.
[2018.09.16-21.20.35:695][  0]LogShaderCompilers: Cannot use XGE Shader Compiler as Incredibuild is not installed on this machine.
[2018.09.16-21.20.35:695][  0]LogShaderCompilers: Display: Using Local Shader Compiler.
[2018.09.16-21.20.36:377][  0]LogDerivedDataCache: Display: Max Cache Size: 512 MB
[2018.09.16-21.20.36:456][  0]LogDerivedDataCache: Loaded boot cache 0.08s 71MB C:/Users/Nate/AppData/Local/UnrealEngine/4.20/DerivedDataCache/Boot.ddc.
[2018.09.16-21.20.36:456][  0]LogDerivedDataCache: Display: Loaded Boot cache: C:/Users/Nate/AppData/Local/UnrealEngine/4.20/DerivedDataCache/Boot.ddc
[2018.09.16-21.20.36:456][  0]LogDerivedDataCache: FDerivedDataBackendGraph:  Pak pak cache file ../../../../../../Users/Nate/Documents/GitHub/Mansion_Environment/Mansion/DerivedDataCache/DDC.ddp not found, will not use a pak cache.
[2018.09.16-21.20.36:456][  0]LogDerivedDataCache: Unable to find inner node Pak for hierarchical cache Hierarchy.
[2018.09.16-21.20.36:457][  0]LogDerivedDataCache: FDerivedDataBackendGraph:  CompressedPak pak cache file ../../../../../../Users/Nate/Documents/GitHub/Mansion_Environment/Mansion/DerivedDataCache/Compressed.ddp not found, will not use a pak cache.
[2018.09.16-21.20.36:457][  0]LogDerivedDataCache: Unable to find inner node CompressedPak for hierarchical cache Hierarchy.
[2018.09.16-21.20.36:472][  0]LogDerivedDataCache: Display: Pak cache opened for reading ../../../Engine/DerivedDataCache/Compressed.ddp.
[2018.09.16-21.20.36:483][  0]LogDerivedDataCache: Using Local data cache path C:/Users/Nate/AppData/Local/UnrealEngine/Common/DerivedDataCache: Writable
[2018.09.16-21.20.36:483][  0]LogDerivedDataCache: Shared data cache path not found in *engine.ini, will not use an Shared cache.
[2018.09.16-21.20.36:483][  0]LogDerivedDataCache: Unable to find inner node Shared for hierarchical cache Hierarchy.
[2018.09.16-21.20.36:502][  0]LogMaterial: Verifying Global Shaders for PCD3D_SM5
[2018.09.16-21.20.36:503][  0]LogSlate: Using FreeType 2.6.0
[2018.09.16-21.20.36:503][  0]LogSlate: SlateFontServices - WITH_FREETYPE: 1, WITH_HARFBUZZ: 1
[2018.09.16-21.20.36:568][  0]LogAssetRegistry: FAssetRegistry took 0.0240 seconds to start up
[2018.09.16-21.20.36:869][  0]LogInit: Selected Device Profile: [Windows]
[2018.09.16-21.20.36:983][  0]LogSimplygon: Simplygon DLL not present - disabling.
[2018.09.16-21.20.36:985][  0]LogMeshReduction: Using SimplygonSwarm for distributed automatic mesh merging
[2018.09.16-21.20.36:985][  0]LogMeshReduction: Using ProxyLODMeshReduction for automatic mesh merging
[2018.09.16-21.20.36:985][  0]LogMeshReduction: Using QuadricMeshReduction for automatic static mesh reduction
[2018.09.16-21.20.36:985][  0]LogMeshReduction: No automatic skeletal mesh reduction module available
[2018.09.16-21.20.37:005][  0]LogNetVersion: Mansion 1.0.0, NetCL: 4212847, EngineNetVer: 5, GameNetVer: 0 (Checksum: 1776648947)
[2018.09.16-21.20.37:461][  0]LogPackageLocalizationCache: Processed 11 localized package path(s) for 2 prioritized culture(s) in 0.071915 seconds
[2018.09.16-21.20.37:468][  0]LogUObjectArray: 38425 objects as part of root set at end of initial load.
[2018.09.16-21.20.37:468][  0]LogUObjectAllocator: 6690864 out of 0 bytes used by permanent object pool.
[2018.09.16-21.20.37:468][  0]LogUObjectArray: CloseDisregardForGC: 0/0 objects in disregard for GC pool
[2018.09.16-21.20.38:164][  0]LogTcpMessaging: Initializing TcpMessaging bridge
[2018.09.16-21.20.38:177][  0]LogUdpMessaging: Initializing bridge on interface 0.0.0.0:0 to multicast group 230.0.0.1:6666.
[2018.09.16-21.20.38:307][  0]SourceControl: Source control is disabled
[2018.09.16-21.20.38:307][  0]SourceControl: Source control is disabled
[2018.09.16-21.20.38:308][  0]SourceControl: Source control is disabled
[2018.09.16-21.20.38:309][  0]SourceControl: Source control is disabled
[2018.09.16-21.20.38:453][  0]LogAndroidPermission: UAndroidPermissionCallbackProxy::GetInstance
[2018.09.16-21.20.38:504][  0]LogOcInput: OculusInput pre-init called
[2018.09.16-21.20.38:564][  0]LogEngine: Initializing Engine...
[2018.09.16-21.20.38:565][  0]LogHMD: Failed to initialize OpenVR with code 110
[2018.09.16-21.20.38:566][  0]LogStats: UGameplayTagsManager::ConstructGameplayTagTree: ImportINI prefixes -  0.000 s
[2018.09.16-21.20.38:566][  0]LogStats: UGameplayTagsManager::ConstructGameplayTagTree: Construct from data asset -  0.000 s
[2018.09.16-21.20.38:566][  0]LogStats: UGameplayTagsManager::ConstructGameplayTagTree: ImportINI -  0.000 s
[2018.09.16-21.20.38:566][  0]LogStats: UGameplayTagsManager::ConstructGameplayTagTree: GameplayTagTreeChangedEvent.Broadcast -  0.000 s
[2018.09.16-21.20.38:838][  0]LogInit: Initializing FReadOnlyCVARCache
[2018.09.16-21.20.38:862][  0]LogAIModule: Creating AISystem for world Untitled
[2018.09.16-21.20.38:881][  0]LogInit: XAudio2 using 'VS248 (NVIDIA High Definition Audio)' : 2 channels at 48 kHz using 16 bits per sample (channel mask 0x3)
[2018.09.16-21.20.38:892][  0]LogInit: FAudioDevice initialized.
[2018.09.16-21.20.38:892][  0]LogNetVersion: Set ProjectVersion to 1.0.0.0. Version Checksum will be recalculated on next use.
[2018.09.16-21.20.38:983][  0]LogDerivedDataCache: Saved boot cache 0.09s 71MB C:/Users/Nate/AppData/Local/UnrealEngine/4.20/DerivedDataCache/Boot.ddc.
[2018.09.16-21.20.38:995][  0]LogInit: Texture streaming: Enabled
[2018.09.16-21.20.39:010][  0]LogEngineSessionManager: EngineSessionManager initialized
[2018.09.16-21.20.39:017][  0]LogInit: Transaction tracking system initialized
[2018.09.16-21.20.39:035][  0]BlueprintLog: New page: Editor Load
[2018.09.16-21.20.39:111][  0]LocalizationService: Localization service is disabled
[2018.09.16-21.20.39:373][  0]LogCook: Display: Max memory allowance for cook 16384mb min free memory 0mb
[2018.09.16-21.20.39:373][  0]LogCook: Display: Mobile HDR setting 1
[2018.09.16-21.20.39:373][  0]LogGameplayTags: Display: UGameplayTagsManager::DoneAddingNativeTags. DelegateIsBound: 0
[2018.09.16-21.20.39:373][  0]LogStats: UGameplayTagsManager::ConstructGameplayTagTree: ImportINI prefixes -  0.000 s
[2018.09.16-21.20.39:373][  0]LogStats: UGameplayTagsManager::ConstructGameplayTagTree: Construct from data asset -  0.000 s
[2018.09.16-21.20.39:373][  0]LogStats: UGameplayTagsManager::ConstructGameplayTagTree: ImportINI -  0.000 s
[2018.09.16-21.20.39:373][  0]LogStats: UGameplayTagsManager::ConstructGameplayTagTree: GameplayTagTreeChangedEvent.Broadcast -  0.000 s
[2018.09.16-21.20.39:478][  0]LogFileCache: Scanning file cache for directory 'C:/Users/Nate/Documents/GitHub/Mansion_Environment/Mansion/Content/' took 0.01s
[2018.09.16-21.20.39:478][  0]SourceControl: Source control is disabled
[2018.09.16-21.20.39:478][  0]Cmd: MAP LOAD FILE="../../../../../../Users/Nate/Documents/GitHub/Mansion_Environment/Mansion/Content/StarterContent/Maps/Minimal_Default.umap" TEMPLATE=0 SHOWPROGRESS=1 FEATURELEVEL=3
[2018.09.16-21.20.39:479][  0]LightingResults: New page: Lighting Build
[2018.09.16-21.20.39:481][  0]MapCheck: New page: Map Check
[2018.09.16-21.20.39:481][  0]LightingResults: New page: Lighting Build
[2018.09.16-21.20.39:726][  0]LogAIModule: Creating AISystem for world Minimal_Default
[2018.09.16-21.20.39:733][  0]LogEditorServer: Finished looking for orphan Actors (0.000 secs)
[2018.09.16-21.20.39:754][  0]Cmd: MAP CHECKDEP NOCLEARLOG
[2018.09.16-21.20.39:791][  0]MapCheck: Map check complete: 0 Error(s), 0 Warning(s), took 36.478ms to complete.
[2018.09.16-21.20.39:791][  0]LogFileHelpers: Loading map 'Minimal_Default' took 0.313
[2018.09.16-21.20.39:876][  0]LogSlate: Updating window title bar state: overlay mode, drag disabled, window buttons hidden, title bar hidden
[2018.09.16-21.20.39:884][  0]LogSlate: Updating window title bar state: overlay mode, drag disabled, window buttons hidden, title bar hidden
[2018.09.16-21.20.39:890][  0]LogSlate: Updating window title bar state: overlay mode, drag disabled, window buttons hidden, title bar hidden
[2018.09.16-21.20.39:897][  0]LogSlate: Updating window title bar state: overlay mode, drag disabled, window buttons hidden, title bar hidden
[2018.09.16-21.20.39:902][  0]LogCollectionManager: Loaded 0 collections in 0.001072 seconds
[2018.09.16-21.20.39:942][  0]LogFileCache: Scanning file cache for directory 'C:/Users/Nate/Documents/GitHub/Mansion_Environment/Mansion/Saved/Collections/' took 0.01s
[2018.09.16-21.20.39:942][  0]LogFileCache: Scanning file cache for directory 'C:/Users/Nate/Documents/GitHub/Mansion_Environment/Mansion/Content/Developers/Nate/Collections/' took 0.01s
[2018.09.16-21.20.39:942][  0]LogFileCache: Scanning file cache for directory 'C:/Users/Nate/Documents/GitHub/Mansion_Environment/Mansion/Content/Collections/' took 0.01s
[2018.09.16-21.20.39:942][  0]LogCollectionManager: Rebuilt the GUID cache for 0 collections in 0.000000 seconds
[2018.09.16-21.20.39:950][  0]LogContentBrowser: Native class hierarchy populated in 0.0087 seconds. Added 2572 classes and 603 folders.
[2018.09.16-21.20.39:956][  0]LogContentBrowser: Native class hierarchy updated for 'WidgetCarousel' in 0.0003 seconds. Added 0 classes and 0 folders.
[2018.09.16-21.20.39:987][  0]LogContentBrowser: Native class hierarchy updated for 'AddContentDialog' in 0.0002 seconds. Added 0 classes and 0 folders.
[2018.09.16-21.20.39:991][  0]LogContentBrowser: Native class hierarchy updated for 'SceneOutliner' in 0.0003 seconds. Added 1 classes and 2 folders.
[2018.09.16-21.20.40:093][  0]LogSlate: Updating window title bar state: overlay mode, drag disabled, window buttons hidden, title bar hidden
[2018.09.16-21.20.40:099][  0]LogSlate: Updating window title bar state: overlay mode, drag disabled, window buttons hidden, title bar hidden
[2018.09.16-21.20.40:108][  0]LogSlate: Updating window title bar state: overlay mode, drag disabled, window buttons hidden, title bar hidden
[2018.09.16-21.20.40:121][  0]LogSlate: Updating window title bar state: overlay mode, drag disabled, window buttons hidden, title bar hidden
[2018.09.16-21.20.40:130][  0]LogSlate: Took 0.000197 seconds to synchronously load lazily loaded font '../../../Engine/Content/Slate/Fonts/Roboto-Regular.ttf' (155K)
[2018.09.16-21.20.40:132][  0]LogSlate: Took 0.000151 seconds to synchronously load lazily loaded font '../../../Engine/Content/Slate/Fonts/Roboto-Bold.ttf' (160K)
[2018.09.16-21.20.40:139][  0]LogSlate: Took 0.000333 seconds to synchronously load lazily loaded font '../../../Engine/Content/Editor/Slate/Fonts/FontAwesome.ttf' (139K)
[2018.09.16-21.20.40:199][  0]LogRenderer: Reallocating scene render targets to support 1056x580 Format 9 NumSamples 1 (Frame:1).
[2018.09.16-21.20.40:256][  0]LogSlate: Took 0.000364 seconds to synchronously load lazily loaded font '../../../Engine/Content/Slate/Fonts/Roboto-Light.ttf' (167K)
[2018.09.16-21.20.40:281][  0]LogRenderer: Reallocating scene render targets to support 1916x1016 Format 9 NumSamples 1 (Frame:2).
[2018.09.16-21.20.40:350][  0]LogContentBrowser: Native class hierarchy updated for 'HierarchicalLODOutliner' in 0.0003 seconds. Added 0 classes and 0 folders.
[2018.09.16-21.20.40:350][  0]LogLoad: (Engine Initialization) Total time: 7.06 seconds
[2018.09.16-21.20.40:350][  0]LogLoad: (Engine Initialization) Total Blueprint compile time: 0.00 seconds
[2018.09.16-21.20.40:411][  0]LogContentStreaming: Texture pool size now 800 MB
[2018.09.16-21.20.40:459][  1]LogAssetRegistry: Asset discovery search completed in 3.9118 seconds
[2018.09.16-21.20.40:461][  1]LogCollectionManager: Rebuilt the object cache for 0 collections in 0.000000 seconds (found 0 objects)
[2018.09.16-21.20.40:461][  1]LogCollectionManager: Fixed up redirectors for 0 collections in 0.000044 seconds (updated 0 objects)
[2018.09.16-21.21.04:806][ 74]LogSlate: FSceneViewport::OnFocusLost() reason 2
[2018.09.16-21.21.05:168][ 98]LogEditorViewport: Clicking on Actor (LMB): BP_Sky_Sphere_C (BP_Sky_Sphere)
[2018.09.16-21.21.10:194][444]LogEditorViewport: Clicking on Actor (LMB): StaticMeshActor (Wall_6x18 6)
[2018.09.16-21.21.18:155][993]LogEditorViewport: Clicking on Actor (LMB): StaticMeshActor (Wall_6x18 6)
[2018.09.16-21.21.18:787][ 38]LogEditorViewport: Clicking on Actor (LMB): DirectionalLight (Light Source)
[2018.09.16-21.21.20:782][191]Cmd: TRANSACTION UNDO
[2018.09.16-21.21.20:782][191]LogEditorTransaction: Undo Clicking on Actors
[2018.09.16-21.21.20:833][191]LogSlate: Took 0.000401 seconds to synchronously load lazily loaded font '../../../Engine/Content/Slate/Fonts/Roboto-Light.ttf' (167K)
[2018.09.16-21.21.21:128][204]Cmd: TRANSACTION UNDO
[2018.09.16-21.21.21:128][204]LogEditorTransaction: Undo Clicking on Actors
[2018.09.16-21.21.21:612][228]Cmd: TRANSACTION UNDO
[2018.09.16-21.21.21:612][228]LogEditorTransaction: Undo Move Actors
[2018.09.16-21.21.23:077][341]LogEditorViewport: Clicking on Actor (LMB): BP_Sky_Sphere_C (BP_Sky_Sphere)
[2018.09.16-21.21.23:963][401]LogEditorViewport: Clicking on Actor (LMB): DirectionalLight (Light Source)
[2018.09.16-21.21.30:787][938]LogEditorViewport: Clicking on Actor (LMB): PointLight (PointLight)
[2018.09.16-21.21.36:834][388]LogEditorViewport: Clicking on Actor (LMB): DirectionalLight (Light Source)
[2018.09.16-21.22.39:888][715]LogEditorViewport: Clicking on Actor (LMB): StaticMeshActor (Wall_6x6 2)
[2018.09.16-21.22.41:178][795]LogEditorViewport: Clicking on Actor (LMB): StaticMeshActor (Blockout4)
[2018.09.16-21.22.42:059][845]LogEditorViewport: Clicking on Actor (LMB): StaticMeshActor (Blockout4)
[2018.09.16-21.22.43:303][922]LogSlate: FSceneViewport::OnFocusLost() reason 0
[2018.09.16-21.22.49:421][336]Cmd: DUPLICATE
[2018.09.16-21.22.49:421][336]Cmd: ACTOR DUPLICATE
[2018.09.16-21.23.29:652][980]LogSlate: FSceneViewport::OnFocusLost() reason 0
[2018.09.16-21.23.42:781][766]LogSlate: FSceneViewport::OnFocusLost() reason 0
[2018.09.16-21.24.04:110][864]LogEditorViewport: Clicking on Actor (LMB): DirectionalLight (Light Source)
[2018.09.16-21.24.10:051][227]LogSlate: FSceneViewport::OnFocusLost() reason 0
[2018.09.16-21.24.10:959][302]Cmd: TRANSACTION UNDO
[2018.09.16-21.24.10:959][302]LogEditorTransaction: Undo Edit Intensity
[2018.09.16-21.24.19:718][851]Cmd: TRANSACTION UNDO
[2018.09.16-21.24.19:718][851]LogEditorTransaction: Undo Move Actors
[2018.09.16-21.24.23:414][ 46]LogSlate: FSceneViewport::OnFocusLost() reason 0
[2018.09.16-21.24.25:820][235]Cmd: TRANSACTION UNDO
[2018.09.16-21.24.25:820][235]LogEditorTransaction: Undo Edit Cubemap Resolution
[2018.09.16-21.24.32:620][664]Cmd: TRANSACTION UNDO
[2018.09.16-21.24.32:620][664]LogEditorTransaction: Undo Edit Intensity
[2018.09.16-21.24.37:316][960]LogEditorViewport: Clicking on Actor (LMB): StaticMeshActor (Blockout4)
[2018.09.16-21.24.38:803][ 47]LogSlate: FSceneViewport::OnFocusLost() reason 0
[2018.09.16-21.25.15:720][ 61]LogEditorViewport: Clicking on Actor (LMB): StaticMeshActor (Blockout4)
[2018.09.16-21.25.17:406][142]LogSlate: FSceneViewport::OnFocusLost() reason 0
[2018.09.16-21.25.23:795][475]LogEditorViewport: Clicking on Actor (LMB): StaticMeshActor (Blockout4)
[2018.09.16-21.25.25:639][562]LogSlate: FSceneViewport::OnFocusLost() reason 0
[2018.09.16-21.25.36:257][112]LogSlate: FSceneViewport::OnFocusLost() reason 0
[2018.09.16-21.25.51:324][916]Cmd: DUPLICATE
[2018.09.16-21.25.51:324][916]Cmd: ACTOR DUPLICATE
[2018.09.16-21.25.55:806][151]LogSlate: FSceneViewport::OnFocusLost() reason 0
[2018.09.16-21.26.23:418][712]LogSlate: FSceneViewport::OnFocusLost() reason 0
[2018.09.16-21.26.27:390][924]LogSlate: FSceneViewport::OnFocusLost() reason 0
[2018.09.16-21.26.28:916][  8]Cmd: DUPLICATE
[2018.09.16-21.26.28:916][  8]Cmd: ACTOR DUPLICATE
[2018.09.16-21.26.33:402][240]LogSlate: FSceneViewport::OnFocusLost() reason 0
[2018.09.16-21.26.38:514][532]Cmd: CAMERA ALIGN ACTIVEVIEWPORTONLY
[2018.09.16-21.27.14:944][569]LogSlate: FSceneViewport::OnFocusLost() reason 0
[2018.09.16-21.27.21:556][938]Cmd: DUPLICATE
[2018.09.16-21.27.21:556][938]Cmd: ACTOR DUPLICATE
[2018.09.16-21.27.57:857][889]LogEditorViewport: Clicking on Actor (LMB): BP_Sky_Sphere_C (BP_Sky_Sphere)
[2018.09.16-21.28.02:349][114]LogEditorViewport: Clicking on Actor (LMB): StaticMeshActor (Wall_21x18 7)
[2018.09.16-21.28.10:133][527]LogEditorViewport: Clicking on Actor (LMB): StaticMeshActor (Wall_21x18 7)
[2018.09.16-21.28.11:375][593]Cmd: DUPLICATE
[2018.09.16-21.28.11:375][593]Cmd: ACTOR DUPLICATE
[2018.09.16-21.30.04:328][526]LogSlate: FSceneViewport::OnFocusLost() reason 2
[2018.09.16-21.30.18:074][442]LogSlate: FSceneViewport::OnFocusLost() reason 2
[2018.09.16-21.30.23:640][785]LogSlate: FSceneViewport::OnFocusLost() reason 2
[2018.09.16-21.30.24:777][894]LogSlate: Took 0.000143 seconds to synchronously load lazily loaded font '../../../Engine/Content/Slate/Fonts/Roboto-BoldCondensed.ttf' (158K)
[2018.09.16-21.30.59:585][686]LogSlate: FSceneViewport::OnFocusLost() reason 2
[2018.09.16-21.30.59:824][686]LogSavePackage: Moving '../../../../../../Users/Nate/Documents/GitHub/Mansion_Environment/Mansion/Saved/Minimal_Default_Auto1F7250D7F455A40FB548E58B8D759FA9F.tmp' to '../../../../../../Users/Nate/Documents/GitHub/Mansion_Environment/Mansion/Saved/Autosaves/Game/StarterContent/Maps/Minimal_Default_Auto1.umap'
[2018.09.16-21.30.59:826][686]LogFileHelpers: Editor autosave (incl. sublevels) for '/Game/StarterContent/Maps/Minimal_Default' took 0.176
[2018.09.16-21.30.59:826][686]LogFileHelpers: Editor autosave (incl. sublevels) for all levels took 0.176
[2018.09.16-21.31.15:592][495]LogEditorViewport: Clicking on Actor (LMB): StaticMeshActor (Wall_6x18)
[2018.09.16-21.31.22:791][854]LogSlate: FSceneViewport::OnFocusLost() reason 0
[2018.09.16-21.31.32:824][363]Cmd: DUPLICATE
[2018.09.16-21.31.32:824][363]Cmd: ACTOR DUPLICATE
[2018.09.16-21.31.59:045][720]LogEditorViewport: Clicking on Actor (LMB): StaticMeshActor (Wall_21x18 9)
[2018.09.16-21.32.01:461][834]LogSlate: FSceneViewport::OnFocusLost() reason 0
[2018.09.16-21.32.18:607][694]LogEditorViewport: Clicking on Actor (LMB): StaticMeshActor (Wall_6x18 8)
[2018.09.16-21.32.19:909][758]LogSlate: FSceneViewport::OnFocusLost() reason 0
[2018.09.16-21.32.34:901][594]LogEditorViewport: Clicking on Actor (LMB): BP_Sky_Sphere_C (BP_Sky_Sphere)
[2018.09.16-21.32.36:891][690]LogEditorViewport: Clicking on Actor (LMB): StaticMeshActor (Wall_6x18 8)
[2018.09.16-21.32.41:009][906]LogEditorViewport: Clicking on Actor (LMB): BP_Sky_Sphere_C (BP_Sky_Sphere)
[2018.09.16-21.33.05:607][ 94]LogEditorViewport: Clicking on Actor (LMB): StaticMeshActor (Wall_21x18 9)
[2018.09.16-21.33.11:107][379]LogEditorViewport: Clicking on Actor (LMB): StaticMeshActor (Wall_6x18 8)
[2018.09.16-21.33.15:702][617]LogEditorViewport: Clicking on Actor (LMB): StaticMeshActor (Wall_21x18 9)
[2018.09.16-21.33.21:112][898]Cmd: DUPLICATE
[2018.09.16-21.33.21:112][898]Cmd: ACTOR DUPLICATE
[2018.09.16-21.34.31:970][420]LogSlate: FSceneViewport::OnFocusLost() reason 0
[2018.09.16-21.34.45:783][152]LogEditorViewport: Clicking on Actor (context menu): StaticMeshActor (Wall_21x18 9)
[2018.09.16-21.34.45:841][152]LogSlate: FSceneViewport::OnFocusLost() reason 2
[2018.09.16-21.34.52:361][666]Cmd: DUPLICATE
[2018.09.16-21.34.52:361][666]Cmd: ACTOR DUPLICATE
[2018.09.16-21.35.37:466][ 42]LogSlate: FSceneViewport::OnFocusLost() reason 2
[2018.09.16-21.35.40:149][242]LogSlate: FSceneViewport::OnFocusLost() reason 2
[2018.09.16-21.35.44:004][565]LogSlate: FSceneViewport::OnFocusLost() reason 2
[2018.09.16-21.36.30:197][541]LogEditorViewport: Clicking on Actor (LMB): BP_Sky_Sphere_C (BP_Sky_Sphere)
[2018.09.16-21.36.34:387][779]LogEditorViewport: Clicking on Actor (LMB): StaticMeshActor (Wall_21x18 11)
[2018.09.16-21.36.37:407][961]Cmd: TRANSACTION UNDO
[2018.09.16-21.36.37:407][961]LogEditorTransaction: Undo Move Actors
[2018.09.16-21.36.40:240][122]Cmd: DUPLICATE
[2018.09.16-21.36.40:240][122]Cmd: ACTOR DUPLICATE
[2018.09.16-21.36.43:973][351]Cmd: CAMERA ALIGN ACTIVEVIEWPORTONLY
[2018.09.16-21.36.58:614][248]Cmd: TRANSACTION UNDO
[2018.09.16-21.36.58:615][248]LogEditorTransaction: Undo Move Actors
[2018.09.16-21.37.00:098][327]Cmd: DUPLICATE
[2018.09.16-21.37.00:098][327]Cmd: ACTOR DUPLICATE
[2018.09.16-21.37.02:402][464]LogEditorViewport: Clicking on Actor (LMB): StaticMeshActor (Wall_21x18 12)
[2018.09.16-21.37.10:671][973]LogEditorViewport: Clicking on Actor (LMB): StaticMeshActor (Wall_21x18 13)
[2018.09.16-21.37.41:822][859]Cmd: DUPLICATE
[2018.09.16-21.37.41:822][859]Cmd: ACTOR DUPLICATE
[2018.09.16-21.37.52:134][479]LogSlate: FSceneViewport::OnFocusLost() reason 2
[2018.09.16-21.38.07:192][506]LogEditorViewport: Clicking on Actor (LMB): BP_Sky_Sphere_C (BP_Sky_Sphere)
[2018.09.16-21.38.07:915][547]LogEditorViewport: Clicking on Actor (LMB): BP_Sky_Sphere_C (BP_Sky_Sphere)
[2018.09.16-21.38.08:710][594]LogEditorViewport: Clicking on Actor (LMB): StaticMeshActor (Wall_21x18 12)
[2018.09.16-21.38.09:582][646]LogEditorViewport: Clicking on Actor (LMB): StaticMeshActor (Blockout4)
[2018.09.16-21.38.10:436][694]LogEditorViewport: Clicking on Actor (LMB): StaticMeshActor (Wall_21x18 12)
[2018.09.16-21.38.11:819][782]LogEditorViewport: Clicking on Actor (LMB): StaticMeshActor (Blockout4)
[2018.09.16-21.38.12:702][830]LogEditorViewport: Clicking on Actor (LMB): StaticMeshActor (Wall_21x18 13)
[2018.09.16-21.38.17:499][139]LogEditorViewport: Clicking on Actor (LMB): StaticMeshActor (Wall_21x18 14)
[2018.09.16-21.38.22:714][472]LogEditorViewport: Clicking on Actor (LMB): StaticMeshActor (Blockout4)
[2018.09.16-21.38.23:000][485]LogSlate: FSceneViewport::OnFocusLost() reason 2
[2018.09.16-21.38.29:455][903]Cmd: TRANSACTION UNDO
[2018.09.16-21.38.29:455][903]LogEditorTransaction: Undo Move Actors
[2018.09.16-21.38.30:116][926]LogEditorViewport: Clicking on Actor (LMB): StaticMeshActor (Wall_21x18 14)
[2018.09.16-21.38.42:336][674]Cmd: DUPLICATE
[2018.09.16-21.38.42:336][674]Cmd: ACTOR DUPLICATE
[2018.09.16-21.38.46:572][932]Cmd: TRANSACTION UNDO
[2018.09.16-21.38.46:572][932]LogEditorTransaction: Undo Duplicate Actors
[2018.09.16-21.38.48:350][ 11]LogSlate: FSceneViewport::OnFocusLost() reason 0
[2018.09.16-21.39.02:760][944]Cmd: DUPLICATE
[2018.09.16-21.39.02:760][944]Cmd: ACTOR DUPLICATE
[2018.09.16-21.39.25:486][449]LogSlate: FSceneViewport::OnFocusLost() reason 2
[2018.09.16-21.39.26:658][567]LogSlate: FSceneViewport::OnFocusLost() reason 2
[2018.09.16-21.39.39:271][455]LogSlate: FSceneViewport::OnFocusLost() reason 2
[2018.09.16-21.39.43:288][764]LogSlate: FSceneViewport::OnFocusLost() reason 0
[2018.09.16-21.39.44:326][824]LogEditorViewport: Clicking on Actor (LMB): BP_Sky_Sphere_C (BP_Sky_Sphere)
[2018.09.16-21.39.45:083][862]LogEditorViewport: Clicking on Actor (LMB): StaticMeshActor (Wall_21x18 15)
[2018.09.16-21.39.45:741][896]LogEditorViewport: Clicking on Actor (LMB): BP_Sky_Sphere_C (BP_Sky_Sphere)
[2018.09.16-21.39.49:234][ 75]LogEditorViewport: Clicking on Actor (LMB): StaticMeshActor (Wall_21x18 14)
[2018.09.16-21.39.52:769][267]Cmd: DUPLICATE
[2018.09.16-21.39.52:769][267]Cmd: ACTOR DUPLICATE
[2018.09.16-21.40.11:470][283]LogEditorViewport: Clicking on Actor (LMB): BP_Sky_Sphere_C (BP_Sky_Sphere)
[2018.09.16-21.40.12:863][351]LogEditorViewport: Clicking on Actor (context menu): StaticMeshActor (Wall_21x18 16)
[2018.09.16-21.40.12:924][351]LogSlate: FSceneViewport::OnFocusLost() reason 2
[2018.09.16-21.40.14:422][432]LogEditorViewport: Clicking on Actor (LMB): BP_Sky_Sphere_C (BP_Sky_Sphere)
[2018.09.16-21.40.23:284][872]LogEditorViewport: Clicking on Actor (LMB): StaticMeshActor (Wall_21x18 14)
[2018.09.16-21.40.24:366][927]LogEditorViewport: Clicking on Actor (LMB): StaticMeshActor (Wall_21x18 16)
[2018.09.16-21.40.30:907][275]LogEditorViewport: Clicking on Actor (LMB): BP_Sky_Sphere_C (BP_Sky_Sphere)
[2018.09.16-21.40.35:164][494]LogSlate: FSceneViewport::OnFocusLost() reason 0
[2018.09.16-21.40.43:055][898]LogSlate: FSceneViewport::OnFocusLost() reason 0
[2018.09.16-21.40.58:893][844]LogSlate: FSceneViewport::OnFocusLost() reason 0
[2018.09.16-21.41.00:657][935]LogEditorViewport: Clicking on Actor (LMB): StaticMeshActor (Wall_21x18 3)
[2018.09.16-21.41.02:309][ 23]LogEditorViewport: Clicking on Actor (LMB): StaticMeshActor (Wall_21x18 3)
[2018.09.16-21.41.02:777][ 49]LogEditorViewport: Clicking on Actor (LMB): StaticMeshActor (Wall_21x18 13)
[2018.09.16-21.41.05:548][200]Cmd: TRANSACTION UNDO
[2018.09.16-21.41.05:548][200]LogEditorTransaction: Undo Move Actors
[2018.09.16-21.41.05:923][214]Cmd: TRANSACTION UNDO
[2018.09.16-21.41.05:923][214]LogEditorTransaction: Undo Clicking on Actors
[2018.09.16-21.41.07:228][277]LogEditorViewport: Clicking on Actor (LMB): StaticMeshActor (Wall_21x18 12)
[2018.09.16-21.41.11:184][495]Cmd: TRANSACTION UNDO
[2018.09.16-21.41.11:184][495]LogEditorTransaction: Undo Move Actors
[2018.09.16-21.41.13:718][622]Cmd: TRANSACTION UNDO
[2018.09.16-21.41.13:718][622]LogEditorTransaction: Undo Move Actors
[2018.09.16-21.41.15:769][734]LogEditorViewport: Clicking on Actor (LMB): StaticMeshActor (Wall_21x18 3)
[2018.09.16-21.41.16:343][764]Cmd: TRANSACTION UNDO
[2018.09.16-21.41.16:343][764]LogEditorTransaction: Undo Move Actors
[2018.09.16-21.41.17:417][820]Cmd: TRANSACTION UNDO
[2018.09.16-21.41.17:417][820]LogEditorTransaction: Undo Clicking on Actors
[2018.09.16-21.41.18:729][890]Cmd: TRANSACTION UNDO
[2018.09.16-21.41.18:729][890]LogEditorTransaction: Undo Clicking on Actors
[2018.09.16-21.41.19:229][918]Cmd: TRANSACTION UNDO
[2018.09.16-21.41.19:229][918]LogEditorTransaction: Undo Clicking on Actors
[2018.09.16-21.41.22:352][ 77]LogSlate: FSceneViewport::OnFocusLost() reason 0
[2018.09.16-21.41.29:048][433]LogEditorViewport: Clicking on Actor (LMB): StaticMeshActor (Wall_6x18)
[2018.09.16-21.41.36:700][858]LogSlate: FSceneViewport::OnFocusLost() reason 0
[2018.09.16-21.41.39:667][ 31]Cmd: DUPLICATE
[2018.09.16-21.41.39:667][ 31]Cmd: ACTOR DUPLICATE
[2018.09.16-21.41.43:513][248]LogEditorViewport: Clicking on Actor (LMB): StaticMeshActor (Wall_21x18 3)
[2018.09.16-21.41.45:934][370]LogSlate: FSceneViewport::OnFocusLost() reason 0
[2018.09.16-21.41.49:897][702]LogEditorViewport: Clicking on Actor (LMB): StaticMeshActor (Wall_6x18 9)
[2018.09.16-21.41.50:852][754]LogSlate: FSceneViewport::OnFocusLost() reason 0
[2018.09.16-21.41.53:500][953]LogEditorViewport: Clicking on Actor (LMB): StaticMeshActor (Wall_21x18 3)
[2018.09.16-21.41.54:551][  4]LogSlate: FSceneViewport::OnFocusLost() reason 0
[2018.09.16-21.41.56:718][168]LogEditorViewport: Clicking on Actor (LMB): StaticMeshActor (Wall_6x18 9)
[2018.09.16-21.41.58:362][249]LogSlate: FSceneViewport::OnFocusLost() reason 0
[2018.09.16-21.42.05:920][727]LogSlate: FSceneViewport::OnFocusLost() reason 0
[2018.09.16-21.42.17:662][344]Cmd: DUPLICATE
[2018.09.16-21.42.17:662][344]Cmd: ACTOR DUPLICATE
[2018.09.16-21.42.25:689][755]LogSlate: FSceneViewport::OnFocusLost() reason 0
[2018.09.16-21.42.26:374][797]LogEditorViewport: Clicking on Actor (LMB): StaticMeshActor (Wall_6x18 9)
[2018.09.16-21.42.28:212][894]LogEditorViewport: Clicking on Actor (LMB): StaticMeshActor (Wall_6x18 10)
[2018.09.16-21.42.37:115][384]LogSlate: FSceneViewport::OnFocusLost() reason 0
[2018.09.16-21.42.56:820][462]LogEditorViewport: Clicking on Actor (LMB): BP_Sky_Sphere_C (BP_Sky_Sphere)
[2018.09.16-21.43.02:571][749]LogEditorViewport: Clicking on Actor (LMB): StaticMeshActor (Wall_21x18)
[2018.09.16-21.43.04:096][832]Cmd: DUPLICATE
[2018.09.16-21.43.04:096][832]Cmd: ACTOR DUPLICATE
[2018.09.16-21.43.12:865][311]LogSlate: FSceneViewport::OnFocusLost() reason 0
[2018.09.16-21.43.15:740][462]Cmd: CAMERA ALIGN ACTIVEVIEWPORTONLY
[2018.09.16-21.43.51:376][279]LogSlate: FSceneViewport::OnFocusLost() reason 0
[2018.09.16-21.44.00:645][861]Cmd: TRANSACTION UNDO
[2018.09.16-21.44.00:645][861]LogEditorTransaction: Undo Edit Field Of View
[2018.09.16-21.44.19:588][740]LogSlate: FSceneViewport::OnFocusLost() reason 2
[2018.09.16-21.44.23:413][921]Cmd: TRANSACTION UNDO
[2018.09.16-21.44.23:413][921]LogEditorTransaction: Undo Move Actors
[2018.09.16-21.44.33:285][134]LogSlate: FSceneViewport::OnFocusLost() reason 2
[2018.09.16-21.45.21:746][658]LogSlate: FSceneViewport::OnFocusLost() reason 0
[2018.09.16-21.46.00:943][ 51]LogSavePackage: Moving '../../../../../../Users/Nate/Documents/GitHub/Mansion_Environment/Mansion/Saved/Minimal_Default_Auto29C98E2C741808EFE55DDA7A0DCA0CB34.tmp' to '../../../../../../Users/Nate/Documents/GitHub/Mansion_Environment/Mansion/Saved/Autosaves/Game/StarterContent/Maps/Minimal_Default_Auto2.umap'
[2018.09.16-21.46.00:945][ 51]LogFileHelpers: Editor autosave (incl. sublevels) for '/Game/StarterContent/Maps/Minimal_Default' took 0.183
[2018.09.16-21.46.00:945][ 51]LogFileHelpers: Editor autosave (incl. sublevels) for all levels took 0.183
[2018.09.16-21.47.38:949][668]LogSavePackage: Moving '../../../../../../Users/Nate/Documents/GitHub/Mansion_Environment/Mansion/Saved/Minimal_Default5FA0CF9B4CDF837E2E10FFB7D6094A6A.tmp' to '../../../../../../Users/Nate/Documents/GitHub/Mansion_Environment/Mansion/Content/StarterContent/Maps/Minimal_Default.umap'
[2018.09.16-21.47.38:963][668]LogFileHelpers: Saving map 'Minimal_Default' took 0.235
[2018.09.16-21.47.41:713][847]LogSavePackage: Moving '../../../../../../Users/Nate/Documents/GitHub/Mansion_Environment/Mansion/Saved/Minimal_Default2E99DEC84DFCA4A994EC6A9E98F3D40D.tmp' to '../../../../../../Users/Nate/Documents/GitHub/Mansion_Environment/Mansion/Content/StarterContent/Maps/Minimal_Default.umap'
[2018.09.16-21.47.41:789][847]LogSavePackage: Moving '../../../../../../Users/Nate/Documents/GitHub/Mansion_Environment/Mansion/Saved/Minimal_Default_BuiltDataBB01095A4CAC9C8B9A19BAA0C856E796.tmp' to '../../../../../../Users/Nate/Documents/GitHub/Mansion_Environment/Mansion/Content/StarterContent/Maps/Minimal_Default_BuiltData.uasset'
[2018.09.16-21.48.09:170][402]LogSlate: Window 'Viewport 2' being destroyed
[2018.09.16-21.48.09:270][402]LogSlate: Window 'Mansion - Unreal Editor' being destroyed
[2018.09.16-21.48.09:461][403]Cmd: QUIT_EDITOR
[2018.09.16-21.48.09:481][403]LogExit: Preparing to exit.
[2018.09.16-21.48.10:356][403]LogExit: Editor shut down
[2018.09.16-21.48.10:356][403]LogExit: Transaction tracking system shut down
[2018.09.16-21.48.10:685][403]LogExit: Object subsystem successfully closed.
[2018.09.16-21.48.10:699][403]LogShaderCompilers: Display: Shaders left to compile 0
[2018.09.16-21.48.10:702][403]LogD3D11RHI: Shutdown
[2018.09.16-21.48.10:702][403]LogD3D11RHI: CleanupD3DDevice
[2018.09.16-21.48.10:704][403]LogD3D11RHI: ~FD3D11DynamicRHI
[2018.09.16-21.48.10:715][403]LogModuleManager: Shutting down and abandoning module HierarchicalLODOutliner (610)
[2018.09.16-21.48.10:715][403]LogModuleManager: Shutting down and abandoning module SceneOutliner (608)
[2018.09.16-21.48.10:715][403]LogModuleManager: Shutting down and abandoning module AddContentDialog (606)
[2018.09.16-21.48.10:715][403]LogModuleManager: Shutting down and abandoning module WidgetCarousel (605)
[2018.09.16-21.48.10:715][403]LogModuleManager: Shutting down and abandoning module EditorWidgets (602)
[2018.09.16-21.48.10:715][403]LogModuleManager: Shutting down and abandoning module CollectionManager (600)
[2018.09.16-21.48.10:715][403]LogModuleManager: Shutting down and abandoning module StatsViewer (598)
[2018.09.16-21.48.10:715][403]LogModuleManager: Shutting down and abandoning module FoliageEdit (596)
[2018.09.16-21.48.10:715][403]LogModuleManager: Shutting down and abandoning module LandscapeEditor (594)
[2018.09.16-21.48.10:716][403]LogModuleManager: Shutting down and abandoning module MeshPaintMode (592)
[2018.09.16-21.48.10:716][403]LogModuleManager: Shutting down and abandoning module SceneDepthPickerMode (590)
[2018.09.16-21.48.10:716][403]LogModuleManager: Shutting down and abandoning module ActorPickerMode (588)
[2018.09.16-21.48.10:716][403]LogModuleManager: Shutting down and abandoning module GeometryMode (586)
[2018.09.16-21.48.10:716][403]LogModuleManager: Shutting down and abandoning module TextureAlignMode (584)
[2018.09.16-21.48.10:716][403]LogModuleManager: Shutting down and abandoning module BspMode (582)
[2018.09.16-21.48.10:716][403]LogModuleManager: Shutting down and abandoning module PIEPreviewDeviceProfileSelector (580)
[2018.09.16-21.48.10:716][403]LogModuleManager: Shutting down and abandoning module SequenceRecorderSections (578)
[2018.09.16-21.48.10:716][403]LogModuleManager: Shutting down and abandoning module AutomationWorker (576)
[2018.09.16-21.48.10:716][403]LogModuleManager: Shutting down and abandoning module AudioCaptureEditor (574)
[2018.09.16-21.48.10:716][403]LogModuleManager: Shutting down and abandoning module SequenceRecorder (573)
[2018.09.16-21.48.10:716][403]LogModuleManager: Shutting down and abandoning module MatineeToLevelSequence (570)
[2018.09.16-21.48.10:716][403]LogModuleManager: Shutting down and abandoning module LevelSequenceEditor (568)
[2018.09.16-21.48.10:716][403]LogModuleManager: Shutting down and abandoning module PlacementMode (567)
[2018.09.16-21.48.10:716][403]LogModuleManager: Shutting down and abandoning module MaterialEditor (566)
[2018.09.16-21.48.10:716][403]LogModuleManager: Shutting down and abandoning module WmfMediaFactory (562)
[2018.09.16-21.48.10:716][403]LogModuleManager: Shutting down and abandoning module WmfMediaEditor (560)
[2018.09.16-21.48.10:716][403]LogModuleManager: Shutting down and abandoning module MediaPlayerEditor (558)
[2018.09.16-21.48.10:716][403]LogModuleManager: Shutting down and abandoning module OpenExrWrapper (556)
[2018.09.16-21.48.10:716][403]LogModuleManager: Shutting down and abandoning module ImgMediaFactory (554)
[2018.09.16-21.48.10:716][403]LogModuleManager: Shutting down and abandoning module ImgMediaEditor (552)
[2018.09.16-21.48.10:716][403]LogModuleManager: Shutting down and abandoning module AvfMediaFactory (550)
[2018.09.16-21.48.10:716][403]LogModuleManager: Shutting down and abandoning module AvfMediaEditor (548)
[2018.09.16-21.48.10:716][403]LogModuleManager: Shutting down and abandoning module AndroidMediaFactory (546)
[2018.09.16-21.48.10:716][403]LogModuleManager: Shutting down and abandoning module AndroidMediaEditor (544)
[2018.09.16-21.48.10:716][403]LogModuleManager: Shutting down and abandoning module MagicLeapCameraPreviewFactory (542)
[2018.09.16-21.48.10:716][403]LogModuleManager: Shutting down and abandoning module MagicLeapMediaFactory (540)
[2018.09.16-21.48.10:716][403]LogModuleManager: Shutting down and abandoning module MagicLeapMediaEditor (538)
[2018.09.16-21.48.10:716][403]LogModuleManager: Shutting down and abandoning module CharacterAI (536)
[2018.09.16-21.48.10:716][403]LogModuleManager: Shutting down and abandoning module SmartSnapping (534)
[2018.09.16-21.48.10:716][403]LogModuleManager: Shutting down and abandoning module SessionServices (532)
[2018.09.16-21.48.10:716][403]LogModuleManager: Shutting down and abandoning module ViewportSnapping (530)
[2018.09.16-21.48.10:716][403]LogModuleManager: Shutting down and abandoning module ViewportInteraction (528)
[2018.09.16-21.48.10:716][403]LogModuleManager: Shutting down and abandoning module ClothPainter (526)
[2018.09.16-21.48.10:716][403]LogModuleManager: Shutting down and abandoning module SkeletalMeshEditor (525)
[2018.09.16-21.48.10:716][403]LogModuleManager: Shutting down and abandoning module LogVisualizer (522)
[2018.09.16-21.48.10:716][403]LogModuleManager: Shutting down and abandoning module IntroTutorials (520)
[2018.09.16-21.48.10:716][403]LogModuleManager: Shutting down and abandoning module GameProjectGeneration (519)
[2018.09.16-21.48.10:716][403]LogModuleManager: Shutting down and abandoning module LuminPlatformEditor (516)
[2018.09.16-21.48.10:716][403]LogModuleManager: Shutting down and abandoning module IOSPlatformEditor (514)
[2018.09.16-21.48.10:716][403]LogModuleManager: Shutting down and abandoning module HTML5PlatformEditor (512)
[2018.09.16-21.48.10:716][403]LogModuleManager: Shutting down and abandoning module AndroidPlatformEditor (510)
[2018.09.16-21.48.10:716][403]LogModuleManager: Shutting down and abandoning module AndroidDeviceDetection (509)
[2018.09.16-21.48.12:274][403]LogModuleManager: Shutting down and abandoning module WindowsPlatformEditor (506)
[2018.09.16-21.48.12:274][403]LogModuleManager: Shutting down and abandoning module LuminRuntimeSettings (504)
[2018.09.16-21.48.12:274][403]LogModuleManager: Shutting down and abandoning module IOSRuntimeSettings (502)
[2018.09.16-21.48.12:274][403]LogModuleManager: Shutting down and abandoning module AndroidRuntimeSettings (500)
[2018.09.16-21.48.12:274][403]LogModuleManager: Shutting down and abandoning module InputBindingEditor (498)
[2018.09.16-21.48.12:274][403]LogModuleManager: Shutting down and abandoning module MergeActors (496)
[2018.09.16-21.48.12:274][403]LogModuleManager: Shutting down and abandoning module LocalizationDashboard (494)
[2018.09.16-21.48.12:274][403]LogModuleManager: Shutting down and abandoning module LocalizationService (493)
[2018.09.16-21.48.12:274][403]LogModuleManager: Shutting down and abandoning module HardwareTargeting (490)
[2018.09.16-21.48.12:274][403]LogModuleManager: Shutting down and abandoning module DeviceProfileEditor (488)
[2018.09.16-21.48.12:274][403]LogModuleManager: Shutting down and abandoning module UndoHistory (486)
[2018.09.16-21.48.12:274][403]LogModuleManager: Shutting down and abandoning module XmlParser (484)
[2018.09.16-21.48.12:274][403]LogModuleManager: Shutting down and abandoning module Blutility (482)
[2018.09.16-21.48.12:274][403]LogModuleManager: Shutting down and abandoning module ProjectSettingsViewer (480)
[2018.09.16-21.48.12:274][403]LogModuleManager: Shutting down and abandoning module ProjectTargetPlatformEditor (479)
[2018.09.16-21.48.12:274][403]LogModuleManager: Shutting down and abandoning module EditorSettingsViewer (476)
[2018.09.16-21.48.12:275][403]LogModuleManager: Shutting down and abandoning module SettingsEditor (474)
[2018.09.16-21.48.12:275][403]LogModuleManager: Shutting down and abandoning module ProjectLauncher (472)
[2018.09.16-21.48.12:275][403]LogModuleManager: Shutting down and abandoning module SessionFrontend (470)
[2018.09.16-21.48.12:275][403]LogModuleManager: Shutting down and abandoning module ProfilerClient (468)
[2018.09.16-21.48.12:275][403]LogModuleManager: Shutting down and abandoning module DeviceManager (466)
[2018.09.16-21.48.12:275][403]LogModuleManager: Shutting down and abandoning module TargetDeviceServices (465)
[2018.09.16-21.48.12:315][403]LogModuleManager: Shutting down and abandoning module AutomationController (462)
[2018.09.16-21.48.12:315][403]LogModuleManager: Shutting down and abandoning module AutomationWindow (460)
[2018.09.16-21.48.12:315][403]LogModuleManager: Shutting down and abandoning module Layers (458)
[2018.09.16-21.48.12:315][403]LogModuleManager: Shutting down and abandoning module ComponentVisualizers (456)
[2018.09.16-21.48.12:315][403]LogModuleManager: Shutting down and abandoning module DetailCustomizations (454)
[2018.09.16-21.48.12:315][403]LogModuleManager: Shutting down and abandoning module PackagesDialog (452)
[2018.09.16-21.48.12:315][403]LogModuleManager: Shutting down and abandoning module Persona (450)
[2018.09.16-21.48.12:315][403]LogModuleManager: Shutting down and abandoning module AdvancedPreviewScene (449)
[2018.09.16-21.48.12:315][403]LogModuleManager: Shutting down and abandoning module AnimGraph (447)
[2018.09.16-21.48.12:315][403]LogModuleManager: Shutting down and abandoning module Kismet (444)
[2018.09.16-21.48.12:315][403]LogModuleManager: Shutting down and abandoning module GraphEditor (442)
[2018.09.16-21.48.12:315][403]LogModuleManager: Shutting down and abandoning module ClassViewer (440)
[2018.09.16-21.48.12:316][403]LogModuleManager: Shutting down and abandoning module Toolbox (438)
[2018.09.16-21.48.12:316][403]LogModuleManager: Shutting down and abandoning module ModuleUI (436)
[2018.09.16-21.48.12:316][403]LogModuleManager: Shutting down and abandoning module MovieSceneTools (434)
[2018.09.16-21.48.12:316][403]LogModuleManager: Shutting down and abandoning module OutputLog (432)
[2018.09.16-21.48.12:316][403]LogModuleManager: Shutting down and abandoning module GammaUI (430)
[2018.09.16-21.48.12:316][403]LogModuleManager: Shutting down and abandoning module Documentation (428)
[2018.09.16-21.48.12:316][403]LogModuleManager: Shutting down and abandoning module MovieSceneTracks (426)
[2018.09.16-21.48.12:316][403]LogModuleManager: Shutting down and abandoning module MovieScene (424)
[2018.09.16-21.48.12:316][403]LogModuleManager: Shutting down and abandoning module StreamingPauseRendering (422)
[2018.09.16-21.48.12:316][403]LogModuleManager: Shutting down and abandoning module LauncherPlatform (420)
[2018.09.16-21.48.12:316][403]LogModuleManager: Shutting down and abandoning module AnalyticsET (418)
[2018.09.16-21.48.12:316][403]LogModuleManager: Shutting down and abandoning module PortalServices (416)
[2018.09.16-21.48.12:316][403]LogModuleManager: Shutting down and abandoning module PortalRpc (414)
[2018.09.16-21.48.12:316][403]LogModuleManager: Shutting down and abandoning module MessagingRpc (412)
[2018.09.16-21.48.12:316][403]LogModuleManager: Shutting down and abandoning module AIModule (410)
[2018.09.16-21.48.12:316][403]LogModuleManager: Shutting down and abandoning module GameplayDebugger (409)
[2018.09.16-21.48.12:316][403]LogModuleManager: Shutting down and abandoning module AITestSuite (407)
[2018.09.16-21.48.12:316][403]LogModuleManager: Shutting down and abandoning module NavigationSystem (405)
[2018.09.16-21.48.12:316][403]LogModuleManager: Shutting down and abandoning module DesktopPlatform (402)
[2018.09.16-21.48.12:316][403]LogModuleManager: Shutting down and abandoning module ProfilerService (400)
[2018.09.16-21.48.12:350][403]LogModuleManager: Shutting down and abandoning module TaskGraph (398)
[2018.09.16-21.48.12:350][403]LogModuleManager: Shutting down and abandoning module SteamVRController (396)
[2018.09.16-21.48.12:350][403]LogModuleManager: Shutting down and abandoning module ProceduralMeshComponentEditor (394)
[2018.09.16-21.48.12:350][403]LogModuleManager: Shutting down and abandoning module ProceduralMeshComponent (392)
[2018.09.16-21.48.12:350][403]LogModuleManager: Shutting down and abandoning module OculusInput (390)
[2018.09.16-21.48.12:350][403]LogModuleManager: Shutting down and abandoning module MobilePatchingUtils (388)
[2018.09.16-21.48.12:350][403]LogModuleManager: Shutting down and abandoning module EditableMesh (386)
[2018.09.16-21.48.12:350][403]LogModuleManager: Shutting down and abandoning module CustomMeshComponent (384)
[2018.09.16-21.48.12:350][403]LogModuleManager: Shutting down and abandoning module CableComponent (382)
[2018.09.16-21.48.12:350][403]LogModuleManager: Shutting down and abandoning module AudioCapture (380)
[2018.09.16-21.48.12:350][403]LogModuleManager: Shutting down and abandoning module ArchVisCharacter (378)
[2018.09.16-21.48.12:350][403]LogModuleManager: Shutting down and abandoning module AndroidPermission (376)
[2018.09.16-21.48.12:350][403]LogModuleManager: Shutting down and abandoning module NUTUnrealEngine4 (374)
[2018.09.16-21.48.12:350][403]LogModuleManager: Shutting down and abandoning module NetcodeUnitTest (372)
[2018.09.16-21.48.12:350][403]LogModuleManager: Shutting down and abandoning module MediaCompositingEditor (370)
[2018.09.16-21.48.12:350][403]LogModuleManager: Shutting down and abandoning module MediaCompositing (368)
[2018.09.16-21.48.12:350][403]LogModuleManager: Shutting down and abandoning module LinearTimecode (366)
[2018.09.16-21.48.12:350][403]LogModuleManager: Shutting down and abandoning module ImgMedia (364)
[2018.09.16-21.48.12:352][403]LogModuleManager: Shutting down and abandoning module HTML5Networking (362)
[2018.09.16-21.48.12:353][403]LogModuleManager: Shutting down and abandoning module GeometryCacheTracks (360)
[2018.09.16-21.48.12:353][403]LogModuleManager: Shutting down and abandoning module GeometryCacheSequencer (358)
[2018.09.16-21.48.12:353][403]LogModuleManager: Shutting down and abandoning module BackChannel (356)
[2018.09.16-21.48.12:353][403]LogModuleManager: Shutting down and abandoning module AppleVision (354)
[2018.09.16-21.48.12:353][403]LogModuleManager: Shutting down and abandoning module AppleImageUtils (352)
[2018.09.16-21.48.12:353][403]LogModuleManager: Shutting down and abandoning module AlembicImporter (350)
[2018.09.16-21.48.12:353][403]LogModuleManager: Shutting down and abandoning module AlembicLibrary (349)
[2018.09.16-21.48.12:353][403]LogModuleManager: Shutting down and abandoning module GeometryCache (348)
[2018.09.16-21.48.12:353][403]LogModuleManager: Shutting down and abandoning module GeometryCacheEd (347)
[2018.09.16-21.48.12:353][403]LogModuleManager: Shutting down and abandoning module DatasmithContentEditor (342)
[2018.09.16-21.48.12:353][403]LogModuleManager: Shutting down and abandoning module DatasmithContent (340)
[2018.09.16-21.48.12:353][403]LogModuleManager: Shutting down and abandoning module SpeedTreeImporter (338)
[2018.09.16-21.48.12:353][403]LogModuleManager: Shutting down and abandoning module PluginBrowser (336)
[2018.09.16-21.48.12:353][403]LogModuleManager: Shutting down and abandoning module MobileLauncherProfileWizard (334)
[2018.09.16-21.48.12:353][403]LogModuleManager: Shutting down and abandoning module PolygonModeling (332)
[2018.09.16-21.48.12:353][403]LogModuleManager: Shutting down and abandoning module MeshEditor (330)
[2018.09.16-21.48.12:353][403]LogModuleManager: Shutting down and abandoning module CryptoKeysOpenSSL (328)
[2018.09.16-21.48.12:353][403]LogModuleManager: Shutting down and abandoning module CryptoKeys (326)
[2018.09.16-21.48.12:353][403]LogModuleManager: Shutting down and abandoning module VisualStudioSourceCodeAccess (324)
[2018.09.16-21.48.12:353][403]LogModuleManager: Shutting down and abandoning module VisualStudioCodeSourceCodeAccess (322)
[2018.09.16-21.48.12:353][403]LogModuleManager: Shutting down and abandoning module UObjectPlugin (320)
[2018.09.16-21.48.12:353][403]LogModuleManager: Shutting down and abandoning module SubversionSourceControl (318)
[2018.09.16-21.48.12:353][403]LogModuleManager: Shutting down and abandoning module PerforceSourceControl (316)
[2018.09.16-21.48.12:353][403]LogModuleManager: Shutting down and abandoning module GitSourceControl (314)
[2018.09.16-21.48.12:353][403]LogModuleManager: Shutting down and abandoning module SourceControl (313)
[2018.09.16-21.48.12:353][403]LogModuleManager: Shutting down and abandoning module CLionSourceCodeAccess (310)
[2018.09.16-21.48.12:353][403]LogModuleManager: Shutting down and abandoning module LightPropagationVolumeEditor (308)
[2018.09.16-21.48.12:353][403]LogModuleManager: Shutting down and abandoning module PaperTiledImporter (306)
[2018.09.16-21.48.12:353][403]LogModuleManager: Shutting down and abandoning module PaperSpriteSheetImporter (304)
[2018.09.16-21.48.12:353][403]LogModuleManager: Shutting down and abandoning module Paper2DEditor (302)
[2018.09.16-21.48.12:353][403]LogModuleManager: Shutting down and abandoning module MeshPaint (301)
[2018.09.16-21.48.12:353][403]LogModuleManager: Shutting down and abandoning module RuntimePhysXCooking (298)
[2018.09.16-21.48.12:353][403]LogModuleManager: Shutting down and abandoning module PhysXVehiclesEditor (296)
[2018.09.16-21.48.12:353][403]LogModuleManager: Shutting down and abandoning module PhysXVehicles (294)
[2018.09.16-21.48.12:353][403]LogModuleManager: Shutting down and abandoning module OculusEditor (292)
[2018.09.16-21.48.12:353][403]LogModuleManager: Shutting down and abandoning module LocationServicesBPLibrary (290)
[2018.09.16-21.48.12:353][403]LogModuleManager: Shutting down and abandoning module ImmediatePhysicsEditor (288)
[2018.09.16-21.48.12:353][403]LogModuleManager: Shutting down and abandoning module ImmediatePhysics (286)
[2018.09.16-21.48.12:353][403]LogModuleManager: Shutting down and abandoning module ActorSequence (284)
[2018.09.16-21.48.12:354][403]LogModuleManager: Shutting down and abandoning module UdpMessaging (282)
[2018.09.16-21.48.12:454][403]LogModuleManager: Shutting down and abandoning module TcpMessaging (280)
[2018.09.16-21.48.12:554][403]LogModuleManager: Shutting down and abandoning module MagicLeapAudio (278)
[2018.09.16-21.48.12:554][403]LogModuleManager: Shutting down and abandoning module GameplayTagsEditor (276)
[2018.09.16-21.48.12:554][403]LogModuleManager: Shutting down and abandoning module FacialAnimationEditor (274)
[2018.09.16-21.48.12:554][403]LogModuleManager: Shutting down and abandoning module FacialAnimation (272)
[2018.09.16-21.48.12:554][403]LogModuleManager: Shutting down and abandoning module DataValidation (270)
[2018.09.16-21.48.12:554][403]LogModuleManager: Shutting down and abandoning module AssetManagerEditor (268)
[2018.09.16-21.48.12:554][403]LogModuleManager: Shutting down and abandoning module LevelEditor (267)
[2018.09.16-21.48.12:555][403]LogModuleManager: Shutting down and abandoning module PixelInspectorModule (266)
[2018.09.16-21.48.12:555][403]LogModuleManager: Shutting down and abandoning module CommonMenuExtensions (264)
[2018.09.16-21.48.12:555][403]LogModuleManager: Shutting down and abandoning module MainFrame (262)
[2018.09.16-21.48.12:555][403]LogModuleManager: Shutting down and abandoning module HotReload (261)
[2018.09.16-21.48.12:555][403]LogModuleManager: Shutting down and abandoning module ContentBrowser (257)
[2018.09.16-21.48.12:556][403]LogModuleManager: Shutting down and abandoning module TreeMap (255)
[2018.09.16-21.48.12:556][403]LogModuleManager: Shutting down and abandoning module LightPropagationVolumeRuntime (252)
[2018.09.16-21.48.12:556][403]LogModuleManager: Shutting down and abandoning module AISupportModule (250)
[2018.09.16-21.48.12:556][403]LogModuleManager: Shutting down and abandoning module Paper2D (248)
[2018.09.16-21.48.12:556][403]LogModuleManager: Shutting down and abandoning module WindowsMoviePlayer (246)
[2018.09.16-21.48.12:556][403]LogModuleManager: Shutting down and abandoning module WmfMedia (244)
[2018.09.16-21.48.12:557][403]LogModuleManager: Shutting down and abandoning module Media (243)
[2018.09.16-21.48.12:562][403]LogModuleManager: Shutting down and abandoning module PacketHandler (240)
[2018.09.16-21.48.12:562][403]LogModuleManager: Shutting down and abandoning module ClothingSystemEditor (238)
[2018.09.16-21.48.12:562][403]LogModuleManager: Shutting down and abandoning module ClothingSystemRuntime (236)
[2018.09.16-21.48.12:562][403]LogModuleManager: Shutting down and abandoning module MediaAssets (234)
[2018.09.16-21.48.12:562][403]LogModuleManager: Shutting down and abandoning module Overlay (232)
[2018.09.16-21.48.12:562][403]LogModuleManager: Shutting down and abandoning module OverlayEditor (231)
[2018.09.16-21.48.12:562][403]LogModuleManager: Shutting down and abandoning module VREditor (228)
[2018.09.16-21.48.12:562][403]LogModuleManager: Shutting down and abandoning module StringTableEditor (226)
[2018.09.16-21.48.12:562][403]LogModuleManager: Shutting down and abandoning module GameplayTasksEditor (224)
[2018.09.16-21.48.12:562][403]LogModuleManager: Shutting down and abandoning module BehaviorTreeEditor (222)
[2018.09.16-21.48.12:562][403]LogModuleManager: Shutting down and abandoning module FunctionalTesting (220)
[2018.09.16-21.48.12:562][403]LogModuleManager: Shutting down and abandoning module CollisionAnalyzer (218)
[2018.09.16-21.48.12:562][403]LogModuleManager: Shutting down and abandoning module WorkspaceMenuStructure (217)
[2018.09.16-21.48.12:562][403]LogModuleManager: Shutting down and abandoning module UMG (214)
[2018.09.16-21.48.12:562][403]LogModuleManager: Shutting down and abandoning module UMGEditor (213)
[2018.09.16-21.48.12:562][403]LogModuleManager: Shutting down and abandoning module Sequencer (212)
[2018.09.16-21.48.12:563][403]LogModuleManager: Shutting down and abandoning module MessageLog (209)
[2018.09.16-21.48.12:563][403]LogModuleManager: Shutting down and abandoning module SlateReflector (204)
[2018.09.16-21.48.12:563][403]LogModuleManager: Shutting down and abandoning module Slate (202)
[2018.09.16-21.48.12:563][403]LogModuleManager: Shutting down and abandoning module EditorStyle (200)
[2018.09.16-21.48.12:564][403]LogModuleManager: Shutting down and abandoning module MRMesh (198)
[2018.09.16-21.48.12:564][403]LogModuleManager: Shutting down and abandoning module SourceCodeAccess (196)
[2018.09.16-21.48.12:564][403]LogModuleManager: Shutting down and abandoning module HeadMountedDisplay (194)
[2018.09.16-21.48.12:564][403]LogModuleManager: Shutting down and abandoning module XAudio2 (192)
[2018.09.16-21.48.12:564][403]LogModuleManager: Shutting down and abandoning module Networking (190)
[2018.09.16-21.48.12:564][403]LogModuleManager: Shutting down and abandoning module Core (188)
[2018.09.16-21.48.12:564][403]LogModuleManager: Shutting down and abandoning module LevelSequence (186)
[2018.09.16-21.48.12:564][403]LogModuleManager: Shutting down and abandoning module KismetCompiler (184)
[2018.09.16-21.48.12:564][403]LogModuleManager: Shutting down and abandoning module MeshUtilities (182)
[2018.09.16-21.48.12:564][403]LogModuleManager: Shutting down and abandoning module MeshMergeUtilities (181)
[2018.09.16-21.48.12:564][403]LogModuleManager: Shutting down and abandoning module MeshReductionInterface (180)
[2018.09.16-21.48.12:564][403]LogModuleManager: Shutting down and abandoning module SimplygonSwarm (179)
[2018.09.16-21.48.12:564][403]LogModuleManager: Shutting down and abandoning module ProxyLODMeshReduction (177)
[2018.09.16-21.48.12:564][403]LogModuleManager: Shutting down and abandoning module SimplygonMeshReduction (175)
[2018.09.16-21.48.12:565][403]LogModuleManager: Shutting down and abandoning module QuadricMeshReduction (173)
[2018.09.16-21.48.12:565][403]LogModuleManager: Shutting down and abandoning module MaterialBaking (169)
[2018.09.16-21.48.12:565][403]LogModuleManager: Shutting down and abandoning module DirectoryWatcher (165)
[2018.09.16-21.48.12:565][403]LogModuleManager: Shutting down and abandoning module DerivedDataCache (162)
[2018.09.16-21.48.12:629][403]LogDerivedDataCache: Shutdown
[2018.09.16-21.48.12:629][403]LogModuleManager: Shutting down and abandoning module XGEController (160)
[2018.09.16-21.48.12:629][403]LogXGEController: Cleaning working directory: C:/Users/Nate/AppData/Local/Temp/UnrealXGEWorkingDir/
[2018.09.16-21.48.12:629][403]LogModuleManager: Shutting down and abandoning module TargetPlatform (158)
[2018.09.16-21.48.12:629][403]LogModuleManager: Shutting down and abandoning module VulkanShaderFormat (157)
[2018.09.16-21.48.12:629][403]LogModuleManager: Shutting down and abandoning module ShaderFormatVectorVM (155)
[2018.09.16-21.48.12:629][403]LogModuleManager: Shutting down and abandoning module ShaderFormatOpenGL (153)
[2018.09.16-21.48.12:629][403]LogModuleManager: Shutting down and abandoning module ShaderFormatD3D (151)
[2018.09.16-21.48.12:629][403]LogModuleManager: Shutting down and abandoning module MetalShaderFormat (149)
[2018.09.16-21.48.12:629][403]LogModuleManager: Shutting down and abandoning module TextureFormatUncompressed (147)
[2018.09.16-21.48.12:629][403]LogModuleManager: Shutting down and abandoning module TextureFormatPVR (145)
[2018.09.16-21.48.12:629][403]LogModuleManager: Shutting down and abandoning module TextureFormatDXT (143)
[2018.09.16-21.48.12:629][403]LogModuleManager: Shutting down and abandoning module TextureFormatIntelISPCTexComp (141)
[2018.09.16-21.48.12:629][403]LogModuleManager: Shutting down and abandoning module TextureFormatASTC (139)
[2018.09.16-21.48.12:629][403]LogModuleManager: Shutting down and abandoning module ImageWrapper (138)
[2018.09.16-21.48.12:629][403]LogModuleManager: Shutting down and abandoning module TextureFormatAndroid (135)
[2018.09.16-21.48.12:630][403]LogModuleManager: Shutting down and abandoning module AudioFormatOpus (133)
[2018.09.16-21.48.12:630][403]LogModuleManager: Shutting down and abandoning module AudioFormatOgg (131)
[2018.09.16-21.48.12:630][403]LogModuleManager: Shutting down and abandoning module AudioFormatADPCM (129)
[2018.09.16-21.48.12:630][403]LogModuleManager: Shutting down and abandoning module LuminTargetPlatform (127)
[2018.09.16-21.48.12:630][403]LogModuleManager: Shutting down and abandoning module LinuxTargetPlatform (125)
[2018.09.16-21.48.12:630][403]LogModuleManager: Shutting down and abandoning module LinuxServerTargetPlatform (123)
[2018.09.16-21.48.12:630][403]LogModuleManager: Shutting down and abandoning module LinuxNoEditorTargetPlatform (121)
[2018.09.16-21.48.12:630][403]LogModuleManager: Shutting down and abandoning module LinuxClientTargetPlatform (119)
[2018.09.16-21.48.12:630][403]LogModuleManager: Shutting down and abandoning module TVOSTargetPlatform (117)
[2018.09.16-21.48.12:630][403]LogModuleManager: Shutting down and abandoning module Messaging (115)
[2018.09.16-21.48.12:630][403]LogModuleManager: Shutting down and abandoning module IOSTargetPlatform (113)
[2018.09.16-21.48.12:631][403]LogModuleManager: Shutting down and abandoning module HTML5TargetPlatform (111)
[2018.09.16-21.48.12:631][403]LogModuleManager: Shutting down and abandoning module AndroidTargetPlatform (109)
[2018.09.16-21.48.12:637][403]LogModuleManager: Shutting down and abandoning module WindowsTargetPlatform (107)
[2018.09.16-21.48.12:637][403]LogModuleManager: Shutting down and abandoning module WindowsServerTargetPlatform (105)
[2018.09.16-21.48.12:637][403]LogModuleManager: Shutting down and abandoning module WindowsNoEditorTargetPlatform (103)
[2018.09.16-21.48.12:637][403]LogModuleManager: Shutting down and abandoning module WindowsClientTargetPlatform (101)
[2018.09.16-21.48.12:637][403]LogModuleManager: Shutting down and abandoning module MacTargetPlatform (99)
[2018.09.16-21.48.12:637][403]LogModuleManager: Shutting down and abandoning module MacServerTargetPlatform (97)
[2018.09.16-21.48.12:637][403]LogModuleManager: Shutting down and abandoning module MacNoEditorTargetPlatform (95)
[2018.09.16-21.48.12:637][403]LogModuleManager: Shutting down and abandoning module MacClientTargetPlatform (93)
[2018.09.16-21.48.12:637][403]LogModuleManager: Shutting down and abandoning module AllDesktopTargetPlatform (91)
[2018.09.16-21.48.12:638][403]LogModuleManager: Shutting down and abandoning module InputCore (88)
[2018.09.16-21.48.12:638][403]LogModuleManager: Shutting down and abandoning module Settings (86)
[2018.09.16-21.48.12:638][403]LogModuleManager: Shutting down and abandoning module PhysXCooking (84)
[2018.09.16-21.48.12:638][403]LogModuleManager: Shutting down and abandoning module SteamVR (82)
[2018.09.16-21.48.12:638][403]LogModuleManager: Shutting down and abandoning module OculusHMD (80)
[2018.09.16-21.48.12:638][403]LogModuleManager: Shutting down and abandoning module ExampleDeviceProfileSelector (78)
[2018.09.16-21.48.12:638][403]LogModuleManager: Shutting down and abandoning module LauncherChunkInstaller (76)
[2018.09.16-21.48.12:638][403]LogModuleManager: Shutting down and abandoning module OnlineBlueprintSupport (74)
[2018.09.16-21.48.12:638][403]LogModuleManager: Shutting down and abandoning module OnlineSubsystem (70)
[2018.09.16-21.48.12:638][403]LogModuleManager: Shutting down and abandoning module XMPP (65)
[2018.09.16-21.48.12:638][403]LogModuleManager: Shutting down and abandoning module WebSockets (64)
[2018.09.16-21.48.12:663][403]LogModuleManager: Shutting down and abandoning module HTTP (61)
[2018.09.16-21.48.12:663][403]LogHttp: Display: Http module shutting down, but needs to wait on 1 outstanding Http requests:
[2018.09.16-21.48.12:663][403]LogHttp: Display: 	verb=[POST] url=[https://datarouter.ol.epicgames.com/datarouter/api/v1/public/data?SessionID=%7BEAA7EF04-43A1-CEE7-167D-BCAB5A368786%7D&AppID=UEEditor.Rocket.Release&AppVersion=4.20.2-4302132%2B%2B%2BUE4%2BRelease-4.20&UserID=c64045e44aa062cd97b01b8e69ba929d%7C16c96479757c4167b90c86adf9dfa2e4%7C517945a2-6265-4ebe-990e-28eef57b7b49&AppEnvironment=datacollector-binary&UploadType=eteventstream] status=Processing
[2018.09.16-21.48.12:666][403]LogModuleManager: Shutting down and abandoning module SSL (60)
[2018.09.16-21.48.12:667][403]LogModuleManager: Shutting down and abandoning module MagicLeapEmulator (56)
[2018.09.16-21.48.12:667][403]LogModuleManager: Shutting down and abandoning module MagicLeapPrivileges (54)
[2018.09.16-21.48.12:667][403]LogModuleManager: Shutting down and abandoning module MagicLeapIdentity (52)
[2018.09.16-21.48.12:667][403]LogModuleManager: Shutting down and abandoning module MagicLeapHelperVulkan (50)
[2018.09.16-21.48.12:667][403]LogModuleManager: Shutting down and abandoning module MagicLeapHelperOpenGL (48)
[2018.09.16-21.48.12:667][403]LogModuleManager: Shutting down and abandoning module MagicLeapSecureStorage (46)
[2018.09.16-21.48.12:667][403]LogModuleManager: Shutting down and abandoning module MagicLeapGestures (44)
[2018.09.16-21.48.12:667][403]LogModuleManager: Shutting down and abandoning module MagicLeapEyeTracker (42)
[2018.09.16-21.48.12:667][403]LogModuleManager: Shutting down and abandoning module MagicLeapController (40)
[2018.09.16-21.48.12:667][403]LogSlate: Slate User Destroyed.  User Index 0, Is Virtual User: 0
[2018.09.16-21.48.12:667][403]LogModuleManager: Shutting down and abandoning module MagicLeap (38)
[2018.09.16-21.48.12:667][403]LogModuleManager: Shutting down and abandoning module AnimationModifiers (36)
[2018.09.16-21.48.12:667][403]LogModuleManager: Shutting down and abandoning module PropertyEditor (35)
[2018.09.16-21.48.12:667][403]LogModuleManager: Shutting down and abandoning module AudioEditor (32)
[2018.09.16-21.48.12:668][403]LogModuleManager: Shutting down and abandoning module TextureCompressor (30)
[2018.09.16-21.48.12:668][403]LogModuleManager: Shutting down and abandoning module ShaderCore (28)
[2018.09.16-21.48.12:668][403]LogModuleManager: Shutting down and abandoning module Landscape (26)
[2018.09.16-21.48.12:668][403]LogModuleManager: Shutting down and abandoning module SlateRHIRenderer (24)
[2018.09.16-21.48.12:668][403]LogModuleManager: Shutting down and abandoning module OpenGLDrv (22)
[2018.09.16-21.48.12:668][403]LogModuleManager: Shutting down and abandoning module D3D11RHI (20)
[2018.09.16-21.48.12:668][403]LogModuleManager: Shutting down and abandoning module AnimGraphRuntime (18)
[2018.09.16-21.48.12:668][403]LogModuleManager: Shutting down and abandoning module Renderer (16)
[2018.09.16-21.48.12:668][403]LogModuleManager: Shutting down and abandoning module Engine (14)
[2018.09.16-21.48.12:668][403]LogModuleManager: Shutting down and abandoning module CoreUObject (12)
[2018.09.16-21.48.12:668][403]LogModuleManager: Shutting down and abandoning module NetworkFile (10)
[2018.09.16-21.48.12:668][403]LogModuleManager: Shutting down and abandoning module CookedIterativeFile (8)
[2018.09.16-21.48.12:668][403]LogModuleManager: Shutting down and abandoning module StreamingFile (6)
[2018.09.16-21.48.12:669][403]LogModuleManager: Shutting down and abandoning module SandboxFile (4)
[2018.09.16-21.48.12:669][403]LogModuleManager: Shutting down and abandoning module PakFile (2)
[2018.09.16-21.48.12:673][403]LogExit: Exiting.
[2018.09.16-21.48.12:684][403]Log file closed, 09/16/18 15:48:12
