Log file open, 11/29/18 10:26:15
LogWindows: Failed to load 'aqProf.dll' (GetLastError=126)
LogWindows: File 'aqProf.dll' does not exist
LogWindows: Failed to load 'VtuneApi.dll' (GetLastError=126)
LogWindows: File 'VtuneApi.dll' does not exist
LogWindows: Failed to load 'VtuneApi32e.dll' (GetLastError=126)
LogWindows: File 'VtuneApi32e.dll' does not exist
LogInit: Display: Running engine for game: Mansion
LogPlatformFile: Not using cached read wrapper
LogTaskGraph: Started task graph with 5 named threads and 23 total threads with 3 sets of task threads.
LogStats: Stats thread started at 0.309016
LogD3D11RHI: Loaded GFSDK_Aftermath_Lib.x64.dll
LogICUInternationalization: Display: ICU TimeZone Detection - Raw Offset: -7:00, Platform Override: ''
LogPluginManager: Mounting plugin Paper2D
LogPluginManager: Mounting plugin AISupport
LogPluginManager: Mounting plugin LightPropagationVolume
LogPluginManager: Mounting plugin CLionSourceCodeAccess
LogPluginManager: Mounting plugin CodeLiteSourceCodeAccess
LogPluginManager: Mounting plugin GitSourceControl
LogPluginManager: Mounting plugin KDevelopSourceCodeAccess
LogPluginManager: Mounting plugin NullSourceCodeAccess
LogPluginManager: Mounting plugin PerforceSourceControl
LogPluginManager: Mounting plugin SubversionSourceControl
LogPluginManager: Mounting plugin UObjectPlugin
LogPluginManager: Mounting plugin VisualStudioCodeSourceCodeAccess
LogPluginManager: Mounting plugin VisualStudioSourceCodeAccess
LogPluginManager: Mounting plugin XCodeSourceCodeAccess
LogPluginManager: Mounting plugin AssetManagerEditor
LogPluginManager: Mounting plugin CryptoKeys
LogPluginManager: Mounting plugin DataValidation
LogPluginManager: Mounting plugin FacialAnimation
LogPluginManager: Mounting plugin GameplayTagsEditor
LogPluginManager: Mounting plugin MacGraphicsSwitching
LogPluginManager: Mounting plugin MeshEditor
LogPluginManager: Mounting plugin MobileLauncherProfileWizard
LogPluginManager: Mounting plugin PluginBrowser
LogPluginManager: Mounting plugin SpeedTreeImporter
LogPluginManager: Mounting plugin DatasmithContent
LogPluginManager: Mounting plugin AlembicImporter
LogPluginManager: Mounting plugin AppleImageUtils
LogPluginManager: Mounting plugin AppleVision
LogPluginManager: Mounting plugin BackChannel
LogPluginManager: Mounting plugin CharacterAI
LogPluginManager: Mounting plugin GeometryCache
LogPluginManager: Mounting plugin HTML5Networking
LogPluginManager: Mounting plugin ProxyLODPlugin
LogPluginManager: Mounting plugin MagicLeap
LogPluginManager: Mounting plugin MagicLeapEmulator
LogPluginManager: Mounting plugin MagicLeapMedia
LogPluginManager: Mounting plugin AndroidMedia
LogPluginManager: Mounting plugin AvfMedia
LogPluginManager: Mounting plugin ImgMedia
LogPluginManager: Mounting plugin LinearTimecode
LogPluginManager: Mounting plugin MediaCompositing
LogPluginManager: Mounting plugin MediaPlayerEditor
LogPluginManager: Mounting plugin WmfMedia
LogPluginManager: Mounting plugin TcpMessaging
LogPluginManager: Mounting plugin UdpMessaging
LogPluginManager: Mounting plugin ActorSequence
LogPluginManager: Mounting plugin LevelSequenceEditor
LogPluginManager: Mounting plugin MatineeToLevelSequence
LogPluginManager: Mounting plugin NetcodeUnitTest
LogPluginManager: Mounting plugin NUTUnrealEngine4
LogPluginManager: Mounting plugin OnlineSubsystemGooglePlay
LogPluginManager: Mounting plugin OnlineSubsystemIOS
LogPluginManager: Mounting plugin OnlineSubsystem
LogPluginManager: Mounting plugin OnlineSubsystemNull
LogPluginManager: Mounting plugin OnlineSubsystemUtils
LogPluginManager: Mounting plugin LauncherChunkInstaller
LogPluginManager: Mounting plugin AndroidDeviceProfileSelector
LogPluginManager: Mounting plugin AndroidMoviePlayer
LogPluginManager: Mounting plugin AndroidPermission
LogPluginManager: Mounting plugin AppleMoviePlayer
LogPluginManager: Mounting plugin ArchVisCharacter
LogPluginManager: Mounting plugin AudioCapture
LogPluginManager: Mounting plugin CableComponent
LogPluginManager: Mounting plugin CustomMeshComponent
LogPluginManager: Mounting plugin EditableMesh
LogPluginManager: Mounting plugin ExampleDeviceProfileSelector
LogPluginManager: Mounting plugin GoogleCloudMessaging
LogPluginManager: Mounting plugin ImmediatePhysics
LogPluginManager: Mounting plugin IOSDeviceProfileSelector
LogPluginManager: Mounting plugin LinuxDeviceProfileSelector
LogPluginManager: Mounting plugin LocationServicesBPLibrary
LogPluginManager: Mounting plugin MobilePatchingUtils
LogPluginManager: Mounting plugin OculusVR
LogPluginManager: Plugin shader directory ../../../Engine/Plugins/Runtime/Oculus/OculusVR/Shaders found
LogPluginManager: Mapping shader source directory ../../../Engine/Plugins/Runtime/Oculus/OculusVR/Shaders to virtual directory /Plugin/OculusVR
LogPluginManager: Mounting plugin PhysXVehicles
LogPluginManager: Mounting plugin ProceduralMeshComponent
LogPluginManager: Mounting plugin RuntimePhysXCooking
LogPluginManager: Mounting plugin SteamVR
LogPluginManager: Mounting plugin WindowsMoviePlayer
LogStreaming: Display: Took  0.136s to configure plugins.
LogInit: Using libcurl 7.55.1-DEV
LogInit:  - built for x86_64-pc-win32
LogInit:  - supports SSL with OpenSSL/1.0.2h
LogInit:  - supports HTTP deflate (compression) using libz 1.2.8
LogInit:  - other features:
LogInit:      CURL_VERSION_SSL
LogInit:      CURL_VERSION_LIBZ
LogInit:      CURL_VERSION_IPV6
LogInit:      CURL_VERSION_ASYNCHDNS
LogInit:      CURL_VERSION_LARGEFILE
LogInit:      CURL_VERSION_IDN
LogInit:  CurlRequestOptions (configurable via config and command line):
LogInit:  - bVerifyPeer = false  - Libcurl will NOT verify peer certificate
LogInit:  - bUseHttpProxy = false  - Libcurl will NOT use HTTP proxy
LogInit:  - bDontReuseConnections = false  - Libcurl will reuse connections
LogInit:  - CertBundlePath = nullptr  - Libcurl will use whatever was configured at build time.
LogInit:  - MaxHostConnections = 16  - Libcurl will limit the number of connections to a host
LogInit:  - LocalHostAddr = Default
LogInit:  - BufferSize = 65536
LogInit: WinSock: version 1.1 (2.2), MaxSocks=32767, MaxUdp=65467
LogInit: Build: ++UE4+Release-4.20-CL-4369336
LogInit: Engine Version: 4.20.3-4369336+++UE4+Release-4.20
LogInit: Compatible Engine Version: 4.20.0-4212847+++UE4+Release-4.20
LogInit: Net CL: 4212847
LogInit: OS: Windows 10 (), CPU: Intel(R) Core(TM) i7-4770 CPU @ 3.40GHz, GPU: NVIDIA GeForce GTX 1070
LogInit: Compiled (64-bit): Sep 17 2018 12:26:19
LogInit: Compiled with Visual C++: 19.13.26129.00
LogInit: Build Configuration: Development
LogInit: Branch Name: ++UE4+Release-4.20
LogInit: Command Line:  
LogInit: Base Directory: C:/Program Files/Epic Games/UE_4.20/Engine/Binaries/Win64/
LogInit: Installed Engine Build: 1
LogDevObjectVersion: Number of dev versions registered: 20
LogDevObjectVersion:   Dev-Blueprints (B0D832E4-1F89-4F0D-ACCF-7EB736FD4AA2): 10
LogDevObjectVersion:   Dev-Build (E1C64328-A22C-4D53-A36C-8E866417BD8C): 0
LogDevObjectVersion:   Dev-Core (375EC13C-06E4-48FB-B500-84F0262A717E): 2
LogDevObjectVersion:   Dev-Editor (E4B068ED-F494-42E9-A231-DA0B2E46BB41): 24
LogDevObjectVersion:   Dev-Framework (CFFC743F-43B0-4480-9391-14DF171D2073): 34
LogDevObjectVersion:   Dev-Mobile (B02B49B5-BB20-44E9-A304-32B752E40360): 2
LogDevObjectVersion:   Dev-Networking (A4E4105C-59A1-49B5-A7C5-40C4547EDFEE): 0
LogDevObjectVersion:   Dev-Online (39C831C9-5AE6-47DC-9A44-9C173E1C8E7C): 0
LogDevObjectVersion:   Dev-Physics (78F01B33-EBEA-4F98-B9B4-84EACCB95AA2): 0
LogDevObjectVersion:   Dev-Platform (6631380F-2D4D-43E0-8009-CF276956A95A): 0
LogDevObjectVersion:   Dev-Rendering (12F88B9F-8875-4AFC-A67C-D90C383ABD29): 26
LogDevObjectVersion:   Dev-Sequencer (7B5AE74C-D270-4C10-A958-57980B212A5A): 9
LogDevObjectVersion:   Dev-VR (D7296918-1DD6-4BDD-9DE2-64A83CC13884): 2
LogDevObjectVersion:   Dev-LoadTimes (C2A15278-BFE7-4AFE-6C17-90FF531DF755): 1
LogDevObjectVersion:   Private-Geometry (6EACA3D4-40EC-4CC1-B786-8BED09428FC5): 3
LogDevObjectVersion:   Dev-AnimPhys (29E575DD-E0A3-4627-9D10-D276232CDCEA): 17
LogDevObjectVersion:   Dev-ReflectionCapture (6B266CEC-1EC7-4B8F-A30B-E4D90942FC07): 1
LogDevObjectVersion:   Dev-Automation (0DF73D61-A23F-47EA-B727-89E90C41499A): 1
LogDevObjectVersion:   FortniteMain (601D1886-AC64-4F84-AA16-D3DE0DEAC7D6): 12
LogDevObjectVersion:   Dev-Enterprise (9DFFBCD6-494F-0158-E221-12823C92A888): 1
LogStreaming: Display: Took  0.001s to delete old logs.
LogInit: Presizing for max 8388607 objects, including 0 objects not considered by GC, pre-allocating 0 bytes for permanent pool.
LogInit: Object subsystem initialized
[2018.11.29-17.26.15:697][  0]LogInit: Selected Device Profile: [Windows]
[2018.11.29-17.26.15:697][  0]LogInit: Applying CVar settings loaded from the selected device profile: [Windows]
[2018.11.29-17.26.15:715][  0]LogHAL: Display: Platform has ~ 32 GB [34295070720 / 34359738368 / 32], which maps to Largest [LargestMinGB=32, LargerMinGB=12, DefaultMinGB=8, SmallerMinGB=6, SmallestMinGB=0)
[2018.11.29-17.26.15:715][  0]LogInit: Setting Device Profile CVar: [[r.Vulkan.UseRealUBs:1]]
[2018.11.29-17.26.15:715][  0]LogInit: Going up to parent DeviceProfile []
[2018.11.29-17.26.15:715][  0]LogInit: Computer: eae-d-101
[2018.11.29-17.26.15:715][  0]LogInit: User: u0800347
[2018.11.29-17.26.15:715][  0]LogInit: CPU Page size=4096, Cores=4
[2018.11.29-17.26.15:715][  0]LogInit: High frequency timer resolution =3.318388 MHz
[2018.11.29-17.26.15:716][  0]LogMemory: Memory total: Physical=31.9GB (32GB approx)
[2018.11.29-17.26.15:716][  0]LogMemory: Platform Memory Stats for Windows
[2018.11.29-17.26.15:716][  0]LogMemory: Process Physical Memory: 100.47 MB used, 100.47 MB peak
[2018.11.29-17.26.15:716][  0]LogMemory: Process Virtual Memory: 90.92 MB used, 90.92 MB peak
[2018.11.29-17.26.15:716][  0]LogMemory: Physical Memory: 11909.46 MB used,  20796.86 MB free, 32706.33 MB total
[2018.11.29-17.26.15:716][  0]LogMemory: Virtual Memory: 4640.32 MB used,  20796.86 MB free, 134217728.00 MB total
[2018.11.29-17.26.15:745][  0]LogInit: Using OS detected language (en-US).
[2018.11.29-17.26.15:745][  0]LogInit: Using OS detected locale (en-US).
[2018.11.29-17.26.15:746][  0]LogTextLocalizationManager: No specific localization for 'en-US' exists, so the 'en' localization will be used.
[2018.11.29-17.26.16:133][  0]LogStreaming: Display: Took  0.387s to InitEngineTextLocalization.
[2018.11.29-17.26.16:133][  0]LogInit: Setting process to per monitor DPI aware
[2018.11.29-17.26.16:189][  0]LogSlate: New Slate User Created.  User Index 0, Is Virtual User: 0
[2018.11.29-17.26.16:189][  0]LogSlate: Slate User Registered.  User Index 0, Is Virtual User: 0
[2018.11.29-17.26.16:415][  0]LogHMD: Failed to initialize OpenVR with code 110
[2018.11.29-17.26.16:415][  0]LogD3D11RHI: D3D11 adapters:
[2018.11.29-17.26.16:475][  0]LogD3D11RHI:    0. 'NVIDIA GeForce GTX 1070' (Feature Level 11_0)
[2018.11.29-17.26.16:475][  0]LogD3D11RHI:       8088/0/16353 MB DedicatedVideo/DedicatedSystem/SharedSystem, Outputs:2, VendorId:0x10de
[2018.11.29-17.26.16:478][  0]LogD3D11RHI:    1. 'Microsoft Basic Render Driver' (Feature Level 11_0)
[2018.11.29-17.26.16:478][  0]LogD3D11RHI:       0/0/16353 MB DedicatedVideo/DedicatedSystem/SharedSystem, Outputs:0, VendorId:0x1414
[2018.11.29-17.26.16:478][  0]LogD3D11RHI: Chosen D3D11 Adapter: 0
[2018.11.29-17.26.16:489][  0]LogD3D11RHI: Creating new Direct3DDevice
[2018.11.29-17.26.16:489][  0]LogD3D11RHI:     GPU DeviceId: 0x1b81 (for the marketing name, search the web for "GPU Device Id")
[2018.11.29-17.26.16:489][  0]LogWindows: EnumDisplayDevices:
[2018.11.29-17.26.16:489][  0]LogWindows:    0. 'NVIDIA GeForce GTX 1070' (P:1 D:1)
[2018.11.29-17.26.16:490][  0]LogWindows:    1. 'NVIDIA GeForce GTX 1070' (P:0 D:1)
[2018.11.29-17.26.16:490][  0]LogWindows:    2. 'NVIDIA GeForce GTX 1070' (P:0 D:0)
[2018.11.29-17.26.16:490][  0]LogWindows:    3. 'NVIDIA GeForce GTX 1070' (P:0 D:0)
[2018.11.29-17.26.16:491][  0]LogWindows: DebugString: FoundDriverCount:4 
[2018.11.29-17.26.16:491][  0]LogD3D11RHI:     Adapter Name: NVIDIA GeForce GTX 1070
[2018.11.29-17.26.16:491][  0]LogD3D11RHI:   Driver Version: 398.36 (internal:24.21.13.9836, unified:398.36)
[2018.11.29-17.26.16:491][  0]LogD3D11RHI:      Driver Date: 6-24-2018
[2018.11.29-17.26.16:491][  0]LogRHI: Texture pool is 5661 MB (70% of 8088 MB)
[2018.11.29-17.26.16:538][  0]LogD3D11RHI: Async texture creation enabled
[2018.11.29-17.26.16:557][  0]LogD3D11RHI: GPU Timing Frequency: 1000.000000 (Debug: 2 2)
[2018.11.29-17.26.16:649][  0]LogShaderCompilers: Guid format shader working directory is -29 characters bigger than the processId version (../../../../../../Users/u0800347/Documents/GitHub/Mansion_Environment/Mansion/Intermediate/Shaders/WorkingDirectory/16380/).
[2018.11.29-17.26.16:649][  0]LogShaderCompilers: Cleaned the shader compiler working directory 'C:/Users/u0800347/AppData/Local/Temp/UnrealShaderWorkingDir/CF98A8B343C9E81E03E3A681AA638189/'.
[2018.11.29-17.26.17:004][  0]LogTemp: Display: Loaded TP AllDesktopTargetPlatform
[2018.11.29-17.26.17:019][  0]LogTemp: Display: Loaded TP MacClientTargetPlatform
[2018.11.29-17.26.17:033][  0]LogTemp: Display: Loaded TP MacNoEditorTargetPlatform
[2018.11.29-17.26.17:049][  0]LogTemp: Display: Loaded TP MacServerTargetPlatform
[2018.11.29-17.26.17:064][  0]LogTemp: Display: Loaded TP MacTargetPlatform
[2018.11.29-17.26.17:079][  0]LogTemp: Display: Loaded TP WindowsClientTargetPlatform
[2018.11.29-17.26.17:094][  0]LogTemp: Display: Loaded TP WindowsNoEditorTargetPlatform
[2018.11.29-17.26.17:109][  0]LogTemp: Display: Loaded TP WindowsServerTargetPlatform
[2018.11.29-17.26.17:118][  0]LogTemp: Display: Loaded TP WindowsTargetPlatform
[2018.11.29-17.26.17:198][  0]LogTemp: Display: Loaded TP AndroidTargetPlatform
[2018.11.29-17.26.17:198][  0]LogTemp: Display: Loaded TP AndroidTargetPlatform
[2018.11.29-17.26.17:198][  0]LogTemp: Display: Loaded TP AndroidTargetPlatform
[2018.11.29-17.26.17:198][  0]LogTemp: Display: Loaded TP AndroidTargetPlatform
[2018.11.29-17.26.17:198][  0]LogTemp: Display: Loaded TP AndroidTargetPlatform
[2018.11.29-17.26.17:198][  0]LogTemp: Display: Loaded TP AndroidTargetPlatform
[2018.11.29-17.26.17:198][  0]LogTemp: Display: Loaded TP AndroidTargetPlatform
[2018.11.29-17.26.17:198][  0]LogTemp: Display: Loaded TP AndroidTargetPlatform
[2018.11.29-17.26.17:198][  0]LogTemp: Display: Loaded TP AndroidTargetPlatform
[2018.11.29-17.26.17:198][  0]LogTemp: Display: Loaded TP AndroidTargetPlatform
[2018.11.29-17.26.17:198][  0]LogTemp: Display: Loaded TP AndroidTargetPlatform
[2018.11.29-17.26.17:198][  0]LogTemp: Display: Loaded TP AndroidTargetPlatform
[2018.11.29-17.26.17:198][  0]LogTemp: Display: Loaded TP AndroidTargetPlatform
[2018.11.29-17.26.17:198][  0]LogTemp: Display: Loaded TP AndroidTargetPlatform
[2018.11.29-17.26.17:198][  0]LogTemp: Display: Loaded TP AndroidTargetPlatform
[2018.11.29-17.26.17:198][  0]LogTemp: Display: Loaded TP AndroidTargetPlatform
[2018.11.29-17.26.17:198][  0]LogTemp: Display: Loaded TP AndroidTargetPlatform
[2018.11.29-17.26.17:198][  0]LogTemp: Display: Loaded TP AndroidTargetPlatform
[2018.11.29-17.26.17:200][  0]LogTemp: Display: Loaded TP HTML5TargetPlatform
[2018.11.29-17.26.17:264][  0]LogTemp: Display: Loaded TP IOSTargetPlatform
[2018.11.29-17.26.17:264][  0]LogTemp: Display: Loaded TP IOSTargetPlatform
[2018.11.29-17.26.17:288][  0]LogTemp: Display: Loaded TP TVOSTargetPlatform
[2018.11.29-17.26.17:288][  0]LogTemp: Display: Loaded TP TVOSTargetPlatform
[2018.11.29-17.26.17:301][  0]LogTemp: Display: Loaded TP LinuxClientTargetPlatform
[2018.11.29-17.26.17:314][  0]LogTemp: Display: Loaded TP LinuxNoEditorTargetPlatform
[2018.11.29-17.26.17:328][  0]LogTemp: Display: Loaded TP LinuxServerTargetPlatform
[2018.11.29-17.26.17:341][  0]LogTemp: Display: Loaded TP LinuxTargetPlatform
[2018.11.29-17.26.17:351][  0]LogTemp: Display: Loaded TP LuminTargetPlatform
[2018.11.29-17.26.17:351][  0]LogTargetPlatformManager: Display: Building Assets For Windows
[2018.11.29-17.26.17:443][  0]LogXGEController: Cleaning working directory: C:/Users/u0800347/AppData/Local/Temp/UnrealXGEWorkingDir/
[2018.11.29-17.26.17:443][  0]LogXGEController: Cannot use XGE Controller as Incredibuild is not installed on this machine.
[2018.11.29-17.26.17:443][  0]LogShaderCompilers: Cannot use XGE Shader Compiler as Incredibuild is not installed on this machine.
[2018.11.29-17.26.17:443][  0]LogShaderCompilers: Display: Using Local Shader Compiler.
[2018.11.29-17.26.18:218][  0]LogDerivedDataCache: Display: Max Cache Size: 512 MB
[2018.11.29-17.26.18:315][  0]LogDerivedDataCache: Loaded boot cache 0.10s 71MB C:/Users/u0800347/AppData/Local/UnrealEngine/4.20/DerivedDataCache/Boot.ddc.
[2018.11.29-17.26.18:317][  0]LogDerivedDataCache: Display: Loaded Boot cache: C:/Users/u0800347/AppData/Local/UnrealEngine/4.20/DerivedDataCache/Boot.ddc
[2018.11.29-17.26.18:317][  0]LogDerivedDataCache: FDerivedDataBackendGraph:  Pak pak cache file ../../../../../../Users/u0800347/Documents/GitHub/Mansion_Environment/Mansion/DerivedDataCache/DDC.ddp not found, will not use a pak cache.
[2018.11.29-17.26.18:317][  0]LogDerivedDataCache: Unable to find inner node Pak for hierarchical cache Hierarchy.
[2018.11.29-17.26.18:317][  0]LogDerivedDataCache: FDerivedDataBackendGraph:  CompressedPak pak cache file ../../../../../../Users/u0800347/Documents/GitHub/Mansion_Environment/Mansion/DerivedDataCache/Compressed.ddp not found, will not use a pak cache.
[2018.11.29-17.26.18:317][  0]LogDerivedDataCache: Unable to find inner node CompressedPak for hierarchical cache Hierarchy.
[2018.11.29-17.26.18:330][  0]LogDerivedDataCache: Display: Pak cache opened for reading ../../../Engine/DerivedDataCache/Compressed.ddp.
[2018.11.29-17.26.18:343][  0]LogDerivedDataCache: Using Local data cache path C:/Users/u0800347/AppData/Local/UnrealEngine/Common/DerivedDataCache: Writable
[2018.11.29-17.26.18:343][  0]LogDerivedDataCache: Shared data cache path not found in *engine.ini, will not use an Shared cache.
[2018.11.29-17.26.18:343][  0]LogDerivedDataCache: Unable to find inner node Shared for hierarchical cache Hierarchy.
[2018.11.29-17.26.18:364][  0]LogMaterial: Verifying Global Shaders for PCD3D_SM5
[2018.11.29-17.26.18:366][  0]LogSlate: Using FreeType 2.6.0
[2018.11.29-17.26.18:366][  0]LogSlate: SlateFontServices - WITH_FREETYPE: 1, WITH_HARFBUZZ: 1
[2018.11.29-17.26.18:447][  0]LogAssetRegistry: FAssetRegistry took 0.0266 seconds to start up
[2018.11.29-17.26.18:794][  0]LogInit: Selected Device Profile: [Windows]
[2018.11.29-17.26.18:938][  0]LogSimplygon: Simplygon DLL not present - disabling.
[2018.11.29-17.26.18:944][  0]LogMeshReduction: Using SimplygonSwarm for distributed automatic mesh merging
[2018.11.29-17.26.18:944][  0]LogMeshReduction: Using ProxyLODMeshReduction for automatic mesh merging
[2018.11.29-17.26.18:944][  0]LogMeshReduction: Using QuadricMeshReduction for automatic static mesh reduction
[2018.11.29-17.26.18:944][  0]LogMeshReduction: No automatic skeletal mesh reduction module available
[2018.11.29-17.26.18:971][  0]LogNetVersion: Mansion 1.0.0, NetCL: 4212847, EngineNetVer: 5, GameNetVer: 0 (Checksum: 1776648947)
[2018.11.29-17.26.19:576][  0]LogPackageLocalizationCache: Processed 11 localized package path(s) for 2 prioritized culture(s) in 0.133385 seconds
[2018.11.29-17.26.19:584][  0]LogUObjectArray: 38425 objects as part of root set at end of initial load.
[2018.11.29-17.26.19:584][  0]LogUObjectAllocator: 6690864 out of 0 bytes used by permanent object pool.
[2018.11.29-17.26.19:584][  0]LogUObjectArray: CloseDisregardForGC: 0/0 objects in disregard for GC pool
[2018.11.29-17.26.20:539][  0]LogTcpMessaging: Initializing TcpMessaging bridge
[2018.11.29-17.26.20:553][  0]LogUdpMessaging: Initializing bridge on interface 0.0.0.0:0 to multicast group 230.0.0.1:6666.
[2018.11.29-17.26.20:714][  0]SourceControl: Source control is disabled
[2018.11.29-17.26.20:714][  0]SourceControl: Source control is disabled
[2018.11.29-17.26.20:717][  0]SourceControl: Source control is disabled
[2018.11.29-17.26.20:718][  0]SourceControl: Source control is disabled
[2018.11.29-17.26.20:895][  0]LogAndroidPermission: UAndroidPermissionCallbackProxy::GetInstance
[2018.11.29-17.26.21:011][  0]LogOcInput: OculusInput pre-init called
[2018.11.29-17.26.21:076][  0]LogEngine: Initializing Engine...
[2018.11.29-17.26.21:077][  0]LogHMD: Failed to initialize OpenVR with code 110
[2018.11.29-17.26.21:078][  0]LogStats: UGameplayTagsManager::ConstructGameplayTagTree: ImportINI prefixes -  0.000 s
[2018.11.29-17.26.21:078][  0]LogStats: UGameplayTagsManager::ConstructGameplayTagTree: Construct from data asset -  0.000 s
[2018.11.29-17.26.21:078][  0]LogStats: UGameplayTagsManager::ConstructGameplayTagTree: ImportINI -  0.000 s
[2018.11.29-17.26.21:078][  0]LogStats: UGameplayTagsManager::ConstructGameplayTagTree: GameplayTagTreeChangedEvent.Broadcast -  0.000 s
[2018.11.29-17.26.21:400][  0]LogInit: Initializing FReadOnlyCVARCache
[2018.11.29-17.26.21:419][  0]LogAIModule: Creating AISystem for world Untitled
[2018.11.29-17.26.21:459][  0]LogInit: XAudio2 using 'Digital Audio (S/PDIF) (High Definition Audio Device)' : 2 channels at 48 kHz using 16 bits per sample (channel mask 0x3)
[2018.11.29-17.26.21:491][  0]LogInit: FAudioDevice initialized.
[2018.11.29-17.26.21:491][  0]LogNetVersion: Set ProjectVersion to 1.0.0.0. Version Checksum will be recalculated on next use.
[2018.11.29-17.26.21:592][  0]LogDerivedDataCache: Saved boot cache 0.10s 71MB C:/Users/u0800347/AppData/Local/UnrealEngine/4.20/DerivedDataCache/Boot.ddc.
[2018.11.29-17.26.21:596][  0]LogInit: Texture streaming: Enabled
[2018.11.29-17.26.21:621][  0]LogEngineSessionManager: EngineSessionManager initialized
[2018.11.29-17.26.21:644][  0]LogInit: Transaction tracking system initialized
[2018.11.29-17.26.21:683][  0]BlueprintLog: New page: Editor Load
[2018.11.29-17.26.21:801][  0]LocalizationService: Localization service is disabled
[2018.11.29-17.26.22:104][  0]LogCook: Display: Max memory allowance for cook 16384mb min free memory 0mb
[2018.11.29-17.26.22:104][  0]LogCook: Display: Mobile HDR setting 1
[2018.11.29-17.26.22:104][  0]LogGameplayTags: Display: UGameplayTagsManager::DoneAddingNativeTags. DelegateIsBound: 0
[2018.11.29-17.26.22:104][  0]LogStats: UGameplayTagsManager::ConstructGameplayTagTree: ImportINI prefixes -  0.000 s
[2018.11.29-17.26.22:104][  0]LogStats: UGameplayTagsManager::ConstructGameplayTagTree: Construct from data asset -  0.000 s
[2018.11.29-17.26.22:104][  0]LogStats: UGameplayTagsManager::ConstructGameplayTagTree: ImportINI -  0.000 s
[2018.11.29-17.26.22:104][  0]LogStats: UGameplayTagsManager::ConstructGameplayTagTree: GameplayTagTreeChangedEvent.Broadcast -  0.000 s
[2018.11.29-17.26.22:264][  0]LogFileCache: Scanning file cache for directory 'C:/Users/u0800347/Documents/GitHub/Mansion_Environment/Mansion/Content/' took 0.02s
[2018.11.29-17.26.22:264][  0]SourceControl: Source control is disabled
[2018.11.29-17.26.22:265][  0]Cmd: MAP LOAD FILE="../../../../../../Users/u0800347/Documents/GitHub/Mansion_Environment/Mansion/Content/StarterContent/Maps/Minimal_Default.umap" TEMPLATE=0 SHOWPROGRESS=1 FEATURELEVEL=3
[2018.11.29-17.26.22:265][  0]LightingResults: New page: Lighting Build
[2018.11.29-17.26.22:270][  0]MapCheck: New page: Map Check
[2018.11.29-17.26.22:270][  0]LightingResults: New page: Lighting Build
[2018.11.29-17.26.22:505][  0]LogLinker: Warning: Can't find file '/Game/Models/Props/None'
[2018.11.29-17.26.22:506][  0]LogLinker: Warning: Can't find file for asset '/Game/Models/Props/None' while loading ../../../../../../Users/u0800347/Documents/GitHub/Mansion_Environment/Mansion/Content/Models/Props/Lamp.uasset.
[2018.11.29-17.26.22:506][  0]LoadErrors: Error: /Game/Models/Props/Lamp : Can't find file for asset. /Game/Models/Props/None
[2018.11.29-17.26.22:506][  0]LogLinker: Warning: Can't find file '/Game/Models/Props/None'
[2018.11.29-17.26.22:506][  0]LogLinker: Warning: Can't find file for asset '/Game/Models/Props/None' while loading ../../../../../../Users/u0800347/Documents/GitHub/Mansion_Environment/Mansion/Content/Models/Props/Lamp.uasset.
[2018.11.29-17.26.22:506][  0]LoadErrors: Error: /Game/Models/Props/Lamp : Can't find file for asset. /Game/Models/Props/None
[2018.11.29-17.26.22:521][  0]LogLinker: Warning: Can't find file '/Game/Models/Props/None'
[2018.11.29-17.26.22:521][  0]LogLinker: Warning: Can't find file for asset '/Game/Models/Props/None' while loading ../../../../../../Users/u0800347/Documents/GitHub/Mansion_Environment/Mansion/Content/Models/Props/SpiderWeb.uasset.
[2018.11.29-17.26.22:521][  0]LoadErrors: Error: /Game/Models/Props/SpiderWeb : Can't find file for asset. /Game/Models/Props/None
[2018.11.29-17.26.22:521][  0]LogLinker: Warning: Can't find file '/Game/Models/Props/None'
[2018.11.29-17.26.22:521][  0]LogLinker: Warning: Can't find file for asset '/Game/Models/Props/None' while loading ../../../../../../Users/u0800347/Documents/GitHub/Mansion_Environment/Mansion/Content/Models/Props/SpiderWeb.uasset.
[2018.11.29-17.26.22:521][  0]LoadErrors: Error: /Game/Models/Props/SpiderWeb : Can't find file for asset. /Game/Models/Props/None
[2018.11.29-17.26.22:529][  0]LogLinker: Warning: Can't find file '/Game/Models/Props/None'
[2018.11.29-17.26.22:529][  0]LogLinker: Warning: Can't find file for asset '/Game/Models/Props/None' while loading ../../../../../../Users/u0800347/Documents/GitHub/Mansion_Environment/Mansion/Content/Models/Props/UmbrellaStand.uasset.
[2018.11.29-17.26.22:529][  0]LoadErrors: Error: /Game/Models/Props/UmbrellaStand : Can't find file for asset. /Game/Models/Props/None
[2018.11.29-17.26.22:530][  0]LogLinker: Warning: Can't find file '/Game/Models/Props/None'
[2018.11.29-17.26.22:530][  0]LogLinker: Warning: Can't find file for asset '/Game/Models/Props/None' while loading ../../../../../../Users/u0800347/Documents/GitHub/Mansion_Environment/Mansion/Content/Models/Props/UmbrellaStand.uasset.
[2018.11.29-17.26.22:530][  0]LoadErrors: Error: /Game/Models/Props/UmbrellaStand : Can't find file for asset. /Game/Models/Props/None
[2018.11.29-17.26.22:596][  0]LogLinker: Warning: Can't find file '/Game/Models/Props/None'
[2018.11.29-17.26.22:596][  0]LoadErrors: Failed to load /Game/Models/Props/None.Material_0 Referenced by UmbrellaStand
[2018.11.29-17.26.22:597][  0]LogLinker: Warning: Can't find file for asset '/Game/Models/Props/None' while loading NULL.
[2018.11.29-17.26.22:597][  0]LoadErrors: Failed to load /Game/Models/Props/None.Material_0 Referenced by UmbrellaStand
[2018.11.29-17.26.22:597][  0]LogLinker: Warning: Can't find file '/Game/Models/Props/None'
[2018.11.29-17.26.22:597][  0]LoadErrors: Failed to load /Game/Models/Props/None.Material_0 Referenced by UmbrellaStand
[2018.11.29-17.26.22:597][  0]LogLinker: Warning: Can't find file for asset '/Game/Models/Props/None' while loading NULL.
[2018.11.29-17.26.22:597][  0]LoadErrors: Failed to load /Game/Models/Props/None.Material_0 Referenced by UmbrellaStand
[2018.11.29-17.26.22:599][  0]LogLinker: Warning: Can't find file '/Game/Models/Props/None'
[2018.11.29-17.26.22:599][  0]LoadErrors: Failed to load /Game/Models/Props/None.Material_1 Referenced by SpiderWeb
[2018.11.29-17.26.22:599][  0]LogLinker: Warning: Can't find file for asset '/Game/Models/Props/None' while loading NULL.
[2018.11.29-17.26.22:599][  0]LoadErrors: Failed to load /Game/Models/Props/None.Material_1 Referenced by SpiderWeb
[2018.11.29-17.26.22:599][  0]LogLinker: Warning: Can't find file '/Game/Models/Props/None'
[2018.11.29-17.26.22:599][  0]LoadErrors: Failed to load /Game/Models/Props/None.Material_1 Referenced by SpiderWeb
[2018.11.29-17.26.22:600][  0]LogLinker: Warning: Can't find file for asset '/Game/Models/Props/None' while loading NULL.
[2018.11.29-17.26.22:600][  0]LoadErrors: Failed to load /Game/Models/Props/None.Material_1 Referenced by SpiderWeb
[2018.11.29-17.26.22:601][  0]LogLinker: Warning: Can't find file '/Game/Models/Props/None'
[2018.11.29-17.26.22:601][  0]LoadErrors: Failed to load /Game/Models/Props/None.Material_0 Referenced by Lamp
[2018.11.29-17.26.22:602][  0]LogLinker: Warning: Can't find file for asset '/Game/Models/Props/None' while loading NULL.
[2018.11.29-17.26.22:602][  0]LoadErrors: Failed to load /Game/Models/Props/None.Material_0 Referenced by Lamp
[2018.11.29-17.26.22:602][  0]LogLinker: Warning: Can't find file '/Game/Models/Props/None'
[2018.11.29-17.26.22:602][  0]LoadErrors: Failed to load /Game/Models/Props/None.Material_0 Referenced by Lamp
[2018.11.29-17.26.22:602][  0]LogLinker: Warning: Can't find file for asset '/Game/Models/Props/None' while loading NULL.
[2018.11.29-17.26.22:602][  0]LoadErrors: Failed to load /Game/Models/Props/None.Material_0 Referenced by Lamp
[2018.11.29-17.26.22:998][  0]LogMaterial: Display: Missing cached shader map for material defaultMat, compiling. 
[2018.11.29-17.26.23:046][  0]LogStaticMesh: Building static mesh Bounce_Cube...
[2018.11.29-17.26.23:052][  0]LogStaticMesh: Built static mesh [0.01s] /Game/Models/Bounce_Cube.Bounce_Cube
[2018.11.29-17.26.23:147][  0]LogShaderCompilers: Display: Shaders left to compile 22
[2018.11.29-17.26.23:148][  0]LogShaderCompilers: Display: Shaders left to compile 12
[2018.11.29-17.26.23:148][  0]LogShaderCompilers: Display: Shaders left to compile 2
[2018.11.29-17.26.23:418][  0]LogAIModule: Creating AISystem for world Minimal_Default
[2018.11.29-17.26.23:436][  0]LogEditorServer: Finished looking for orphan Actors (0.000 secs)
[2018.11.29-17.26.23:466][  0]Cmd: MAP CHECKDEP NOCLEARLOG
[2018.11.29-17.26.23:616][  0]MapCheck: Map check complete: 0 Error(s), 0 Warning(s), took 149.869ms to complete.
[2018.11.29-17.26.23:616][  0]LogFileHelpers: Loading map 'Minimal_Default' took 1.351
[2018.11.29-17.26.23:780][  0]LogSlate: Updating window title bar state: overlay mode, drag disabled, window buttons hidden, title bar hidden
[2018.11.29-17.26.23:791][  0]LogSlate: Updating window title bar state: overlay mode, drag disabled, window buttons hidden, title bar hidden
[2018.11.29-17.26.23:800][  0]LogSlate: Updating window title bar state: overlay mode, drag disabled, window buttons hidden, title bar hidden
[2018.11.29-17.26.23:808][  0]LogSlate: Updating window title bar state: overlay mode, drag disabled, window buttons hidden, title bar hidden
[2018.11.29-17.26.23:819][  0]LogCollectionManager: Loaded 0 collections in 0.004043 seconds
[2018.11.29-17.26.23:875][  0]LogFileCache: Scanning file cache for directory 'C:/Users/u0800347/Documents/GitHub/Mansion_Environment/Mansion/Saved/Collections/' took 0.01s
[2018.11.29-17.26.23:875][  0]LogFileCache: Scanning file cache for directory 'C:/Users/u0800347/Documents/GitHub/Mansion_Environment/Mansion/Content/Developers/u0800347/Collections/' took 0.01s
[2018.11.29-17.26.23:875][  0]LogFileCache: Scanning file cache for directory 'C:/Users/u0800347/Documents/GitHub/Mansion_Environment/Mansion/Content/Collections/' took 0.01s
[2018.11.29-17.26.23:875][  0]LogCollectionManager: Rebuilt the GUID cache for 0 collections in 0.000000 seconds
[2018.11.29-17.26.23:888][  0]LogContentBrowser: Native class hierarchy populated in 0.0124 seconds. Added 2572 classes and 603 folders.
[2018.11.29-17.26.23:900][  0]LogContentBrowser: Native class hierarchy updated for 'WidgetCarousel' in 0.0003 seconds. Added 0 classes and 0 folders.
[2018.11.29-17.26.23:972][  0]LogContentBrowser: Native class hierarchy updated for 'AddContentDialog' in 0.0003 seconds. Added 0 classes and 0 folders.
[2018.11.29-17.26.23:982][  0]LogContentBrowser: Native class hierarchy updated for 'SceneOutliner' in 0.0005 seconds. Added 1 classes and 2 folders.
[2018.11.29-17.26.23:998][  0]LogSlate: Took 0.000313 seconds to synchronously load lazily loaded font '../../../Engine/Content/Slate/Fonts/Roboto-Regular.ttf' (155K)
[2018.11.29-17.26.24:001][  0]LogSlate: Took 0.000253 seconds to synchronously load lazily loaded font '../../../Engine/Content/Slate/Fonts/Roboto-Bold.ttf' (160K)
[2018.11.29-17.26.24:009][  0]LogSlate: Took 0.000226 seconds to synchronously load lazily loaded font '../../../Engine/Content/Editor/Slate/Fonts/FontAwesome.ttf' (139K)
[2018.11.29-17.26.24:112][  0]LogRenderer: Reallocating scene render targets to support 1208x540 Format 10 NumSamples 1 (Frame:1).
[2018.11.29-17.26.24:201][  0]LogSlate: Took 0.000233 seconds to synchronously load lazily loaded font '../../../Engine/Content/Slate/Fonts/Roboto-Light.ttf' (167K)
[2018.11.29-17.26.24:351][  0]LogContentBrowser: Native class hierarchy updated for 'HierarchicalLODOutliner' in 0.0004 seconds. Added 0 classes and 0 folders.
[2018.11.29-17.26.24:351][  0]LogLoad: (Engine Initialization) Total time: 11.04 seconds
[2018.11.29-17.26.24:351][  0]LogLoad: (Engine Initialization) Total Blueprint compile time: 0.00 seconds
[2018.11.29-17.26.24:362][  0]LogWindowsTextInputMethodSystem: Display: IME system now deactivated.
[2018.11.29-17.26.24:388][  0]LogContentStreaming: Texture pool size now 1000 MB
[2018.11.29-17.26.24:402][  0]LogSlate: FSceneViewport::OnFocusLost() reason 2
[2018.11.29-17.26.24:553][  2]LogAssetRegistry: Asset discovery search completed in 6.1283 seconds
[2018.11.29-17.26.24:556][  2]LogCollectionManager: Rebuilt the object cache for 0 collections in 0.000001 seconds (found 0 objects)
[2018.11.29-17.26.24:556][  2]LogCollectionManager: Fixed up redirectors for 0 collections in 0.000096 seconds (updated 0 objects)
[2018.11.29-17.26.25:437][ 75]LogSlate: Took 0.000361 seconds to synchronously load lazily loaded font '../../../Engine/Content/Slate/Fonts/Roboto-Light.ttf' (167K)
[2018.11.29-17.26.27:454][275]LogSlate: Window 'Message Log' being destroyed
[2018.11.29-17.26.27:458][275]LogSlate: Window 'Message Log' being destroyed
[2018.11.29-17.26.28:939][449]LogSlate: FSceneViewport::OnFocusLost() reason 2
[2018.11.29-17.26.37:270][438]LogSlate: FSceneViewport::OnFocusLost() reason 2
[2018.11.29-17.26.37:467][459]LogSlate: FSceneViewport::OnFocusLost() reason 2
[2018.11.29-17.26.39:403][648]LogSlate: Took 0.000224 seconds to synchronously load lazily loaded font '../../../Engine/Content/Slate/Fonts/Roboto-BoldCondensed.ttf' (158K)
[2018.11.29-17.28.21:334][336]LogEditorViewport: Clicking on Actor (LMB): DirectionalLight (DirectionalLight2)
[2018.11.29-17.28.26:502][946]LogSlate: FSceneViewport::OnFocusLost() reason 0
[2018.11.29-17.28.49:053][637]LogEditorViewport: Clicking on Actor (LMB): StaticMeshActor (Bounce_Cube)
[2018.11.29-17.28.50:623][813]LogSlate: FSceneViewport::OnFocusLost() reason 0
[2018.11.29-17.28.50:806][832]LogAssetEditorManager: Opening Asset editor for Material /Game/Models/defaultMat.defaultMat
[2018.11.29-17.28.50:810][832]LogMaterial: Display: Missing cached shader map for material defaultMat, compiling. 
[2018.11.29-17.28.51:130][832]LogMaterial: Display: Missing cached shader map for material defaultMat, compiling. 
[2018.11.29-17.28.51:143][832]LogMaterial: Display: Missing cached shader map for material defaultMat, compiling. 
[2018.11.29-17.28.51:172][832]LogShaderCompilers: Display: Shaders left to compile 21
[2018.11.29-17.28.51:172][832]LogShaderCompilers: Display: Shaders left to compile 20
[2018.11.29-17.28.51:172][832]LogShaderCompilers: Display: Shaders left to compile 19
[2018.11.29-17.28.51:172][832]LogShaderCompilers: Display: Shaders left to compile 18
[2018.11.29-17.28.51:185][832]LogMaterial: Display: Missing cached shader map for material FMatExpressionPreview MaterialExpressionVectorParameter_0, compiling. 
[2018.11.29-17.28.51:414][833]LogSlate: Took 0.000272 seconds to synchronously load lazily loaded font '../../../Engine/Content/Slate/Fonts/Roboto-Italic.ttf' (157K)
[2018.11.29-17.28.51:890][858]LogShaderCompilers: Display: Shaders left to compile 19
[2018.11.29-17.28.51:930][860]LogShaderCompilers: Display: Shaders left to compile 18
[2018.11.29-17.28.51:946][861]LogShaderCompilers: Display: Shaders left to compile 17
[2018.11.29-17.28.51:946][861]LogShaderCompilers: Display: Shaders left to compile 16
[2018.11.29-17.28.52:127][871]LogShaderCompilers: Display: Shaders left to compile 15
[2018.11.29-17.28.52:145][872]LogShaderCompilers: Display: Shaders left to compile 14
[2018.11.29-17.28.52:160][873]LogShaderCompilers: Display: Shaders left to compile 13
[2018.11.29-17.28.52:179][874]LogShaderCompilers: Display: Shaders left to compile 12
[2018.11.29-17.28.52:335][883]LogShaderCompilers: Display: Shaders left to compile 11
[2018.11.29-17.28.52:467][889]LogShaderCompilers: Display: Shaders left to compile 10
[2018.11.29-17.28.52:609][898]LogShaderCompilers: Display: Shaders left to compile 9
[2018.11.29-17.28.52:643][900]LogShaderCompilers: Display: Shaders left to compile 8
[2018.11.29-17.28.52:813][910]LogShaderCompilers: Display: Shaders left to compile 7
[2018.11.29-17.28.52:924][916]LogShaderCompilers: Display: Shaders left to compile 6
[2018.11.29-17.28.52:959][918]LogShaderCompilers: Display: Shaders left to compile 5
[2018.11.29-17.28.53:160][929]LogShaderCompilers: Display: Shaders left to compile 4
[2018.11.29-17.28.53:233][933]LogShaderCompilers: Display: Shaders left to compile 3
[2018.11.29-17.28.53:350][941]LogShaderCompilers: Display: Shaders left to compile 2
[2018.11.29-17.28.53:408][943]LogShaderCompilers: Display: Shaders left to compile 1
[2018.11.29-17.28.53:661][954]MaterialEditorStats: Base pass shader: 101 instructions
[2018.11.29-17.28.53:661][954]MaterialEditorStats: Base pass shader with Volumetric Lightmap: 174 instructions
[2018.11.29-17.28.53:661][954]MaterialEditorStats: Base pass vertex shader: 32 instructions
[2018.11.29-17.28.53:661][954]MaterialEditorStats: Texture samplers: 3/16
[2018.11.29-17.28.56:375][189]LogMaterial: Display: Missing cached shader map for material defaultMat, compiling. 
[2018.11.29-17.28.56:394][189]LogShaderCompilers: Display: Shaders left to compile 21
[2018.11.29-17.28.56:394][189]LogShaderCompilers: Display: Shaders left to compile 20
[2018.11.29-17.28.56:394][189]LogShaderCompilers: Display: Shaders left to compile 19
[2018.11.29-17.28.56:394][189]LogShaderCompilers: Display: Shaders left to compile 18
[2018.11.29-17.28.56:397][189]LogMaterial: Display: Missing cached shader map for material FMatExpressionPreview MaterialExpressionVectorParameter_0, compiling. 
[2018.11.29-17.28.56:647][202]LogShaderCompilers: Display: Shaders left to compile 19
[2018.11.29-17.28.56:663][203]LogShaderCompilers: Display: Shaders left to compile 18
[2018.11.29-17.28.56:694][205]LogShaderCompilers: Display: Shaders left to compile 17
[2018.11.29-17.28.56:709][206]LogShaderCompilers: Display: Shaders left to compile 16
[2018.11.29-17.28.56:856][215]LogShaderCompilers: Display: Shaders left to compile 15
[2018.11.29-17.28.56:870][216]LogShaderCompilers: Display: Shaders left to compile 14
[2018.11.29-17.28.56:883][217]LogShaderCompilers: Display: Shaders left to compile 13
[2018.11.29-17.28.56:913][219]LogShaderCompilers: Display: Shaders left to compile 12
[2018.11.29-17.28.57:069][229]LogShaderCompilers: Display: Shaders left to compile 11
[2018.11.29-17.28.57:199][236]LogShaderCompilers: Display: Shaders left to compile 10
[2018.11.29-17.28.57:357][246]LogShaderCompilers: Display: Shaders left to compile 9
[2018.11.29-17.28.57:377][247]LogShaderCompilers: Display: Shaders left to compile 8
[2018.11.29-17.28.57:542][256]LogShaderCompilers: Display: Shaders left to compile 7
[2018.11.29-17.28.57:644][261]LogShaderCompilers: Display: Shaders left to compile 6
[2018.11.29-17.28.57:677][263]LogShaderCompilers: Display: Shaders left to compile 5
[2018.11.29-17.28.57:867][274]LogShaderCompilers: Display: Shaders left to compile 4
[2018.11.29-17.28.57:922][277]LogShaderCompilers: Display: Shaders left to compile 3
[2018.11.29-17.28.58:067][286]LogShaderCompilers: Display: Shaders left to compile 2
[2018.11.29-17.28.58:100][288]LogShaderCompilers: Display: Shaders left to compile 1
[2018.11.29-17.29.01:639][650]LogMaterial: Display: Missing cached shader map for material defaultMat, compiling. 
[2018.11.29-17.29.01:656][650]LogShaderCompilers: Display: Shaders left to compile 21
[2018.11.29-17.29.01:656][650]LogShaderCompilers: Display: Shaders left to compile 20
[2018.11.29-17.29.01:656][650]LogShaderCompilers: Display: Shaders left to compile 19
[2018.11.29-17.29.01:656][650]LogShaderCompilers: Display: Shaders left to compile 18
[2018.11.29-17.29.01:659][650]LogMaterial: Display: Missing cached shader map for material FMatExpressionPreview MaterialExpressionVectorParameter_0, compiling. 
[2018.11.29-17.29.01:898][661]LogShaderCompilers: Display: Shaders left to compile 19
[2018.11.29-17.29.01:915][662]LogShaderCompilers: Display: Shaders left to compile 18
[2018.11.29-17.29.01:945][664]LogShaderCompilers: Display: Shaders left to compile 17
[2018.11.29-17.29.01:960][665]LogShaderCompilers: Display: Shaders left to compile 16
[2018.11.29-17.29.02:107][672]LogShaderCompilers: Display: Shaders left to compile 15
[2018.11.29-17.29.02:126][673]LogShaderCompilers: Display: Shaders left to compile 14
[2018.11.29-17.29.02:143][674]LogShaderCompilers: Display: Shaders left to compile 13
[2018.11.29-17.29.02:162][675]LogShaderCompilers: Display: Shaders left to compile 12
[2018.11.29-17.29.02:294][682]LogShaderCompilers: Display: Shaders left to compile 11
[2018.11.29-17.29.02:456][690]LogShaderCompilers: Display: Shaders left to compile 10
[2018.11.29-17.29.02:613][699]LogShaderCompilers: Display: Shaders left to compile 9
[2018.11.29-17.29.02:641][701]LogShaderCompilers: Display: Shaders left to compile 8
[2018.11.29-17.29.02:710][705]LogMaterial: Display: Missing cached shader map for material defaultMat, compiling. 
[2018.11.29-17.29.02:744][705]LogMaterial: Display: Missing cached shader map for material FMatExpressionPreview MaterialExpressionVectorParameter_0, compiling. 
[2018.11.29-17.29.02:760][705]LogShaderCompilers: Display: Shaders left to compile 21
[2018.11.29-17.29.02:772][705]LogSlate: Window 'Color Picker' being destroyed
[2018.11.29-17.29.02:924][713]LogShaderCompilers: Display: Shaders left to compile 22
[2018.11.29-17.29.02:945][714]LogShaderCompilers: Display: Shaders left to compile 21
[2018.11.29-17.29.03:063][721]LogShaderCompilers: Display: Shaders left to compile 20
[2018.11.29-17.29.03:151][725]LogShaderCompilers: Display: Shaders left to compile 19
[2018.11.29-17.29.03:194][727]LogShaderCompilers: Display: Shaders left to compile 18
[2018.11.29-17.29.03:224][729]LogShaderCompilers: Display: Shaders left to compile 17
[2018.11.29-17.29.03:259][731]LogShaderCompilers: Display: Shaders left to compile 16
[2018.11.29-17.29.03:375][736]LogShaderCompilers: Display: Shaders left to compile 15
[2018.11.29-17.29.03:431][738]LogShaderCompilers: Display: Shaders left to compile 14
[2018.11.29-17.29.03:449][739]LogShaderCompilers: Display: Shaders left to compile 13
[2018.11.29-17.29.03:471][740]LogShaderCompilers: Display: Shaders left to compile 12
[2018.11.29-17.29.03:605][746]LogShaderCompilers: Display: Shaders left to compile 11
[2018.11.29-17.29.03:783][755]LogShaderCompilers: Display: Shaders left to compile 10
[2018.11.29-17.29.03:958][764]LogShaderCompilers: Display: Shaders left to compile 9
[2018.11.29-17.29.03:974][765]LogShaderCompilers: Display: Shaders left to compile 8
[2018.11.29-17.29.04:029][768]LogShaderCompilers: Display: Shaders left to compile 7
[2018.11.29-17.29.04:226][779]LogShaderCompilers: Display: Shaders left to compile 6
[2018.11.29-17.29.04:247][780]LogShaderCompilers: Display: Shaders left to compile 5
[2018.11.29-17.29.04:496][796]LogShaderCompilers: Display: Shaders left to compile 4
[2018.11.29-17.29.04:496][796]LogMaterialEditor: Applying material defaultMat
[2018.11.29-17.29.05:202][796]LogShaderCompilers: Display: Shaders left to compile 3
[2018.11.29-17.29.05:202][796]LogShaderCompilers: Display: Shaders left to compile 2
[2018.11.29-17.29.05:202][796]LogShaderCompilers: Display: Shaders left to compile 1
[2018.11.29-17.29.05:215][796]LogMaterial: Display: Missing cached shader map for material defaultMat, compiling. 
[2018.11.29-17.29.05:264][796]LogShaderCompilers: Display: Shaders left to compile 21
[2018.11.29-17.29.05:264][796]LogShaderCompilers: Display: Shaders left to compile 20
[2018.11.29-17.29.05:264][796]LogShaderCompilers: Display: Shaders left to compile 19
[2018.11.29-17.29.05:265][796]LogShaderCompilers: Display: Shaders left to compile 18
[2018.11.29-17.29.05:286][796]LogMaterial: Display: Missing cached shader map for material defaultMat, compiling. 
[2018.11.29-17.29.05:309][796]LogMaterial: Display: Missing cached shader map for material defaultMat, compiling. 
[2018.11.29-17.29.05:362][796]LogMaterial: Display: Missing cached shader map for material FDebugViewModeMaterialProxy defaultMat, compiling. 
[2018.11.29-17.29.06:799][796]LogShaderCompilers: Display: Shaders left to compile 40
[2018.11.29-17.29.06:800][796]LogShaderCompilers: Display: Shaders left to compile 39
[2018.11.29-17.29.06:800][796]LogShaderCompilers: Display: Shaders left to compile 38
[2018.11.29-17.29.06:800][796]LogShaderCompilers: Display: Shaders left to compile 37
[2018.11.29-17.29.06:800][796]LogShaderCompilers: Display: Shaders left to compile 36
[2018.11.29-17.29.06:800][796]LogShaderCompilers: Display: Shaders left to compile 35
[2018.11.29-17.29.06:800][796]LogShaderCompilers: Display: Shaders left to compile 34
[2018.11.29-17.29.06:800][796]LogShaderCompilers: Display: Shaders left to compile 33
[2018.11.29-17.29.06:800][796]LogShaderCompilers: Display: Shaders left to compile 32
[2018.11.29-17.29.06:800][796]LogShaderCompilers: Display: Shaders left to compile 31
[2018.11.29-17.29.06:800][796]LogShaderCompilers: Display: Shaders left to compile 30
[2018.11.29-17.29.06:800][796]LogShaderCompilers: Display: Shaders left to compile 29
[2018.11.29-17.29.06:800][796]LogShaderCompilers: Display: Shaders left to compile 28
[2018.11.29-17.29.06:800][796]LogShaderCompilers: Display: Shaders left to compile 27
[2018.11.29-17.29.06:800][796]LogShaderCompilers: Display: Shaders left to compile 26
[2018.11.29-17.29.06:800][796]LogShaderCompilers: Display: Shaders left to compile 25
[2018.11.29-17.29.06:800][796]LogShaderCompilers: Display: Shaders left to compile 24
[2018.11.29-17.29.06:800][796]LogShaderCompilers: Display: Shaders left to compile 23
[2018.11.29-17.29.06:800][796]LogShaderCompilers: Display: Shaders left to compile 22
[2018.11.29-17.29.06:800][796]LogShaderCompilers: Display: Shaders left to compile 12
[2018.11.29-17.29.06:800][796]LogShaderCompilers: Display: Shaders left to compile 2
[2018.11.29-17.29.06:802][796]TextureStreamingBuild: Display: Compiling optional shaders took 1.450 seconds.
[2018.11.29-17.29.10:910][122]MaterialEditorStats: Base pass shader: 101 instructions
[2018.11.29-17.29.10:910][122]MaterialEditorStats: Base pass shader with Volumetric Lightmap: 174 instructions
[2018.11.29-17.29.10:910][122]MaterialEditorStats: Base pass vertex shader: 32 instructions
[2018.11.29-17.29.10:910][122]MaterialEditorStats: Texture samplers: 3/16
[2018.11.29-17.29.17:502][707]LogMaterial: Display: Missing cached shader map for material defaultMat, compiling. 
[2018.11.29-17.29.17:518][707]LogShaderCompilers: Display: Shaders left to compile 21
[2018.11.29-17.29.17:518][707]LogShaderCompilers: Display: Shaders left to compile 20
[2018.11.29-17.29.17:518][707]LogShaderCompilers: Display: Shaders left to compile 19
[2018.11.29-17.29.17:518][707]LogShaderCompilers: Display: Shaders left to compile 18
[2018.11.29-17.29.17:521][707]LogMaterial: Display: Missing cached shader map for material FMatExpressionPreview MaterialExpressionVectorParameter_0, compiling. 
[2018.11.29-17.29.17:806][721]LogShaderCompilers: Display: Shaders left to compile 19
[2018.11.29-17.29.17:824][722]LogShaderCompilers: Display: Shaders left to compile 18
[2018.11.29-17.29.17:844][723]LogShaderCompilers: Display: Shaders left to compile 17
[2018.11.29-17.29.17:844][723]LogShaderCompilers: Display: Shaders left to compile 16
[2018.11.29-17.29.18:062][734]LogShaderCompilers: Display: Shaders left to compile 15
[2018.11.29-17.29.18:077][735]LogShaderCompilers: Display: Shaders left to compile 14
[2018.11.29-17.29.18:095][736]LogShaderCompilers: Display: Shaders left to compile 13
[2018.11.29-17.29.18:112][737]LogShaderCompilers: Display: Shaders left to compile 12
[2018.11.29-17.29.18:274][746]LogShaderCompilers: Display: Shaders left to compile 11
[2018.11.29-17.29.18:394][752]LogShaderCompilers: Display: Shaders left to compile 10
[2018.11.29-17.29.18:445][755]LogMaterial: Display: Missing cached shader map for material defaultMat, compiling. 
[2018.11.29-17.29.18:470][755]LogMaterial: Display: Missing cached shader map for material FMatExpressionPreview MaterialExpressionVectorParameter_0, compiling. 
[2018.11.29-17.29.18:522][756]LogShaderCompilers: Display: Shaders left to compile 23
[2018.11.29-17.29.18:545][757]LogShaderCompilers: Display: Shaders left to compile 22
[2018.11.29-17.29.18:724][765]LogShaderCompilers: Display: Shaders left to compile 21
[2018.11.29-17.29.18:797][769]LogShaderCompilers: Display: Shaders left to compile 20
[2018.11.29-17.29.18:830][771]LogShaderCompilers: Display: Shaders left to compile 19
[2018.11.29-17.29.18:864][773]LogShaderCompilers: Display: Shaders left to compile 18
[2018.11.29-17.29.18:989][780]LogShaderCompilers: Display: Shaders left to compile 17
[2018.11.29-17.29.19:008][781]LogShaderCompilers: Display: Shaders left to compile 16
[2018.11.29-17.29.19:042][783]LogShaderCompilers: Display: Shaders left to compile 15
[2018.11.29-17.29.19:070][785]LogShaderCompilers: Display: Shaders left to compile 14
[2018.11.29-17.29.19:153][789]LogMaterial: Display: Missing cached shader map for material defaultMat, compiling. 
[2018.11.29-17.29.19:167][789]LogShaderCompilers: Display: Shaders left to compile 2
[2018.11.29-17.29.19:178][789]LogShaderCompilers: Display: Shaders left to compile 21
[2018.11.29-17.29.19:178][789]LogMaterial: Display: Missing cached shader map for material FMatExpressionPreview MaterialExpressionVectorParameter_0, compiling. 
[2018.11.29-17.29.19:204][789]LogSlate: Window 'Color Picker' being destroyed
[2018.11.29-17.29.19:234][790]LogShaderCompilers: Display: Shaders left to compile 22
[2018.11.29-17.29.19:477][803]LogShaderCompilers: Display: Shaders left to compile 21
[2018.11.29-17.29.19:496][804]LogShaderCompilers: Display: Shaders left to compile 20
[2018.11.29-17.29.19:532][806]LogShaderCompilers: Display: Shaders left to compile 19
[2018.11.29-17.29.19:566][808]LogShaderCompilers: Display: Shaders left to compile 18
[2018.11.29-17.29.19:704][815]LogShaderCompilers: Display: Shaders left to compile 17
[2018.11.29-17.29.19:749][818]LogShaderCompilers: Display: Shaders left to compile 16
[2018.11.29-17.29.19:780][820]LogShaderCompilers: Display: Shaders left to compile 15
[2018.11.29-17.29.19:780][820]LogShaderCompilers: Display: Shaders left to compile 14
[2018.11.29-17.29.19:915][828]LogShaderCompilers: Display: Shaders left to compile 13
[2018.11.29-17.29.19:943][830]LogShaderCompilers: Display: Shaders left to compile 12
[2018.11.29-17.29.19:975][832]LogShaderCompilers: Display: Shaders left to compile 11
[2018.11.29-17.29.20:242][845]LogShaderCompilers: Display: Shaders left to compile 10
[2018.11.29-17.29.20:258][846]LogShaderCompilers: Display: Shaders left to compile 9
[2018.11.29-17.29.20:426][856]LogShaderCompilers: Display: Shaders left to compile 8
[2018.11.29-17.29.20:426][856]LogShaderCompilers: Display: Shaders left to compile 7
[2018.11.29-17.29.20:470][859]LogMaterialEditor: Applying material defaultMat
[2018.11.29-17.29.21:280][859]LogShaderCompilers: Display: Shaders left to compile 6
[2018.11.29-17.29.21:280][859]LogShaderCompilers: Display: Shaders left to compile 5
[2018.11.29-17.29.21:280][859]LogShaderCompilers: Display: Shaders left to compile 4
[2018.11.29-17.29.21:280][859]LogShaderCompilers: Display: Shaders left to compile 3
[2018.11.29-17.29.21:280][859]LogShaderCompilers: Display: Shaders left to compile 2
[2018.11.29-17.29.21:280][859]LogShaderCompilers: Display: Shaders left to compile 1
[2018.11.29-17.29.21:294][859]LogMaterial: Display: Missing cached shader map for material defaultMat, compiling. 
[2018.11.29-17.29.21:340][859]LogShaderCompilers: Display: Shaders left to compile 21
[2018.11.29-17.29.21:340][859]LogShaderCompilers: Display: Shaders left to compile 20
[2018.11.29-17.29.21:340][859]LogShaderCompilers: Display: Shaders left to compile 19
[2018.11.29-17.29.21:340][859]LogShaderCompilers: Display: Shaders left to compile 18
[2018.11.29-17.29.21:356][859]LogMaterial: Display: Missing cached shader map for material defaultMat, compiling. 
[2018.11.29-17.29.21:374][859]LogMaterial: Display: Missing cached shader map for material defaultMat, compiling. 
[2018.11.29-17.29.21:421][859]LogMaterial: Display: Missing cached shader map for material FDebugViewModeMaterialProxy defaultMat, compiling. 
[2018.11.29-17.29.22:845][859]LogShaderCompilers: Display: Shaders left to compile 40
[2018.11.29-17.29.22:845][859]LogShaderCompilers: Display: Shaders left to compile 39
[2018.11.29-17.29.22:845][859]LogShaderCompilers: Display: Shaders left to compile 38
[2018.11.29-17.29.22:845][859]LogShaderCompilers: Display: Shaders left to compile 37
[2018.11.29-17.29.22:845][859]LogShaderCompilers: Display: Shaders left to compile 36
[2018.11.29-17.29.22:846][859]LogShaderCompilers: Display: Shaders left to compile 35
[2018.11.29-17.29.22:846][859]LogShaderCompilers: Display: Shaders left to compile 34
[2018.11.29-17.29.22:846][859]LogShaderCompilers: Display: Shaders left to compile 33
[2018.11.29-17.29.22:846][859]LogShaderCompilers: Display: Shaders left to compile 32
[2018.11.29-17.29.22:846][859]LogShaderCompilers: Display: Shaders left to compile 31
[2018.11.29-17.29.22:846][859]LogShaderCompilers: Display: Shaders left to compile 30
[2018.11.29-17.29.22:846][859]LogShaderCompilers: Display: Shaders left to compile 29
[2018.11.29-17.29.22:846][859]LogShaderCompilers: Display: Shaders left to compile 28
[2018.11.29-17.29.22:846][859]LogShaderCompilers: Display: Shaders left to compile 27
[2018.11.29-17.29.22:846][859]LogShaderCompilers: Display: Shaders left to compile 26
[2018.11.29-17.29.22:846][859]LogShaderCompilers: Display: Shaders left to compile 25
[2018.11.29-17.29.22:846][859]LogShaderCompilers: Display: Shaders left to compile 24
[2018.11.29-17.29.22:846][859]LogShaderCompilers: Display: Shaders left to compile 23
[2018.11.29-17.29.22:846][859]LogShaderCompilers: Display: Shaders left to compile 22
[2018.11.29-17.29.22:846][859]LogShaderCompilers: Display: Shaders left to compile 12
[2018.11.29-17.29.22:847][859]TextureStreamingBuild: Display: Compiling optional shaders took 1.432 seconds.
[2018.11.29-17.29.22:926][861]LogShaderCompilers: Display: Shaders left to compile 2
[2018.11.29-17.29.25:896][ 74]MaterialEditorStats: Base pass shader: 101 instructions
[2018.11.29-17.29.25:896][ 74]MaterialEditorStats: Base pass shader with Volumetric Lightmap: 174 instructions
[2018.11.29-17.29.25:896][ 74]MaterialEditorStats: Base pass vertex shader: 32 instructions
[2018.11.29-17.29.25:896][ 74]MaterialEditorStats: Texture samplers: 3/16
[2018.11.29-17.29.47:121][ 61]LogSlate: Window 'Color Picker' being destroyed
[2018.11.29-17.30.30:416][ 88]LogEditorViewport: Clicking on Actor (LMB): PointLight (Fire Point Light)
[2018.11.29-17.30.31:337][171]LogSlate: FSceneViewport::OnFocusLost() reason 2
[2018.11.29-17.30.33:984][426]LogSlate: FSceneViewport::OnFocusLost() reason 0
[2018.11.29-17.30.55:825][622]Cmd: TRANSACTION UNDO
[2018.11.29-17.30.55:825][622]LogEditorTransaction: Undo Edit Intensity
[2018.11.29-17.30.55:838][622]LogMaterial: Display: Missing cached shader map for material defaultMat, compiling. 
[2018.11.29-17.30.55:861][622]LogShaderCompilers: Display: Shaders left to compile 21
[2018.11.29-17.30.55:861][622]LogShaderCompilers: Display: Shaders left to compile 20
[2018.11.29-17.30.55:861][622]LogShaderCompilers: Display: Shaders left to compile 19
[2018.11.29-17.30.55:861][622]LogShaderCompilers: Display: Shaders left to compile 18
[2018.11.29-17.30.56:559][656]LogShaderCompilers: Display: Shaders left to compile 17
[2018.11.29-17.30.56:632][660]LogShaderCompilers: Display: Shaders left to compile 16
[2018.11.29-17.30.56:632][660]LogShaderCompilers: Display: Shaders left to compile 15
[2018.11.29-17.30.56:646][661]LogShaderCompilers: Display: Shaders left to compile 14
[2018.11.29-17.30.56:795][669]LogShaderCompilers: Display: Shaders left to compile 13
[2018.11.29-17.30.56:833][671]LogShaderCompilers: Display: Shaders left to compile 12
[2018.11.29-17.30.56:848][672]LogShaderCompilers: Display: Shaders left to compile 11
[2018.11.29-17.30.56:863][673]LogShaderCompilers: Display: Shaders left to compile 10
[2018.11.29-17.30.56:995][681]LogShaderCompilers: Display: Shaders left to compile 9
[2018.11.29-17.30.57:194][692]LogShaderCompilers: Display: Shaders left to compile 8
[2018.11.29-17.30.57:312][699]LogShaderCompilers: Display: Shaders left to compile 7
[2018.11.29-17.30.57:357][702]LogShaderCompilers: Display: Shaders left to compile 6
[2018.11.29-17.30.57:489][710]LogShaderCompilers: Display: Shaders left to compile 5
[2018.11.29-17.30.57:605][717]LogShaderCompilers: Display: Shaders left to compile 4
[2018.11.29-17.30.57:699][722]LogShaderCompilers: Display: Shaders left to compile 3
[2018.11.29-17.30.57:851][731]LogShaderCompilers: Display: Shaders left to compile 2
[2018.11.29-17.30.57:910][735]LogShaderCompilers: Display: Shaders left to compile 1
[2018.11.29-17.30.58:263][759]MaterialEditorStats: Base pass shader: 101 instructions
[2018.11.29-17.30.58:264][759]MaterialEditorStats: Base pass shader with Volumetric Lightmap: 174 instructions
[2018.11.29-17.30.58:264][759]MaterialEditorStats: Base pass vertex shader: 32 instructions
[2018.11.29-17.30.58:264][759]MaterialEditorStats: Texture samplers: 3/16
[2018.11.29-17.36.25:029][993]LogSavePackage: Moving '../../../../../../Users/u0800347/Documents/GitHub/Mansion_Environment/Mansion/Saved/Minimal_Default_Auto12E2001FD45B193B7C3B3AA96BB2BC370.tmp' to '../../../../../../Users/u0800347/Documents/GitHub/Mansion_Environment/Mansion/Saved/Autosaves/Game/StarterContent/Maps/Minimal_Default_Auto1.umap'
[2018.11.29-17.36.25:037][993]LogFileHelpers: Editor autosave (incl. sublevels) for '/Game/StarterContent/Maps/Minimal_Default' took 0.253
[2018.11.29-17.36.25:037][993]LogFileHelpers: Editor autosave (incl. sublevels) for all levels took 0.253
[2018.11.29-17.36.25:039][993]OBJ SavePackage: Generating thumbnails for [1] asset(s) in package [/Game/Models/defaultMat] ([1] browsable assets)...
[2018.11.29-17.36.25:052][993]OBJ SavePackage:     Rendered thumbnail for [Material /Game/Models/defaultMat.defaultMat]
[2018.11.29-17.36.25:052][993]OBJ SavePackage: Finished generating thumbnails for package [/Game/Models/defaultMat]
[2018.11.29-17.36.25:084][993]LogSavePackage: Moving '../../../../../../Users/u0800347/Documents/GitHub/Mansion_Environment/Mansion/Saved/defaultMat_Auto1734BD11E4EF272DD6AB177B706E6457F.tmp' to '../../../../../../Users/u0800347/Documents/GitHub/Mansion_Environment/Mansion/Saved/Autosaves/Game/Models/defaultMat_Auto1.uasset'
[2018.11.29-17.36.25:086][993]LogFileHelpers: Auto-saving content packages took 0.048
[2018.11.29-17.39.42:564][853]LogSavePackage: Moving '../../../../../../Users/u0800347/Documents/GitHub/Mansion_Environment/Mansion/Saved/Minimal_DefaultE9088B464A446D50441226AAF37B28E0.tmp' to '../../../../../../Users/u0800347/Documents/GitHub/Mansion_Environment/Mansion/Content/StarterContent/Maps/Minimal_Default.umap'
[2018.11.29-17.39.42:601][853]LogFileHelpers: Saving map 'Minimal_Default' took 0.386
[2018.11.29-17.39.42:605][853]Cmd: OBJ SAVEPACKAGE PACKAGE="/Game/Models/defaultMat" FILE="../../../../../../Users/u0800347/Documents/GitHub/Mansion_Environment/Mansion/Content/Models/defaultMat.uasset" SILENT=true
[2018.11.29-17.39.42:623][853]LogSavePackage: Moving '../../../../../../Users/u0800347/Documents/GitHub/Mansion_Environment/Mansion/Saved/defaultMat05F25BC8405BEC1FE045B3AB53BCEA64.tmp' to '../../../../../../Users/u0800347/Documents/GitHub/Mansion_Environment/Mansion/Content/Models/defaultMat.uasset'
[2018.11.29-17.39.47:419][ 41]LogSlate: Window 'Message' being destroyed
[2018.11.29-17.39.48:014][ 41]LogMaterial: Display: Missing cached shader map for material defaultMat, compiling. 
[2018.11.29-17.39.48:062][ 41]LogShaderCompilers: Display: Shaders left to compile 21
[2018.11.29-17.39.48:062][ 41]LogShaderCompilers: Display: Shaders left to compile 20
[2018.11.29-17.39.48:062][ 41]LogShaderCompilers: Display: Shaders left to compile 19
[2018.11.29-17.39.48:063][ 41]LogShaderCompilers: Display: Shaders left to compile 18
[2018.11.29-17.39.48:077][ 41]LogMaterial: Display: Missing cached shader map for material defaultMat, compiling. 
[2018.11.29-17.39.48:091][ 41]LogMaterial: Display: Missing cached shader map for material defaultMat, compiling. 
[2018.11.29-17.39.48:140][ 41]LogMaterial: Display: Missing cached shader map for material FDebugViewModeMaterialProxy defaultMat, compiling. 
[2018.11.29-17.39.50:014][ 41]LogShaderCompilers: Display: Shaders left to compile 40
[2018.11.29-17.39.50:014][ 41]LogShaderCompilers: Display: Shaders left to compile 39
[2018.11.29-17.39.50:014][ 41]LogShaderCompilers: Display: Shaders left to compile 38
[2018.11.29-17.39.50:014][ 41]LogShaderCompilers: Display: Shaders left to compile 37
[2018.11.29-17.39.50:014][ 41]LogShaderCompilers: Display: Shaders left to compile 36
[2018.11.29-17.39.50:014][ 41]LogShaderCompilers: Display: Shaders left to compile 35
[2018.11.29-17.39.50:014][ 41]LogShaderCompilers: Display: Shaders left to compile 34
[2018.11.29-17.39.50:014][ 41]LogShaderCompilers: Display: Shaders left to compile 33
[2018.11.29-17.39.50:014][ 41]LogShaderCompilers: Display: Shaders left to compile 32
[2018.11.29-17.39.50:014][ 41]LogShaderCompilers: Display: Shaders left to compile 31
[2018.11.29-17.39.50:015][ 41]LogShaderCompilers: Display: Shaders left to compile 30
[2018.11.29-17.39.50:015][ 41]LogShaderCompilers: Display: Shaders left to compile 29
[2018.11.29-17.39.50:015][ 41]LogShaderCompilers: Display: Shaders left to compile 28
[2018.11.29-17.39.50:015][ 41]LogShaderCompilers: Display: Shaders left to compile 27
[2018.11.29-17.39.50:015][ 41]LogShaderCompilers: Display: Shaders left to compile 26
[2018.11.29-17.39.50:015][ 41]LogShaderCompilers: Display: Shaders left to compile 25
[2018.11.29-17.39.50:015][ 41]LogShaderCompilers: Display: Shaders left to compile 24
[2018.11.29-17.39.50:015][ 41]LogShaderCompilers: Display: Shaders left to compile 23
[2018.11.29-17.39.50:015][ 41]LogShaderCompilers: Display: Shaders left to compile 22
[2018.11.29-17.39.50:015][ 41]LogShaderCompilers: Display: Shaders left to compile 12
[2018.11.29-17.39.50:017][ 41]TextureStreamingBuild: Display: Compiling optional shaders took 1.886 seconds.
[2018.11.29-17.39.50:040][ 41]LogShaderCompilers: Display: Shaders left to compile 2
[2018.11.29-17.39.54:959][ 41]LogSlate: Window 'Save Content' being destroyed
[2018.11.29-17.39.55:008][ 41]Cmd: OBJ SAVEPACKAGE PACKAGE="/Game/Models/defaultMat" FILE="../../../../../../Users/u0800347/Documents/GitHub/Mansion_Environment/Mansion/Content/Models/defaultMat.uasset" SILENT=true
[2018.11.29-17.39.55:036][ 41]LogSavePackage: Moving '../../../../../../Users/u0800347/Documents/GitHub/Mansion_Environment/Mansion/Saved/defaultMat45439BF74F804E243189D6B6224ACF0A.tmp' to '../../../../../../Users/u0800347/Documents/GitHub/Mansion_Environment/Mansion/Content/Models/defaultMat.uasset'
[2018.11.29-17.39.55:133][ 41]LogSlate: Window 'defaultMat' being destroyed
[2018.11.29-17.39.55:231][ 41]LogSlate: Window 'Mansion - Unreal Editor' being destroyed
[2018.11.29-17.39.55:232][ 41]LogWindowsTextInputMethodSystem: Display: IME system now deactivated.
[2018.11.29-17.39.55:424][ 42]Cmd: QUIT_EDITOR
[2018.11.29-17.39.55:468][ 42]LogExit: Preparing to exit.
[2018.11.29-17.39.55:996][ 42]LogDirectoryWatcher: A directory notification failed for 'C:/Users/u0800347/Documents/GitHub/Mansion_Environment/Mansion/Content/', and we were unable to create a new request.
[2018.11.29-17.39.56:014][ 42]LogExit: Editor shut down
[2018.11.29-17.39.56:015][ 42]LogExit: Transaction tracking system shut down
[2018.11.29-17.39.56:586][ 42]LogExit: Object subsystem successfully closed.
[2018.11.29-17.39.56:612][ 42]LogShaderCompilers: Display: Shaders left to compile 0
[2018.11.29-17.39.56:613][ 42]LogD3D11RHI: Shutdown
[2018.11.29-17.39.56:613][ 42]LogD3D11RHI: CleanupD3DDevice
[2018.11.29-17.39.56:618][ 42]LogD3D11RHI: ~FD3D11DynamicRHI
[2018.11.29-17.39.56:651][ 42]LogModuleManager: Shutting down and abandoning module HierarchicalLODOutliner (612)
[2018.11.29-17.39.56:651][ 42]LogModuleManager: Shutting down and abandoning module SceneOutliner (610)
[2018.11.29-17.39.56:651][ 42]LogModuleManager: Shutting down and abandoning module AddContentDialog (608)
[2018.11.29-17.39.56:651][ 42]LogModuleManager: Shutting down and abandoning module WidgetCarousel (607)
[2018.11.29-17.39.56:651][ 42]LogModuleManager: Shutting down and abandoning module EditorWidgets (604)
[2018.11.29-17.39.56:651][ 42]LogModuleManager: Shutting down and abandoning module CollectionManager (602)
[2018.11.29-17.39.56:651][ 42]LogModuleManager: Shutting down and abandoning module MeshBuilder (600)
[2018.11.29-17.39.56:651][ 42]LogModuleManager: Shutting down and abandoning module StatsViewer (598)
[2018.11.29-17.39.56:651][ 42]LogModuleManager: Shutting down and abandoning module FoliageEdit (596)
[2018.11.29-17.39.56:651][ 42]LogModuleManager: Shutting down and abandoning module LandscapeEditor (594)
[2018.11.29-17.39.56:652][ 42]LogModuleManager: Shutting down and abandoning module MeshPaintMode (592)
[2018.11.29-17.39.56:652][ 42]LogModuleManager: Shutting down and abandoning module SceneDepthPickerMode (590)
[2018.11.29-17.39.56:652][ 42]LogModuleManager: Shutting down and abandoning module ActorPickerMode (588)
[2018.11.29-17.39.56:652][ 42]LogModuleManager: Shutting down and abandoning module GeometryMode (586)
[2018.11.29-17.39.56:652][ 42]LogModuleManager: Shutting down and abandoning module TextureAlignMode (584)
[2018.11.29-17.39.56:652][ 42]LogModuleManager: Shutting down and abandoning module BspMode (582)
[2018.11.29-17.39.56:652][ 42]LogModuleManager: Shutting down and abandoning module PIEPreviewDeviceProfileSelector (580)
[2018.11.29-17.39.56:652][ 42]LogModuleManager: Shutting down and abandoning module SequenceRecorderSections (578)
[2018.11.29-17.39.56:652][ 42]LogModuleManager: Shutting down and abandoning module AutomationWorker (576)
[2018.11.29-17.39.56:652][ 42]LogModuleManager: Shutting down and abandoning module AudioCaptureEditor (574)
[2018.11.29-17.39.56:652][ 42]LogModuleManager: Shutting down and abandoning module SequenceRecorder (573)
[2018.11.29-17.39.56:652][ 42]LogModuleManager: Shutting down and abandoning module MatineeToLevelSequence (570)
[2018.11.29-17.39.56:652][ 42]LogModuleManager: Shutting down and abandoning module LevelSequenceEditor (568)
[2018.11.29-17.39.56:652][ 42]LogModuleManager: Shutting down and abandoning module PlacementMode (567)
[2018.11.29-17.39.56:652][ 42]LogModuleManager: Shutting down and abandoning module MaterialEditor (566)
[2018.11.29-17.39.56:652][ 42]LogModuleManager: Shutting down and abandoning module WmfMediaFactory (562)
[2018.11.29-17.39.56:652][ 42]LogModuleManager: Shutting down and abandoning module WmfMediaEditor (560)
[2018.11.29-17.39.56:652][ 42]LogModuleManager: Shutting down and abandoning module MediaPlayerEditor (558)
[2018.11.29-17.39.56:652][ 42]LogModuleManager: Shutting down and abandoning module OpenExrWrapper (556)
[2018.11.29-17.39.56:652][ 42]LogModuleManager: Shutting down and abandoning module ImgMediaFactory (554)
[2018.11.29-17.39.56:652][ 42]LogModuleManager: Shutting down and abandoning module ImgMediaEditor (552)
[2018.11.29-17.39.56:652][ 42]LogModuleManager: Shutting down and abandoning module AvfMediaFactory (550)
[2018.11.29-17.39.56:652][ 42]LogModuleManager: Shutting down and abandoning module AvfMediaEditor (548)
[2018.11.29-17.39.56:652][ 42]LogModuleManager: Shutting down and abandoning module AndroidMediaFactory (546)
[2018.11.29-17.39.56:652][ 42]LogModuleManager: Shutting down and abandoning module AndroidMediaEditor (544)
[2018.11.29-17.39.56:652][ 42]LogModuleManager: Shutting down and abandoning module MagicLeapCameraPreviewFactory (542)
[2018.11.29-17.39.56:652][ 42]LogModuleManager: Shutting down and abandoning module MagicLeapMediaFactory (540)
[2018.11.29-17.39.56:652][ 42]LogModuleManager: Shutting down and abandoning module MagicLeapMediaEditor (538)
[2018.11.29-17.39.56:652][ 42]LogModuleManager: Shutting down and abandoning module CharacterAI (536)
[2018.11.29-17.39.56:652][ 42]LogModuleManager: Shutting down and abandoning module SmartSnapping (534)
[2018.11.29-17.39.56:652][ 42]LogModuleManager: Shutting down and abandoning module SessionServices (532)
[2018.11.29-17.39.56:652][ 42]LogModuleManager: Shutting down and abandoning module ViewportSnapping (530)
[2018.11.29-17.39.56:652][ 42]LogModuleManager: Shutting down and abandoning module ViewportInteraction (528)
[2018.11.29-17.39.56:652][ 42]LogModuleManager: Shutting down and abandoning module ClothPainter (526)
[2018.11.29-17.39.56:652][ 42]LogModuleManager: Shutting down and abandoning module SkeletalMeshEditor (525)
[2018.11.29-17.39.56:652][ 42]LogModuleManager: Shutting down and abandoning module LogVisualizer (522)
[2018.11.29-17.39.56:652][ 42]LogModuleManager: Shutting down and abandoning module IntroTutorials (520)
[2018.11.29-17.39.56:653][ 42]LogModuleManager: Shutting down and abandoning module GameProjectGeneration (519)
[2018.11.29-17.39.56:653][ 42]LogModuleManager: Shutting down and abandoning module LuminPlatformEditor (516)
[2018.11.29-17.39.56:653][ 42]LogModuleManager: Shutting down and abandoning module IOSPlatformEditor (514)
[2018.11.29-17.39.56:653][ 42]LogModuleManager: Shutting down and abandoning module HTML5PlatformEditor (512)
[2018.11.29-17.39.56:653][ 42]LogModuleManager: Shutting down and abandoning module AndroidPlatformEditor (510)
[2018.11.29-17.39.56:653][ 42]LogModuleManager: Shutting down and abandoning module AndroidDeviceDetection (509)
[2018.11.29-17.39.57:277][ 42]LogModuleManager: Shutting down and abandoning module WindowsPlatformEditor (506)
[2018.11.29-17.39.57:277][ 42]LogModuleManager: Shutting down and abandoning module LuminRuntimeSettings (504)
[2018.11.29-17.39.57:277][ 42]LogModuleManager: Shutting down and abandoning module IOSRuntimeSettings (502)
[2018.11.29-17.39.57:277][ 42]LogModuleManager: Shutting down and abandoning module AndroidRuntimeSettings (500)
[2018.11.29-17.39.57:277][ 42]LogModuleManager: Shutting down and abandoning module InputBindingEditor (498)
[2018.11.29-17.39.57:277][ 42]LogModuleManager: Shutting down and abandoning module MergeActors (496)
[2018.11.29-17.39.57:277][ 42]LogModuleManager: Shutting down and abandoning module LocalizationDashboard (494)
[2018.11.29-17.39.57:277][ 42]LogModuleManager: Shutting down and abandoning module LocalizationService (493)
[2018.11.29-17.39.57:277][ 42]LogModuleManager: Shutting down and abandoning module HardwareTargeting (490)
[2018.11.29-17.39.57:277][ 42]LogModuleManager: Shutting down and abandoning module DeviceProfileEditor (488)
[2018.11.29-17.39.57:277][ 42]LogModuleManager: Shutting down and abandoning module UndoHistory (486)
[2018.11.29-17.39.57:277][ 42]LogModuleManager: Shutting down and abandoning module XmlParser (484)
[2018.11.29-17.39.57:278][ 42]LogModuleManager: Shutting down and abandoning module Blutility (482)
[2018.11.29-17.39.57:278][ 42]LogModuleManager: Shutting down and abandoning module ProjectSettingsViewer (480)
[2018.11.29-17.39.57:278][ 42]LogModuleManager: Shutting down and abandoning module ProjectTargetPlatformEditor (479)
[2018.11.29-17.39.57:278][ 42]LogModuleManager: Shutting down and abandoning module EditorSettingsViewer (476)
[2018.11.29-17.39.57:278][ 42]LogModuleManager: Shutting down and abandoning module SettingsEditor (474)
[2018.11.29-17.39.57:278][ 42]LogModuleManager: Shutting down and abandoning module ProjectLauncher (472)
[2018.11.29-17.39.57:278][ 42]LogModuleManager: Shutting down and abandoning module SessionFrontend (470)
[2018.11.29-17.39.57:278][ 42]LogModuleManager: Shutting down and abandoning module ProfilerClient (468)
[2018.11.29-17.39.57:278][ 42]LogModuleManager: Shutting down and abandoning module DeviceManager (466)
[2018.11.29-17.39.57:278][ 42]LogModuleManager: Shutting down and abandoning module TargetDeviceServices (465)
[2018.11.29-17.39.57:344][ 42]LogModuleManager: Shutting down and abandoning module AutomationController (462)
[2018.11.29-17.39.57:344][ 42]LogModuleManager: Shutting down and abandoning module AutomationWindow (460)
[2018.11.29-17.39.57:344][ 42]LogModuleManager: Shutting down and abandoning module Layers (458)
[2018.11.29-17.39.57:344][ 42]LogModuleManager: Shutting down and abandoning module ComponentVisualizers (456)
[2018.11.29-17.39.57:344][ 42]LogModuleManager: Shutting down and abandoning module DetailCustomizations (454)
[2018.11.29-17.39.57:344][ 42]LogModuleManager: Shutting down and abandoning module PackagesDialog (452)
[2018.11.29-17.39.57:344][ 42]LogModuleManager: Shutting down and abandoning module Persona (450)
[2018.11.29-17.39.57:344][ 42]LogModuleManager: Shutting down and abandoning module AdvancedPreviewScene (449)
[2018.11.29-17.39.57:344][ 42]LogModuleManager: Shutting down and abandoning module AnimGraph (447)
[2018.11.29-17.39.57:344][ 42]LogModuleManager: Shutting down and abandoning module Kismet (444)
[2018.11.29-17.39.57:344][ 42]LogModuleManager: Shutting down and abandoning module GraphEditor (442)
[2018.11.29-17.39.57:344][ 42]LogModuleManager: Shutting down and abandoning module ClassViewer (440)
[2018.11.29-17.39.57:344][ 42]LogModuleManager: Shutting down and abandoning module Toolbox (438)
[2018.11.29-17.39.57:344][ 42]LogModuleManager: Shutting down and abandoning module ModuleUI (436)
[2018.11.29-17.39.57:344][ 42]LogModuleManager: Shutting down and abandoning module MovieSceneTools (434)
[2018.11.29-17.39.57:344][ 42]LogModuleManager: Shutting down and abandoning module OutputLog (432)
[2018.11.29-17.39.57:344][ 42]LogModuleManager: Shutting down and abandoning module GammaUI (430)
[2018.11.29-17.39.57:344][ 42]LogModuleManager: Shutting down and abandoning module Documentation (428)
[2018.11.29-17.39.57:344][ 42]LogModuleManager: Shutting down and abandoning module MovieSceneTracks (426)
[2018.11.29-17.39.57:344][ 42]LogModuleManager: Shutting down and abandoning module MovieScene (424)
[2018.11.29-17.39.57:344][ 42]LogModuleManager: Shutting down and abandoning module StreamingPauseRendering (422)
[2018.11.29-17.39.57:344][ 42]LogModuleManager: Shutting down and abandoning module LauncherPlatform (420)
[2018.11.29-17.39.57:344][ 42]LogModuleManager: Shutting down and abandoning module AnalyticsET (418)
[2018.11.29-17.39.57:344][ 42]LogModuleManager: Shutting down and abandoning module PortalServices (416)
[2018.11.29-17.39.57:344][ 42]LogModuleManager: Shutting down and abandoning module PortalRpc (414)
[2018.11.29-17.39.57:344][ 42]LogModuleManager: Shutting down and abandoning module MessagingRpc (412)
[2018.11.29-17.39.57:344][ 42]LogModuleManager: Shutting down and abandoning module AIModule (410)
[2018.11.29-17.39.57:345][ 42]LogModuleManager: Shutting down and abandoning module GameplayDebugger (409)
[2018.11.29-17.39.57:345][ 42]LogModuleManager: Shutting down and abandoning module AITestSuite (407)
[2018.11.29-17.39.57:345][ 42]LogModuleManager: Shutting down and abandoning module NavigationSystem (405)
[2018.11.29-17.39.57:345][ 42]LogModuleManager: Shutting down and abandoning module DesktopPlatform (402)
[2018.11.29-17.39.57:345][ 42]LogModuleManager: Shutting down and abandoning module ProfilerService (400)
[2018.11.29-17.39.57:566][ 42]LogModuleManager: Shutting down and abandoning module TaskGraph (398)
[2018.11.29-17.39.57:567][ 42]LogModuleManager: Shutting down and abandoning module SteamVRController (396)
[2018.11.29-17.39.57:567][ 42]LogModuleManager: Shutting down and abandoning module ProceduralMeshComponentEditor (394)
[2018.11.29-17.39.57:567][ 42]LogModuleManager: Shutting down and abandoning module ProceduralMeshComponent (392)
[2018.11.29-17.39.57:567][ 42]LogModuleManager: Shutting down and abandoning module OculusInput (390)
[2018.11.29-17.39.57:567][ 42]LogModuleManager: Shutting down and abandoning module MobilePatchingUtils (388)
[2018.11.29-17.39.57:567][ 42]LogModuleManager: Shutting down and abandoning module EditableMesh (386)
[2018.11.29-17.39.57:567][ 42]LogModuleManager: Shutting down and abandoning module CustomMeshComponent (384)
[2018.11.29-17.39.57:567][ 42]LogModuleManager: Shutting down and abandoning module CableComponent (382)
[2018.11.29-17.39.57:567][ 42]LogModuleManager: Shutting down and abandoning module AudioCapture (380)
[2018.11.29-17.39.57:567][ 42]LogModuleManager: Shutting down and abandoning module ArchVisCharacter (378)
[2018.11.29-17.39.57:567][ 42]LogModuleManager: Shutting down and abandoning module AndroidPermission (376)
[2018.11.29-17.39.57:567][ 42]LogModuleManager: Shutting down and abandoning module NUTUnrealEngine4 (374)
[2018.11.29-17.39.57:567][ 42]LogModuleManager: Shutting down and abandoning module NetcodeUnitTest (372)
[2018.11.29-17.39.57:567][ 42]LogModuleManager: Shutting down and abandoning module MediaCompositingEditor (370)
[2018.11.29-17.39.57:567][ 42]LogModuleManager: Shutting down and abandoning module MediaCompositing (368)
[2018.11.29-17.39.57:567][ 42]LogModuleManager: Shutting down and abandoning module LinearTimecode (366)
[2018.11.29-17.39.57:567][ 42]LogModuleManager: Shutting down and abandoning module ImgMedia (364)
[2018.11.29-17.39.57:570][ 42]LogModuleManager: Shutting down and abandoning module HTML5Networking (362)
[2018.11.29-17.39.57:570][ 42]LogModuleManager: Shutting down and abandoning module GeometryCacheTracks (360)
[2018.11.29-17.39.57:570][ 42]LogModuleManager: Shutting down and abandoning module GeometryCacheSequencer (358)
[2018.11.29-17.39.57:570][ 42]LogModuleManager: Shutting down and abandoning module BackChannel (356)
[2018.11.29-17.39.57:570][ 42]LogModuleManager: Shutting down and abandoning module AppleVision (354)
[2018.11.29-17.39.57:570][ 42]LogModuleManager: Shutting down and abandoning module AppleImageUtils (352)
[2018.11.29-17.39.57:570][ 42]LogModuleManager: Shutting down and abandoning module AlembicImporter (350)
[2018.11.29-17.39.57:570][ 42]LogModuleManager: Shutting down and abandoning module AlembicLibrary (349)
[2018.11.29-17.39.57:570][ 42]LogModuleManager: Shutting down and abandoning module GeometryCache (348)
[2018.11.29-17.39.57:570][ 42]LogModuleManager: Shutting down and abandoning module GeometryCacheEd (347)
[2018.11.29-17.39.57:570][ 42]LogModuleManager: Shutting down and abandoning module DatasmithContentEditor (342)
[2018.11.29-17.39.57:570][ 42]LogModuleManager: Shutting down and abandoning module DatasmithContent (340)
[2018.11.29-17.39.57:571][ 42]LogModuleManager: Shutting down and abandoning module SpeedTreeImporter (338)
[2018.11.29-17.39.57:571][ 42]LogModuleManager: Shutting down and abandoning module PluginBrowser (336)
[2018.11.29-17.39.57:572][ 42]LogModuleManager: Shutting down and abandoning module MobileLauncherProfileWizard (334)
[2018.11.29-17.39.57:572][ 42]LogModuleManager: Shutting down and abandoning module PolygonModeling (332)
[2018.11.29-17.39.57:572][ 42]LogModuleManager: Shutting down and abandoning module MeshEditor (330)
[2018.11.29-17.39.57:572][ 42]LogModuleManager: Shutting down and abandoning module CryptoKeysOpenSSL (328)
[2018.11.29-17.39.57:572][ 42]LogModuleManager: Shutting down and abandoning module CryptoKeys (326)
[2018.11.29-17.39.57:572][ 42]LogModuleManager: Shutting down and abandoning module VisualStudioSourceCodeAccess (324)
[2018.11.29-17.39.57:572][ 42]LogModuleManager: Shutting down and abandoning module VisualStudioCodeSourceCodeAccess (322)
[2018.11.29-17.39.57:572][ 42]LogModuleManager: Shutting down and abandoning module UObjectPlugin (320)
[2018.11.29-17.39.57:572][ 42]LogModuleManager: Shutting down and abandoning module SubversionSourceControl (318)
[2018.11.29-17.39.57:572][ 42]LogModuleManager: Shutting down and abandoning module PerforceSourceControl (316)
[2018.11.29-17.39.57:572][ 42]LogModuleManager: Shutting down and abandoning module GitSourceControl (314)
[2018.11.29-17.39.57:572][ 42]LogModuleManager: Shutting down and abandoning module SourceControl (313)
[2018.11.29-17.39.57:572][ 42]LogModuleManager: Shutting down and abandoning module CLionSourceCodeAccess (310)
[2018.11.29-17.39.57:572][ 42]LogModuleManager: Shutting down and abandoning module LightPropagationVolumeEditor (308)
[2018.11.29-17.39.57:572][ 42]LogModuleManager: Shutting down and abandoning module PaperTiledImporter (306)
[2018.11.29-17.39.57:572][ 42]LogModuleManager: Shutting down and abandoning module PaperSpriteSheetImporter (304)
[2018.11.29-17.39.57:572][ 42]LogModuleManager: Shutting down and abandoning module Paper2DEditor (302)
[2018.11.29-17.39.57:572][ 42]LogModuleManager: Shutting down and abandoning module MeshPaint (301)
[2018.11.29-17.39.57:572][ 42]LogModuleManager: Shutting down and abandoning module RuntimePhysXCooking (298)
[2018.11.29-17.39.57:572][ 42]LogModuleManager: Shutting down and abandoning module PhysXVehiclesEditor (296)
[2018.11.29-17.39.57:572][ 42]LogModuleManager: Shutting down and abandoning module PhysXVehicles (294)
[2018.11.29-17.39.57:572][ 42]LogModuleManager: Shutting down and abandoning module OculusEditor (292)
[2018.11.29-17.39.57:572][ 42]LogModuleManager: Shutting down and abandoning module LocationServicesBPLibrary (290)
[2018.11.29-17.39.57:572][ 42]LogModuleManager: Shutting down and abandoning module ImmediatePhysicsEditor (288)
[2018.11.29-17.39.57:572][ 42]LogModuleManager: Shutting down and abandoning module ImmediatePhysics (286)
[2018.11.29-17.39.57:572][ 42]LogModuleManager: Shutting down and abandoning module ActorSequence (284)
[2018.11.29-17.39.57:573][ 42]LogModuleManager: Shutting down and abandoning module UdpMessaging (282)
[2018.11.29-17.39.57:674][ 42]LogModuleManager: Shutting down and abandoning module TcpMessaging (280)
[2018.11.29-17.39.57:775][ 42]LogModuleManager: Shutting down and abandoning module MagicLeapAudio (278)
[2018.11.29-17.39.57:775][ 42]LogModuleManager: Shutting down and abandoning module GameplayTagsEditor (276)
[2018.11.29-17.39.57:775][ 42]LogModuleManager: Shutting down and abandoning module FacialAnimationEditor (274)
[2018.11.29-17.39.57:775][ 42]LogModuleManager: Shutting down and abandoning module FacialAnimation (272)
[2018.11.29-17.39.57:775][ 42]LogModuleManager: Shutting down and abandoning module DataValidation (270)
[2018.11.29-17.39.57:775][ 42]LogModuleManager: Shutting down and abandoning module AssetManagerEditor (268)
[2018.11.29-17.39.57:775][ 42]LogModuleManager: Shutting down and abandoning module LevelEditor (267)
[2018.11.29-17.39.57:775][ 42]LogModuleManager: Shutting down and abandoning module PixelInspectorModule (266)
[2018.11.29-17.39.57:775][ 42]LogModuleManager: Shutting down and abandoning module CommonMenuExtensions (264)
[2018.11.29-17.39.57:776][ 42]LogModuleManager: Shutting down and abandoning module MainFrame (262)
[2018.11.29-17.39.57:776][ 42]LogModuleManager: Shutting down and abandoning module HotReload (261)
[2018.11.29-17.39.57:776][ 42]LogModuleManager: Shutting down and abandoning module ContentBrowser (257)
[2018.11.29-17.39.57:777][ 42]LogModuleManager: Shutting down and abandoning module TreeMap (255)
[2018.11.29-17.39.57:777][ 42]LogModuleManager: Shutting down and abandoning module LightPropagationVolumeRuntime (252)
[2018.11.29-17.39.57:777][ 42]LogModuleManager: Shutting down and abandoning module AISupportModule (250)
[2018.11.29-17.39.57:777][ 42]LogModuleManager: Shutting down and abandoning module Paper2D (248)
[2018.11.29-17.39.57:777][ 42]LogModuleManager: Shutting down and abandoning module WindowsMoviePlayer (246)
[2018.11.29-17.39.57:777][ 42]LogModuleManager: Shutting down and abandoning module WmfMedia (244)
[2018.11.29-17.39.57:779][ 42]LogModuleManager: Shutting down and abandoning module Media (243)
[2018.11.29-17.39.57:785][ 42]LogModuleManager: Shutting down and abandoning module PacketHandler (240)
[2018.11.29-17.39.57:785][ 42]LogModuleManager: Shutting down and abandoning module ClothingSystemEditor (238)
[2018.11.29-17.39.57:785][ 42]LogModuleManager: Shutting down and abandoning module ClothingSystemRuntime (236)
[2018.11.29-17.39.57:785][ 42]LogModuleManager: Shutting down and abandoning module MediaAssets (234)
[2018.11.29-17.39.57:785][ 42]LogModuleManager: Shutting down and abandoning module Overlay (232)
[2018.11.29-17.39.57:785][ 42]LogModuleManager: Shutting down and abandoning module OverlayEditor (231)
[2018.11.29-17.39.57:785][ 42]LogModuleManager: Shutting down and abandoning module VREditor (228)
[2018.11.29-17.39.57:785][ 42]LogModuleManager: Shutting down and abandoning module StringTableEditor (226)
[2018.11.29-17.39.57:785][ 42]LogModuleManager: Shutting down and abandoning module GameplayTasksEditor (224)
[2018.11.29-17.39.57:785][ 42]LogModuleManager: Shutting down and abandoning module BehaviorTreeEditor (222)
[2018.11.29-17.39.57:785][ 42]LogModuleManager: Shutting down and abandoning module FunctionalTesting (220)
[2018.11.29-17.39.57:785][ 42]LogModuleManager: Shutting down and abandoning module CollisionAnalyzer (218)
[2018.11.29-17.39.57:786][ 42]LogModuleManager: Shutting down and abandoning module WorkspaceMenuStructure (217)
[2018.11.29-17.39.57:786][ 42]LogModuleManager: Shutting down and abandoning module UMG (214)
[2018.11.29-17.39.57:786][ 42]LogModuleManager: Shutting down and abandoning module UMGEditor (213)
[2018.11.29-17.39.57:786][ 42]LogModuleManager: Shutting down and abandoning module Sequencer (212)
[2018.11.29-17.39.57:786][ 42]LogModuleManager: Shutting down and abandoning module MessageLog (209)
[2018.11.29-17.39.57:786][ 42]LogModuleManager: Shutting down and abandoning module SlateReflector (204)
[2018.11.29-17.39.57:786][ 42]LogModuleManager: Shutting down and abandoning module Slate (202)
[2018.11.29-17.39.57:786][ 42]LogModuleManager: Shutting down and abandoning module EditorStyle (200)
[2018.11.29-17.39.57:787][ 42]LogModuleManager: Shutting down and abandoning module MRMesh (198)
[2018.11.29-17.39.57:787][ 42]LogModuleManager: Shutting down and abandoning module SourceCodeAccess (196)
[2018.11.29-17.39.57:787][ 42]LogModuleManager: Shutting down and abandoning module HeadMountedDisplay (194)
[2018.11.29-17.39.57:787][ 42]LogModuleManager: Shutting down and abandoning module XAudio2 (192)
[2018.11.29-17.39.57:787][ 42]LogModuleManager: Shutting down and abandoning module Networking (190)
[2018.11.29-17.39.57:787][ 42]LogModuleManager: Shutting down and abandoning module Core (188)
[2018.11.29-17.39.57:787][ 42]LogModuleManager: Shutting down and abandoning module LevelSequence (186)
[2018.11.29-17.39.57:787][ 42]LogModuleManager: Shutting down and abandoning module KismetCompiler (184)
[2018.11.29-17.39.57:788][ 42]LogModuleManager: Shutting down and abandoning module MeshUtilities (182)
[2018.11.29-17.39.57:788][ 42]LogModuleManager: Shutting down and abandoning module MeshMergeUtilities (181)
[2018.11.29-17.39.57:788][ 42]LogModuleManager: Shutting down and abandoning module MeshReductionInterface (180)
[2018.11.29-17.39.57:788][ 42]LogModuleManager: Shutting down and abandoning module SimplygonSwarm (179)
[2018.11.29-17.39.57:788][ 42]LogModuleManager: Shutting down and abandoning module ProxyLODMeshReduction (177)
[2018.11.29-17.39.57:788][ 42]LogModuleManager: Shutting down and abandoning module SimplygonMeshReduction (175)
[2018.11.29-17.39.57:788][ 42]LogModuleManager: Shutting down and abandoning module QuadricMeshReduction (173)
[2018.11.29-17.39.57:788][ 42]LogModuleManager: Shutting down and abandoning module MaterialBaking (169)
[2018.11.29-17.39.57:788][ 42]LogModuleManager: Shutting down and abandoning module DirectoryWatcher (165)
[2018.11.29-17.39.57:788][ 42]LogModuleManager: Shutting down and abandoning module DerivedDataCache (162)
[2018.11.29-17.39.57:853][ 42]LogDerivedDataCache: Shutdown
[2018.11.29-17.39.57:853][ 42]LogModuleManager: Shutting down and abandoning module XGEController (160)
[2018.11.29-17.39.57:853][ 42]LogXGEController: Cleaning working directory: C:/Users/u0800347/AppData/Local/Temp/UnrealXGEWorkingDir/
[2018.11.29-17.39.57:853][ 42]LogModuleManager: Shutting down and abandoning module TargetPlatform (158)
[2018.11.29-17.39.57:854][ 42]LogModuleManager: Shutting down and abandoning module VulkanShaderFormat (157)
[2018.11.29-17.39.57:854][ 42]LogModuleManager: Shutting down and abandoning module ShaderFormatVectorVM (155)
[2018.11.29-17.39.57:854][ 42]LogModuleManager: Shutting down and abandoning module ShaderFormatOpenGL (153)
[2018.11.29-17.39.57:854][ 42]LogModuleManager: Shutting down and abandoning module ShaderFormatD3D (151)
[2018.11.29-17.39.57:854][ 42]LogModuleManager: Shutting down and abandoning module MetalShaderFormat (149)
[2018.11.29-17.39.57:854][ 42]LogModuleManager: Shutting down and abandoning module TextureFormatUncompressed (147)
[2018.11.29-17.39.57:854][ 42]LogModuleManager: Shutting down and abandoning module TextureFormatPVR (145)
[2018.11.29-17.39.57:854][ 42]LogModuleManager: Shutting down and abandoning module TextureFormatDXT (143)
[2018.11.29-17.39.57:854][ 42]LogModuleManager: Shutting down and abandoning module TextureFormatIntelISPCTexComp (141)
[2018.11.29-17.39.57:854][ 42]LogModuleManager: Shutting down and abandoning module TextureFormatASTC (139)
[2018.11.29-17.39.57:854][ 42]LogModuleManager: Shutting down and abandoning module ImageWrapper (138)
[2018.11.29-17.39.57:854][ 42]LogModuleManager: Shutting down and abandoning module TextureFormatAndroid (135)
[2018.11.29-17.39.57:854][ 42]LogModuleManager: Shutting down and abandoning module AudioFormatOpus (133)
[2018.11.29-17.39.57:854][ 42]LogModuleManager: Shutting down and abandoning module AudioFormatOgg (131)
[2018.11.29-17.39.57:854][ 42]LogModuleManager: Shutting down and abandoning module AudioFormatADPCM (129)
[2018.11.29-17.39.57:854][ 42]LogModuleManager: Shutting down and abandoning module LuminTargetPlatform (127)
[2018.11.29-17.39.57:854][ 42]LogModuleManager: Shutting down and abandoning module LinuxTargetPlatform (125)
[2018.11.29-17.39.57:854][ 42]LogModuleManager: Shutting down and abandoning module LinuxServerTargetPlatform (123)
[2018.11.29-17.39.57:854][ 42]LogModuleManager: Shutting down and abandoning module LinuxNoEditorTargetPlatform (121)
[2018.11.29-17.39.57:854][ 42]LogModuleManager: Shutting down and abandoning module LinuxClientTargetPlatform (119)
[2018.11.29-17.39.57:854][ 42]LogModuleManager: Shutting down and abandoning module TVOSTargetPlatform (117)
[2018.11.29-17.39.57:855][ 42]LogModuleManager: Shutting down and abandoning module Messaging (115)
[2018.11.29-17.39.57:855][ 42]LogModuleManager: Shutting down and abandoning module IOSTargetPlatform (113)
[2018.11.29-17.39.57:855][ 42]LogModuleManager: Shutting down and abandoning module HTML5TargetPlatform (111)
[2018.11.29-17.39.57:855][ 42]LogModuleManager: Shutting down and abandoning module AndroidTargetPlatform (109)
[2018.11.29-17.39.57:861][ 42]LogModuleManager: Shutting down and abandoning module WindowsTargetPlatform (107)
[2018.11.29-17.39.57:861][ 42]LogModuleManager: Shutting down and abandoning module WindowsServerTargetPlatform (105)
[2018.11.29-17.39.57:861][ 42]LogModuleManager: Shutting down and abandoning module WindowsNoEditorTargetPlatform (103)
[2018.11.29-17.39.57:861][ 42]LogModuleManager: Shutting down and abandoning module WindowsClientTargetPlatform (101)
[2018.11.29-17.39.57:861][ 42]LogModuleManager: Shutting down and abandoning module MacTargetPlatform (99)
[2018.11.29-17.39.57:861][ 42]LogModuleManager: Shutting down and abandoning module MacServerTargetPlatform (97)
[2018.11.29-17.39.57:861][ 42]LogModuleManager: Shutting down and abandoning module MacNoEditorTargetPlatform (95)
[2018.11.29-17.39.57:861][ 42]LogModuleManager: Shutting down and abandoning module MacClientTargetPlatform (93)
[2018.11.29-17.39.57:861][ 42]LogModuleManager: Shutting down and abandoning module AllDesktopTargetPlatform (91)
[2018.11.29-17.39.57:861][ 42]LogModuleManager: Shutting down and abandoning module InputCore (88)
[2018.11.29-17.39.57:861][ 42]LogModuleManager: Shutting down and abandoning module Settings (86)
[2018.11.29-17.39.57:861][ 42]LogModuleManager: Shutting down and abandoning module PhysXCooking (84)
[2018.11.29-17.39.57:861][ 42]LogModuleManager: Shutting down and abandoning module SteamVR (82)
[2018.11.29-17.39.57:861][ 42]LogModuleManager: Shutting down and abandoning module OculusHMD (80)
[2018.11.29-17.39.57:861][ 42]LogModuleManager: Shutting down and abandoning module ExampleDeviceProfileSelector (78)
[2018.11.29-17.39.57:861][ 42]LogModuleManager: Shutting down and abandoning module LauncherChunkInstaller (76)
[2018.11.29-17.39.57:861][ 42]LogModuleManager: Shutting down and abandoning module OnlineBlueprintSupport (74)
[2018.11.29-17.39.57:861][ 42]LogModuleManager: Shutting down and abandoning module OnlineSubsystem (70)
[2018.11.29-17.39.57:862][ 42]LogModuleManager: Shutting down and abandoning module XMPP (65)
[2018.11.29-17.39.57:862][ 42]LogModuleManager: Shutting down and abandoning module WebSockets (64)
[2018.11.29-17.39.57:881][ 42]LogModuleManager: Shutting down and abandoning module HTTP (61)
[2018.11.29-17.39.57:881][ 42]LogHttp: Display: Http module shutting down, but needs to wait on 1 outstanding Http requests:
[2018.11.29-17.39.57:881][ 42]LogHttp: Display: 	verb=[POST] url=[https://datarouter.ol.epicgames.com/datarouter/api/v1/public/data?SessionID=%7B8F9844A9-4FDE-14AF-235C-82873B873579%7D&AppID=UEEditor.Rocket.Release&AppVersion=4.20.3-4369336%2B%2B%2BUE4%2BRelease-4.20&UserID=18fd4c864ed3ddcafa2e108da892ba84%7C16c96479757c4167b90c86adf9dfa2e4%7C69523b5c-1881-4c06-b3b4-3df4160884ef&AppEnvironment=datacollector-binary&UploadType=eteventstream] status=Processing
[2018.11.29-17.39.57:886][ 42]LogModuleManager: Shutting down and abandoning module SSL (60)
[2018.11.29-17.39.57:887][ 42]LogModuleManager: Shutting down and abandoning module MagicLeapEmulator (56)
[2018.11.29-17.39.57:887][ 42]LogModuleManager: Shutting down and abandoning module MagicLeapPrivileges (54)
[2018.11.29-17.39.57:887][ 42]LogModuleManager: Shutting down and abandoning module MagicLeapIdentity (52)
[2018.11.29-17.39.57:887][ 42]LogModuleManager: Shutting down and abandoning module MagicLeapHelperVulkan (50)
[2018.11.29-17.39.57:887][ 42]LogModuleManager: Shutting down and abandoning module MagicLeapHelperOpenGL (48)
[2018.11.29-17.39.57:887][ 42]LogModuleManager: Shutting down and abandoning module MagicLeapSecureStorage (46)
[2018.11.29-17.39.57:887][ 42]LogModuleManager: Shutting down and abandoning module MagicLeapGestures (44)
[2018.11.29-17.39.57:887][ 42]LogModuleManager: Shutting down and abandoning module MagicLeapEyeTracker (42)
[2018.11.29-17.39.57:887][ 42]LogModuleManager: Shutting down and abandoning module MagicLeapController (40)
[2018.11.29-17.39.57:887][ 42]LogSlate: Slate User Destroyed.  User Index 0, Is Virtual User: 0
[2018.11.29-17.39.57:887][ 42]LogModuleManager: Shutting down and abandoning module MagicLeap (38)
[2018.11.29-17.39.57:887][ 42]LogModuleManager: Shutting down and abandoning module AnimationModifiers (36)
[2018.11.29-17.39.57:887][ 42]LogModuleManager: Shutting down and abandoning module PropertyEditor (35)
[2018.11.29-17.39.57:887][ 42]LogModuleManager: Shutting down and abandoning module AudioEditor (32)
[2018.11.29-17.39.57:887][ 42]LogModuleManager: Shutting down and abandoning module TextureCompressor (30)
[2018.11.29-17.39.57:888][ 42]LogModuleManager: Shutting down and abandoning module ShaderCore (28)
[2018.11.29-17.39.57:888][ 42]LogModuleManager: Shutting down and abandoning module Landscape (26)
[2018.11.29-17.39.57:888][ 42]LogModuleManager: Shutting down and abandoning module SlateRHIRenderer (24)
[2018.11.29-17.39.57:888][ 42]LogModuleManager: Shutting down and abandoning module OpenGLDrv (22)
[2018.11.29-17.39.57:888][ 42]LogModuleManager: Shutting down and abandoning module D3D11RHI (20)
[2018.11.29-17.39.57:888][ 42]LogModuleManager: Shutting down and abandoning module AnimGraphRuntime (18)
[2018.11.29-17.39.57:888][ 42]LogModuleManager: Shutting down and abandoning module Renderer (16)
[2018.11.29-17.39.57:888][ 42]LogModuleManager: Shutting down and abandoning module Engine (14)
[2018.11.29-17.39.57:888][ 42]LogModuleManager: Shutting down and abandoning module CoreUObject (12)
[2018.11.29-17.39.57:888][ 42]LogModuleManager: Shutting down and abandoning module NetworkFile (10)
[2018.11.29-17.39.57:888][ 42]LogModuleManager: Shutting down and abandoning module CookedIterativeFile (8)
[2018.11.29-17.39.57:888][ 42]LogModuleManager: Shutting down and abandoning module StreamingFile (6)
[2018.11.29-17.39.57:888][ 42]LogModuleManager: Shutting down and abandoning module SandboxFile (4)
[2018.11.29-17.39.57:888][ 42]LogModuleManager: Shutting down and abandoning module PakFile (2)
[2018.11.29-17.39.57:895][ 42]LogExit: Exiting.
[2018.11.29-17.39.57:911][ 42]Log file closed, 11/29/18 10:39:57
