Log file open, 01/03/19 17:53:36
LogWindows: Failed to load 'aqProf.dll' (GetLastError=126)
LogWindows: File 'aqProf.dll' does not exist
LogWindows: Failed to load 'VtuneApi.dll' (GetLastError=126)
LogWindows: File 'VtuneApi.dll' does not exist
LogWindows: Failed to load 'VtuneApi32e.dll' (GetLastError=126)
LogWindows: File 'VtuneApi32e.dll' does not exist
LogInit: Display: Running engine for game: Mansion
LogPlatformFile: Not using cached read wrapper
LogTaskGraph: Started task graph with 5 named threads and 23 total threads with 3 sets of task threads.
LogStats: Stats thread started at 0.311044
LogD3D11RHI: Loaded GFSDK_Aftermath_Lib.x64.dll
LogICUInternationalization: Display: ICU TimeZone Detection - Raw Offset: -7:00, Platform Override: ''
LogPluginManager: Mounting plugin Paper2D
LogPluginManager: Mounting plugin AISupport
LogPluginManager: Mounting plugin LightPropagationVolume
LogPluginManager: Mounting plugin CLionSourceCodeAccess
LogPluginManager: Mounting plugin CodeLiteSourceCodeAccess
LogPluginManager: Mounting plugin GitSourceControl
LogPluginManager: Mounting plugin KDevelopSourceCodeAccess
LogPluginManager: Mounting plugin NullSourceCodeAccess
LogPluginManager: Mounting plugin PerforceSourceControl
LogPluginManager: Mounting plugin SubversionSourceControl
LogPluginManager: Mounting plugin UObjectPlugin
LogPluginManager: Mounting plugin VisualStudioCodeSourceCodeAccess
LogPluginManager: Mounting plugin VisualStudioSourceCodeAccess
LogPluginManager: Mounting plugin XCodeSourceCodeAccess
LogPluginManager: Mounting plugin AssetManagerEditor
LogPluginManager: Mounting plugin CryptoKeys
LogPluginManager: Mounting plugin DataValidation
LogPluginManager: Mounting plugin FacialAnimation
LogPluginManager: Mounting plugin GameplayTagsEditor
LogPluginManager: Mounting plugin MacGraphicsSwitching
LogPluginManager: Mounting plugin MeshEditor
LogPluginManager: Mounting plugin MobileLauncherProfileWizard
LogPluginManager: Mounting plugin PluginBrowser
LogPluginManager: Mounting plugin SpeedTreeImporter
LogPluginManager: Mounting plugin DatasmithContent
LogPluginManager: Mounting plugin AlembicImporter
LogPluginManager: Mounting plugin AppleImageUtils
LogPluginManager: Mounting plugin AppleVision
LogPluginManager: Mounting plugin BackChannel
LogPluginManager: Mounting plugin CharacterAI
LogPluginManager: Mounting plugin GeometryCache
LogPluginManager: Mounting plugin HTML5Networking
LogPluginManager: Mounting plugin ProxyLODPlugin
LogPluginManager: Mounting plugin MagicLeap
LogPluginManager: Mounting plugin MagicLeapEmulator
LogPluginManager: Mounting plugin MagicLeapMedia
LogPluginManager: Mounting plugin AndroidMedia
LogPluginManager: Mounting plugin AvfMedia
LogPluginManager: Mounting plugin ImgMedia
LogPluginManager: Mounting plugin LinearTimecode
LogPluginManager: Mounting plugin MediaCompositing
LogPluginManager: Mounting plugin MediaPlayerEditor
LogPluginManager: Mounting plugin WmfMedia
LogPluginManager: Mounting plugin TcpMessaging
LogPluginManager: Mounting plugin UdpMessaging
LogPluginManager: Mounting plugin ActorSequence
LogPluginManager: Mounting plugin LevelSequenceEditor
LogPluginManager: Mounting plugin MatineeToLevelSequence
LogPluginManager: Mounting plugin NetcodeUnitTest
LogPluginManager: Mounting plugin NUTUnrealEngine4
LogPluginManager: Mounting plugin OnlineSubsystemGooglePlay
LogPluginManager: Mounting plugin OnlineSubsystemIOS
LogPluginManager: Mounting plugin OnlineSubsystem
LogPluginManager: Mounting plugin OnlineSubsystemNull
LogPluginManager: Mounting plugin OnlineSubsystemUtils
LogPluginManager: Mounting plugin LauncherChunkInstaller
LogPluginManager: Mounting plugin AndroidDeviceProfileSelector
LogPluginManager: Mounting plugin AndroidMoviePlayer
LogPluginManager: Mounting plugin AndroidPermission
LogPluginManager: Mounting plugin AppleMoviePlayer
LogPluginManager: Mounting plugin ArchVisCharacter
LogPluginManager: Mounting plugin AudioCapture
LogPluginManager: Mounting plugin CableComponent
LogPluginManager: Mounting plugin CustomMeshComponent
LogPluginManager: Mounting plugin EditableMesh
LogPluginManager: Mounting plugin ExampleDeviceProfileSelector
LogPluginManager: Mounting plugin GoogleCloudMessaging
LogPluginManager: Mounting plugin ImmediatePhysics
LogPluginManager: Mounting plugin IOSDeviceProfileSelector
LogPluginManager: Mounting plugin LinuxDeviceProfileSelector
LogPluginManager: Mounting plugin LocationServicesBPLibrary
LogPluginManager: Mounting plugin MobilePatchingUtils
LogPluginManager: Mounting plugin OculusVR
LogPluginManager: Plugin shader directory ../../../Engine/Plugins/Runtime/Oculus/OculusVR/Shaders found
LogPluginManager: Mapping shader source directory ../../../Engine/Plugins/Runtime/Oculus/OculusVR/Shaders to virtual directory /Plugin/OculusVR
LogPluginManager: Mounting plugin PhysXVehicles
LogPluginManager: Mounting plugin ProceduralMeshComponent
LogPluginManager: Mounting plugin RuntimePhysXCooking
LogPluginManager: Mounting plugin SteamVR
LogPluginManager: Mounting plugin WindowsMoviePlayer
LogStreaming: Display: Took  0.160s to configure plugins.
LogInit: Using libcurl 7.55.1-DEV
LogInit:  - built for x86_64-pc-win32
LogInit:  - supports SSL with OpenSSL/1.0.2h
LogInit:  - supports HTTP deflate (compression) using libz 1.2.8
LogInit:  - other features:
LogInit:      CURL_VERSION_SSL
LogInit:      CURL_VERSION_LIBZ
LogInit:      CURL_VERSION_IPV6
LogInit:      CURL_VERSION_ASYNCHDNS
LogInit:      CURL_VERSION_LARGEFILE
LogInit:      CURL_VERSION_IDN
LogInit:  CurlRequestOptions (configurable via config and command line):
LogInit:  - bVerifyPeer = false  - Libcurl will NOT verify peer certificate
LogInit:  - bUseHttpProxy = false  - Libcurl will NOT use HTTP proxy
LogInit:  - bDontReuseConnections = false  - Libcurl will reuse connections
LogInit:  - CertBundlePath = nullptr  - Libcurl will use whatever was configured at build time.
LogInit:  - MaxHostConnections = 16  - Libcurl will limit the number of connections to a host
LogInit:  - LocalHostAddr = Default
LogInit:  - BufferSize = 65536
LogInit: WinSock: version 1.1 (2.2), MaxSocks=32767, MaxUdp=65467
LogInit: Build: ++UE4+Release-4.20-CL-4369336
LogInit: Engine Version: 4.20.3-4369336+++UE4+Release-4.20
LogInit: Compatible Engine Version: 4.20.0-4212847+++UE4+Release-4.20
LogInit: Net CL: 4212847
LogInit: OS: Windows 10 (), CPU: Intel(R) Core(TM) i7-4770 CPU @ 3.40GHz, GPU: NVIDIA GeForce GTX 1070
LogInit: Compiled (64-bit): Sep 17 2018 12:26:19
LogInit: Compiled with Visual C++: 19.13.26129.00
LogInit: Build Configuration: Development
LogInit: Branch Name: ++UE4+Release-4.20
LogInit: Command Line:  
LogInit: Base Directory: C:/Program Files/Epic Games/UE_4.20/Engine/Binaries/Win64/
LogInit: Installed Engine Build: 1
LogDevObjectVersion: Number of dev versions registered: 20
LogDevObjectVersion:   Dev-Blueprints (B0D832E4-1F89-4F0D-ACCF-7EB736FD4AA2): 10
LogDevObjectVersion:   Dev-Build (E1C64328-A22C-4D53-A36C-8E866417BD8C): 0
LogDevObjectVersion:   Dev-Core (375EC13C-06E4-48FB-B500-84F0262A717E): 2
LogDevObjectVersion:   Dev-Editor (E4B068ED-F494-42E9-A231-DA0B2E46BB41): 24
LogDevObjectVersion:   Dev-Framework (CFFC743F-43B0-4480-9391-14DF171D2073): 34
LogDevObjectVersion:   Dev-Mobile (B02B49B5-BB20-44E9-A304-32B752E40360): 2
LogDevObjectVersion:   Dev-Networking (A4E4105C-59A1-49B5-A7C5-40C4547EDFEE): 0
LogDevObjectVersion:   Dev-Online (39C831C9-5AE6-47DC-9A44-9C173E1C8E7C): 0
LogDevObjectVersion:   Dev-Physics (78F01B33-EBEA-4F98-B9B4-84EACCB95AA2): 0
LogDevObjectVersion:   Dev-Platform (6631380F-2D4D-43E0-8009-CF276956A95A): 0
LogDevObjectVersion:   Dev-Rendering (12F88B9F-8875-4AFC-A67C-D90C383ABD29): 26
LogDevObjectVersion:   Dev-Sequencer (7B5AE74C-D270-4C10-A958-57980B212A5A): 9
LogDevObjectVersion:   Dev-VR (D7296918-1DD6-4BDD-9DE2-64A83CC13884): 2
LogDevObjectVersion:   Dev-LoadTimes (C2A15278-BFE7-4AFE-6C17-90FF531DF755): 1
LogDevObjectVersion:   Private-Geometry (6EACA3D4-40EC-4CC1-B786-8BED09428FC5): 3
LogDevObjectVersion:   Dev-AnimPhys (29E575DD-E0A3-4627-9D10-D276232CDCEA): 17
LogDevObjectVersion:   Dev-ReflectionCapture (6B266CEC-1EC7-4B8F-A30B-E4D90942FC07): 1
LogDevObjectVersion:   Dev-Automation (0DF73D61-A23F-47EA-B727-89E90C41499A): 1
LogDevObjectVersion:   FortniteMain (601D1886-AC64-4F84-AA16-D3DE0DEAC7D6): 12
LogDevObjectVersion:   Dev-Enterprise (9DFFBCD6-494F-0158-E221-12823C92A888): 1
LogStreaming: Display: Took  0.002s to delete old logs.
LogInit: Presizing for max 8388607 objects, including 0 objects not considered by GC, pre-allocating 0 bytes for permanent pool.
LogInit: Object subsystem initialized
[2019.01.04-00.53.37:346][  0]LogInit: Selected Device Profile: [Windows]
[2019.01.04-00.53.37:346][  0]LogInit: Applying CVar settings loaded from the selected device profile: [Windows]
[2019.01.04-00.53.37:360][  0]LogHAL: Display: Platform has ~ 32 GB [34295070720 / 34359738368 / 32], which maps to Largest [LargestMinGB=32, LargerMinGB=12, DefaultMinGB=8, SmallerMinGB=6, SmallestMinGB=0)
[2019.01.04-00.53.37:360][  0]LogInit: Setting Device Profile CVar: [[r.Vulkan.UseRealUBs:1]]
[2019.01.04-00.53.37:360][  0]LogInit: Going up to parent DeviceProfile []
[2019.01.04-00.53.37:360][  0]LogInit: Computer: eae-d-101
[2019.01.04-00.53.37:360][  0]LogInit: User: u0800347
[2019.01.04-00.53.37:360][  0]LogInit: CPU Page size=4096, Cores=4
[2019.01.04-00.53.37:360][  0]LogInit: High frequency timer resolution =3.318389 MHz
[2019.01.04-00.53.37:361][  0]LogMemory: Memory total: Physical=31.9GB (32GB approx)
[2019.01.04-00.53.37:361][  0]LogMemory: Platform Memory Stats for Windows
[2019.01.04-00.53.37:361][  0]LogMemory: Process Physical Memory: 102.06 MB used, 102.06 MB peak
[2019.01.04-00.53.37:361][  0]LogMemory: Process Virtual Memory: 93.63 MB used, 93.63 MB peak
[2019.01.04-00.53.37:361][  0]LogMemory: Physical Memory: 10722.52 MB used,  21983.81 MB free, 32706.33 MB total
[2019.01.04-00.53.37:361][  0]LogMemory: Virtual Memory: 4642.75 MB used,  21983.81 MB free, 134217728.00 MB total
[2019.01.04-00.53.37:391][  0]LogInit: Using OS detected language (en-US).
[2019.01.04-00.53.37:392][  0]LogInit: Using OS detected locale (en-US).
[2019.01.04-00.53.37:393][  0]LogTextLocalizationManager: No specific localization for 'en-US' exists, so the 'en' localization will be used.
[2019.01.04-00.53.37:801][  0]LogStreaming: Display: Took  0.409s to InitEngineTextLocalization.
[2019.01.04-00.53.37:801][  0]LogInit: Setting process to per monitor DPI aware
[2019.01.04-00.53.37:841][  0]LogSlate: New Slate User Created.  User Index 0, Is Virtual User: 0
[2019.01.04-00.53.37:841][  0]LogSlate: Slate User Registered.  User Index 0, Is Virtual User: 0
[2019.01.04-00.53.38:073][  0]LogHMD: Failed to initialize OpenVR with code 110
[2019.01.04-00.53.38:073][  0]LogD3D11RHI: D3D11 adapters:
[2019.01.04-00.53.38:142][  0]LogD3D11RHI:    0. 'NVIDIA GeForce GTX 1070' (Feature Level 11_0)
[2019.01.04-00.53.38:142][  0]LogD3D11RHI:       8088/0/16353 MB DedicatedVideo/DedicatedSystem/SharedSystem, Outputs:2, VendorId:0x10de
[2019.01.04-00.53.38:145][  0]LogD3D11RHI:    1. 'Microsoft Basic Render Driver' (Feature Level 11_0)
[2019.01.04-00.53.38:145][  0]LogD3D11RHI:       0/0/16353 MB DedicatedVideo/DedicatedSystem/SharedSystem, Outputs:0, VendorId:0x1414
[2019.01.04-00.53.38:145][  0]LogD3D11RHI: Chosen D3D11 Adapter: 0
[2019.01.04-00.53.38:153][  0]LogD3D11RHI: Creating new Direct3DDevice
[2019.01.04-00.53.38:153][  0]LogD3D11RHI:     GPU DeviceId: 0x1b81 (for the marketing name, search the web for "GPU Device Id")
[2019.01.04-00.53.38:153][  0]LogWindows: EnumDisplayDevices:
[2019.01.04-00.53.38:153][  0]LogWindows:    0. 'NVIDIA GeForce GTX 1070' (P:0 D:1)
[2019.01.04-00.53.38:154][  0]LogWindows:    1. 'NVIDIA GeForce GTX 1070' (P:1 D:1)
[2019.01.04-00.53.38:154][  0]LogWindows:    2. 'NVIDIA GeForce GTX 1070' (P:0 D:0)
[2019.01.04-00.53.38:154][  0]LogWindows:    3. 'NVIDIA GeForce GTX 1070' (P:0 D:0)
[2019.01.04-00.53.38:155][  0]LogWindows: DebugString: FoundDriverCount:4 
[2019.01.04-00.53.38:155][  0]LogD3D11RHI:     Adapter Name: NVIDIA GeForce GTX 1070
[2019.01.04-00.53.38:155][  0]LogD3D11RHI:   Driver Version: 398.36 (internal:24.21.13.9836, unified:398.36)
[2019.01.04-00.53.38:155][  0]LogD3D11RHI:      Driver Date: 6-24-2018
[2019.01.04-00.53.38:155][  0]LogRHI: Texture pool is 5661 MB (70% of 8088 MB)
[2019.01.04-00.53.38:206][  0]LogD3D11RHI: Async texture creation enabled
[2019.01.04-00.53.38:225][  0]LogD3D11RHI: GPU Timing Frequency: 1000.000000 (Debug: 2 2)
[2019.01.04-00.53.38:317][  0]LogShaderCompilers: Guid format shader working directory is -28 characters bigger than the processId version (../../../../../../Users/u0800347/Documents/GitHub/Mansion_Environment/Mansion/Intermediate/Shaders/WorkingDirectory/8344/).
[2019.01.04-00.53.38:318][  0]LogShaderCompilers: Cleaned the shader compiler working directory 'C:/Users/u0800347/AppData/Local/Temp/UnrealShaderWorkingDir/894FE2424851C6FEA68C8F8691DD0F27/'.
[2019.01.04-00.53.38:636][  0]LogTemp: Display: Loaded TP AllDesktopTargetPlatform
[2019.01.04-00.53.38:651][  0]LogTemp: Display: Loaded TP MacClientTargetPlatform
[2019.01.04-00.53.38:666][  0]LogTemp: Display: Loaded TP MacNoEditorTargetPlatform
[2019.01.04-00.53.38:682][  0]LogTemp: Display: Loaded TP MacServerTargetPlatform
[2019.01.04-00.53.38:697][  0]LogTemp: Display: Loaded TP MacTargetPlatform
[2019.01.04-00.53.38:713][  0]LogTemp: Display: Loaded TP WindowsClientTargetPlatform
[2019.01.04-00.53.38:729][  0]LogTemp: Display: Loaded TP WindowsNoEditorTargetPlatform
[2019.01.04-00.53.38:746][  0]LogTemp: Display: Loaded TP WindowsServerTargetPlatform
[2019.01.04-00.53.38:755][  0]LogTemp: Display: Loaded TP WindowsTargetPlatform
[2019.01.04-00.53.38:858][  0]LogTemp: Display: Loaded TP AndroidTargetPlatform
[2019.01.04-00.53.38:858][  0]LogTemp: Display: Loaded TP AndroidTargetPlatform
[2019.01.04-00.53.38:858][  0]LogTemp: Display: Loaded TP AndroidTargetPlatform
[2019.01.04-00.53.38:858][  0]LogTemp: Display: Loaded TP AndroidTargetPlatform
[2019.01.04-00.53.38:858][  0]LogTemp: Display: Loaded TP AndroidTargetPlatform
[2019.01.04-00.53.38:858][  0]LogTemp: Display: Loaded TP AndroidTargetPlatform
[2019.01.04-00.53.38:858][  0]LogTemp: Display: Loaded TP AndroidTargetPlatform
[2019.01.04-00.53.38:858][  0]LogTemp: Display: Loaded TP AndroidTargetPlatform
[2019.01.04-00.53.38:858][  0]LogTemp: Display: Loaded TP AndroidTargetPlatform
[2019.01.04-00.53.38:858][  0]LogTemp: Display: Loaded TP AndroidTargetPlatform
[2019.01.04-00.53.38:858][  0]LogTemp: Display: Loaded TP AndroidTargetPlatform
[2019.01.04-00.53.38:858][  0]LogTemp: Display: Loaded TP AndroidTargetPlatform
[2019.01.04-00.53.38:858][  0]LogTemp: Display: Loaded TP AndroidTargetPlatform
[2019.01.04-00.53.38:858][  0]LogTemp: Display: Loaded TP AndroidTargetPlatform
[2019.01.04-00.53.38:858][  0]LogTemp: Display: Loaded TP AndroidTargetPlatform
[2019.01.04-00.53.38:858][  0]LogTemp: Display: Loaded TP AndroidTargetPlatform
[2019.01.04-00.53.38:858][  0]LogTemp: Display: Loaded TP AndroidTargetPlatform
[2019.01.04-00.53.38:858][  0]LogTemp: Display: Loaded TP AndroidTargetPlatform
[2019.01.04-00.53.38:860][  0]LogTemp: Display: Loaded TP HTML5TargetPlatform
[2019.01.04-00.53.38:927][  0]LogTemp: Display: Loaded TP IOSTargetPlatform
[2019.01.04-00.53.38:927][  0]LogTemp: Display: Loaded TP IOSTargetPlatform
[2019.01.04-00.53.38:952][  0]LogTemp: Display: Loaded TP TVOSTargetPlatform
[2019.01.04-00.53.38:952][  0]LogTemp: Display: Loaded TP TVOSTargetPlatform
[2019.01.04-00.53.38:967][  0]LogTemp: Display: Loaded TP LinuxClientTargetPlatform
[2019.01.04-00.53.38:986][  0]LogTemp: Display: Loaded TP LinuxNoEditorTargetPlatform
[2019.01.04-00.53.39:003][  0]LogTemp: Display: Loaded TP LinuxServerTargetPlatform
[2019.01.04-00.53.39:025][  0]LogTemp: Display: Loaded TP LinuxTargetPlatform
[2019.01.04-00.53.39:037][  0]LogTemp: Display: Loaded TP LuminTargetPlatform
[2019.01.04-00.53.39:037][  0]LogTargetPlatformManager: Display: Building Assets For Windows
[2019.01.04-00.53.39:138][  0]LogXGEController: Cleaning working directory: C:/Users/u0800347/AppData/Local/Temp/UnrealXGEWorkingDir/
[2019.01.04-00.53.39:138][  0]LogXGEController: Cannot use XGE Controller as Incredibuild is not installed on this machine.
[2019.01.04-00.53.39:139][  0]LogShaderCompilers: Cannot use XGE Shader Compiler as Incredibuild is not installed on this machine.
[2019.01.04-00.53.39:139][  0]LogShaderCompilers: Display: Using Local Shader Compiler.
[2019.01.04-00.53.39:995][  0]LogDerivedDataCache: Display: Max Cache Size: 512 MB
[2019.01.04-00.53.40:083][  0]LogDerivedDataCache: Loaded boot cache 0.09s 71MB C:/Users/u0800347/AppData/Local/UnrealEngine/4.20/DerivedDataCache/Boot.ddc.
[2019.01.04-00.53.40:084][  0]LogDerivedDataCache: Display: Loaded Boot cache: C:/Users/u0800347/AppData/Local/UnrealEngine/4.20/DerivedDataCache/Boot.ddc
[2019.01.04-00.53.40:084][  0]LogDerivedDataCache: FDerivedDataBackendGraph:  Pak pak cache file ../../../../../../Users/u0800347/Documents/GitHub/Mansion_Environment/Mansion/DerivedDataCache/DDC.ddp not found, will not use a pak cache.
[2019.01.04-00.53.40:084][  0]LogDerivedDataCache: Unable to find inner node Pak for hierarchical cache Hierarchy.
[2019.01.04-00.53.40:084][  0]LogDerivedDataCache: FDerivedDataBackendGraph:  CompressedPak pak cache file ../../../../../../Users/u0800347/Documents/GitHub/Mansion_Environment/Mansion/DerivedDataCache/Compressed.ddp not found, will not use a pak cache.
[2019.01.04-00.53.40:084][  0]LogDerivedDataCache: Unable to find inner node CompressedPak for hierarchical cache Hierarchy.
[2019.01.04-00.53.40:099][  0]LogDerivedDataCache: Display: Pak cache opened for reading ../../../Engine/DerivedDataCache/Compressed.ddp.
[2019.01.04-00.53.40:111][  0]LogDerivedDataCache: Using Local data cache path C:/Users/u0800347/AppData/Local/UnrealEngine/Common/DerivedDataCache: Writable
[2019.01.04-00.53.40:111][  0]LogDerivedDataCache: Shared data cache path not found in *engine.ini, will not use an Shared cache.
[2019.01.04-00.53.40:111][  0]LogDerivedDataCache: Unable to find inner node Shared for hierarchical cache Hierarchy.
[2019.01.04-00.53.40:129][  0]LogMaterial: Verifying Global Shaders for PCD3D_SM5
[2019.01.04-00.53.40:131][  0]LogSlate: Using FreeType 2.6.0
[2019.01.04-00.53.40:132][  0]LogSlate: SlateFontServices - WITH_FREETYPE: 1, WITH_HARFBUZZ: 1
[2019.01.04-00.53.40:217][  0]LogAssetRegistry: FAssetRegistry took 0.0266 seconds to start up
[2019.01.04-00.53.40:565][  0]LogInit: Selected Device Profile: [Windows]
[2019.01.04-00.53.40:710][  0]LogSimplygon: Simplygon DLL not present - disabling.
[2019.01.04-00.53.40:716][  0]LogMeshReduction: Using SimplygonSwarm for distributed automatic mesh merging
[2019.01.04-00.53.40:716][  0]LogMeshReduction: Using ProxyLODMeshReduction for automatic mesh merging
[2019.01.04-00.53.40:716][  0]LogMeshReduction: Using QuadricMeshReduction for automatic static mesh reduction
[2019.01.04-00.53.40:716][  0]LogMeshReduction: No automatic skeletal mesh reduction module available
[2019.01.04-00.53.40:739][  0]LogNetVersion: Mansion 1.0.0, NetCL: 4212847, EngineNetVer: 5, GameNetVer: 0 (Checksum: 1776648947)
[2019.01.04-00.53.41:350][  0]LogPackageLocalizationCache: Processed 11 localized package path(s) for 2 prioritized culture(s) in 0.113018 seconds
[2019.01.04-00.53.41:356][  0]LogUObjectArray: 38425 objects as part of root set at end of initial load.
[2019.01.04-00.53.41:356][  0]LogUObjectAllocator: 6690864 out of 0 bytes used by permanent object pool.
[2019.01.04-00.53.41:356][  0]LogUObjectArray: CloseDisregardForGC: 0/0 objects in disregard for GC pool
[2019.01.04-00.53.42:298][  0]LogTcpMessaging: Initializing TcpMessaging bridge
[2019.01.04-00.53.42:312][  0]LogUdpMessaging: Initializing bridge on interface 0.0.0.0:0 to multicast group 230.0.0.1:6666.
[2019.01.04-00.53.42:470][  0]SourceControl: Source control is disabled
[2019.01.04-00.53.42:470][  0]SourceControl: Source control is disabled
[2019.01.04-00.53.42:472][  0]SourceControl: Source control is disabled
[2019.01.04-00.53.42:473][  0]SourceControl: Source control is disabled
[2019.01.04-00.53.42:648][  0]LogAndroidPermission: UAndroidPermissionCallbackProxy::GetInstance
[2019.01.04-00.53.42:767][  0]LogOcInput: OculusInput pre-init called
[2019.01.04-00.53.42:834][  0]LogEngine: Initializing Engine...
[2019.01.04-00.53.42:834][  0]LogHMD: Failed to initialize OpenVR with code 110
[2019.01.04-00.53.42:836][  0]LogStats: UGameplayTagsManager::ConstructGameplayTagTree: ImportINI prefixes -  0.000 s
[2019.01.04-00.53.42:836][  0]LogStats: UGameplayTagsManager::ConstructGameplayTagTree: Construct from data asset -  0.000 s
[2019.01.04-00.53.42:836][  0]LogStats: UGameplayTagsManager::ConstructGameplayTagTree: ImportINI -  0.000 s
[2019.01.04-00.53.42:836][  0]LogStats: UGameplayTagsManager::ConstructGameplayTagTree: GameplayTagTreeChangedEvent.Broadcast -  0.000 s
[2019.01.04-00.53.43:149][  0]LogInit: Initializing FReadOnlyCVARCache
[2019.01.04-00.53.43:169][  0]LogAIModule: Creating AISystem for world Untitled
[2019.01.04-00.53.43:210][  0]LogInit: XAudio2 using 'Digital Audio (S/PDIF) (High Definition Audio Device)' : 2 channels at 48 kHz using 16 bits per sample (channel mask 0x3)
[2019.01.04-00.53.43:228][  0]LogInit: FAudioDevice initialized.
[2019.01.04-00.53.43:229][  0]LogNetVersion: Set ProjectVersion to 1.0.0.0. Version Checksum will be recalculated on next use.
[2019.01.04-00.53.43:413][  0]LogDerivedDataCache: Saved boot cache 0.18s 71MB C:/Users/u0800347/AppData/Local/UnrealEngine/4.20/DerivedDataCache/Boot.ddc.
[2019.01.04-00.53.43:417][  0]LogInit: Texture streaming: Enabled
[2019.01.04-00.53.43:441][  0]LogEngineSessionManager: EngineSessionManager initialized
[2019.01.04-00.53.43:462][  0]LogInit: Transaction tracking system initialized
[2019.01.04-00.53.43:499][  0]BlueprintLog: New page: Editor Load
[2019.01.04-00.53.43:618][  0]LocalizationService: Localization service is disabled
[2019.01.04-00.53.43:898][  0]LogCook: Display: Max memory allowance for cook 16384mb min free memory 0mb
[2019.01.04-00.53.43:898][  0]LogCook: Display: Mobile HDR setting 1
[2019.01.04-00.53.43:898][  0]LogGameplayTags: Display: UGameplayTagsManager::DoneAddingNativeTags. DelegateIsBound: 0
[2019.01.04-00.53.43:898][  0]LogStats: UGameplayTagsManager::ConstructGameplayTagTree: ImportINI prefixes -  0.000 s
[2019.01.04-00.53.43:898][  0]LogStats: UGameplayTagsManager::ConstructGameplayTagTree: Construct from data asset -  0.000 s
[2019.01.04-00.53.43:898][  0]LogStats: UGameplayTagsManager::ConstructGameplayTagTree: ImportINI -  0.000 s
[2019.01.04-00.53.43:898][  0]LogStats: UGameplayTagsManager::ConstructGameplayTagTree: GameplayTagTreeChangedEvent.Broadcast -  0.000 s
[2019.01.04-00.53.44:053][  0]LogFileCache: Scanning file cache for directory 'C:/Users/u0800347/Documents/GitHub/Mansion_Environment/Mansion/Content/' took 0.02s
[2019.01.04-00.53.44:053][  0]SourceControl: Source control is disabled
[2019.01.04-00.53.44:054][  0]Cmd: MAP LOAD FILE="../../../../../../Users/u0800347/Documents/GitHub/Mansion_Environment/Mansion/Content/StarterContent/Maps/Minimal_Default.umap" TEMPLATE=0 SHOWPROGRESS=1 FEATURELEVEL=3
[2019.01.04-00.53.44:054][  0]LightingResults: New page: Lighting Build
[2019.01.04-00.53.44:059][  0]MapCheck: New page: Map Check
[2019.01.04-00.53.44:059][  0]LightingResults: New page: Lighting Build
[2019.01.04-00.53.44:216][  0]LogLinker: Warning: Can't find file '/Game/Models/Architecture/None'
[2019.01.04-00.53.44:216][  0]LogLinker: Warning: Can't find file for asset '/Game/Models/Architecture/None' while loading ../../../../../../Users/u0800347/Documents/GitHub/Mansion_Environment/Mansion/Content/Models/Architecture/Door.uasset.
[2019.01.04-00.53.44:216][  0]LoadErrors: Error: /Game/Models/Architecture/Door : Can't find file for asset. /Game/Models/Architecture/None
[2019.01.04-00.53.44:217][  0]LogLinker: Warning: Can't find file '/Game/Models/Architecture/None'
[2019.01.04-00.53.44:217][  0]LogLinker: Warning: Can't find file for asset '/Game/Models/Architecture/None' while loading ../../../../../../Users/u0800347/Documents/GitHub/Mansion_Environment/Mansion/Content/Models/Architecture/Door.uasset.
[2019.01.04-00.53.44:217][  0]LoadErrors: Error: /Game/Models/Architecture/Door : Can't find file for asset. /Game/Models/Architecture/None
[2019.01.04-00.53.44:352][  0]LogLinker: Warning: Can't find file '/Game/Models/Props/None'
[2019.01.04-00.53.44:352][  0]LogLinker: Warning: Can't find file for asset '/Game/Models/Props/None' while loading ../../../../../../Users/u0800347/Documents/GitHub/Mansion_Environment/Mansion/Content/Models/Props/UmbrellaStand.uasset.
[2019.01.04-00.53.44:352][  0]LoadErrors: Error: /Game/Models/Props/UmbrellaStand : Can't find file for asset. /Game/Models/Props/None
[2019.01.04-00.53.44:352][  0]LogLinker: Warning: Can't find file '/Game/Models/Props/None'
[2019.01.04-00.53.44:352][  0]LogLinker: Warning: Can't find file for asset '/Game/Models/Props/None' while loading ../../../../../../Users/u0800347/Documents/GitHub/Mansion_Environment/Mansion/Content/Models/Props/UmbrellaStand.uasset.
[2019.01.04-00.53.44:352][  0]LoadErrors: Error: /Game/Models/Props/UmbrellaStand : Can't find file for asset. /Game/Models/Props/None
[2019.01.04-00.53.44:454][  0]LogLinker: Warning: Can't find file '/Game/Models/Architecture/None'
[2019.01.04-00.53.44:454][  0]LoadErrors: Failed to load /Game/Models/Architecture/None.Material_0 Referenced by Door
[2019.01.04-00.53.44:454][  0]LogLinker: Warning: Can't find file for asset '/Game/Models/Architecture/None' while loading NULL.
[2019.01.04-00.53.44:454][  0]LoadErrors: Failed to load /Game/Models/Architecture/None.Material_0 Referenced by Door
[2019.01.04-00.53.44:454][  0]LogLinker: Warning: Can't find file '/Game/Models/Architecture/None'
[2019.01.04-00.53.44:454][  0]LoadErrors: Failed to load /Game/Models/Architecture/None.Material_0 Referenced by Door
[2019.01.04-00.53.44:454][  0]LogLinker: Warning: Can't find file for asset '/Game/Models/Architecture/None' while loading NULL.
[2019.01.04-00.53.44:454][  0]LoadErrors: Failed to load /Game/Models/Architecture/None.Material_0 Referenced by Door
[2019.01.04-00.53.44:513][  0]LogLinker: Warning: Can't find file '/Game/Models/Props/None'
[2019.01.04-00.53.44:513][  0]LoadErrors: Failed to load /Game/Models/Props/None.Material_0 Referenced by UmbrellaStand
[2019.01.04-00.53.44:513][  0]LogLinker: Warning: Can't find file for asset '/Game/Models/Props/None' while loading NULL.
[2019.01.04-00.53.44:513][  0]LoadErrors: Failed to load /Game/Models/Props/None.Material_0 Referenced by UmbrellaStand
[2019.01.04-00.53.44:513][  0]LogLinker: Warning: Can't find file '/Game/Models/Props/None'
[2019.01.04-00.53.44:513][  0]LoadErrors: Failed to load /Game/Models/Props/None.Material_0 Referenced by UmbrellaStand
[2019.01.04-00.53.44:514][  0]LogLinker: Warning: Can't find file for asset '/Game/Models/Props/None' while loading NULL.
[2019.01.04-00.53.44:514][  0]LoadErrors: Failed to load /Game/Models/Props/None.Material_0 Referenced by UmbrellaStand
[2019.01.04-00.53.44:754][  0]LogAIModule: Creating AISystem for world Minimal_Default
[2019.01.04-00.53.44:769][  0]LogEditorServer: Finished looking for orphan Actors (0.000 secs)
[2019.01.04-00.53.44:793][  0]Cmd: MAP CHECKDEP NOCLEARLOG
[2019.01.04-00.53.44:926][  0]MapCheck: Map check complete: 0 Error(s), 0 Warning(s), took 133.442ms to complete.
[2019.01.04-00.53.44:926][  0]LogFileHelpers: Loading map 'Minimal_Default' took 0.873
[2019.01.04-00.53.45:045][  0]LogSlate: Updating window title bar state: overlay mode, drag disabled, window buttons hidden, title bar hidden
[2019.01.04-00.53.45:054][  0]LogSlate: Updating window title bar state: overlay mode, drag disabled, window buttons hidden, title bar hidden
[2019.01.04-00.53.45:061][  0]LogSlate: Updating window title bar state: overlay mode, drag disabled, window buttons hidden, title bar hidden
[2019.01.04-00.53.45:068][  0]LogSlate: Updating window title bar state: overlay mode, drag disabled, window buttons hidden, title bar hidden
[2019.01.04-00.53.45:079][  0]LogCollectionManager: Loaded 0 collections in 0.003904 seconds
[2019.01.04-00.53.45:128][  0]LogFileCache: Scanning file cache for directory 'C:/Users/u0800347/Documents/GitHub/Mansion_Environment/Mansion/Saved/Collections/' took 0.01s
[2019.01.04-00.53.45:128][  0]LogFileCache: Scanning file cache for directory 'C:/Users/u0800347/Documents/GitHub/Mansion_Environment/Mansion/Content/Developers/u0800347/Collections/' took 0.01s
[2019.01.04-00.53.45:128][  0]LogFileCache: Scanning file cache for directory 'C:/Users/u0800347/Documents/GitHub/Mansion_Environment/Mansion/Content/Collections/' took 0.01s
[2019.01.04-00.53.45:128][  0]LogCollectionManager: Rebuilt the GUID cache for 0 collections in 0.000000 seconds
[2019.01.04-00.53.45:137][  0]LogContentBrowser: Native class hierarchy populated in 0.0088 seconds. Added 2572 classes and 603 folders.
[2019.01.04-00.53.45:147][  0]LogContentBrowser: Native class hierarchy updated for 'WidgetCarousel' in 0.0002 seconds. Added 0 classes and 0 folders.
[2019.01.04-00.53.45:220][  0]LogContentBrowser: Native class hierarchy updated for 'AddContentDialog' in 0.0002 seconds. Added 0 classes and 0 folders.
[2019.01.04-00.53.45:226][  0]LogContentBrowser: Native class hierarchy updated for 'SceneOutliner' in 0.0002 seconds. Added 1 classes and 2 folders.
[2019.01.04-00.53.45:242][  0]LogSlate: Took 0.000210 seconds to synchronously load lazily loaded font '../../../Engine/Content/Slate/Fonts/Roboto-Regular.ttf' (155K)
[2019.01.04-00.53.45:243][  0]LogSlate: Took 0.000171 seconds to synchronously load lazily loaded font '../../../Engine/Content/Slate/Fonts/Roboto-Bold.ttf' (160K)
[2019.01.04-00.53.45:249][  0]LogSlate: Took 0.000328 seconds to synchronously load lazily loaded font '../../../Engine/Content/Editor/Slate/Fonts/FontAwesome.ttf' (139K)
[2019.01.04-00.53.45:326][  0]LogRenderer: Reallocating scene render targets to support 1208x540 Format 10 NumSamples 1 (Frame:1).
[2019.01.04-00.53.45:531][  0]LogContentBrowser: Native class hierarchy updated for 'HierarchicalLODOutliner' in 0.0002 seconds. Added 0 classes and 0 folders.
[2019.01.04-00.53.45:531][  0]LogLoad: (Engine Initialization) Total time: 10.76 seconds
[2019.01.04-00.53.45:532][  0]LogLoad: (Engine Initialization) Total Blueprint compile time: 0.00 seconds
[2019.01.04-00.53.45:570][  0]LogContentStreaming: Texture pool size now 1000 MB
[2019.01.04-00.53.45:582][  0]LogSlate: FSceneViewport::OnFocusLost() reason 2
[2019.01.04-00.53.45:660][  1]LogAssetRegistry: Asset discovery search completed in 5.4655 seconds
[2019.01.04-00.53.45:662][  1]LogCollectionManager: Rebuilt the object cache for 0 collections in 0.000000 seconds (found 0 objects)
[2019.01.04-00.53.45:662][  1]LogCollectionManager: Fixed up redirectors for 0 collections in 0.000119 seconds (updated 0 objects)
[2019.01.04-00.53.50:886][ 71]LogSlate: Window 'Message Log' being destroyed
[2019.01.04-00.53.50:891][ 71]LogSlate: Window 'Message Log' being destroyed
[2019.01.04-00.53.53:405][353]LogEditorViewport: Clicking on Actor (LMB): StaticMeshActor (Wall_21x18 14)
[2019.01.04-00.53.55:266][555]LogSlate: FSceneViewport::OnFocusLost() reason 0
[2019.01.04-00.54.09:999][933]LogSlate: Window 'Reimport missing files' being destroyed
[2019.01.04-00.54.16:900][933]LogEditorFactories: Performing atomic reimport of [C:/Users/u0800347/Documents/GitHub/Mansion_Environment/Materials/Wood Floor/Wood_Floors_ambientOcclusion.tga]
[2019.01.04-00.54.16:911][933]LogFactory: FactoryCreateFile: Texture2D with ReimportTextureFactory (0 0 C:/Users/u0800347/Documents/GitHub/Mansion_Environment/Materials/Wood Floor/Wood_Floors_ambientOcclusion.tga)
[2019.01.04-00.54.16:922][933]LogTexture: Display: Building textures: Wood_Floors_ambientOcclusion (G8, 2048X2048)
[2019.01.04-00.54.17:112][933]LogEditorFactories: -- imported successfully
[2019.01.04-00.54.17:139][933]LogEditorFactories: Performing atomic reimport of [C:/Users/u0800347/Documents/GitHub/Mansion_Environment/Materials/Wood Floor/Wood_Floors_Basecolor.tga]
[2019.01.04-00.54.17:173][933]LogFactory: FactoryCreateFile: Texture2D with ReimportTextureFactory (0 0 C:/Users/u0800347/Documents/GitHub/Mansion_Environment/Materials/Wood Floor/Wood_Floors_Basecolor.tga)
[2019.01.04-00.54.17:239][933]LogTexture: Display: Building textures: Wood_Floors_Basecolor (AutoDXT, 2048X2048)
[2019.01.04-00.54.18:185][933]LogEditorFactories: -- imported successfully
[2019.01.04-00.54.18:236][933]LogEditorFactories: Performing atomic reimport of [C:/Users/u0800347/Documents/GitHub/Mansion_Environment/Materials/Wood Floor/Wood_Floors_normal.tga]
[2019.01.04-00.54.18:269][933]LogFactory: FactoryCreateFile: Texture2D with ReimportTextureFactory (0 0 C:/Users/u0800347/Documents/GitHub/Mansion_Environment/Materials/Wood Floor/Wood_Floors_normal.tga)
[2019.01.04-00.54.18:337][933]LogTexture: Display: Building textures: Wood_Floors_normal (BC5, 2048X2048)
[2019.01.04-00.54.18:603][933]LogEditorFactories: -- imported successfully
[2019.01.04-00.54.18:650][933]LogEditorFactories: Performing atomic reimport of [C:/Users/u0800347/Documents/GitHub/Mansion_Environment/Materials/Wood Floor/Wood_Floors_roughness.tga]
[2019.01.04-00.54.18:661][933]LogFactory: FactoryCreateFile: Texture2D with ReimportTextureFactory (0 0 C:/Users/u0800347/Documents/GitHub/Mansion_Environment/Materials/Wood Floor/Wood_Floors_roughness.tga)
[2019.01.04-00.54.18:670][933]LogTexture: Display: Building textures: Wood_Floors_roughness (G8, 2048X2048)
[2019.01.04-00.54.18:831][933]LogEditorFactories: -- imported successfully
[2019.01.04-00.54.18:863][933]LogSlate: Took 0.000281 seconds to synchronously load lazily loaded font '../../../Engine/Content/Slate/Fonts/Roboto-Light.ttf' (167K)
[2019.01.04-00.55.15:310][911]LogSlate: FSceneViewport::OnFocusLost() reason 2
[2019.01.04-00.55.18:374][223]LogEditorFactories: Performing atomic reimport of [C:/Users/u0800347/Documents/GitHub/Mansion_Environment/Materials/Wood Floor/Wood_Floors_normal.tga]
[2019.01.04-00.55.18:407][223]LogFactory: FactoryCreateFile: Texture2D with ReimportTextureFactory (0 0 C:/Users/u0800347/Documents/GitHub/Mansion_Environment/Materials/Wood Floor/Wood_Floors_normal.tga)
[2019.01.04-00.55.18:477][223]LogTexture: Display: Building textures: Wood_Floors_normal (BC5, 2048X2048)
[2019.01.04-00.55.18:728][223]LogEditorFactories: -- imported successfully
[2019.01.04-00.56.01:170][665]LogSlate: FSceneViewport::OnFocusLost() reason 2
[2019.01.04-00.56.03:980][963]LogEditorFactories: Performing atomic reimport of [C:/Users/u0800347/Documents/GitHub/Mansion_Environment/Materials/Wood Floor/Wood_Floors_normal.tga]
[2019.01.04-00.56.04:014][963]LogFactory: FactoryCreateFile: Texture2D with ReimportTextureFactory (0 0 C:/Users/u0800347/Documents/GitHub/Mansion_Environment/Materials/Wood Floor/Wood_Floors_normal.tga)
[2019.01.04-00.56.04:069][963]LogTexture: Display: Building textures: Wood_Floors_normal (BC5, 2048X2048)
[2019.01.04-00.56.04:306][963]LogEditorFactories: -- imported successfully
[2019.01.04-00.57.27:246][236]LogSlate: FSceneViewport::OnFocusLost() reason 2
[2019.01.04-00.57.29:375][449]LogEditorFactories: Performing atomic reimport of [C:/Users/u0800347/Documents/GitHub/Mansion_Environment/Materials/Wood Floor/Wood_Floors_normal.tga]
[2019.01.04-00.57.29:408][449]LogFactory: FactoryCreateFile: Texture2D with ReimportTextureFactory (0 0 C:/Users/u0800347/Documents/GitHub/Mansion_Environment/Materials/Wood Floor/Wood_Floors_normal.tga)
[2019.01.04-00.57.29:464][449]LogTexture: Display: Building textures: Wood_Floors_normal (BC5, 2048X2048)
[2019.01.04-00.57.29:718][449]LogEditorFactories: -- imported successfully
[2019.01.04-00.58.04:054][496]LogSlate: FSceneViewport::OnFocusLost() reason 2
[2019.01.04-00.58.06:226][718]LogEditorFactories: Performing atomic reimport of [C:/Users/u0800347/Documents/GitHub/Mansion_Environment/Materials/Wood Floor/Wood_Floors_normal.tga]
[2019.01.04-00.58.06:259][718]LogFactory: FactoryCreateFile: Texture2D with ReimportTextureFactory (0 0 C:/Users/u0800347/Documents/GitHub/Mansion_Environment/Materials/Wood Floor/Wood_Floors_normal.tga)
[2019.01.04-00.58.06:315][718]LogTexture: Display: Building textures: Wood_Floors_normal (BC5, 2048X2048)
[2019.01.04-00.58.06:569][718]LogEditorFactories: -- imported successfully
[2019.01.04-00.58.13:147][434]LogEditorFactories: Performing atomic reimport of [C:/Users/u0800347/Documents/GitHub/Mansion_Environment/Materials/Wood Floor/Wood_Floors_ambientOcclusion.tga]
[2019.01.04-00.58.13:158][434]LogFactory: FactoryCreateFile: Texture2D with ReimportTextureFactory (0 0 C:/Users/u0800347/Documents/GitHub/Mansion_Environment/Materials/Wood Floor/Wood_Floors_ambientOcclusion.tga)
[2019.01.04-00.58.13:166][434]LogTexture: Display: Building textures: Wood_Floors_ambientOcclusion (G8, 2048X2048)
[2019.01.04-00.58.13:336][434]LogEditorFactories: -- imported successfully
[2019.01.04-00.58.13:362][434]LogEditorFactories: Performing atomic reimport of [C:/Users/u0800347/Documents/GitHub/Mansion_Environment/Materials/Wood Floor/Wood_Floors_Basecolor.tga]
[2019.01.04-00.58.13:394][434]LogFactory: FactoryCreateFile: Texture2D with ReimportTextureFactory (0 0 C:/Users/u0800347/Documents/GitHub/Mansion_Environment/Materials/Wood Floor/Wood_Floors_Basecolor.tga)
[2019.01.04-00.58.13:452][434]LogTexture: Display: Building textures: Wood_Floors_Basecolor (AutoDXT, 2048X2048)
[2019.01.04-00.58.14:335][434]LogEditorFactories: -- imported successfully
[2019.01.04-00.58.14:382][434]LogEditorFactories: Performing atomic reimport of [C:/Users/u0800347/Documents/GitHub/Mansion_Environment/Materials/Wood Floor/Wood_Floors_normal.tga]
[2019.01.04-00.58.14:415][434]LogFactory: FactoryCreateFile: Texture2D with ReimportTextureFactory (0 0 C:/Users/u0800347/Documents/GitHub/Mansion_Environment/Materials/Wood Floor/Wood_Floors_normal.tga)
[2019.01.04-00.58.14:466][434]LogTexture: Display: Building textures: Wood_Floors_normal (BC5, 2048X2048)
[2019.01.04-00.58.14:712][434]LogEditorFactories: -- imported successfully
[2019.01.04-00.58.14:760][434]LogEditorFactories: Performing atomic reimport of [C:/Users/u0800347/Documents/GitHub/Mansion_Environment/Materials/Wood Floor/Wood_Floors_roughness.tga]
[2019.01.04-00.58.14:771][434]LogFactory: FactoryCreateFile: Texture2D with ReimportTextureFactory (0 0 C:/Users/u0800347/Documents/GitHub/Mansion_Environment/Materials/Wood Floor/Wood_Floors_roughness.tga)
[2019.01.04-00.58.14:780][434]LogTexture: Display: Building textures: Wood_Floors_roughness (G8, 2048X2048)
[2019.01.04-00.58.14:932][434]LogEditorFactories: -- imported successfully
[2019.01.04-00.58.31:759][279]LogEditorViewport: Clicking on Actor (LMB): StaticMeshActor (Wall_Timer)
[2019.01.04-00.58.41:653][424]LogSlate: FSceneViewport::OnFocusLost() reason 2
[2019.01.04-00.58.41:975][424]LogSavePackage: Moving '../../../../../../Users/u0800347/Documents/GitHub/Mansion_Environment/Mansion/Saved/Minimal_Default9161453543F58646E483EE8C5BEC3EE4.tmp' to '../../../../../../Users/u0800347/Documents/GitHub/Mansion_Environment/Mansion/Content/StarterContent/Maps/Minimal_Default.umap'
[2019.01.04-00.58.42:238][424]LogSavePackage: Moving '../../../../../../Users/u0800347/Documents/GitHub/Mansion_Environment/Mansion/Saved/Minimal_Default_BuiltData2D179D3D4ECA9A5C97AE169D96225077.tmp' to '../../../../../../Users/u0800347/Documents/GitHub/Mansion_Environment/Mansion/Content/StarterContent/Maps/Minimal_Default_BuiltData.uasset'
[2019.01.04-00.58.46:104][846]LogSavePackage: Moving '../../../../../../Users/u0800347/Documents/GitHub/Mansion_Environment/Mansion/Saved/Wood_Floors_ambientOcclusion41C94DE045798F1902BC66A2781FABDF.tmp' to '../../../../../../Users/u0800347/Documents/GitHub/Mansion_Environment/Mansion/Content/Models/Materials/Wood_Floor/Wood_Floors_ambientOcclusion.uasset'
[2019.01.04-00.58.46:665][846]LogSavePackage: Moving '../../../../../../Users/u0800347/Documents/GitHub/Mansion_Environment/Mansion/Saved/Wood_Floors_BasecolorBCECF38B4FBDA819A0E220BF07F8AB4C.tmp' to '../../../../../../Users/u0800347/Documents/GitHub/Mansion_Environment/Mansion/Content/Models/Materials/Wood_Floor/Wood_Floors_Basecolor.uasset'
[2019.01.04-00.58.47:222][846]LogSavePackage: Moving '../../../../../../Users/u0800347/Documents/GitHub/Mansion_Environment/Mansion/Saved/Wood_Floors_normalFB329FC846B69E837688C38F3126536D.tmp' to '../../../../../../Users/u0800347/Documents/GitHub/Mansion_Environment/Mansion/Content/Models/Materials/Wood_Floor/Wood_Floors_normal.uasset'
[2019.01.04-00.58.47:431][846]LogSavePackage: Moving '../../../../../../Users/u0800347/Documents/GitHub/Mansion_Environment/Mansion/Saved/Wood_Floors_roughness079328334B31EBC28B9D3180F44705C3.tmp' to '../../../../../../Users/u0800347/Documents/GitHub/Mansion_Environment/Mansion/Content/Models/Materials/Wood_Floor/Wood_Floors_roughness.uasset'
[2019.01.04-00.58.48:463][954]LogSlate: Window 'Mansion - Unreal Editor' being destroyed
[2019.01.04-00.58.48:465][954]LogWindowsTextInputMethodSystem: Display: IME system now deactivated.
[2019.01.04-00.58.48:709][955]Cmd: QUIT_EDITOR
[2019.01.04-00.58.48:738][955]LogExit: Preparing to exit.
[2019.01.04-00.58.49:499][955]LogExit: Editor shut down
[2019.01.04-00.58.49:499][955]LogExit: Transaction tracking system shut down
[2019.01.04-00.58.50:114][955]LogExit: Object subsystem successfully closed.
[2019.01.04-00.58.50:138][955]LogShaderCompilers: Display: Shaders left to compile 0
[2019.01.04-00.58.50:142][955]LogD3D11RHI: Shutdown
[2019.01.04-00.58.50:142][955]LogD3D11RHI: CleanupD3DDevice
[2019.01.04-00.58.50:144][955]LogD3D11RHI: ~FD3D11DynamicRHI
[2019.01.04-00.58.50:172][955]LogModuleManager: Shutting down and abandoning module HierarchicalLODOutliner (610)
[2019.01.04-00.58.50:172][955]LogModuleManager: Shutting down and abandoning module SceneOutliner (608)
[2019.01.04-00.58.50:172][955]LogModuleManager: Shutting down and abandoning module AddContentDialog (606)
[2019.01.04-00.58.50:172][955]LogModuleManager: Shutting down and abandoning module WidgetCarousel (605)
[2019.01.04-00.58.50:173][955]LogModuleManager: Shutting down and abandoning module EditorWidgets (602)
[2019.01.04-00.58.50:173][955]LogModuleManager: Shutting down and abandoning module CollectionManager (600)
[2019.01.04-00.58.50:173][955]LogModuleManager: Shutting down and abandoning module StatsViewer (598)
[2019.01.04-00.58.50:173][955]LogModuleManager: Shutting down and abandoning module FoliageEdit (596)
[2019.01.04-00.58.50:173][955]LogModuleManager: Shutting down and abandoning module LandscapeEditor (594)
[2019.01.04-00.58.50:173][955]LogModuleManager: Shutting down and abandoning module MeshPaintMode (592)
[2019.01.04-00.58.50:173][955]LogModuleManager: Shutting down and abandoning module SceneDepthPickerMode (590)
[2019.01.04-00.58.50:173][955]LogModuleManager: Shutting down and abandoning module ActorPickerMode (588)
[2019.01.04-00.58.50:173][955]LogModuleManager: Shutting down and abandoning module GeometryMode (586)
[2019.01.04-00.58.50:173][955]LogModuleManager: Shutting down and abandoning module TextureAlignMode (584)
[2019.01.04-00.58.50:173][955]LogModuleManager: Shutting down and abandoning module BspMode (582)
[2019.01.04-00.58.50:173][955]LogModuleManager: Shutting down and abandoning module PIEPreviewDeviceProfileSelector (580)
[2019.01.04-00.58.50:173][955]LogModuleManager: Shutting down and abandoning module SequenceRecorderSections (578)
[2019.01.04-00.58.50:173][955]LogModuleManager: Shutting down and abandoning module AutomationWorker (576)
[2019.01.04-00.58.50:173][955]LogModuleManager: Shutting down and abandoning module AudioCaptureEditor (574)
[2019.01.04-00.58.50:173][955]LogModuleManager: Shutting down and abandoning module SequenceRecorder (573)
[2019.01.04-00.58.50:173][955]LogModuleManager: Shutting down and abandoning module MatineeToLevelSequence (570)
[2019.01.04-00.58.50:173][955]LogModuleManager: Shutting down and abandoning module LevelSequenceEditor (568)
[2019.01.04-00.58.50:173][955]LogModuleManager: Shutting down and abandoning module PlacementMode (567)
[2019.01.04-00.58.50:173][955]LogModuleManager: Shutting down and abandoning module MaterialEditor (566)
[2019.01.04-00.58.50:173][955]LogModuleManager: Shutting down and abandoning module WmfMediaFactory (562)
[2019.01.04-00.58.50:173][955]LogModuleManager: Shutting down and abandoning module WmfMediaEditor (560)
[2019.01.04-00.58.50:173][955]LogModuleManager: Shutting down and abandoning module MediaPlayerEditor (558)
[2019.01.04-00.58.50:173][955]LogModuleManager: Shutting down and abandoning module OpenExrWrapper (556)
[2019.01.04-00.58.50:173][955]LogModuleManager: Shutting down and abandoning module ImgMediaFactory (554)
[2019.01.04-00.58.50:173][955]LogModuleManager: Shutting down and abandoning module ImgMediaEditor (552)
[2019.01.04-00.58.50:173][955]LogModuleManager: Shutting down and abandoning module AvfMediaFactory (550)
[2019.01.04-00.58.50:173][955]LogModuleManager: Shutting down and abandoning module AvfMediaEditor (548)
[2019.01.04-00.58.50:173][955]LogModuleManager: Shutting down and abandoning module AndroidMediaFactory (546)
[2019.01.04-00.58.50:173][955]LogModuleManager: Shutting down and abandoning module AndroidMediaEditor (544)
[2019.01.04-00.58.50:173][955]LogModuleManager: Shutting down and abandoning module MagicLeapCameraPreviewFactory (542)
[2019.01.04-00.58.50:173][955]LogModuleManager: Shutting down and abandoning module MagicLeapMediaFactory (540)
[2019.01.04-00.58.50:174][955]LogModuleManager: Shutting down and abandoning module MagicLeapMediaEditor (538)
[2019.01.04-00.58.50:174][955]LogModuleManager: Shutting down and abandoning module CharacterAI (536)
[2019.01.04-00.58.50:174][955]LogModuleManager: Shutting down and abandoning module SmartSnapping (534)
[2019.01.04-00.58.50:174][955]LogModuleManager: Shutting down and abandoning module SessionServices (532)
[2019.01.04-00.58.50:174][955]LogModuleManager: Shutting down and abandoning module ViewportSnapping (530)
[2019.01.04-00.58.50:174][955]LogModuleManager: Shutting down and abandoning module ViewportInteraction (528)
[2019.01.04-00.58.50:174][955]LogModuleManager: Shutting down and abandoning module ClothPainter (526)
[2019.01.04-00.58.50:174][955]LogModuleManager: Shutting down and abandoning module SkeletalMeshEditor (525)
[2019.01.04-00.58.50:174][955]LogModuleManager: Shutting down and abandoning module LogVisualizer (522)
[2019.01.04-00.58.50:174][955]LogModuleManager: Shutting down and abandoning module IntroTutorials (520)
[2019.01.04-00.58.50:174][955]LogModuleManager: Shutting down and abandoning module GameProjectGeneration (519)
[2019.01.04-00.58.50:174][955]LogModuleManager: Shutting down and abandoning module LuminPlatformEditor (516)
[2019.01.04-00.58.50:174][955]LogModuleManager: Shutting down and abandoning module IOSPlatformEditor (514)
[2019.01.04-00.58.50:174][955]LogModuleManager: Shutting down and abandoning module HTML5PlatformEditor (512)
[2019.01.04-00.58.50:174][955]LogModuleManager: Shutting down and abandoning module AndroidPlatformEditor (510)
[2019.01.04-00.58.50:174][955]LogModuleManager: Shutting down and abandoning module AndroidDeviceDetection (509)
[2019.01.04-00.58.50:829][955]LogModuleManager: Shutting down and abandoning module WindowsPlatformEditor (506)
[2019.01.04-00.58.50:829][955]LogModuleManager: Shutting down and abandoning module LuminRuntimeSettings (504)
[2019.01.04-00.58.50:829][955]LogModuleManager: Shutting down and abandoning module IOSRuntimeSettings (502)
[2019.01.04-00.58.50:829][955]LogModuleManager: Shutting down and abandoning module AndroidRuntimeSettings (500)
[2019.01.04-00.58.50:829][955]LogModuleManager: Shutting down and abandoning module InputBindingEditor (498)
[2019.01.04-00.58.50:829][955]LogModuleManager: Shutting down and abandoning module MergeActors (496)
[2019.01.04-00.58.50:829][955]LogModuleManager: Shutting down and abandoning module LocalizationDashboard (494)
[2019.01.04-00.58.50:829][955]LogModuleManager: Shutting down and abandoning module LocalizationService (493)
[2019.01.04-00.58.50:829][955]LogModuleManager: Shutting down and abandoning module HardwareTargeting (490)
[2019.01.04-00.58.50:829][955]LogModuleManager: Shutting down and abandoning module DeviceProfileEditor (488)
[2019.01.04-00.58.50:829][955]LogModuleManager: Shutting down and abandoning module UndoHistory (486)
[2019.01.04-00.58.50:829][955]LogModuleManager: Shutting down and abandoning module XmlParser (484)
[2019.01.04-00.58.50:829][955]LogModuleManager: Shutting down and abandoning module Blutility (482)
[2019.01.04-00.58.50:829][955]LogModuleManager: Shutting down and abandoning module ProjectSettingsViewer (480)
[2019.01.04-00.58.50:829][955]LogModuleManager: Shutting down and abandoning module ProjectTargetPlatformEditor (479)
[2019.01.04-00.58.50:830][955]LogModuleManager: Shutting down and abandoning module EditorSettingsViewer (476)
[2019.01.04-00.58.50:830][955]LogModuleManager: Shutting down and abandoning module SettingsEditor (474)
[2019.01.04-00.58.50:830][955]LogModuleManager: Shutting down and abandoning module ProjectLauncher (472)
[2019.01.04-00.58.50:830][955]LogModuleManager: Shutting down and abandoning module SessionFrontend (470)
[2019.01.04-00.58.50:830][955]LogModuleManager: Shutting down and abandoning module ProfilerClient (468)
[2019.01.04-00.58.50:830][955]LogModuleManager: Shutting down and abandoning module DeviceManager (466)
[2019.01.04-00.58.50:830][955]LogModuleManager: Shutting down and abandoning module TargetDeviceServices (465)
[2019.01.04-00.58.50:896][955]LogModuleManager: Shutting down and abandoning module AutomationController (462)
[2019.01.04-00.58.50:896][955]LogModuleManager: Shutting down and abandoning module AutomationWindow (460)
[2019.01.04-00.58.50:896][955]LogModuleManager: Shutting down and abandoning module Layers (458)
[2019.01.04-00.58.50:896][955]LogModuleManager: Shutting down and abandoning module ComponentVisualizers (456)
[2019.01.04-00.58.50:896][955]LogModuleManager: Shutting down and abandoning module DetailCustomizations (454)
[2019.01.04-00.58.50:896][955]LogModuleManager: Shutting down and abandoning module PackagesDialog (452)
[2019.01.04-00.58.50:896][955]LogModuleManager: Shutting down and abandoning module Persona (450)
[2019.01.04-00.58.50:896][955]LogModuleManager: Shutting down and abandoning module AdvancedPreviewScene (449)
[2019.01.04-00.58.50:896][955]LogModuleManager: Shutting down and abandoning module AnimGraph (447)
[2019.01.04-00.58.50:896][955]LogModuleManager: Shutting down and abandoning module Kismet (444)
[2019.01.04-00.58.50:896][955]LogModuleManager: Shutting down and abandoning module GraphEditor (442)
[2019.01.04-00.58.50:896][955]LogModuleManager: Shutting down and abandoning module ClassViewer (440)
[2019.01.04-00.58.50:896][955]LogModuleManager: Shutting down and abandoning module Toolbox (438)
[2019.01.04-00.58.50:896][955]LogModuleManager: Shutting down and abandoning module ModuleUI (436)
[2019.01.04-00.58.50:896][955]LogModuleManager: Shutting down and abandoning module MovieSceneTools (434)
[2019.01.04-00.58.50:896][955]LogModuleManager: Shutting down and abandoning module OutputLog (432)
[2019.01.04-00.58.50:896][955]LogModuleManager: Shutting down and abandoning module GammaUI (430)
[2019.01.04-00.58.50:896][955]LogModuleManager: Shutting down and abandoning module Documentation (428)
[2019.01.04-00.58.50:896][955]LogModuleManager: Shutting down and abandoning module MovieSceneTracks (426)
[2019.01.04-00.58.50:896][955]LogModuleManager: Shutting down and abandoning module MovieScene (424)
[2019.01.04-00.58.50:896][955]LogModuleManager: Shutting down and abandoning module StreamingPauseRendering (422)
[2019.01.04-00.58.50:896][955]LogModuleManager: Shutting down and abandoning module LauncherPlatform (420)
[2019.01.04-00.58.50:896][955]LogModuleManager: Shutting down and abandoning module AnalyticsET (418)
[2019.01.04-00.58.50:896][955]LogModuleManager: Shutting down and abandoning module PortalServices (416)
[2019.01.04-00.58.50:896][955]LogModuleManager: Shutting down and abandoning module PortalRpc (414)
[2019.01.04-00.58.50:896][955]LogModuleManager: Shutting down and abandoning module MessagingRpc (412)
[2019.01.04-00.58.50:896][955]LogModuleManager: Shutting down and abandoning module AIModule (410)
[2019.01.04-00.58.50:897][955]LogModuleManager: Shutting down and abandoning module GameplayDebugger (409)
[2019.01.04-00.58.50:897][955]LogModuleManager: Shutting down and abandoning module AITestSuite (407)
[2019.01.04-00.58.50:897][955]LogModuleManager: Shutting down and abandoning module NavigationSystem (405)
[2019.01.04-00.58.50:897][955]LogModuleManager: Shutting down and abandoning module DesktopPlatform (402)
[2019.01.04-00.58.50:897][955]LogModuleManager: Shutting down and abandoning module ProfilerService (400)
[2019.01.04-00.58.50:944][955]LogModuleManager: Shutting down and abandoning module TaskGraph (398)
[2019.01.04-00.58.50:944][955]LogModuleManager: Shutting down and abandoning module SteamVRController (396)
[2019.01.04-00.58.50:944][955]LogModuleManager: Shutting down and abandoning module ProceduralMeshComponentEditor (394)
[2019.01.04-00.58.50:944][955]LogModuleManager: Shutting down and abandoning module ProceduralMeshComponent (392)
[2019.01.04-00.58.50:944][955]LogModuleManager: Shutting down and abandoning module OculusInput (390)
[2019.01.04-00.58.50:944][955]LogModuleManager: Shutting down and abandoning module MobilePatchingUtils (388)
[2019.01.04-00.58.50:944][955]LogModuleManager: Shutting down and abandoning module EditableMesh (386)
[2019.01.04-00.58.50:944][955]LogModuleManager: Shutting down and abandoning module CustomMeshComponent (384)
[2019.01.04-00.58.50:944][955]LogModuleManager: Shutting down and abandoning module CableComponent (382)
[2019.01.04-00.58.50:944][955]LogModuleManager: Shutting down and abandoning module AudioCapture (380)
[2019.01.04-00.58.50:944][955]LogModuleManager: Shutting down and abandoning module ArchVisCharacter (378)
[2019.01.04-00.58.50:944][955]LogModuleManager: Shutting down and abandoning module AndroidPermission (376)
[2019.01.04-00.58.50:944][955]LogModuleManager: Shutting down and abandoning module NUTUnrealEngine4 (374)
[2019.01.04-00.58.50:944][955]LogModuleManager: Shutting down and abandoning module NetcodeUnitTest (372)
[2019.01.04-00.58.50:945][955]LogModuleManager: Shutting down and abandoning module MediaCompositingEditor (370)
[2019.01.04-00.58.50:945][955]LogModuleManager: Shutting down and abandoning module MediaCompositing (368)
[2019.01.04-00.58.50:945][955]LogModuleManager: Shutting down and abandoning module LinearTimecode (366)
[2019.01.04-00.58.50:945][955]LogModuleManager: Shutting down and abandoning module ImgMedia (364)
[2019.01.04-00.58.50:948][955]LogModuleManager: Shutting down and abandoning module HTML5Networking (362)
[2019.01.04-00.58.50:948][955]LogModuleManager: Shutting down and abandoning module GeometryCacheTracks (360)
[2019.01.04-00.58.50:948][955]LogModuleManager: Shutting down and abandoning module GeometryCacheSequencer (358)
[2019.01.04-00.58.50:948][955]LogModuleManager: Shutting down and abandoning module BackChannel (356)
[2019.01.04-00.58.50:948][955]LogModuleManager: Shutting down and abandoning module AppleVision (354)
[2019.01.04-00.58.50:948][955]LogModuleManager: Shutting down and abandoning module AppleImageUtils (352)
[2019.01.04-00.58.50:948][955]LogModuleManager: Shutting down and abandoning module AlembicImporter (350)
[2019.01.04-00.58.50:948][955]LogModuleManager: Shutting down and abandoning module AlembicLibrary (349)
[2019.01.04-00.58.50:948][955]LogModuleManager: Shutting down and abandoning module GeometryCache (348)
[2019.01.04-00.58.50:948][955]LogModuleManager: Shutting down and abandoning module GeometryCacheEd (347)
[2019.01.04-00.58.50:948][955]LogModuleManager: Shutting down and abandoning module DatasmithContentEditor (342)
[2019.01.04-00.58.50:948][955]LogModuleManager: Shutting down and abandoning module DatasmithContent (340)
[2019.01.04-00.58.50:949][955]LogModuleManager: Shutting down and abandoning module SpeedTreeImporter (338)
[2019.01.04-00.58.50:949][955]LogModuleManager: Shutting down and abandoning module PluginBrowser (336)
[2019.01.04-00.58.50:949][955]LogModuleManager: Shutting down and abandoning module MobileLauncherProfileWizard (334)
[2019.01.04-00.58.50:949][955]LogModuleManager: Shutting down and abandoning module PolygonModeling (332)
[2019.01.04-00.58.50:949][955]LogModuleManager: Shutting down and abandoning module MeshEditor (330)
[2019.01.04-00.58.50:949][955]LogModuleManager: Shutting down and abandoning module CryptoKeysOpenSSL (328)
[2019.01.04-00.58.50:949][955]LogModuleManager: Shutting down and abandoning module CryptoKeys (326)
[2019.01.04-00.58.50:949][955]LogModuleManager: Shutting down and abandoning module VisualStudioSourceCodeAccess (324)
[2019.01.04-00.58.50:949][955]LogModuleManager: Shutting down and abandoning module VisualStudioCodeSourceCodeAccess (322)
[2019.01.04-00.58.50:949][955]LogModuleManager: Shutting down and abandoning module UObjectPlugin (320)
[2019.01.04-00.58.50:949][955]LogModuleManager: Shutting down and abandoning module SubversionSourceControl (318)
[2019.01.04-00.58.50:949][955]LogModuleManager: Shutting down and abandoning module PerforceSourceControl (316)
[2019.01.04-00.58.50:949][955]LogModuleManager: Shutting down and abandoning module GitSourceControl (314)
[2019.01.04-00.58.50:949][955]LogModuleManager: Shutting down and abandoning module SourceControl (313)
[2019.01.04-00.58.50:949][955]LogModuleManager: Shutting down and abandoning module CLionSourceCodeAccess (310)
[2019.01.04-00.58.50:949][955]LogModuleManager: Shutting down and abandoning module LightPropagationVolumeEditor (308)
[2019.01.04-00.58.50:949][955]LogModuleManager: Shutting down and abandoning module PaperTiledImporter (306)
[2019.01.04-00.58.50:949][955]LogModuleManager: Shutting down and abandoning module PaperSpriteSheetImporter (304)
[2019.01.04-00.58.50:949][955]LogModuleManager: Shutting down and abandoning module Paper2DEditor (302)
[2019.01.04-00.58.50:949][955]LogModuleManager: Shutting down and abandoning module MeshPaint (301)
[2019.01.04-00.58.50:949][955]LogModuleManager: Shutting down and abandoning module RuntimePhysXCooking (298)
[2019.01.04-00.58.50:949][955]LogModuleManager: Shutting down and abandoning module PhysXVehiclesEditor (296)
[2019.01.04-00.58.50:949][955]LogModuleManager: Shutting down and abandoning module PhysXVehicles (294)
[2019.01.04-00.58.50:949][955]LogModuleManager: Shutting down and abandoning module OculusEditor (292)
[2019.01.04-00.58.50:949][955]LogModuleManager: Shutting down and abandoning module LocationServicesBPLibrary (290)
[2019.01.04-00.58.50:949][955]LogModuleManager: Shutting down and abandoning module ImmediatePhysicsEditor (288)
[2019.01.04-00.58.50:949][955]LogModuleManager: Shutting down and abandoning module ImmediatePhysics (286)
[2019.01.04-00.58.50:949][955]LogModuleManager: Shutting down and abandoning module ActorSequence (284)
[2019.01.04-00.58.50:949][955]LogModuleManager: Shutting down and abandoning module UdpMessaging (282)
[2019.01.04-00.58.51:050][955]LogModuleManager: Shutting down and abandoning module TcpMessaging (280)
[2019.01.04-00.58.51:151][955]LogModuleManager: Shutting down and abandoning module MagicLeapAudio (278)
[2019.01.04-00.58.51:151][955]LogModuleManager: Shutting down and abandoning module GameplayTagsEditor (276)
[2019.01.04-00.58.51:151][955]LogModuleManager: Shutting down and abandoning module FacialAnimationEditor (274)
[2019.01.04-00.58.51:151][955]LogModuleManager: Shutting down and abandoning module FacialAnimation (272)
[2019.01.04-00.58.51:151][955]LogModuleManager: Shutting down and abandoning module DataValidation (270)
[2019.01.04-00.58.51:151][955]LogModuleManager: Shutting down and abandoning module AssetManagerEditor (268)
[2019.01.04-00.58.51:151][955]LogModuleManager: Shutting down and abandoning module LevelEditor (267)
[2019.01.04-00.58.51:151][955]LogModuleManager: Shutting down and abandoning module PixelInspectorModule (266)
[2019.01.04-00.58.51:152][955]LogModuleManager: Shutting down and abandoning module CommonMenuExtensions (264)
[2019.01.04-00.58.51:152][955]LogModuleManager: Shutting down and abandoning module MainFrame (262)
[2019.01.04-00.58.51:152][955]LogModuleManager: Shutting down and abandoning module HotReload (261)
[2019.01.04-00.58.51:152][955]LogModuleManager: Shutting down and abandoning module ContentBrowser (257)
[2019.01.04-00.58.51:153][955]LogModuleManager: Shutting down and abandoning module TreeMap (255)
[2019.01.04-00.58.51:153][955]LogModuleManager: Shutting down and abandoning module LightPropagationVolumeRuntime (252)
[2019.01.04-00.58.51:153][955]LogModuleManager: Shutting down and abandoning module AISupportModule (250)
[2019.01.04-00.58.51:153][955]LogModuleManager: Shutting down and abandoning module Paper2D (248)
[2019.01.04-00.58.51:153][955]LogModuleManager: Shutting down and abandoning module WindowsMoviePlayer (246)
[2019.01.04-00.58.51:154][955]LogModuleManager: Shutting down and abandoning module WmfMedia (244)
[2019.01.04-00.58.51:158][955]LogModuleManager: Shutting down and abandoning module Media (243)
[2019.01.04-00.58.51:164][955]LogModuleManager: Shutting down and abandoning module PacketHandler (240)
[2019.01.04-00.58.51:164][955]LogModuleManager: Shutting down and abandoning module ClothingSystemEditor (238)
[2019.01.04-00.58.51:164][955]LogModuleManager: Shutting down and abandoning module ClothingSystemRuntime (236)
[2019.01.04-00.58.51:164][955]LogModuleManager: Shutting down and abandoning module MediaAssets (234)
[2019.01.04-00.58.51:164][955]LogModuleManager: Shutting down and abandoning module Overlay (232)
[2019.01.04-00.58.51:164][955]LogModuleManager: Shutting down and abandoning module OverlayEditor (231)
[2019.01.04-00.58.51:164][955]LogModuleManager: Shutting down and abandoning module VREditor (228)
[2019.01.04-00.58.51:164][955]LogModuleManager: Shutting down and abandoning module StringTableEditor (226)
[2019.01.04-00.58.51:164][955]LogModuleManager: Shutting down and abandoning module GameplayTasksEditor (224)
[2019.01.04-00.58.51:165][955]LogModuleManager: Shutting down and abandoning module BehaviorTreeEditor (222)
[2019.01.04-00.58.51:165][955]LogModuleManager: Shutting down and abandoning module FunctionalTesting (220)
[2019.01.04-00.58.51:165][955]LogModuleManager: Shutting down and abandoning module CollisionAnalyzer (218)
[2019.01.04-00.58.51:165][955]LogModuleManager: Shutting down and abandoning module WorkspaceMenuStructure (217)
[2019.01.04-00.58.51:165][955]LogModuleManager: Shutting down and abandoning module UMG (214)
[2019.01.04-00.58.51:165][955]LogModuleManager: Shutting down and abandoning module UMGEditor (213)
[2019.01.04-00.58.51:165][955]LogModuleManager: Shutting down and abandoning module Sequencer (212)
[2019.01.04-00.58.51:165][955]LogModuleManager: Shutting down and abandoning module MessageLog (209)
[2019.01.04-00.58.51:165][955]LogModuleManager: Shutting down and abandoning module SlateReflector (204)
[2019.01.04-00.58.51:165][955]LogModuleManager: Shutting down and abandoning module Slate (202)
[2019.01.04-00.58.51:165][955]LogModuleManager: Shutting down and abandoning module EditorStyle (200)
[2019.01.04-00.58.51:167][955]LogModuleManager: Shutting down and abandoning module MRMesh (198)
[2019.01.04-00.58.51:167][955]LogModuleManager: Shutting down and abandoning module SourceCodeAccess (196)
[2019.01.04-00.58.51:167][955]LogModuleManager: Shutting down and abandoning module HeadMountedDisplay (194)
[2019.01.04-00.58.51:167][955]LogModuleManager: Shutting down and abandoning module XAudio2 (192)
[2019.01.04-00.58.51:167][955]LogModuleManager: Shutting down and abandoning module Networking (190)
[2019.01.04-00.58.51:167][955]LogModuleManager: Shutting down and abandoning module Core (188)
[2019.01.04-00.58.51:167][955]LogModuleManager: Shutting down and abandoning module LevelSequence (186)
[2019.01.04-00.58.51:167][955]LogModuleManager: Shutting down and abandoning module KismetCompiler (184)
[2019.01.04-00.58.51:167][955]LogModuleManager: Shutting down and abandoning module MeshUtilities (182)
[2019.01.04-00.58.51:167][955]LogModuleManager: Shutting down and abandoning module MeshMergeUtilities (181)
[2019.01.04-00.58.51:167][955]LogModuleManager: Shutting down and abandoning module MeshReductionInterface (180)
[2019.01.04-00.58.51:167][955]LogModuleManager: Shutting down and abandoning module SimplygonSwarm (179)
[2019.01.04-00.58.51:167][955]LogModuleManager: Shutting down and abandoning module ProxyLODMeshReduction (177)
[2019.01.04-00.58.51:167][955]LogModuleManager: Shutting down and abandoning module SimplygonMeshReduction (175)
[2019.01.04-00.58.51:167][955]LogModuleManager: Shutting down and abandoning module QuadricMeshReduction (173)
[2019.01.04-00.58.51:167][955]LogModuleManager: Shutting down and abandoning module MaterialBaking (169)
[2019.01.04-00.58.51:167][955]LogModuleManager: Shutting down and abandoning module DirectoryWatcher (165)
[2019.01.04-00.58.51:167][955]LogModuleManager: Shutting down and abandoning module DerivedDataCache (162)
[2019.01.04-00.58.51:228][955]LogDerivedDataCache: Shutdown
[2019.01.04-00.58.51:228][955]LogModuleManager: Shutting down and abandoning module XGEController (160)
[2019.01.04-00.58.51:228][955]LogXGEController: Cleaning working directory: C:/Users/u0800347/AppData/Local/Temp/UnrealXGEWorkingDir/
[2019.01.04-00.58.51:229][955]LogModuleManager: Shutting down and abandoning module TargetPlatform (158)
[2019.01.04-00.58.51:229][955]LogModuleManager: Shutting down and abandoning module VulkanShaderFormat (157)
[2019.01.04-00.58.51:229][955]LogModuleManager: Shutting down and abandoning module ShaderFormatVectorVM (155)
[2019.01.04-00.58.51:229][955]LogModuleManager: Shutting down and abandoning module ShaderFormatOpenGL (153)
[2019.01.04-00.58.51:229][955]LogModuleManager: Shutting down and abandoning module ShaderFormatD3D (151)
[2019.01.04-00.58.51:229][955]LogModuleManager: Shutting down and abandoning module MetalShaderFormat (149)
[2019.01.04-00.58.51:229][955]LogModuleManager: Shutting down and abandoning module TextureFormatUncompressed (147)
[2019.01.04-00.58.51:229][955]LogModuleManager: Shutting down and abandoning module TextureFormatPVR (145)
[2019.01.04-00.58.51:229][955]LogModuleManager: Shutting down and abandoning module TextureFormatDXT (143)
[2019.01.04-00.58.51:229][955]LogModuleManager: Shutting down and abandoning module TextureFormatIntelISPCTexComp (141)
[2019.01.04-00.58.51:229][955]LogModuleManager: Shutting down and abandoning module TextureFormatASTC (139)
[2019.01.04-00.58.51:229][955]LogModuleManager: Shutting down and abandoning module ImageWrapper (138)
[2019.01.04-00.58.51:229][955]LogModuleManager: Shutting down and abandoning module TextureFormatAndroid (135)
[2019.01.04-00.58.51:229][955]LogModuleManager: Shutting down and abandoning module AudioFormatOpus (133)
[2019.01.04-00.58.51:229][955]LogModuleManager: Shutting down and abandoning module AudioFormatOgg (131)
[2019.01.04-00.58.51:229][955]LogModuleManager: Shutting down and abandoning module AudioFormatADPCM (129)
[2019.01.04-00.58.51:229][955]LogModuleManager: Shutting down and abandoning module LuminTargetPlatform (127)
[2019.01.04-00.58.51:229][955]LogModuleManager: Shutting down and abandoning module LinuxTargetPlatform (125)
[2019.01.04-00.58.51:229][955]LogModuleManager: Shutting down and abandoning module LinuxServerTargetPlatform (123)
[2019.01.04-00.58.51:229][955]LogModuleManager: Shutting down and abandoning module LinuxNoEditorTargetPlatform (121)
[2019.01.04-00.58.51:229][955]LogModuleManager: Shutting down and abandoning module LinuxClientTargetPlatform (119)
[2019.01.04-00.58.51:229][955]LogModuleManager: Shutting down and abandoning module TVOSTargetPlatform (117)
[2019.01.04-00.58.51:230][955]LogModuleManager: Shutting down and abandoning module Messaging (115)
[2019.01.04-00.58.51:230][955]LogModuleManager: Shutting down and abandoning module IOSTargetPlatform (113)
[2019.01.04-00.58.51:231][955]LogModuleManager: Shutting down and abandoning module HTML5TargetPlatform (111)
[2019.01.04-00.58.51:231][955]LogModuleManager: Shutting down and abandoning module AndroidTargetPlatform (109)
[2019.01.04-00.58.51:238][955]LogModuleManager: Shutting down and abandoning module WindowsTargetPlatform (107)
[2019.01.04-00.58.51:238][955]LogModuleManager: Shutting down and abandoning module WindowsServerTargetPlatform (105)
[2019.01.04-00.58.51:238][955]LogModuleManager: Shutting down and abandoning module WindowsNoEditorTargetPlatform (103)
[2019.01.04-00.58.51:238][955]LogModuleManager: Shutting down and abandoning module WindowsClientTargetPlatform (101)
[2019.01.04-00.58.51:238][955]LogModuleManager: Shutting down and abandoning module MacTargetPlatform (99)
[2019.01.04-00.58.51:238][955]LogModuleManager: Shutting down and abandoning module MacServerTargetPlatform (97)
[2019.01.04-00.58.51:238][955]LogModuleManager: Shutting down and abandoning module MacNoEditorTargetPlatform (95)
[2019.01.04-00.58.51:238][955]LogModuleManager: Shutting down and abandoning module MacClientTargetPlatform (93)
[2019.01.04-00.58.51:238][955]LogModuleManager: Shutting down and abandoning module AllDesktopTargetPlatform (91)
[2019.01.04-00.58.51:238][955]LogModuleManager: Shutting down and abandoning module InputCore (88)
[2019.01.04-00.58.51:238][955]LogModuleManager: Shutting down and abandoning module Settings (86)
[2019.01.04-00.58.51:238][955]LogModuleManager: Shutting down and abandoning module PhysXCooking (84)
[2019.01.04-00.58.51:238][955]LogModuleManager: Shutting down and abandoning module SteamVR (82)
[2019.01.04-00.58.51:238][955]LogModuleManager: Shutting down and abandoning module OculusHMD (80)
[2019.01.04-00.58.51:239][955]LogModuleManager: Shutting down and abandoning module ExampleDeviceProfileSelector (78)
[2019.01.04-00.58.51:239][955]LogModuleManager: Shutting down and abandoning module LauncherChunkInstaller (76)
[2019.01.04-00.58.51:239][955]LogModuleManager: Shutting down and abandoning module OnlineBlueprintSupport (74)
[2019.01.04-00.58.51:239][955]LogModuleManager: Shutting down and abandoning module OnlineSubsystem (70)
[2019.01.04-00.58.51:240][955]LogModuleManager: Shutting down and abandoning module XMPP (65)
[2019.01.04-00.58.51:240][955]LogModuleManager: Shutting down and abandoning module WebSockets (64)
[2019.01.04-00.58.51:276][955]LogModuleManager: Shutting down and abandoning module HTTP (61)
[2019.01.04-00.58.51:276][955]LogHttp: Display: Http module shutting down, but needs to wait on 1 outstanding Http requests:
[2019.01.04-00.58.51:276][955]LogHttp: Display: 	verb=[POST] url=[https://datarouter.ol.epicgames.com/datarouter/api/v1/public/data?SessionID=%7B9D5A7EBD-4827-5574-3B3A-1BBAF2CE62F5%7D&AppID=UEEditor.Rocket.Release&AppVersion=4.20.3-4369336%2B%2B%2BUE4%2BRelease-4.20&UserID=18fd4c864ed3ddcafa2e108da892ba84%7C16c96479757c4167b90c86adf9dfa2e4%7C69523b5c-1881-4c06-b3b4-3df4160884ef&AppEnvironment=datacollector-binary&UploadType=eteventstream] status=Processing
[2019.01.04-00.58.51:284][955]LogModuleManager: Shutting down and abandoning module SSL (60)
[2019.01.04-00.58.51:285][955]LogModuleManager: Shutting down and abandoning module MagicLeapEmulator (56)
[2019.01.04-00.58.51:285][955]LogModuleManager: Shutting down and abandoning module MagicLeapPrivileges (54)
[2019.01.04-00.58.51:285][955]LogModuleManager: Shutting down and abandoning module MagicLeapIdentity (52)
[2019.01.04-00.58.51:285][955]LogModuleManager: Shutting down and abandoning module MagicLeapHelperVulkan (50)
[2019.01.04-00.58.51:285][955]LogModuleManager: Shutting down and abandoning module MagicLeapHelperOpenGL (48)
[2019.01.04-00.58.51:285][955]LogModuleManager: Shutting down and abandoning module MagicLeapSecureStorage (46)
[2019.01.04-00.58.51:285][955]LogModuleManager: Shutting down and abandoning module MagicLeapGestures (44)
[2019.01.04-00.58.51:285][955]LogModuleManager: Shutting down and abandoning module MagicLeapEyeTracker (42)
[2019.01.04-00.58.51:285][955]LogModuleManager: Shutting down and abandoning module MagicLeapController (40)
[2019.01.04-00.58.51:286][955]LogSlate: Slate User Destroyed.  User Index 0, Is Virtual User: 0
[2019.01.04-00.58.51:286][955]LogModuleManager: Shutting down and abandoning module MagicLeap (38)
[2019.01.04-00.58.51:286][955]LogModuleManager: Shutting down and abandoning module AnimationModifiers (36)
[2019.01.04-00.58.51:286][955]LogModuleManager: Shutting down and abandoning module PropertyEditor (35)
[2019.01.04-00.58.51:286][955]LogModuleManager: Shutting down and abandoning module AudioEditor (32)
[2019.01.04-00.58.51:286][955]LogModuleManager: Shutting down and abandoning module TextureCompressor (30)
[2019.01.04-00.58.51:286][955]LogModuleManager: Shutting down and abandoning module ShaderCore (28)
[2019.01.04-00.58.51:286][955]LogModuleManager: Shutting down and abandoning module Landscape (26)
[2019.01.04-00.58.51:286][955]LogModuleManager: Shutting down and abandoning module SlateRHIRenderer (24)
[2019.01.04-00.58.51:286][955]LogModuleManager: Shutting down and abandoning module OpenGLDrv (22)
[2019.01.04-00.58.51:286][955]LogModuleManager: Shutting down and abandoning module D3D11RHI (20)
[2019.01.04-00.58.51:286][955]LogModuleManager: Shutting down and abandoning module AnimGraphRuntime (18)
[2019.01.04-00.58.51:286][955]LogModuleManager: Shutting down and abandoning module Renderer (16)
[2019.01.04-00.58.51:286][955]LogModuleManager: Shutting down and abandoning module Engine (14)
[2019.01.04-00.58.51:286][955]LogModuleManager: Shutting down and abandoning module CoreUObject (12)
[2019.01.04-00.58.51:286][955]LogModuleManager: Shutting down and abandoning module NetworkFile (10)
[2019.01.04-00.58.51:286][955]LogModuleManager: Shutting down and abandoning module CookedIterativeFile (8)
[2019.01.04-00.58.51:286][955]LogModuleManager: Shutting down and abandoning module StreamingFile (6)
[2019.01.04-00.58.51:286][955]LogModuleManager: Shutting down and abandoning module SandboxFile (4)
[2019.01.04-00.58.51:286][955]LogModuleManager: Shutting down and abandoning module PakFile (2)
[2019.01.04-00.58.51:293][955]LogExit: Exiting.
[2019.01.04-00.58.51:299][955]Log file closed, 01/03/19 17:58:51
